<?xml version="1.0" encoding="UTF-8"?>
<coverage generated="1706823280390" clover="3.2.0">
  <project timestamp="1706823280390" name="All files">
    <metrics statements="104" coveredstatements="92" conditionals="40" coveredconditionals="26" methods="23" coveredmethods="22" elements="167" coveredelements="140" complexity="0" loc="104" ncloc="104" packages="1" files="1" classes="1"/>
    <file name="vectorstores.ts" path="/Users/bracesproul/code/lang-chain-ai/wt/brace/weaviate-integration-pkg/libs/langchain-weaviate/src/vectorstores.ts">
      <metrics statements="104" coveredstatements="92" conditionals="40" coveredconditionals="26" methods="23" coveredmethods="22"/>
      <line num="1" count="2" type="stmt"/>
      <line num="10" count="2" type="stmt"/>
      <line num="12" count="2" type="stmt"/>
      <line num="13" count="2" type="stmt"/>
      <line num="17" count="2" type="stmt"/>
      <line num="22" count="27" type="stmt"/>
      <line num="24" count="27" type="stmt"/>
      <line num="25" count="33" type="cond" truecount="0" falsecount="1"/>
      <line num="26" count="0" type="stmt"/>
      <line num="28" count="33" type="stmt"/>
      <line num="29" count="33" type="cond" truecount="4" falsecount="0"/>
      <line num="30" count="4" type="stmt"/>
      <line num="32" count="4" type="stmt"/>
      <line num="33" count="7" type="cond" truecount="1" falsecount="0"/>
      <line num="34" count="7" type="stmt"/>
      <line num="37" count="29" type="cond" truecount="2" falsecount="0"/>
      <line num="38" count="4" type="cond" truecount="2" falsecount="0"/>
      <line num="39" count="1" type="stmt"/>
      <line num="40" count="3" type="cond" truecount="1" falsecount="0"/>
      <line num="43" count="4" type="stmt"/>
      <line num="47" count="1" type="stmt"/>
      <line num="50" count="25" type="stmt"/>
      <line num="54" count="27" type="stmt"/>
      <line num="92" count="8" type="stmt"/>
      <line num="106" count="10" type="stmt"/>
      <line num="109" count="8" type="stmt"/>
      <line num="110" count="8" type="stmt"/>
      <line num="112" count="8" type="stmt"/>
      <line num="113" count="8" type="stmt"/>
      <line num="114" count="8" type="cond" truecount="1" falsecount="1"/>
      <line num="115" count="8" type="stmt"/>
      <line num="116" count="8" type="stmt"/>
      <line num="118" count="8" type="cond" truecount="1" falsecount="0"/>
      <line num="119" count="8" type="stmt"/>
      <line num="125" count="9" type="stmt"/>
      <line num="126" count="9" type="cond" truecount="0" falsecount="1"/>
      <line num="127" count="0" type="stmt"/>
      <line num="131" count="9" type="stmt"/>
      <line num="151" count="20" type="cond" truecount="2" falsecount="0"/>
      <line num="152" count="8" type="stmt"/>
      <line num="153" count="22" type="cond" truecount="0" falsecount="1"/>
      <line num="154" count="0" type="stmt"/>
      <line num="158" count="22" type="stmt"/>
      <line num="159" count="22" type="stmt"/>
      <line num="171" count="8" type="stmt"/>
      <line num="172" count="8" type="stmt"/>
      <line num="177" count="8" type="stmt"/>
      <line num="178" count="8" type="stmt"/>
      <line num="179" count="22" type="cond" truecount="0" falsecount="1"/>
      <line num="180" count="0" type="stmt"/>
      <line num="183" count="0" type="cond" truecount="0" falsecount="2"/>
      <line num="189" count="8" type="cond" truecount="0" falsecount="1"/>
      <line num="190" count="0" type="stmt"/>
      <line num="193" count="0" type="stmt"/>
      <line num="195" count="8" type="stmt"/>
      <line num="207" count="7" type="stmt"/>
      <line num="208" count="18" type="stmt"/>
      <line num="224" count="2" type="stmt"/>
      <line num="226" count="2" type="cond" truecount="4" falsecount="0"/>
      <line num="227" count="1" type="stmt"/>
      <line num="228" count="1" type="stmt"/>
      <line num="233" count="1" type="cond" truecount="0" falsecount="1"/>
      <line num="234" count="0" type="stmt"/>
      <line num="237" count="1" type="stmt"/>
      <line num="239" count="1" type="cond" truecount="1" falsecount="1"/>
      <line num="240" count="1" type="stmt"/>
      <line num="245" count="1" type="cond" truecount="0" falsecount="1"/>
      <line num="246" count="0" type="stmt"/>
      <line num="249" count="1" type="stmt"/>
      <line num="251" count="0" type="stmt"/>
      <line num="272" count="8" type="stmt"/>
      <line num="273" count="9" type="stmt"/>
      <line num="293" count="9" type="stmt"/>
      <line num="294" count="9" type="stmt"/>
      <line num="306" count="9" type="cond" truecount="0" falsecount="1"/>
      <line num="307" count="0" type="stmt"/>
      <line num="310" count="9" type="cond" truecount="1" falsecount="0"/>
      <line num="311" count="6" type="stmt"/>
      <line num="314" count="9" type="stmt"/>
      <line num="316" count="9" type="stmt"/>
      <line num="317" count="9" type="stmt"/>
      <line num="318" count="29" type="stmt"/>
      <line num="320" count="29" type="stmt"/>
      <line num="329" count="9" type="stmt"/>
      <line num="331" count="0" type="stmt"/>
      <line num="355" count="1" type="cond" truecount="2" falsecount="0"/>
      <line num="356" count="1" type="stmt"/>
      <line num="358" count="1" type="stmt"/>
      <line num="363" count="1" type="stmt"/>
      <line num="364" count="20" type="stmt"/>
      <line num="366" count="1" type="stmt"/>
      <line num="372" count="1" type="stmt"/>
      <line num="373" count="1" type="stmt"/>
      <line num="374" count="1" type="stmt"/>
      <line num="393" count="2" type="stmt"/>
      <line num="394" count="2" type="stmt"/>
      <line num="395" count="8" type="cond" truecount="1" falsecount="1"/>
      <line num="396" count="8" type="stmt"/>
      <line num="400" count="8" type="stmt"/>
      <line num="402" count="2" type="stmt"/>
      <line num="418" count="5" type="stmt"/>
      <line num="419" count="5" type="stmt"/>
      <line num="420" count="5" type="stmt"/>
      <line num="434" count="1" type="stmt"/>
    </file>
  </project>
</coverage>
