{"/Users/bracesproul/code/lang-chain-ai/wt/brace/weaviate-integration-pkg/libs/langchain-weaviate/src/vectorstores.ts": {"path":"/Users/bracesproul/code/lang-chain-ai/wt/brace/weaviate-integration-pkg/libs/langchain-weaviate/src/vectorstores.ts","statementMap":{"0":{"start":{"line":17,"column":13},"end":{"line":17,"column":37}},"1":{"start":{"line":92,"column":13},"end":{"line":92,"column":26}},"2":{"start":{"line":1,"column":22},"end":{"line":1,"column":null}},"3":{"start":{"line":10,"column":7},"end":{"line":10,"column":null}},"4":{"start":{"line":12,"column":25},"end":{"line":12,"column":null}},"5":{"start":{"line":13,"column":41},"end":{"line":13,"column":null}},"6":{"start":{"line":17,"column":40},"end":{"line":55,"column":null}},"7":{"start":{"line":22,"column":47},"end":{"line":22,"column":null}},"8":{"start":{"line":24,"column":2},"end":{"line":52,"column":null}},"9":{"start":{"line":25,"column":4},"end":{"line":27,"column":null}},"10":{"start":{"line":26,"column":6},"end":{"line":26,"column":null}},"11":{"start":{"line":28,"column":18},"end":{"line":28,"column":26}},"12":{"start":{"line":29,"column":4},"end":{"line":51,"column":null}},"13":{"start":{"line":30,"column":30},"end":{"line":30,"column":null}},"14":{"start":{"line":32,"column":6},"end":{"line":36,"column":null}},"15":{"start":{"line":33,"column":8},"end":{"line":35,"column":null}},"16":{"start":{"line":34,"column":10},"end":{"line":34,"column":null}},"17":{"start":{"line":37,"column":11},"end":{"line":51,"column":null}},"18":{"start":{"line":38,"column":6},"end":{"line":48,"column":null}},"19":{"start":{"line":39,"column":8},"end":{"line":39,"column":null}},"20":{"start":{"line":40,"column":13},"end":{"line":48,"column":null}},"21":{"start":{"line":43,"column":33},"end":{"line":43,"column":62}},"22":{"start":{"line":47,"column":8},"end":{"line":47,"column":null}},"23":{"start":{"line":50,"column":6},"end":{"line":50,"column":null}},"24":{"start":{"line":54,"column":2},"end":{"line":54,"column":null}},"25":{"start":{"line":106,"column":4},"end":{"line":106,"column":null}},"26":{"start":{"line":110,"column":4},"end":{"line":110,"column":null}},"27":{"start":{"line":109,"column":21},"end":{"line":109,"column":52}},"28":{"start":{"line":112,"column":4},"end":{"line":112,"column":null}},"29":{"start":{"line":113,"column":4},"end":{"line":113,"column":null}},"30":{"start":{"line":114,"column":4},"end":{"line":114,"column":null}},"31":{"start":{"line":115,"column":4},"end":{"line":115,"column":null}},"32":{"start":{"line":116,"column":4},"end":{"line":116,"column":null}},"33":{"start":{"line":118,"column":4},"end":{"line":135,"column":null}},"34":{"start":{"line":119,"column":6},"end":{"line":134,"column":null}},"35":{"start":{"line":125,"column":31},"end":{"line":125,"column":null}},"36":{"start":{"line":126,"column":12},"end":{"line":130,"column":null}},"37":{"start":{"line":127,"column":14},"end":{"line":128,"column":null}},"38":{"start":{"line":131,"column":12},"end":{"line":131,"column":null}},"39":{"start":{"line":151,"column":24},"end":{"line":151,"column":null}},"40":{"start":{"line":151,"column":61},"end":{"line":151,"column":null}},"41":{"start":{"line":152,"column":36},"end":{"line":169,"column":null}},"42":{"start":{"line":153,"column":6},"end":{"line":155,"column":null}},"43":{"start":{"line":154,"column":8},"end":{"line":155,"column":null}},"44":{"start":{"line":158,"column":32},"end":{"line":158,"column":null}},"45":{"start":{"line":159,"column":6},"end":{"line":168,"column":null}},"46":{"start":{"line":171,"column":4},"end":{"line":194,"column":null}},"47":{"start":{"line":172,"column":24},"end":{"line":175,"column":null}},"48":{"start":{"line":177,"column":38},"end":{"line":177,"column":40}},"49":{"start":{"line":178,"column":6},"end":{"line":188,"column":null}},"50":{"start":{"line":179,"column":8},"end":{"line":187,"column":null}},"51":{"start":{"line":180,"column":10},"end":{"line":184,"column":null}},"52":{"start":{"line":183,"column":16},"end":{"line":184,"column":null}},"53":{"start":{"line":189,"column":6},"end":{"line":191,"column":null}},"54":{"start":{"line":190,"column":8},"end":{"line":190,"column":null}},"55":{"start":{"line":193,"column":6},"end":{"line":193,"column":null}},"56":{"start":{"line":195,"column":4},"end":{"line":195,"column":null}},"57":{"start":{"line":207,"column":4},"end":{"line":210,"column":null}},"58":{"start":{"line":208,"column":64},"end":{"line":208,"column":77}},"59":{"start":{"line":224,"column":28},"end":{"line":224,"column":null}},"60":{"start":{"line":226,"column":4},"end":{"line":254,"column":null}},"61":{"start":{"line":227,"column":6},"end":{"line":238,"column":null}},"62":{"start":{"line":228,"column":22},"end":{"line":231,"column":null}},"63":{"start":{"line":233,"column":8},"end":{"line":235,"column":null}},"64":{"start":{"line":234,"column":10},"end":{"line":234,"column":null}},"65":{"start":{"line":237,"column":8},"end":{"line":237,"column":null}},"66":{"start":{"line":239,"column":11},"end":{"line":254,"column":null}},"67":{"start":{"line":240,"column":25},"end":{"line":243,"column":null}},"68":{"start":{"line":245,"column":6},"end":{"line":247,"column":null}},"69":{"start":{"line":246,"column":8},"end":{"line":246,"column":null}},"70":{"start":{"line":249,"column":6},"end":{"line":249,"column":null}},"71":{"start":{"line":251,"column":6},"end":{"line":252,"column":null}},"72":{"start":{"line":272,"column":6},"end":{"line":272,"column":null}},"73":{"start":{"line":273,"column":4},"end":{"line":276,"column":null}},"74":{"start":{"line":273,"column":71},"end":{"line":276,"column":null}},"75":{"start":{"line":293,"column":4},"end":{"line":332,"column":null}},"76":{"start":{"line":294,"column":20},"end":{"line":304,"column":null}},"77":{"start":{"line":306,"column":6},"end":{"line":308,"column":null}},"78":{"start":{"line":307,"column":8},"end":{"line":307,"column":null}},"79":{"start":{"line":310,"column":6},"end":{"line":312,"column":null}},"80":{"start":{"line":311,"column":8},"end":{"line":311,"column":null}},"81":{"start":{"line":314,"column":21},"end":{"line":314,"column":null}},"82":{"start":{"line":316,"column":56},"end":{"line":316,"column":58}},"83":{"start":{"line":317,"column":6},"end":{"line":328,"column":null}},"84":{"start":{"line":318,"column":74},"end":{"line":318,"column":null}},"85":{"start":{"line":320,"column":8},"end":{"line":327,"column":null}},"86":{"start":{"line":329,"column":6},"end":{"line":329,"column":null}},"87":{"start":{"line":331,"column":6},"end":{"line":331,"column":null}},"88":{"start":{"line":355,"column":53},"end":{"line":355,"column":null}},"89":{"start":{"line":356,"column":37},"end":{"line":356,"column":null}},"90":{"start":{"line":358,"column":6},"end":{"line":361,"column":null}},"91":{"start":{"line":363,"column":26},"end":{"line":364,"column":null}},"92":{"start":{"line":364,"column":37},"end":{"line":364,"column":null}},"93":{"start":{"line":366,"column":23},"end":{"line":370,"column":null}},"94":{"start":{"line":372,"column":4},"end":{"line":374,"column":null}},"95":{"start":{"line":373,"column":23},"end":{"line":373,"column":null}},"96":{"start":{"line":374,"column":20},"end":{"line":374,"column":38}},"97":{"start":{"line":393,"column":29},"end":{"line":393,"column":31}},"98":{"start":{"line":394,"column":4},"end":{"line":401,"column":null}},"99":{"start":{"line":394,"column":17},"end":{"line":394,"column":20}},"100":{"start":{"line":395,"column":23},"end":{"line":395,"column":null}},"101":{"start":{"line":396,"column":21},"end":{"line":399,"column":null}},"102":{"start":{"line":400,"column":6},"end":{"line":400,"column":null}},"103":{"start":{"line":402,"column":4},"end":{"line":402,"column":null}},"104":{"start":{"line":418,"column":21},"end":{"line":418,"column":null}},"105":{"start":{"line":419,"column":4},"end":{"line":419,"column":null}},"106":{"start":{"line":420,"column":4},"end":{"line":420,"column":null}},"107":{"start":{"line":434,"column":4},"end":{"line":434,"column":null}}},"fnMap":{"0":{"name":"(anonymous_6)","decl":{"start":{"line":17,"column":40},"end":{"line":17,"column":null}},"loc":{"start":{"line":19,"column":2},"end":{"line":55,"column":null}}},"1":{"name":"(anonymous_7)","decl":{"start":{"line":43,"column":20},"end":{"line":43,"column":21}},"loc":{"start":{"line":43,"column":33},"end":{"line":43,"column":62}}},"2":{"name":"(anonymous_8)","decl":{"start":{"line":105,"column":2},"end":{"line":105,"column":29}},"loc":{"start":{"line":105,"column":29},"end":{"line":107,"column":null}}},"3":{"name":"(anonymous_9)","decl":{"start":{"line":109,"column":2},"end":{"line":109,"column":14}},"loc":{"start":{"line":109,"column":77},"end":{"line":136,"column":null}}},"4":{"name":"(anonymous_10)","decl":{"start":{"line":122,"column":38},"end":{"line":122,"column":39}},"loc":{"start":{"line":122,"column":39},"end":{"line":132,"column":null}}},"5":{"name":"(anonymous_11)","decl":{"start":{"line":146,"column":2},"end":{"line":146,"column":8}},"loc":{"start":{"line":150,"column":4},"end":{"line":196,"column":null}}},"6":{"name":"(anonymous_12)","decl":{"start":{"line":151,"column":54},"end":{"line":151,"column":55}},"loc":{"start":{"line":151,"column":61},"end":{"line":151,"column":null}}},"7":{"name":"(anonymous_13)","decl":{"start":{"line":152,"column":50},"end":{"line":152,"column":51}},"loc":{"start":{"line":152,"column":61},"end":{"line":169,"column":null}}},"8":{"name":"(anonymous_14)","decl":{"start":{"line":178,"column":24},"end":{"line":178,"column":25}},"loc":{"start":{"line":178,"column":25},"end":{"line":188,"column":null}}},"9":{"name":"(anonymous_15)","decl":{"start":{"line":182,"column":14},"end":{"line":182,"column":15}},"loc":{"start":{"line":183,"column":16},"end":{"line":184,"column":null}}},"10":{"name":"(anonymous_16)","decl":{"start":{"line":206,"column":2},"end":{"line":206,"column":8}},"loc":{"start":{"line":206,"column":74},"end":{"line":212,"column":null}}},"11":{"name":"(anonymous_17)","decl":{"start":{"line":208,"column":57},"end":{"line":208,"column":58}},"loc":{"start":{"line":208,"column":64},"end":{"line":208,"column":77}}},"12":{"name":"(anonymous_18)","decl":{"start":{"line":220,"column":2},"end":{"line":220,"column":8}},"loc":{"start":{"line":223,"column":20},"end":{"line":255,"column":null}}},"13":{"name":"(anonymous_19)","decl":{"start":{"line":266,"column":2},"end":{"line":266,"column":8}},"loc":{"start":{"line":270,"column":35},"end":{"line":277,"column":null}}},"14":{"name":"(anonymous_20)","decl":{"start":{"line":273,"column":36},"end":{"line":273,"column":37}},"loc":{"start":{"line":273,"column":71},"end":{"line":276,"column":null}}},"15":{"name":"(anonymous_21)","decl":{"start":{"line":288,"column":2},"end":{"line":288,"column":8}},"loc":{"start":{"line":292,"column":45},"end":{"line":333,"column":null}}},"16":{"name":"(anonymous_22)","decl":{"start":{"line":350,"column":2},"end":{"line":350,"column":17}},"loc":{"start":{"line":354,"column":25},"end":{"line":375,"column":null}}},"17":{"name":"(anonymous_23)","decl":{"start":{"line":364,"column":6},"end":{"line":364,"column":7}},"loc":{"start":{"line":364,"column":37},"end":{"line":364,"column":null}}},"18":{"name":"(anonymous_24)","decl":{"start":{"line":373,"column":14},"end":{"line":373,"column":15}},"loc":{"start":{"line":373,"column":23},"end":{"line":373,"column":null}}},"19":{"name":"(anonymous_25)","decl":{"start":{"line":374,"column":11},"end":{"line":374,"column":12}},"loc":{"start":{"line":374,"column":20},"end":{"line":374,"column":38}}},"20":{"name":"(anonymous_26)","decl":{"start":{"line":387,"column":2},"end":{"line":387,"column":9}},"loc":{"start":{"line":392,"column":28},"end":{"line":403,"column":null}}},"21":{"name":"(anonymous_27)","decl":{"start":{"line":413,"column":2},"end":{"line":413,"column":15}},"loc":{"start":{"line":417,"column":28},"end":{"line":421,"column":null}}},"22":{"name":"(anonymous_28)","decl":{"start":{"line":430,"column":2},"end":{"line":430,"column":15}},"loc":{"start":{"line":433,"column":28},"end":{"line":435,"column":null}}}},"branchMap":{"0":{"loc":{"start":{"line":25,"column":4},"end":{"line":27,"column":null}},"type":"if","locations":[{"start":{"line":25,"column":4},"end":{"line":27,"column":null}}]},"1":{"loc":{"start":{"line":29,"column":4},"end":{"line":51,"column":null}},"type":"if","locations":[{"start":{"line":29,"column":4},"end":{"line":51,"column":null}},{"start":{"line":37,"column":11},"end":{"line":51,"column":null}}]},"2":{"loc":{"start":{"line":29,"column":8},"end":{"line":29,"column":63}},"type":"binary-expr","locations":[{"start":{"line":29,"column":8},"end":{"line":29,"column":40}},{"start":{"line":29,"column":40},"end":{"line":29,"column":63}}]},"3":{"loc":{"start":{"line":33,"column":8},"end":{"line":35,"column":null}},"type":"if","locations":[{"start":{"line":33,"column":8},"end":{"line":35,"column":null}}]},"4":{"loc":{"start":{"line":37,"column":11},"end":{"line":51,"column":null}},"type":"if","locations":[{"start":{"line":37,"column":11},"end":{"line":51,"column":null}},{"start":{"line":49,"column":11},"end":{"line":51,"column":null}}]},"5":{"loc":{"start":{"line":38,"column":6},"end":{"line":48,"column":null}},"type":"if","locations":[{"start":{"line":38,"column":6},"end":{"line":48,"column":null}},{"start":{"line":40,"column":13},"end":{"line":48,"column":null}}]},"6":{"loc":{"start":{"line":40,"column":13},"end":{"line":48,"column":null}},"type":"if","locations":[{"start":{"line":40,"column":13},"end":{"line":48,"column":null}}]},"7":{"loc":{"start":{"line":41,"column":8},"end":{"line":43,"column":null}},"type":"binary-expr","locations":[{"start":{"line":41,"column":8},"end":{"line":41,"column":null}},{"start":{"line":43,"column":8},"end":{"line":43,"column":null}}]},"8":{"loc":{"start":{"line":114,"column":19},"end":{"line":114,"column":null}},"type":"binary-expr","locations":[{"start":{"line":114,"column":19},"end":{"line":114,"column":31}},{"start":{"line":114,"column":35},"end":{"line":114,"column":null}}]},"9":{"loc":{"start":{"line":118,"column":4},"end":{"line":135,"column":null}},"type":"if","locations":[{"start":{"line":118,"column":4},"end":{"line":135,"column":null}}]},"10":{"loc":{"start":{"line":126,"column":12},"end":{"line":130,"column":null}},"type":"if","locations":[{"start":{"line":126,"column":12},"end":{"line":130,"column":null}}]},"11":{"loc":{"start":{"line":151,"column":24},"end":{"line":151,"column":null}},"type":"binary-expr","locations":[{"start":{"line":151,"column":24},"end":{"line":151,"column":40}},{"start":{"line":151,"column":40},"end":{"line":151,"column":null}}]},"12":{"loc":{"start":{"line":153,"column":6},"end":{"line":155,"column":null}},"type":"if","locations":[{"start":{"line":153,"column":6},"end":{"line":155,"column":null}}]},"13":{"loc":{"start":{"line":160,"column":12},"end":{"line":160,"column":54}},"type":"cond-expr","locations":[{"start":{"line":160,"column":26},"end":{"line":160,"column":52}},{"start":{"line":160,"column":52},"end":{"line":160,"column":54}}]},"14":{"loc":{"start":{"line":179,"column":8},"end":{"line":187,"column":null}},"type":"if","locations":[{"start":{"line":179,"column":8},"end":{"line":187,"column":null}}]},"15":{"loc":{"start":{"line":183,"column":16},"end":{"line":184,"column":null}},"type":"binary-expr","locations":[{"start":{"line":183,"column":16},"end":{"line":183,"column":27}},{"start":{"line":184,"column":16},"end":{"line":184,"column":null}}]},"16":{"loc":{"start":{"line":189,"column":6},"end":{"line":191,"column":null}},"type":"if","locations":[{"start":{"line":189,"column":6},"end":{"line":191,"column":null}}]},"17":{"loc":{"start":{"line":226,"column":4},"end":{"line":254,"column":null}},"type":"if","locations":[{"start":{"line":226,"column":4},"end":{"line":254,"column":null}},{"start":{"line":239,"column":11},"end":{"line":254,"column":null}}]},"18":{"loc":{"start":{"line":226,"column":8},"end":{"line":226,"column":31}},"type":"binary-expr","locations":[{"start":{"line":226,"column":8},"end":{"line":226,"column":15}},{"start":{"line":226,"column":15},"end":{"line":226,"column":31}}]},"19":{"loc":{"start":{"line":233,"column":8},"end":{"line":235,"column":null}},"type":"if","locations":[{"start":{"line":233,"column":8},"end":{"line":235,"column":null}}]},"20":{"loc":{"start":{"line":239,"column":11},"end":{"line":254,"column":null}},"type":"if","locations":[{"start":{"line":239,"column":11},"end":{"line":254,"column":null}},{"start":{"line":250,"column":11},"end":{"line":254,"column":null}}]},"21":{"loc":{"start":{"line":245,"column":6},"end":{"line":247,"column":null}},"type":"if","locations":[{"start":{"line":245,"column":6},"end":{"line":247,"column":null}}]},"22":{"loc":{"start":{"line":306,"column":6},"end":{"line":308,"column":null}},"type":"if","locations":[{"start":{"line":306,"column":6},"end":{"line":308,"column":null}}]},"23":{"loc":{"start":{"line":310,"column":6},"end":{"line":312,"column":null}},"type":"if","locations":[{"start":{"line":310,"column":6},"end":{"line":312,"column":null}}]},"24":{"loc":{"start":{"line":355,"column":15},"end":{"line":355,"column":26}},"type":"default-arg","locations":[{"start":{"line":355,"column":24},"end":{"line":355,"column":26}}]},"25":{"loc":{"start":{"line":355,"column":28},"end":{"line":355,"column":40}},"type":"default-arg","locations":[{"start":{"line":355,"column":37},"end":{"line":355,"column":40}}]},"26":{"loc":{"start":{"line":395,"column":23},"end":{"line":395,"column":null}},"type":"cond-expr","locations":[{"start":{"line":395,"column":50},"end":{"line":395,"column":62}},{"start":{"line":395,"column":65},"end":{"line":395,"column":null}}]}},"s":{"0":1,"1":8,"2":2,"3":2,"4":2,"5":2,"6":2,"7":27,"8":27,"9":33,"10":0,"11":33,"12":33,"13":4,"14":4,"15":7,"16":7,"17":29,"18":4,"19":1,"20":3,"21":4,"22":1,"23":25,"24":27,"25":10,"26":8,"27":8,"28":8,"29":8,"30":8,"31":8,"32":8,"33":8,"34":8,"35":9,"36":9,"37":0,"38":9,"39":8,"40":20,"41":8,"42":22,"43":0,"44":22,"45":22,"46":8,"47":8,"48":8,"49":8,"50":22,"51":0,"52":0,"53":8,"54":0,"55":0,"56":8,"57":7,"58":18,"59":2,"60":2,"61":1,"62":1,"63":1,"64":0,"65":1,"66":1,"67":1,"68":1,"69":0,"70":1,"71":0,"72":8,"73":8,"74":9,"75":9,"76":9,"77":9,"78":0,"79":9,"80":6,"81":9,"82":9,"83":9,"84":29,"85":29,"86":9,"87":0,"88":1,"89":1,"90":1,"91":1,"92":20,"93":1,"94":1,"95":1,"96":1,"97":2,"98":2,"99":2,"100":8,"101":8,"102":8,"103":2,"104":5,"105":5,"106":5,"107":1},"f":{"0":27,"1":4,"2":10,"3":8,"4":9,"5":8,"6":20,"7":22,"8":22,"9":0,"10":7,"11":18,"12":2,"13":8,"14":9,"15":9,"16":1,"17":20,"18":1,"19":1,"20":2,"21":5,"22":1},"b":{"0":[0],"1":[4,29],"2":[33,8],"3":[7],"4":[4,25],"5":[1,3],"6":[1],"7":[3,2],"8":[8,0],"9":[8],"10":[0],"11":[8,7],"12":[0],"13":[0,22],"14":[0],"15":[0,0],"16":[0],"17":[1,1],"18":[2,1],"19":[0],"20":[1,0],"21":[0],"22":[0],"23":[6],"24":[1],"25":[1],"26":[8,0]}}
}
