TN:
SF:src/vectorstores.ts
FN:17,(anonymous_6)
FN:43,(anonymous_7)
FN:105,(anonymous_8)
FN:109,(anonymous_9)
FN:122,(anonymous_10)
FN:146,(anonymous_11)
FN:151,(anonymous_12)
FN:152,(anonymous_13)
FN:178,(anonymous_14)
FN:182,(anonymous_15)
FN:206,(anonymous_16)
FN:208,(anonymous_17)
FN:220,(anonymous_18)
FN:266,(anonymous_19)
FN:273,(anonymous_20)
FN:288,(anonymous_21)
FN:350,(anonymous_22)
FN:364,(anonymous_23)
FN:373,(anonymous_24)
FN:374,(anonymous_25)
FN:387,(anonymous_26)
FN:413,(anonymous_27)
FN:430,(anonymous_28)
FNF:23
FNH:22
FNDA:27,(anonymous_6)
FNDA:4,(anonymous_7)
FNDA:10,(anonymous_8)
FNDA:8,(anonymous_9)
FNDA:9,(anonymous_10)
FNDA:8,(anonymous_11)
FNDA:20,(anonymous_12)
FNDA:22,(anonymous_13)
FNDA:22,(anonymous_14)
FNDA:0,(anonymous_15)
FNDA:7,(anonymous_16)
FNDA:18,(anonymous_17)
FNDA:2,(anonymous_18)
FNDA:8,(anonymous_19)
FNDA:9,(anonymous_20)
FNDA:9,(anonymous_21)
FNDA:1,(anonymous_22)
FNDA:20,(anonymous_23)
FNDA:1,(anonymous_24)
FNDA:1,(anonymous_25)
FNDA:2,(anonymous_26)
FNDA:5,(anonymous_27)
FNDA:1,(anonymous_28)
DA:1,2
DA:10,2
DA:12,2
DA:13,2
DA:17,2
DA:22,27
DA:24,27
DA:25,33
DA:26,0
DA:28,33
DA:29,33
DA:30,4
DA:32,4
DA:33,7
DA:34,7
DA:37,29
DA:38,4
DA:39,1
DA:40,3
DA:43,4
DA:47,1
DA:50,25
DA:54,27
DA:92,8
DA:106,10
DA:109,8
DA:110,8
DA:112,8
DA:113,8
DA:114,8
DA:115,8
DA:116,8
DA:118,8
DA:119,8
DA:125,9
DA:126,9
DA:127,0
DA:131,9
DA:151,20
DA:152,8
DA:153,22
DA:154,0
DA:158,22
DA:159,22
DA:171,8
DA:172,8
DA:177,8
DA:178,8
DA:179,22
DA:180,0
DA:183,0
DA:189,8
DA:190,0
DA:193,0
DA:195,8
DA:207,7
DA:208,18
DA:224,2
DA:226,2
DA:227,1
DA:228,1
DA:233,1
DA:234,0
DA:237,1
DA:239,1
DA:240,1
DA:245,1
DA:246,0
DA:249,1
DA:251,0
DA:272,8
DA:273,9
DA:293,9
DA:294,9
DA:306,9
DA:307,0
DA:310,9
DA:311,6
DA:314,9
DA:316,9
DA:317,9
DA:318,29
DA:320,29
DA:329,9
DA:331,0
DA:355,1
DA:356,1
DA:358,1
DA:363,1
DA:364,20
DA:366,1
DA:372,1
DA:373,1
DA:374,1
DA:393,2
DA:394,2
DA:395,8
DA:396,8
DA:400,8
DA:402,2
DA:418,5
DA:419,5
DA:420,5
DA:434,1
LF:104
LH:92
BRDA:25,0,0,0
BRDA:29,1,0,4
BRDA:29,1,1,29
BRDA:29,2,0,33
BRDA:29,2,1,8
BRDA:33,3,0,7
BRDA:37,4,0,4
BRDA:37,4,1,25
BRDA:38,5,0,1
BRDA:38,5,1,3
BRDA:40,6,0,1
BRDA:41,7,0,3
BRDA:41,7,1,2
BRDA:114,8,0,8
BRDA:114,8,1,0
BRDA:118,9,0,8
BRDA:126,10,0,0
BRDA:151,11,0,8
BRDA:151,11,1,7
BRDA:153,12,0,0
BRDA:160,13,0,0
BRDA:160,13,1,22
BRDA:179,14,0,0
BRDA:183,15,0,0
BRDA:183,15,1,0
BRDA:189,16,0,0
BRDA:226,17,0,1
BRDA:226,17,1,1
BRDA:226,18,0,2
BRDA:226,18,1,1
BRDA:233,19,0,0
BRDA:239,20,0,1
BRDA:239,20,1,0
BRDA:245,21,0,0
BRDA:306,22,0,0
BRDA:310,23,0,6
BRDA:355,24,0,1
BRDA:355,25,0,1
BRDA:395,26,0,8
BRDA:395,26,1,0
BRF:40
BRH:26
end_of_record
