<?xml version="1.0" encoding="UTF-8"?>
<coverage generated="1705974383312" clover="3.2.0">
  <project timestamp="1705974383312" name="All files">
    <metrics statements="10819" coveredstatements="2628" conditionals="3293" coveredconditionals="870" methods="2305" coveredmethods="619" elements="16417" coveredelements="4117" complexity="0" loc="10819" ncloc="10819" packages="130" files="555" classes="555"/>
    <package name="src">
      <metrics statements="235" coveredstatements="168" conditionals="125" coveredconditionals="94" methods="42" coveredmethods="19"/>
      <file name="document.ts" path="/Users/bracesproul/code/lang-chain-ai/langchainjs/langchain/src/document.ts">
        <metrics statements="1" coveredstatements="0" conditionals="0" coveredconditionals="0" methods="0" coveredmethods="0"/>
        <line num="3" count="0" type="stmt"/>
      </file>
      <file name="hub.ts" path="/Users/bracesproul/code/lang-chain-ai/langchainjs/langchain/src/hub.ts">
        <metrics statements="5" coveredstatements="0" conditionals="0" coveredconditionals="0" methods="2" coveredmethods="0"/>
        <line num="18" count="0" type="stmt"/>
        <line num="19" count="0" type="stmt"/>
        <line num="32" count="0" type="stmt"/>
        <line num="33" count="0" type="stmt"/>
        <line num="34" count="0" type="stmt"/>
      </file>
      <file name="index.ts" path="/Users/bracesproul/code/lang-chain-ai/langchainjs/langchain/src/index.ts">
        <metrics statements="1" coveredstatements="0" conditionals="0" coveredconditionals="0" methods="0" coveredmethods="0"/>
        <line num="1" count="0" type="stmt"/>
      </file>
      <file name="sql_db.ts" path="/Users/bracesproul/code/lang-chain-ai/langchainjs/langchain/src/sql_db.ts">
        <metrics statements="49" coveredstatements="0" conditionals="21" coveredconditionals="0" methods="13" coveredmethods="0"/>
        <line num="35" count="0" type="stmt"/>
        <line num="38" count="0" type="stmt"/>
        <line num="45" count="0" type="stmt"/>
        <line num="47" count="0" type="stmt"/>
        <line num="49" count="0" type="stmt"/>
        <line num="51" count="0" type="stmt"/>
        <line num="56" count="0" type="stmt"/>
        <line num="57" count="0" type="stmt"/>
        <line num="58" count="0" type="stmt"/>
        <line num="59" count="0" type="cond" truecount="0" falsecount="3"/>
        <line num="60" count="0" type="stmt"/>
        <line num="62" count="0" type="cond" truecount="0" falsecount="2"/>
        <line num="63" count="0" type="cond" truecount="0" falsecount="2"/>
        <line num="64" count="0" type="stmt"/>
        <line num="71" count="0" type="stmt"/>
        <line num="72" count="0" type="cond" truecount="0" falsecount="1"/>
        <line num="73" count="0" type="stmt"/>
        <line num="75" count="0" type="stmt"/>
        <line num="78" count="0" type="stmt"/>
        <line num="80" count="0" type="stmt"/>
        <line num="81" count="0" type="stmt"/>
        <line num="85" count="0" type="stmt"/>
        <line num="89" count="0" type="stmt"/>
        <line num="93" count="0" type="stmt"/>
        <line num="99" count="0" type="stmt"/>
        <line num="100" count="0" type="stmt"/>
        <line num="101" count="0" type="stmt"/>
        <line num="119" count="0" type="cond" truecount="0" falsecount="2"/>
        <line num="121" count="0" type="stmt"/>
        <line num="125" count="0" type="cond" truecount="0" falsecount="1"/>
        <line num="126" count="0" type="stmt"/>
        <line num="127" count="0" type="stmt"/>
        <line num="131" count="0" type="cond" truecount="0" falsecount="3"/>
        <line num="132" count="0" type="stmt"/>
        <line num="137" count="0" type="stmt"/>
        <line num="138" count="0" type="stmt"/>
        <line num="142" count="0" type="stmt"/>
        <line num="157" count="0" type="stmt"/>
        <line num="159" count="0" type="cond" truecount="0" falsecount="1"/>
        <line num="160" count="0" type="stmt"/>
        <line num="163" count="0" type="cond" truecount="0" falsecount="1"/>
        <line num="164" count="0" type="stmt"/>
        <line num="167" count="0" type="stmt"/>
        <line num="171" count="0" type="stmt"/>
        <line num="182" count="0" type="stmt"/>
        <line num="183" count="0" type="stmt"/>
        <line num="184" count="0" type="stmt"/>
        <line num="186" count="0" type="stmt"/>
        <line num="187" count="0" type="stmt"/>
      </file>
      <file name="text_splitter.ts" path="/Users/bracesproul/code/lang-chain-ai/langchainjs/langchain/src/text_splitter.ts">
        <metrics statements="179" coveredstatements="168" conditionals="104" coveredconditionals="94" methods="27" coveredmethods="19"/>
        <line num="24" count="36" type="stmt"/>
        <line num="26" count="36" type="stmt"/>
        <line num="28" count="36" type="stmt"/>
        <line num="30" count="36" type="stmt"/>
        <line num="37" count="36" type="stmt"/>
        <line num="38" count="36" type="cond" truecount="2" falsecount="0"/>
        <line num="39" count="36" type="cond" truecount="2" falsecount="0"/>
        <line num="40" count="36" type="cond" truecount="2" falsecount="0"/>
        <line num="41" count="36" type="stmt"/>
        <line num="42" count="1218" type="cond" truecount="2" falsecount="0"/>
        <line num="43" count="36" type="cond" truecount="1" falsecount="0"/>
        <line num="44" count="1" type="stmt"/>
        <line num="52" count="0" type="stmt"/>
        <line num="59" count="98" type="cond" truecount="2" falsecount="0"/>
        <line num="60" count="89" type="cond" truecount="2" falsecount="0"/>
        <line num="61" count="78" type="stmt"/>
        <line num="65" count="78" type="stmt"/>
        <line num="67" count="11" type="stmt"/>
        <line num="70" count="9" type="stmt"/>
        <line num="72" count="534" type="stmt"/>
        <line num="83" count="10" type="cond" truecount="2" falsecount="0"/>
        <line num="88" count="10" type="stmt"/>
        <line num="89" count="10" type="stmt"/>
        <line num="90" count="10" type="stmt"/>
        <line num="91" count="13" type="stmt"/>
        <line num="92" count="13" type="stmt"/>
        <line num="93" count="13" type="stmt"/>
        <line num="94" count="13" type="stmt"/>
        <line num="95" count="13" type="stmt"/>
        <line num="96" count="22" type="stmt"/>
        <line num="99" count="22" type="stmt"/>
        <line num="100" count="22" type="cond" truecount="2" falsecount="0"/>
        <line num="101" count="13" type="stmt"/>
        <line num="106" count="13" type="stmt"/>
        <line num="109" count="9" type="stmt"/>
        <line num="110" count="9" type="cond" truecount="2" falsecount="0"/>
        <line num="111" count="7" type="stmt"/>
        <line num="116" count="7" type="stmt"/>
        <line num="117" count="2" type="cond" truecount="1" falsecount="0"/>
        <line num="118" count="2" type="stmt"/>
        <line num="123" count="2" type="stmt"/>
        <line num="125" count="9" type="cond" truecount="1" falsecount="0"/>
        <line num="126" count="1" type="stmt"/>
        <line num="129" count="22" type="stmt"/>
        <line num="132" count="22" type="cond" truecount="2" falsecount="2"/>
        <line num="135" count="22" type="stmt"/>
        <line num="139" count="22" type="stmt"/>
        <line num="144" count="22" type="stmt"/>
        <line num="145" count="22" type="stmt"/>
        <line num="151" count="22" type="stmt"/>
        <line num="152" count="22" type="stmt"/>
        <line num="153" count="22" type="stmt"/>
        <line num="156" count="10" type="stmt"/>
        <line num="160" count="44" type="stmt"/>
        <line num="161" count="44" type="cond" truecount="2" falsecount="0"/>
        <line num="168" count="0" type="stmt"/>
        <line num="169" count="0" type="stmt"/>
        <line num="171" count="0" type="stmt"/>
        <line num="172" count="0" type="stmt"/>
        <line num="173" count="0" type="stmt"/>
        <line num="177" count="192" type="stmt"/>
        <line num="178" count="192" type="cond" truecount="2" falsecount="0"/>
        <line num="182" count="108" type="stmt"/>
        <line num="183" count="108" type="stmt"/>
        <line num="184" count="108" type="stmt"/>
        <line num="185" count="108" type="stmt"/>
        <line num="186" count="470" type="stmt"/>
        <line num="187" count="470" type="cond" truecount="1" falsecount="0"/>
        <line num="191" count="86" type="cond" truecount="1" falsecount="0"/>
        <line num="192" count="4" type="stmt"/>
        <line num="197" count="86" type="cond" truecount="1" falsecount="0"/>
        <line num="198" count="84" type="stmt"/>
        <line num="199" count="84" type="cond" truecount="1" falsecount="0"/>
        <line num="200" count="83" type="stmt"/>
        <line num="205" count="84" type="stmt"/>
        <line num="209" count="235" type="stmt"/>
        <line num="210" count="235" type="stmt"/>
        <line num="214" count="470" type="stmt"/>
        <line num="215" count="470" type="stmt"/>
        <line num="217" count="108" type="stmt"/>
        <line num="218" count="108" type="cond" truecount="1" falsecount="0"/>
        <line num="219" count="101" type="stmt"/>
        <line num="221" count="108" type="stmt"/>
        <line num="234" count="0" type="stmt"/>
        <line num="237" count="8" type="stmt"/>
        <line num="240" count="9" type="stmt"/>
        <line num="241" count="8" type="cond" truecount="1" falsecount="1"/>
        <line num="246" count="11" type="stmt"/>
        <line num="247" count="11" type="cond" truecount="1" falsecount="1"/>
        <line num="256" count="33" type="stmt"/>
        <line num="283" count="0" type="stmt"/>
        <line num="286" count="25" type="stmt"/>
        <line num="289" count="25" type="stmt"/>
        <line num="290" count="25" type="cond" truecount="2" falsecount="0"/>
        <line num="291" count="25" type="cond" truecount="2" falsecount="0"/>
        <line num="295" count="87" type="stmt"/>
        <line num="298" count="87" type="stmt"/>
        <line num="300" count="87" type="stmt"/>
        <line num="301" count="289" type="stmt"/>
        <line num="302" count="289" type="cond" truecount="1" falsecount="0"/>
        <line num="303" count="9" type="stmt"/>
        <line num="304" count="9" type="stmt"/>
        <line num="306" count="280" type="cond" truecount="1" falsecount="0"/>
        <line num="307" count="78" type="stmt"/>
        <line num="308" count="78" type="stmt"/>
        <line num="309" count="78" type="stmt"/>
        <line num="314" count="87" type="stmt"/>
        <line num="317" count="87" type="stmt"/>
        <line num="318" count="87" type="cond" truecount="1" falsecount="1"/>
        <line num="319" count="87" type="stmt"/>
        <line num="320" count="504" type="cond" truecount="2" falsecount="0"/>
        <line num="321" count="441" type="stmt"/>
        <line num="323" count="63" type="cond" truecount="1" falsecount="0"/>
        <line num="324" count="24" type="stmt"/>
        <line num="325" count="24" type="stmt"/>
        <line num="326" count="24" type="stmt"/>
        <line num="328" count="63" type="cond" truecount="1" falsecount="1"/>
        <line num="329" count="0" type="stmt"/>
        <line num="331" count="63" type="stmt"/>
        <line num="332" count="63" type="stmt"/>
        <line num="336" count="87" type="cond" truecount="1" falsecount="0"/>
        <line num="337" count="73" type="stmt"/>
        <line num="338" count="73" type="stmt"/>
        <line num="340" count="87" type="stmt"/>
        <line num="344" count="24" type="stmt"/>
        <line num="351" count="14" type="stmt"/>
        <line num="359" count="16" type="cond" truecount="2" falsecount="0"/>
        <line num="360" count="1" type="stmt"/>
        <line num="380" count="15" type="cond" truecount="2" falsecount="0"/>
        <line num="381" count="1" type="stmt"/>
        <line num="398" count="14" type="cond" truecount="2" falsecount="0"/>
        <line num="399" count="1" type="stmt"/>
        <line num="419" count="13" type="cond" truecount="2" falsecount="0"/>
        <line num="420" count="1" type="stmt"/>
        <line num="440" count="12" type="cond" truecount="2" falsecount="0"/>
        <line num="441" count="1" type="stmt"/>
        <line num="459" count="11" type="cond" truecount="2" falsecount="0"/>
        <line num="460" count="1" type="stmt"/>
        <line num="479" count="10" type="cond" truecount="2" falsecount="0"/>
        <line num="480" count="1" type="stmt"/>
        <line num="491" count="9" type="cond" truecount="2" falsecount="0"/>
        <line num="492" count="1" type="stmt"/>
        <line num="505" count="8" type="cond" truecount="2" falsecount="0"/>
        <line num="506" count="1" type="stmt"/>
        <line num="524" count="7" type="cond" truecount="2" falsecount="0"/>
        <line num="525" count="1" type="stmt"/>
        <line num="543" count="6" type="cond" truecount="2" falsecount="0"/>
        <line num="544" count="1" type="stmt"/>
        <line num="564" count="5" type="cond" truecount="2" falsecount="0"/>
        <line num="565" count="1" type="stmt"/>
        <line num="585" count="4" type="cond" truecount="2" falsecount="0"/>
        <line num="586" count="1" type="stmt"/>
        <line num="609" count="3" type="cond" truecount="2" falsecount="0"/>
        <line num="610" count="1" type="stmt"/>
        <line num="638" count="2" type="cond" truecount="2" falsecount="0"/>
        <line num="639" count="1" type="stmt"/>
        <line num="672" count="1" type="cond" truecount="1" falsecount="1"/>
        <line num="673" count="1" type="stmt"/>
        <line num="703" count="0" type="stmt"/>
        <line num="722" count="0" type="stmt"/>
        <line num="734" count="2" type="stmt"/>
        <line num="736" count="2" type="cond" truecount="1" falsecount="1"/>
        <line num="737" count="2" type="cond" truecount="2" falsecount="0"/>
        <line num="738" count="2" type="cond" truecount="2" falsecount="0"/>
        <line num="742" count="2" type="cond" truecount="1" falsecount="0"/>
        <line num="743" count="2" type="stmt"/>
        <line num="746" count="2" type="stmt"/>
        <line num="748" count="2" type="stmt"/>
        <line num="754" count="2" type="stmt"/>
        <line num="756" count="2" type="stmt"/>
        <line num="757" count="4" type="cond" truecount="1" falsecount="0"/>
        <line num="758" count="2" type="stmt"/>
        <line num="760" count="4" type="stmt"/>
        <line num="761" count="4" type="stmt"/>
        <line num="762" count="4" type="stmt"/>
        <line num="763" count="4" type="stmt"/>
        <line num="766" count="2" type="stmt"/>
        <line num="777" count="1" type="stmt"/>
        <line num="792" count="1" type="stmt"/>
      </file>
    </package>
    <package name="src.agents">
      <metrics statements="345" coveredstatements="2" conditionals="148" coveredconditionals="0" methods="70" coveredmethods="0"/>
      <file name="agent.ts" path="/Users/bracesproul/code/lang-chain-ai/langchainjs/langchain/src/agents/agent.ts">
        <metrics statements="70" coveredstatements="0" conditionals="14" coveredconditionals="0" methods="31" coveredmethods="0"/>
        <line num="36" count="0" type="stmt"/>
        <line num="37" count="0" type="stmt"/>
        <line num="51" count="0" type="stmt"/>
        <line num="55" count="0" type="stmt"/>
        <line num="62" count="0" type="stmt"/>
        <line num="79" count="0" type="cond" truecount="0" falsecount="1"/>
        <line num="80" count="0" type="stmt"/>
        <line num="86" count="0" type="stmt"/>
        <line num="96" count="0" type="stmt"/>
        <line num="107" count="0" type="stmt"/>
        <line num="133" count="0" type="stmt"/>
        <line num="153" count="0" type="cond" truecount="0" falsecount="2"/>
        <line num="162" count="0" type="stmt"/>
        <line num="164" count="0" type="stmt"/>
        <line num="175" count="0" type="stmt"/>
        <line num="179" count="0" type="stmt"/>
        <line num="180" count="0" type="stmt"/>
        <line num="181" count="0" type="stmt"/>
        <line num="189" count="0" type="stmt"/>
        <line num="191" count="0" type="stmt"/>
        <line num="196" count="0" type="cond" truecount="0" falsecount="1"/>
        <line num="197" count="0" type="stmt"/>
        <line num="200" count="0" type="stmt"/>
        <line num="243" count="0" type="stmt"/>
        <line num="252" count="0" type="stmt"/>
        <line num="253" count="0" type="stmt"/>
        <line num="254" count="0" type="stmt"/>
        <line num="255" count="0" type="stmt"/>
        <line num="259" count="0" type="stmt"/>
        <line num="276" count="0" type="stmt"/>
        <line num="284" count="0" type="stmt"/>
        <line num="319" count="0" type="stmt"/>
        <line num="322" count="0" type="stmt"/>
        <line num="326" count="0" type="stmt"/>
        <line num="330" count="0" type="stmt"/>
        <line num="332" count="0" type="stmt"/>
        <line num="333" count="0" type="stmt"/>
        <line num="334" count="0" type="stmt"/>
        <line num="358" count="0" type="stmt"/>
        <line num="374" count="0" type="stmt"/>
        <line num="384" count="0" type="stmt"/>
        <line num="393" count="0" type="stmt"/>
        <line num="400" count="0" type="stmt"/>
        <line num="409" count="0" type="stmt"/>
        <line num="411" count="0" type="stmt"/>
        <line num="427" count="0" type="stmt"/>
        <line num="428" count="0" type="stmt"/>
        <line num="433" count="0" type="cond" truecount="0" falsecount="1"/>
        <line num="434" count="0" type="stmt"/>
        <line num="437" count="0" type="stmt"/>
        <line num="438" count="0" type="cond" truecount="0" falsecount="1"/>
        <line num="439" count="0" type="stmt"/>
        <line num="441" count="0" type="stmt"/>
        <line num="458" count="0" type="stmt"/>
        <line num="470" count="0" type="cond" truecount="0" falsecount="1"/>
        <line num="471" count="0" type="stmt"/>
        <line num="477" count="0" type="cond" truecount="0" falsecount="1"/>
        <line num="478" count="0" type="stmt"/>
        <line num="479" count="0" type="stmt"/>
        <line num="485" count="0" type="cond" truecount="0" falsecount="1"/>
        <line num="486" count="0" type="stmt"/>
        <line num="489" count="0" type="stmt"/>
        <line num="493" count="0" type="cond" truecount="0" falsecount="1"/>
        <line num="494" count="0" type="stmt"/>
        <line num="496" count="0" type="stmt"/>
        <line num="500" count="0" type="stmt"/>
        <line num="512" count="0" type="cond" truecount="0" falsecount="2"/>
        <line num="514" count="0" type="stmt"/>
        <line num="515" count="0" type="stmt"/>
        <line num="518" count="0" type="stmt"/>
      </file>
      <file name="executor.ts" path="/Users/bracesproul/code/lang-chain-ai/langchainjs/langchain/src/agents/executor.ts">
        <metrics statements="229" coveredstatements="0" conditionals="97" coveredconditionals="0" methods="34" coveredmethods="0"/>
        <line num="40" count="0" type="stmt"/>
        <line num="57" count="0" type="stmt"/>
        <line num="62" count="0" type="stmt"/>
        <line num="63" count="0" type="cond" truecount="0" falsecount="1"/>
        <line num="65" count="0" type="stmt"/>
        <line num="66" count="0" type="stmt"/>
        <line num="72" count="0" type="stmt"/>
        <line num="74" count="0" type="stmt"/>
        <line num="77" count="0" type="stmt"/>
        <line num="80" count="0" type="stmt"/>
        <line num="84" count="0" type="stmt"/>
        <line num="85" count="0" type="stmt"/>
        <line num="86" count="0" type="stmt"/>
        <line num="87" count="0" type="stmt"/>
        <line num="88" count="0" type="stmt"/>
        <line num="89" count="0" type="stmt"/>
        <line num="90" count="0" type="stmt"/>
        <line num="91" count="0" type="stmt"/>
        <line num="99" count="0" type="stmt"/>
        <line num="100" count="0" type="stmt"/>
        <line num="101" count="0" type="stmt"/>
        <line num="105" count="0" type="stmt"/>
        <line num="109" count="0" type="stmt"/>
        <line num="112" count="0" type="stmt"/>
        <line num="113" count="0" type="stmt"/>
        <line num="114" count="0" type="cond" truecount="0" falsecount="1"/>
        <line num="115" count="0" type="stmt"/>
        <line num="118" count="0" type="stmt"/>
        <line num="119" count="0" type="stmt"/>
        <line num="122" count="0" type="cond" truecount="0" falsecount="1"/>
        <line num="126" count="0" type="cond" truecount="0" falsecount="1"/>
        <line num="127" count="0" type="stmt"/>
        <line num="129" count="0" type="stmt"/>
        <line num="131" count="0" type="cond" truecount="0" falsecount="1"/>
        <line num="132" count="0" type="stmt"/>
        <line num="134" count="0" type="stmt"/>
        <line num="144" count="0" type="cond" truecount="0" falsecount="1"/>
        <line num="145" count="0" type="stmt"/>
        <line num="156" count="0" type="stmt"/>
        <line num="175" count="0" type="stmt"/>
        <line num="191" count="0" type="cond" truecount="0" falsecount="1"/>
        <line num="192" count="0" type="stmt"/>
        <line num="197" count="0" type="cond" truecount="0" falsecount="1"/>
        <line num="198" count="0" type="stmt"/>
        <line num="200" count="0" type="stmt"/>
        <line num="201" count="0" type="stmt"/>
        <line num="204" count="0" type="stmt"/>
        <line num="208" count="0" type="stmt"/>
        <line num="209" count="0" type="cond" truecount="0" falsecount="3"/>
        <line num="210" count="0" type="stmt"/>
        <line num="211" count="0" type="stmt"/>
        <line num="212" count="0" type="cond" truecount="0" falsecount="1"/>
        <line num="213" count="0" type="stmt"/>
        <line num="218" count="0" type="cond" truecount="0" falsecount="1"/>
        <line num="219" count="0" type="stmt"/>
        <line num="221" count="0" type="stmt"/>
        <line num="224" count="0" type="stmt"/>
        <line num="225" count="0" type="stmt"/>
        <line num="229" count="0" type="stmt"/>
        <line num="234" count="0" type="stmt"/>
        <line num="239" count="0" type="stmt"/>
        <line num="240" count="0" type="stmt"/>
        <line num="245" count="0" type="cond" truecount="0" falsecount="1"/>
        <line num="246" count="0" type="stmt"/>
        <line num="255" count="0" type="cond" truecount="0" falsecount="1"/>
        <line num="256" count="0" type="stmt"/>
        <line num="258" count="0" type="stmt"/>
        <line num="259" count="0" type="stmt"/>
        <line num="263" count="0" type="stmt"/>
        <line num="264" count="0" type="stmt"/>
        <line num="303" count="0" type="stmt"/>
        <line num="305" count="0" type="stmt"/>
        <line num="308" count="0" type="stmt"/>
        <line num="332" count="0" type="stmt"/>
        <line num="336" count="0" type="stmt"/>
        <line num="343" count="0" type="stmt"/>
        <line num="345" count="0" type="stmt"/>
        <line num="347" count="0" type="stmt"/>
        <line num="350" count="0" type="stmt"/>
        <line num="366" count="0" type="stmt"/>
        <line num="369" count="0" type="stmt"/>
        <line num="373" count="0" type="stmt"/>
        <line num="378" count="0" type="stmt"/>
        <line num="379" count="0" type="cond" truecount="0" falsecount="2"/>
        <line num="380" count="0" type="stmt"/>
        <line num="382" count="0" type="stmt"/>
        <line num="384" count="0" type="stmt"/>
        <line num="387" count="0" type="stmt"/>
        <line num="388" count="0" type="stmt"/>
        <line num="389" count="0" type="stmt"/>
        <line num="390" count="0" type="stmt"/>
        <line num="392" count="0" type="stmt"/>
        <line num="393" count="0" type="cond" truecount="0" falsecount="1"/>
        <line num="394" count="0" type="stmt"/>
        <line num="395" count="0" type="cond" truecount="0" falsecount="1"/>
        <line num="396" count="0" type="stmt"/>
        <line num="402" count="0" type="stmt"/>
        <line num="404" count="0" type="cond" truecount="0" falsecount="2"/>
        <line num="405" count="0" type="stmt"/>
        <line num="411" count="0" type="stmt"/>
        <line num="415" count="0" type="stmt"/>
        <line num="425" count="0" type="cond" truecount="0" falsecount="2"/>
        <line num="433" count="0" type="stmt"/>
        <line num="434" count="0" type="stmt"/>
        <line num="436" count="0" type="stmt"/>
        <line num="437" count="0" type="stmt"/>
        <line num="439" count="0" type="stmt"/>
        <line num="442" count="0" type="stmt"/>
        <line num="443" count="0" type="stmt"/>
        <line num="445" count="0" type="stmt"/>
        <line num="449" count="0" type="cond" truecount="0" falsecount="2"/>
        <line num="450" count="0" type="stmt"/>
        <line num="452" count="0" type="stmt"/>
        <line num="454" count="0" type="cond" truecount="0" falsecount="1"/>
        <line num="455" count="0" type="stmt"/>
        <line num="457" count="0" type="stmt"/>
        <line num="460" count="0" type="stmt"/>
        <line num="462" count="0" type="stmt"/>
        <line num="463" count="0" type="stmt"/>
        <line num="466" count="0" type="cond" truecount="0" falsecount="2"/>
        <line num="468" count="0" type="stmt"/>
        <line num="469" count="0" type="cond" truecount="0" falsecount="2"/>
        <line num="470" count="0" type="cond" truecount="0" falsecount="2"/>
        <line num="471" count="0" type="stmt"/>
        <line num="472" count="0" type="cond" truecount="0" falsecount="2"/>
        <line num="474" count="0" type="stmt"/>
        <line num="476" count="0" type="cond" truecount="0" falsecount="2"/>
        <line num="477" count="0" type="stmt"/>
        <line num="478" count="0" type="cond" truecount="0" falsecount="2"/>
        <line num="479" count="0" type="stmt"/>
        <line num="481" count="0" type="stmt"/>
        <line num="483" count="0" type="stmt"/>
        <line num="489" count="0" type="stmt"/>
        <line num="493" count="0" type="cond" truecount="0" falsecount="1"/>
        <line num="494" count="0" type="stmt"/>
        <line num="498" count="0" type="cond" truecount="0" falsecount="2"/>
        <line num="499" count="0" type="stmt"/>
        <line num="501" count="0" type="stmt"/>
        <line num="504" count="0" type="stmt"/>
        <line num="506" count="0" type="stmt"/>
        <line num="508" count="0" type="cond" truecount="0" falsecount="2"/>
        <line num="512" count="0" type="stmt"/>
        <line num="513" count="0" type="cond" truecount="0" falsecount="2"/>
        <line num="518" count="0" type="cond" truecount="0" falsecount="1"/>
        <line num="519" count="0" type="cond" truecount="0" falsecount="2"/>
        <line num="520" count="0" type="stmt"/>
        <line num="522" count="0" type="cond" truecount="0" falsecount="2"/>
        <line num="523" count="0" type="stmt"/>
        <line num="524" count="0" type="cond" truecount="0" falsecount="2"/>
        <line num="525" count="0" type="stmt"/>
        <line num="527" count="0" type="stmt"/>
        <line num="529" count="0" type="stmt"/>
        <line num="533" count="0" type="cond" truecount="0" falsecount="2"/>
        <line num="537" count="0" type="cond" truecount="0" falsecount="2"/>
        <line num="541" count="0" type="stmt"/>
        <line num="543" count="0" type="stmt"/>
        <line num="544" count="0" type="stmt"/>
        <line num="546" count="0" type="cond" truecount="0" falsecount="1"/>
        <line num="547" count="0" type="stmt"/>
        <line num="553" count="0" type="stmt"/>
        <line num="556" count="0" type="stmt"/>
        <line num="562" count="0" type="stmt"/>
        <line num="572" count="0" type="stmt"/>
        <line num="573" count="0" type="stmt"/>
        <line num="580" count="0" type="cond" truecount="0" falsecount="2"/>
        <line num="582" count="0" type="stmt"/>
        <line num="583" count="0" type="cond" truecount="0" falsecount="2"/>
        <line num="584" count="0" type="cond" truecount="0" falsecount="2"/>
        <line num="585" count="0" type="stmt"/>
        <line num="586" count="0" type="cond" truecount="0" falsecount="2"/>
        <line num="588" count="0" type="stmt"/>
        <line num="590" count="0" type="cond" truecount="0" falsecount="2"/>
        <line num="591" count="0" type="stmt"/>
        <line num="592" count="0" type="cond" truecount="0" falsecount="2"/>
        <line num="593" count="0" type="stmt"/>
        <line num="595" count="0" type="stmt"/>
        <line num="597" count="0" type="stmt"/>
        <line num="603" count="0" type="stmt"/>
        <line num="607" count="0" type="cond" truecount="0" falsecount="1"/>
        <line num="608" count="0" type="stmt"/>
        <line num="612" count="0" type="cond" truecount="0" falsecount="2"/>
        <line num="613" count="0" type="stmt"/>
        <line num="615" count="0" type="stmt"/>
        <line num="618" count="0" type="stmt"/>
        <line num="619" count="0" type="stmt"/>
        <line num="620" count="0" type="stmt"/>
        <line num="621" count="0" type="cond" truecount="0" falsecount="1"/>
        <line num="622" count="0" type="stmt"/>
        <line num="624" count="0" type="cond" truecount="0" falsecount="2"/>
        <line num="625" count="0" type="stmt"/>
        <line num="626" count="0" type="stmt"/>
        <line num="627" count="0" type="stmt"/>
        <line num="633" count="0" type="cond" truecount="0" falsecount="1"/>
        <line num="634" count="0" type="cond" truecount="0" falsecount="2"/>
        <line num="635" count="0" type="stmt"/>
        <line num="637" count="0" type="cond" truecount="0" falsecount="2"/>
        <line num="638" count="0" type="stmt"/>
        <line num="639" count="0" type="cond" truecount="0" falsecount="2"/>
        <line num="640" count="0" type="stmt"/>
        <line num="642" count="0" type="stmt"/>
        <line num="644" count="0" type="stmt"/>
        <line num="651" count="0" type="stmt"/>
        <line num="657" count="0" type="stmt"/>
        <line num="662" count="0" type="stmt"/>
        <line num="670" count="0" type="cond" truecount="0" falsecount="1"/>
        <line num="671" count="0" type="stmt"/>
        <line num="673" count="0" type="stmt"/>
        <line num="674" count="0" type="cond" truecount="0" falsecount="1"/>
        <line num="675" count="0" type="stmt"/>
        <line num="677" count="0" type="stmt"/>
        <line num="681" count="0" type="stmt"/>
        <line num="682" count="0" type="stmt"/>
        <line num="683" count="0" type="stmt"/>
        <line num="685" count="0" type="cond" truecount="0" falsecount="1"/>
        <line num="687" count="0" type="cond" truecount="0" falsecount="1"/>
        <line num="688" count="0" type="cond" truecount="0" falsecount="1"/>
        <line num="689" count="0" type="stmt"/>
        <line num="695" count="0" type="stmt"/>
        <line num="699" count="0" type="cond" truecount="0" falsecount="1"/>
        <line num="700" count="0" type="stmt"/>
        <line num="707" count="0" type="stmt"/>
        <line num="717" count="0" type="stmt"/>
        <line num="724" count="0" type="stmt"/>
        <line num="725" count="0" type="stmt"/>
        <line num="726" count="0" type="cond" truecount="0" falsecount="1"/>
        <line num="727" count="0" type="stmt"/>
        <line num="729" count="0" type="stmt"/>
        <line num="734" count="0" type="stmt"/>
        <line num="738" count="0" type="stmt"/>
      </file>
      <file name="helpers.ts" path="/Users/bracesproul/code/lang-chain-ai/langchainjs/langchain/src/agents/helpers.ts">
        <metrics statements="11" coveredstatements="1" conditionals="4" coveredconditionals="0" methods="1" coveredmethods="0"/>
        <line num="6" count="3" type="stmt"/>
        <line num="22" count="0" type="cond" truecount="0" falsecount="1"/>
        <line num="23" count="0" type="cond" truecount="0" falsecount="1"/>
        <line num="24" count="0" type="stmt"/>
        <line num="27" count="0" type="cond" truecount="0" falsecount="1"/>
        <line num="28" count="0" type="stmt"/>
        <line num="31" count="0" type="stmt"/>
        <line num="33" count="0" type="cond" truecount="0" falsecount="1"/>
        <line num="34" count="0" type="stmt"/>
        <line num="37" count="0" type="stmt"/>
        <line num="38" count="0" type="stmt"/>
      </file>
      <file name="initialize.ts" path="/Users/bracesproul/code/lang-chain-ai/langchainjs/langchain/src/agents/initialize.ts">
        <metrics statements="27" coveredstatements="1" conditionals="32" coveredconditionals="0" methods="2" coveredmethods="0"/>
        <line num="29" count="3" type="stmt"/>
        <line num="36" count="0" type="cond" truecount="0" falsecount="2"/>
        <line num="37" count="0" type="stmt"/>
        <line num="38" count="0" type="stmt"/>
        <line num="39" count="0" type="cond" truecount="0" falsecount="4"/>
        <line num="41" count="0" type="stmt"/>
        <line num="49" count="0" type="stmt"/>
        <line num="57" count="0" type="stmt"/>
        <line num="64" count="0" type="stmt"/>
        <line num="139" count="0" type="cond" truecount="0" falsecount="7"/>
        <line num="141" count="0" type="stmt"/>
        <line num="142" count="0" type="stmt"/>
        <line num="154" count="0" type="stmt"/>
        <line num="155" count="0" type="stmt"/>
        <line num="167" count="0" type="stmt"/>
        <line num="168" count="0" type="stmt"/>
        <line num="186" count="0" type="stmt"/>
        <line num="189" count="0" type="stmt"/>
        <line num="190" count="0" type="stmt"/>
        <line num="200" count="0" type="stmt"/>
        <line num="203" count="0" type="stmt"/>
        <line num="204" count="0" type="stmt"/>
        <line num="211" count="0" type="stmt"/>
        <line num="214" count="0" type="stmt"/>
        <line num="215" count="0" type="stmt"/>
        <line num="229" count="0" type="stmt"/>
        <line num="232" count="0" type="stmt"/>
      </file>
      <file name="load.ts" path="/Users/bracesproul/code/lang-chain-ai/langchainjs/langchain/src/agents/load.ts">
        <metrics statements="8" coveredstatements="0" conditionals="1" coveredconditionals="0" methods="2" coveredmethods="0"/>
        <line num="9" count="0" type="stmt"/>
        <line num="14" count="0" type="stmt"/>
        <line num="15" count="0" type="stmt"/>
        <line num="19" count="0" type="stmt"/>
        <line num="23" count="0" type="stmt"/>
        <line num="30" count="0" type="cond" truecount="0" falsecount="1"/>
        <line num="31" count="0" type="stmt"/>
        <line num="34" count="0" type="stmt"/>
      </file>
    </package>
    <package name="src.agents.chat">
      <metrics statements="45" coveredstatements="5" conditionals="19" coveredconditionals="0" methods="16" coveredmethods="0"/>
      <file name="index.ts" path="/Users/bracesproul/code/lang-chain-ai/langchainjs/langchain/src/agents/chat/index.ts">
        <metrics statements="30" coveredstatements="1" conditionals="14" coveredconditionals="0" methods="14" coveredmethods="0"/>
        <line num="16" count="3" type="stmt"/>
        <line num="51" count="0" type="stmt"/>
        <line num="54" count="0" type="stmt"/>
        <line num="60" count="0" type="cond" truecount="0" falsecount="2"/>
        <line num="61" count="0" type="stmt"/>
        <line num="65" count="0" type="stmt"/>
        <line num="69" count="0" type="stmt"/>
        <line num="73" count="0" type="stmt"/>
        <line num="77" count="0" type="stmt"/>
        <line num="87" count="0" type="stmt"/>
        <line num="88" count="0" type="cond" truecount="0" falsecount="1"/>
        <line num="90" count="0" type="stmt"/>
        <line num="92" count="0" type="stmt"/>
        <line num="102" count="0" type="stmt"/>
        <line num="112" count="0" type="stmt"/>
        <line num="113" count="0" type="cond" truecount="0" falsecount="1"/>
        <line num="114" count="0" type="stmt"/>
        <line num="116" count="0" type="stmt"/>
        <line num="135" count="0" type="cond" truecount="0" falsecount="2"/>
        <line num="136" count="0" type="stmt"/>
        <line num="137" count="0" type="stmt"/>
        <line num="139" count="0" type="stmt"/>
        <line num="142" count="0" type="stmt"/>
        <line num="146" count="0" type="stmt"/>
        <line num="162" count="0" type="stmt"/>
        <line num="163" count="0" type="stmt"/>
        <line num="164" count="0" type="stmt"/>
        <line num="170" count="0" type="cond" truecount="0" falsecount="2"/>
        <line num="172" count="0" type="stmt"/>
        <line num="175" count="0" type="stmt"/>
      </file>
      <file name="outputParser.ts" path="/Users/bracesproul/code/lang-chain-ai/langchainjs/langchain/src/agents/chat/outputParser.ts">
        <metrics statements="12" coveredstatements="1" conditionals="5" coveredconditionals="0" methods="2" coveredmethods="0"/>
        <line num="6" count="3" type="stmt"/>
        <line num="45" count="0" type="stmt"/>
        <line num="57" count="0" type="cond" truecount="0" falsecount="3"/>
        <line num="58" count="0" type="stmt"/>
        <line num="59" count="0" type="stmt"/>
        <line num="60" count="0" type="stmt"/>
        <line num="63" count="0" type="cond" truecount="0" falsecount="2"/>
        <line num="66" count="0" type="stmt"/>
        <line num="67" count="0" type="stmt"/>
        <line num="68" count="0" type="stmt"/>
        <line num="74" count="0" type="stmt"/>
        <line num="86" count="0" type="stmt"/>
      </file>
      <file name="prompt.ts" path="/Users/bracesproul/code/lang-chain-ai/langchainjs/langchain/src/agents/chat/prompt.ts">
        <metrics statements="3" coveredstatements="3" conditionals="0" coveredconditionals="0" methods="0" coveredmethods="0"/>
        <line num="1" count="3" type="stmt"/>
        <line num="2" count="3" type="stmt"/>
        <line num="25" count="3" type="stmt"/>
      </file>
    </package>
    <package name="src.agents.chat_convo">
      <metrics statements="78" coveredstatements="24" conditionals="32" coveredconditionals="8" methods="23" coveredmethods="2"/>
      <file name="index.ts" path="/Users/bracesproul/code/lang-chain-ai/langchainjs/langchain/src/agents/chat_convo/index.ts">
        <metrics statements="37" coveredstatements="0" conditionals="14" coveredconditionals="0" methods="16" coveredmethods="0"/>
        <line num="58" count="0" type="stmt"/>
        <line num="61" count="0" type="stmt"/>
        <line num="67" count="0" type="cond" truecount="0" falsecount="2"/>
        <line num="68" count="0" type="stmt"/>
        <line num="72" count="0" type="stmt"/>
        <line num="76" count="0" type="stmt"/>
        <line num="80" count="0" type="stmt"/>
        <line num="84" count="0" type="stmt"/>
        <line num="88" count="0" type="stmt"/>
        <line num="89" count="0" type="cond" truecount="0" falsecount="1"/>
        <line num="91" count="0" type="stmt"/>
        <line num="93" count="0" type="stmt"/>
        <line num="104" count="0" type="stmt"/>
        <line num="105" count="0" type="stmt"/>
        <line num="106" count="0" type="stmt"/>
        <line num="107" count="0" type="stmt"/>
        <line num="115" count="0" type="stmt"/>
        <line num="130" count="0" type="cond" truecount="0" falsecount="1"/>
        <line num="131" count="0" type="stmt"/>
        <line num="138" count="0" type="stmt"/>
        <line num="156" count="0" type="cond" truecount="0" falsecount="2"/>
        <line num="157" count="0" type="cond" truecount="0" falsecount="2"/>
        <line num="158" count="0" type="stmt"/>
        <line num="159" count="0" type="stmt"/>
        <line num="161" count="0" type="stmt"/>
        <line num="163" count="0" type="cond" truecount="0" falsecount="2"/>
        <line num="165" count="0" type="stmt"/>
        <line num="168" count="0" type="stmt"/>
        <line num="172" count="0" type="stmt"/>
        <line num="178" count="0" type="stmt"/>
        <line num="195" count="0" type="stmt"/>
        <line num="197" count="0" type="cond" truecount="0" falsecount="2"/>
        <line num="200" count="0" type="stmt"/>
        <line num="202" count="0" type="stmt"/>
        <line num="206" count="0" type="stmt"/>
        <line num="211" count="0" type="stmt"/>
        <line num="214" count="0" type="stmt"/>
      </file>
      <file name="outputParser.ts" path="/Users/bracesproul/code/lang-chain-ai/langchainjs/langchain/src/agents/chat_convo/outputParser.ts">
        <metrics statements="36" coveredstatements="19" conditionals="18" coveredconditionals="8" methods="7" coveredmethods="2"/>
        <line num="24" count="1" type="stmt"/>
        <line num="29" count="1" type="stmt"/>
        <line num="30" count="1" type="stmt"/>
        <line num="40" count="11" type="stmt"/>
        <line num="41" count="11" type="cond" truecount="3" falsecount="0"/>
        <line num="42" count="10" type="cond" truecount="2" falsecount="0"/>
        <line num="43" count="10" type="stmt"/>
        <line num="44" count="10" type="stmt"/>
        <line num="45" count="10" type="cond" truecount="1" falsecount="0"/>
        <line num="46" count="8" type="stmt"/>
        <line num="49" count="8" type="stmt"/>
        <line num="50" count="8" type="cond" truecount="1" falsecount="0"/>
        <line num="51" count="8" type="stmt"/>
        <line num="56" count="11" type="stmt"/>
        <line num="57" count="11" type="stmt"/>
        <line num="59" count="11" type="stmt"/>
        <line num="61" count="11" type="cond" truecount="1" falsecount="0"/>
        <line num="62" count="7" type="stmt"/>
        <line num="64" count="4" type="stmt"/>
        <line num="66" count="0" type="stmt"/>
        <line num="79" count="0" type="stmt"/>
        <line num="98" count="0" type="stmt"/>
        <line num="104" count="0" type="stmt"/>
        <line num="107" count="0" type="stmt"/>
        <line num="108" count="0" type="cond" truecount="0" falsecount="2"/>
        <line num="109" count="0" type="stmt"/>
        <line num="112" count="0" type="stmt"/>
        <line num="122" count="0" type="cond" truecount="0" falsecount="1"/>
        <line num="123" count="0" type="stmt"/>
        <line num="125" count="0" type="stmt"/>
        <line num="136" count="0" type="cond" truecount="0" falsecount="1"/>
        <line num="137" count="0" type="stmt"/>
        <line num="139" count="0" type="stmt"/>
        <line num="157" count="0" type="cond" truecount="0" falsecount="2"/>
        <line num="161" count="0" type="stmt"/>
        <line num="162" count="0" type="stmt"/>
      </file>
      <file name="prompt.ts" path="/Users/bracesproul/code/lang-chain-ai/langchainjs/langchain/src/agents/chat_convo/prompt.ts">
        <metrics statements="5" coveredstatements="5" conditionals="0" coveredconditionals="0" methods="0" coveredmethods="0"/>
        <line num="1" count="4" type="stmt"/>
        <line num="9" count="4" type="stmt"/>
        <line num="11" count="4" type="stmt"/>
        <line num="40" count="4" type="stmt"/>
        <line num="54" count="4" type="stmt"/>
      </file>
    </package>
    <package name="src.agents.format_scratchpad">
      <metrics statements="32" coveredstatements="0" conditionals="12" coveredconditionals="0" methods="10" coveredmethods="0"/>
      <file name="log.ts" path="/Users/bracesproul/code/lang-chain-ai/langchainjs/langchain/src/agents/format_scratchpad/log.ts">
        <metrics statements="3" coveredstatements="0" conditionals="2" coveredconditionals="0" methods="2" coveredmethods="0"/>
        <line num="15" count="0" type="stmt"/>
        <line num="17" count="0" type="stmt"/>
        <line num="23" count="0" type="stmt"/>
      </file>
      <file name="log_to_message.ts" path="/Users/bracesproul/code/lang-chain-ai/langchainjs/langchain/src/agents/format_scratchpad/log_to_message.ts">
        <metrics statements="9" coveredstatements="0" conditionals="2" coveredconditionals="0" methods="2" coveredmethods="0"/>
        <line num="14" count="0" type="stmt"/>
        <line num="15" count="0" type="stmt"/>
        <line num="16" count="0" type="cond" truecount="0" falsecount="1"/>
        <line num="17" count="0" type="stmt"/>
        <line num="22" count="0" type="stmt"/>
        <line num="24" count="0" type="stmt"/>
        <line num="25" count="0" type="stmt"/>
        <line num="26" count="0" type="stmt"/>
        <line num="34" count="0" type="stmt"/>
      </file>
      <file name="openai_functions.ts" path="/Users/bracesproul/code/lang-chain-ai/langchainjs/langchain/src/agents/format_scratchpad/openai_functions.ts">
        <metrics statements="10" coveredstatements="0" conditionals="4" coveredconditionals="0" methods="3" coveredmethods="0"/>
        <line num="21" count="0" type="stmt"/>
        <line num="22" count="0" type="stmt"/>
        <line num="23" count="0" type="stmt"/>
        <line num="24" count="0" type="stmt"/>
        <line num="32" count="0" type="stmt"/>
        <line num="46" count="0" type="stmt"/>
        <line num="47" count="0" type="cond" truecount="0" falsecount="4"/>
        <line num="48" count="0" type="stmt"/>
        <line num="49" count="0" type="stmt"/>
        <line num="51" count="0" type="stmt"/>
      </file>
      <file name="openai_tools.ts" path="/Users/bracesproul/code/lang-chain-ai/langchainjs/langchain/src/agents/format_scratchpad/openai_tools.ts">
        <metrics statements="5" coveredstatements="0" conditionals="4" coveredconditionals="0" methods="2" coveredmethods="0"/>
        <line num="11" count="0" type="stmt"/>
        <line num="12" count="0" type="cond" truecount="0" falsecount="4"/>
        <line num="13" count="0" type="stmt"/>
        <line num="14" count="0" type="stmt"/>
        <line num="21" count="0" type="stmt"/>
      </file>
      <file name="xml.ts" path="/Users/bracesproul/code/lang-chain-ai/langchainjs/langchain/src/agents/format_scratchpad/xml.ts">
        <metrics statements="5" coveredstatements="0" conditionals="0" coveredconditionals="0" methods="1" coveredmethods="0"/>
        <line num="4" count="0" type="stmt"/>
        <line num="5" count="0" type="stmt"/>
        <line num="6" count="0" type="stmt"/>
        <line num="7" count="0" type="stmt"/>
        <line num="9" count="0" type="stmt"/>
      </file>
    </package>
    <package name="src.agents.mrkl">
      <metrics statements="45" coveredstatements="4" conditionals="18" coveredconditionals="0" methods="19" coveredmethods="0"/>
      <file name="index.ts" path="/Users/bracesproul/code/lang-chain-ai/langchainjs/langchain/src/agents/mrkl/index.ts">
        <metrics statements="29" coveredstatements="0" conditionals="12" coveredconditionals="0" methods="16" coveredmethods="0"/>
        <line num="63" count="0" type="stmt"/>
        <line num="66" count="0" type="stmt"/>
        <line num="72" count="0" type="cond" truecount="0" falsecount="2"/>
        <line num="73" count="0" type="stmt"/>
        <line num="77" count="0" type="stmt"/>
        <line num="81" count="0" type="stmt"/>
        <line num="85" count="0" type="stmt"/>
        <line num="94" count="0" type="stmt"/>
        <line num="103" count="0" type="stmt"/>
        <line num="104" count="0" type="cond" truecount="0" falsecount="1"/>
        <line num="106" count="0" type="stmt"/>
        <line num="108" count="0" type="stmt"/>
        <line num="126" count="0" type="cond" truecount="0" falsecount="2"/>
        <line num="127" count="0" type="stmt"/>
        <line num="128" count="0" type="stmt"/>
        <line num="131" count="0" type="stmt"/>
        <line num="133" count="0" type="stmt"/>
        <line num="137" count="0" type="stmt"/>
        <line num="141" count="0" type="stmt"/>
        <line num="159" count="0" type="stmt"/>
        <line num="160" count="0" type="stmt"/>
        <line num="162" count="0" type="cond" truecount="0" falsecount="2"/>
        <line num="163" count="0" type="stmt"/>
        <line num="169" count="0" type="stmt"/>
        <line num="171" count="0" type="stmt"/>
        <line num="182" count="0" type="stmt"/>
        <line num="183" count="0" type="stmt"/>
        <line num="192" count="0" type="stmt"/>
        <line num="197" count="0" type="stmt"/>
      </file>
      <file name="outputParser.ts" path="/Users/bracesproul/code/lang-chain-ai/langchainjs/langchain/src/agents/mrkl/outputParser.ts">
        <metrics statements="13" coveredstatements="1" conditionals="6" coveredconditionals="0" methods="3" coveredmethods="0"/>
        <line num="7" count="3" type="stmt"/>
        <line num="13" count="0" type="stmt"/>
        <line num="18" count="0" type="stmt"/>
        <line num="19" count="0" type="cond" truecount="0" falsecount="2"/>
        <line num="29" count="0" type="cond" truecount="0" falsecount="1"/>
        <line num="30" count="0" type="stmt"/>
        <line num="31" count="0" type="stmt"/>
        <line num="32" count="0" type="stmt"/>
        <line num="38" count="0" type="stmt"/>
        <line num="39" count="0" type="cond" truecount="0" falsecount="1"/>
        <line num="40" count="0" type="stmt"/>
        <line num="43" count="0" type="stmt"/>
        <line num="58" count="0" type="stmt"/>
      </file>
      <file name="prompt.ts" path="/Users/bracesproul/code/lang-chain-ai/langchainjs/langchain/src/agents/mrkl/prompt.ts">
        <metrics statements="3" coveredstatements="3" conditionals="0" coveredconditionals="0" methods="0" coveredmethods="0"/>
        <line num="1" count="3" type="stmt"/>
        <line num="2" count="3" type="stmt"/>
        <line num="12" count="3" type="stmt"/>
      </file>
    </package>
    <package name="src.agents.openai_functions">
      <metrics statements="64" coveredstatements="8" conditionals="27" coveredconditionals="0" methods="22" coveredmethods="2"/>
      <file name="index.ts" path="/Users/bracesproul/code/lang-chain-ai/langchainjs/langchain/src/agents/openai_functions/index.ts">
        <metrics statements="46" coveredstatements="4" conditionals="15" coveredconditionals="0" methods="17" coveredmethods="1"/>
        <line num="57" count="0" type="stmt"/>
        <line num="64" count="0" type="cond" truecount="0" falsecount="4"/>
        <line num="65" count="0" type="stmt"/>
        <line num="69" count="0" type="stmt"/>
        <line num="76" count="0" type="stmt"/>
        <line num="77" count="0" type="stmt"/>
        <line num="106" count="0" type="stmt"/>
        <line num="109" count="0" type="stmt"/>
        <line num="112" count="0" type="stmt"/>
        <line num="116" count="0" type="stmt"/>
        <line num="120" count="0" type="stmt"/>
        <line num="124" count="0" type="stmt"/>
        <line num="130" count="0" type="stmt"/>
        <line num="133" count="0" type="stmt"/>
        <line num="134" count="0" type="stmt"/>
        <line num="148" count="0" type="cond" truecount="0" falsecount="3"/>
        <line num="149" count="0" type="stmt"/>
        <line num="169" count="0" type="stmt"/>
        <line num="170" count="0" type="cond" truecount="0" falsecount="3"/>
        <line num="171" count="0" type="stmt"/>
        <line num="173" count="0" type="stmt"/>
        <line num="174" count="0" type="stmt"/>
        <line num="179" count="0" type="stmt"/>
        <line num="181" count="0" type="stmt"/>
        <line num="194" count="0" type="stmt"/>
        <line num="211" count="0" type="stmt"/>
        <line num="212" count="0" type="stmt"/>
        <line num="216" count="0" type="cond" truecount="0" falsecount="1"/>
        <line num="217" count="0" type="stmt"/>
        <line num="221" count="0" type="stmt"/>
        <line num="229" count="0" type="stmt"/>
        <line num="230" count="0" type="stmt"/>
        <line num="234" count="0" type="cond" truecount="0" falsecount="2"/>
        <line num="235" count="0" type="stmt"/>
        <line num="236" count="0" type="cond" truecount="0" falsecount="1"/>
        <line num="237" count="0" type="stmt"/>
        <line num="239" count="0" type="stmt"/>
        <line num="243" count="0" type="stmt"/>
        <line num="247" count="0" type="stmt"/>
        <line num="257" count="0" type="stmt"/>
        <line num="337" count="1" type="cond" truecount="0" falsecount="1"/>
        <line num="338" count="0" type="stmt"/>
        <line num="345" count="1" type="stmt"/>
        <line num="348" count="1" type="stmt"/>
        <line num="351" count="0" type="stmt"/>
        <line num="357" count="1" type="stmt"/>
      </file>
      <file name="output_parser.ts" path="/Users/bracesproul/code/lang-chain-ai/langchainjs/langchain/src/agents/openai_functions/output_parser.ts">
        <metrics statements="16" coveredstatements="2" conditionals="12" coveredconditionals="0" methods="5" coveredmethods="1"/>
        <line num="50" count="1" type="stmt"/>
        <line num="53" count="2" type="stmt"/>
        <line num="57" count="0" type="stmt"/>
        <line num="63" count="0" type="cond" truecount="0" falsecount="3"/>
        <line num="64" count="0" type="stmt"/>
        <line num="66" count="0" type="stmt"/>
        <line num="78" count="0" type="cond" truecount="0" falsecount="3"/>
        <line num="79" count="0" type="stmt"/>
        <line num="81" count="0" type="cond" truecount="0" falsecount="2"/>
        <line num="84" count="0" type="stmt"/>
        <line num="85" count="0" type="stmt"/>
        <line num="86" count="0" type="cond" truecount="0" falsecount="2"/>
        <line num="89" count="0" type="stmt"/>
        <line num="98" count="0" type="stmt"/>
        <line num="103" count="0" type="stmt"/>
        <line num="111" count="0" type="stmt"/>
      </file>
      <file name="prompt.ts" path="/Users/bracesproul/code/lang-chain-ai/langchainjs/langchain/src/agents/openai_functions/prompt.ts">
        <metrics statements="2" coveredstatements="2" conditionals="0" coveredconditionals="0" methods="0" coveredmethods="0"/>
        <line num="1" count="3" type="stmt"/>
        <line num="2" count="3" type="stmt"/>
      </file>
    </package>
    <package name="src.agents.openai_tools">
      <metrics statements="24" coveredstatements="6" conditionals="15" coveredconditionals="0" methods="8" coveredmethods="2"/>
      <file name="index.ts" path="/Users/bracesproul/code/lang-chain-ai/langchainjs/langchain/src/agents/openai_tools/index.ts">
        <metrics statements="6" coveredstatements="4" conditionals="1" coveredconditionals="0" methods="2" coveredmethods="1"/>
        <line num="103" count="1" type="cond" truecount="0" falsecount="1"/>
        <line num="104" count="0" type="stmt"/>
        <line num="111" count="1" type="stmt"/>
        <line num="112" count="1" type="stmt"/>
        <line num="115" count="0" type="stmt"/>
        <line num="121" count="1" type="stmt"/>
      </file>
      <file name="output_parser.ts" path="/Users/bracesproul/code/lang-chain-ai/langchainjs/langchain/src/agents/openai_tools/output_parser.ts">
        <metrics statements="18" coveredstatements="2" conditionals="14" coveredconditionals="0" methods="6" coveredmethods="1"/>
        <line num="52" count="1" type="stmt"/>
        <line num="55" count="2" type="stmt"/>
        <line num="59" count="0" type="stmt"/>
        <line num="65" count="0" type="cond" truecount="0" falsecount="3"/>
        <line num="66" count="0" type="stmt"/>
        <line num="68" count="0" type="stmt"/>
        <line num="80" count="0" type="cond" truecount="0" falsecount="3"/>
        <line num="81" count="0" type="stmt"/>
        <line num="83" count="0" type="cond" truecount="0" falsecount="2"/>
        <line num="85" count="0" type="stmt"/>
        <line num="86" count="0" type="stmt"/>
        <line num="87" count="0" type="stmt"/>
        <line num="88" count="0" type="cond" truecount="0" falsecount="2"/>
        <line num="91" count="0" type="cond" truecount="0" falsecount="2"/>
        <line num="92" count="0" type="stmt"/>
        <line num="103" count="0" type="stmt"/>
        <line num="110" count="0" type="stmt"/>
        <line num="118" count="0" type="stmt"/>
      </file>
    </package>
    <package name="src.agents.react">
      <metrics statements="31" coveredstatements="28" conditionals="4" coveredconditionals="3" methods="7" coveredmethods="5"/>
      <file name="index.ts" path="/Users/bracesproul/code/lang-chain-ai/langchainjs/langchain/src/agents/react/index.ts">
        <metrics statements="10" coveredstatements="8" conditionals="1" coveredconditionals="0" methods="4" coveredmethods="3"/>
        <line num="79" count="1" type="stmt"/>
        <line num="80" count="3" type="stmt"/>
        <line num="82" count="1" type="cond" truecount="0" falsecount="1"/>
        <line num="83" count="0" type="stmt"/>
        <line num="89" count="1" type="stmt"/>
        <line num="90" count="1" type="stmt"/>
        <line num="95" count="1" type="stmt"/>
        <line num="98" count="1" type="stmt"/>
        <line num="101" count="0" type="stmt"/>
        <line num="109" count="1" type="stmt"/>
      </file>
      <file name="output_parser.ts" path="/Users/bracesproul/code/lang-chain-ai/langchainjs/langchain/src/agents/react/output_parser.ts">
        <metrics statements="20" coveredstatements="19" conditionals="3" coveredconditionals="3" methods="3" coveredmethods="2"/>
        <line num="6" count="4" type="stmt"/>
        <line num="8" count="4" type="stmt"/>
        <line num="50" count="5" type="stmt"/>
        <line num="55" count="5" type="stmt"/>
        <line num="56" count="5" type="stmt"/>
        <line num="66" count="4" type="stmt"/>
        <line num="68" count="4" type="stmt"/>
        <line num="69" count="4" type="stmt"/>
        <line num="70" count="4" type="cond" truecount="1" falsecount="0"/>
        <line num="71" count="2" type="cond" truecount="1" falsecount="0"/>
        <line num="72" count="1" type="stmt"/>
        <line num="77" count="1" type="stmt"/>
        <line num="78" count="1" type="stmt"/>
        <line num="79" count="1" type="stmt"/>
        <line num="81" count="1" type="stmt"/>
        <line num="88" count="2" type="cond" truecount="1" falsecount="0"/>
        <line num="89" count="1" type="stmt"/>
        <line num="90" count="1" type="stmt"/>
        <line num="98" count="1" type="stmt"/>
        <line num="108" count="0" type="stmt"/>
      </file>
      <file name="prompt.ts" path="/Users/bracesproul/code/lang-chain-ai/langchainjs/langchain/src/agents/react/prompt.ts">
        <metrics statements="1" coveredstatements="1" conditionals="0" coveredconditionals="0" methods="0" coveredmethods="0"/>
        <line num="1" count="4" type="stmt"/>
      </file>
    </package>
    <package name="src.agents.structured_chat">
      <metrics statements="75" coveredstatements="32" conditionals="28" coveredconditionals="6" methods="28" coveredmethods="7"/>
      <file name="index.ts" path="/Users/bracesproul/code/lang-chain-ai/langchainjs/langchain/src/agents/structured_chat/index.ts">
        <metrics statements="43" coveredstatements="8" conditionals="15" coveredconditionals="0" methods="21" coveredmethods="3"/>
        <line num="59" count="0" type="stmt"/>
        <line num="62" count="0" type="stmt"/>
        <line num="66" count="0" type="cond" truecount="0" falsecount="2"/>
        <line num="67" count="0" type="stmt"/>
        <line num="71" count="0" type="stmt"/>
        <line num="75" count="0" type="stmt"/>
        <line num="79" count="0" type="stmt"/>
        <line num="83" count="0" type="stmt"/>
        <line num="92" count="0" type="stmt"/>
        <line num="93" count="0" type="cond" truecount="0" falsecount="1"/>
        <line num="95" count="0" type="stmt"/>
        <line num="97" count="0" type="stmt"/>
        <line num="112" count="0" type="cond" truecount="0" falsecount="1"/>
        <line num="113" count="0" type="stmt"/>
        <line num="117" count="0" type="stmt"/>
        <line num="130" count="0" type="stmt"/>
        <line num="131" count="0" type="cond" truecount="0" falsecount="1"/>
        <line num="132" count="0" type="stmt"/>
        <line num="134" count="0" type="stmt"/>
        <line num="143" count="0" type="stmt"/>
        <line num="146" count="0" type="stmt"/>
        <line num="173" count="0" type="cond" truecount="0" falsecount="2"/>
        <line num="174" count="0" type="stmt"/>
        <line num="175" count="0" type="stmt"/>
        <line num="182" count="0" type="stmt"/>
        <line num="194" count="0" type="stmt"/>
        <line num="211" count="0" type="stmt"/>
        <line num="212" count="0" type="stmt"/>
        <line num="214" count="0" type="cond" truecount="0" falsecount="2"/>
        <line num="217" count="0" type="stmt"/>
        <line num="219" count="0" type="stmt"/>
        <line num="225" count="0" type="stmt"/>
        <line num="228" count="0" type="stmt"/>
        <line num="309" count="1" type="stmt"/>
        <line num="310" count="3" type="stmt"/>
        <line num="312" count="1" type="cond" truecount="0" falsecount="1"/>
        <line num="313" count="0" type="stmt"/>
        <line num="319" count="1" type="stmt"/>
        <line num="320" count="1" type="stmt"/>
        <line num="325" count="1" type="stmt"/>
        <line num="328" count="1" type="stmt"/>
        <line num="331" count="0" type="stmt"/>
        <line num="339" count="1" type="stmt"/>
      </file>
      <file name="outputParser.ts" path="/Users/bracesproul/code/lang-chain-ai/langchainjs/langchain/src/agents/structured_chat/outputParser.ts">
        <metrics statements="28" coveredstatements="20" conditionals="13" coveredconditionals="6" methods="7" coveredmethods="4"/>
        <line num="20" count="2" type="stmt"/>
        <line num="25" count="2" type="stmt"/>
        <line num="26" count="2" type="stmt"/>
        <line num="38" count="2" type="stmt"/>
        <line num="39" count="2" type="stmt"/>
        <line num="40" count="2" type="stmt"/>
        <line num="41" count="2" type="cond" truecount="0" falsecount="1"/>
        <line num="42" count="0" type="stmt"/>
        <line num="46" count="2" type="stmt"/>
        <line num="47" count="2" type="stmt"/>
        <line num="49" count="2" type="cond" truecount="0" falsecount="1"/>
        <line num="50" count="0" type="stmt"/>
        <line num="52" count="2" type="cond" truecount="1" falsecount="1"/>
        <line num="54" count="0" type="stmt"/>
        <line num="66" count="0" type="stmt"/>
        <line num="101" count="1" type="stmt"/>
        <line num="107" count="1" type="stmt"/>
        <line num="110" count="1" type="stmt"/>
        <line num="111" count="1" type="cond" truecount="1" falsecount="1"/>
        <line num="112" count="1" type="stmt"/>
        <line num="115" count="1" type="stmt"/>
        <line num="128" count="0" type="cond" truecount="0" falsecount="1"/>
        <line num="129" count="0" type="stmt"/>
        <line num="131" count="0" type="stmt"/>
        <line num="140" count="0" type="stmt"/>
        <line num="158" count="1" type="cond" truecount="2" falsecount="0"/>
        <line num="160" count="1" type="stmt"/>
        <line num="161" count="1" type="stmt"/>
      </file>
      <file name="prompt.ts" path="/Users/bracesproul/code/lang-chain-ai/langchainjs/langchain/src/agents/structured_chat/prompt.ts">
        <metrics statements="4" coveredstatements="4" conditionals="0" coveredconditionals="0" methods="0" coveredmethods="0"/>
        <line num="1" count="4" type="stmt"/>
        <line num="2" count="4" type="stmt"/>
        <line num="18" count="4" type="stmt"/>
        <line num="59" count="4" type="stmt"/>
      </file>
    </package>
    <package name="src.agents.tests">
      <metrics statements="324" coveredstatements="0" conditionals="26" coveredconditionals="0" methods="54" coveredmethods="0"/>
      <file name="agent.int.test.ts" path="/Users/bracesproul/code/lang-chain-ai/langchainjs/langchain/src/agents/tests/agent.int.test.ts">
        <metrics statements="131" coveredstatements="0" conditionals="6" coveredconditionals="0" methods="21" coveredmethods="0"/>
        <line num="17" count="0" type="stmt"/>
        <line num="18" count="0" type="stmt"/>
        <line num="19" count="0" type="stmt"/>
        <line num="28" count="0" type="stmt"/>
        <line num="29" count="0" type="stmt"/>
        <line num="31" count="0" type="stmt"/>
        <line num="33" count="0" type="stmt"/>
        <line num="34" count="0" type="stmt"/>
        <line num="41" count="0" type="stmt"/>
        <line num="45" count="0" type="stmt"/>
        <line num="49" count="0" type="stmt"/>
        <line num="55" count="0" type="stmt"/>
        <line num="56" count="0" type="stmt"/>
        <line num="59" count="0" type="stmt"/>
        <line num="60" count="0" type="stmt"/>
        <line num="61" count="0" type="stmt"/>
        <line num="70" count="0" type="stmt"/>
        <line num="71" count="0" type="stmt"/>
        <line num="72" count="0" type="cond" truecount="0" falsecount="1"/>
        <line num="73" count="0" type="stmt"/>
        <line num="75" count="0" type="cond" truecount="0" falsecount="1"/>
        <line num="76" count="0" type="stmt"/>
        <line num="84" count="0" type="stmt"/>
        <line num="85" count="0" type="cond" truecount="0" falsecount="1"/>
        <line num="86" count="0" type="stmt"/>
        <line num="89" count="0" type="stmt"/>
        <line num="98" count="0" type="stmt"/>
        <line num="100" count="0" type="stmt"/>
        <line num="102" count="0" type="stmt"/>
        <line num="103" count="0" type="stmt"/>
        <line num="110" count="0" type="stmt"/>
        <line num="114" count="0" type="stmt"/>
        <line num="118" count="0" type="stmt"/>
        <line num="124" count="0" type="stmt"/>
        <line num="127" count="0" type="stmt"/>
        <line num="129" count="0" type="stmt"/>
        <line num="134" count="0" type="stmt"/>
        <line num="139" count="0" type="stmt"/>
        <line num="143" count="0" type="stmt"/>
        <line num="144" count="0" type="stmt"/>
        <line num="146" count="0" type="stmt"/>
        <line num="148" count="0" type="stmt"/>
        <line num="149" count="0" type="stmt"/>
        <line num="156" count="0" type="stmt"/>
        <line num="160" count="0" type="stmt"/>
        <line num="163" count="0" type="stmt"/>
        <line num="169" count="0" type="stmt"/>
        <line num="170" count="0" type="stmt"/>
        <line num="173" count="0" type="stmt"/>
        <line num="174" count="0" type="stmt"/>
        <line num="175" count="0" type="stmt"/>
        <line num="177" count="0" type="stmt"/>
        <line num="180" count="0" type="stmt"/>
        <line num="182" count="0" type="stmt"/>
        <line num="183" count="0" type="stmt"/>
        <line num="185" count="0" type="stmt"/>
        <line num="186" count="0" type="stmt"/>
        <line num="187" count="0" type="stmt"/>
        <line num="188" count="0" type="stmt"/>
        <line num="189" count="0" type="stmt"/>
        <line num="193" count="0" type="stmt"/>
        <line num="194" count="0" type="stmt"/>
        <line num="199" count="0" type="stmt"/>
        <line num="208" count="0" type="stmt"/>
        <line num="211" count="0" type="stmt"/>
        <line num="213" count="0" type="stmt"/>
        <line num="217" count="0" type="stmt"/>
        <line num="218" count="0" type="stmt"/>
        <line num="219" count="0" type="stmt"/>
        <line num="221" count="0" type="stmt"/>
        <line num="222" count="0" type="stmt"/>
        <line num="227" count="0" type="stmt"/>
        <line num="233" count="0" type="stmt"/>
        <line num="234" count="0" type="stmt"/>
        <line num="235" count="0" type="stmt"/>
        <line num="245" count="0" type="stmt"/>
        <line num="249" count="0" type="stmt"/>
        <line num="251" count="0" type="stmt"/>
        <line num="252" count="0" type="stmt"/>
        <line num="254" count="0" type="stmt"/>
        <line num="255" count="0" type="stmt"/>
        <line num="261" count="0" type="stmt"/>
        <line num="262" count="0" type="stmt"/>
        <line num="263" count="0" type="stmt"/>
        <line num="264" count="0" type="stmt"/>
        <line num="265" count="0" type="stmt"/>
        <line num="268" count="0" type="stmt"/>
        <line num="269" count="0" type="stmt"/>
        <line num="274" count="0" type="stmt"/>
        <line num="279" count="0" type="stmt"/>
        <line num="283" count="0" type="stmt"/>
        <line num="285" count="0" type="stmt"/>
        <line num="286" count="0" type="stmt"/>
        <line num="288" count="0" type="stmt"/>
        <line num="289" count="0" type="stmt"/>
        <line num="291" count="0" type="stmt"/>
        <line num="292" count="0" type="stmt"/>
        <line num="293" count="0" type="stmt"/>
        <line num="294" count="0" type="stmt"/>
        <line num="298" count="0" type="stmt"/>
        <line num="302" count="0" type="stmt"/>
        <line num="305" count="0" type="stmt"/>
        <line num="306" count="0" type="cond" truecount="0" falsecount="1"/>
        <line num="307" count="0" type="stmt"/>
        <line num="309" count="0" type="stmt"/>
        <line num="312" count="0" type="stmt"/>
        <line num="313" count="0" type="stmt"/>
        <line num="314" count="0" type="stmt"/>
        <line num="317" count="0" type="stmt"/>
        <line num="320" count="0" type="stmt"/>
        <line num="321" count="0" type="stmt"/>
        <line num="326" count="0" type="stmt"/>
        <line num="330" count="0" type="stmt"/>
        <line num="338" count="0" type="stmt"/>
        <line num="343" count="0" type="stmt"/>
        <line num="345" count="0" type="stmt"/>
        <line num="346" count="0" type="stmt"/>
        <line num="348" count="0" type="stmt"/>
        <line num="349" count="0" type="stmt"/>
        <line num="352" count="0" type="stmt"/>
        <line num="353" count="0" type="stmt"/>
        <line num="354" count="0" type="stmt"/>
        <line num="358" count="0" type="stmt"/>
        <line num="361" count="0" type="stmt"/>
        <line num="363" count="0" type="stmt"/>
        <line num="364" count="0" type="stmt"/>
        <line num="366" count="0" type="stmt"/>
        <line num="367" count="0" type="stmt"/>
        <line num="368" count="0" type="stmt"/>
        <line num="372" count="0" type="stmt"/>
        <line num="373" count="0" type="stmt"/>
      </file>
      <file name="aws_sfn.int.test.ts" path="/Users/bracesproul/code/lang-chain-ai/langchainjs/langchain/src/agents/tests/aws_sfn.int.test.ts">
        <metrics statements="13" coveredstatements="0" conditionals="0" coveredconditionals="0" methods="2" coveredmethods="0"/>
        <line num="10" count="0" type="stmt"/>
        <line num="11" count="0" type="stmt"/>
        <line num="24" count="0" type="stmt"/>
        <line num="25" count="0" type="stmt"/>
        <line num="28" count="0" type="stmt"/>
        <line num="29" count="0" type="stmt"/>
        <line num="30" count="0" type="stmt"/>
        <line num="39" count="0" type="stmt"/>
        <line num="41" count="0" type="stmt"/>
        <line num="43" count="0" type="stmt"/>
        <line num="45" count="0" type="stmt"/>
        <line num="47" count="0" type="stmt"/>
        <line num="49" count="0" type="stmt"/>
      </file>
      <file name="chat_convo_output_parser_with_retries.int.test.ts" path="/Users/bracesproul/code/lang-chain-ai/langchainjs/langchain/src/agents/tests/chat_convo_output_parser_with_retries.int.test.ts">
        <metrics statements="13" coveredstatements="0" conditionals="4" coveredconditionals="0" methods="1" coveredmethods="0"/>
        <line num="6" count="0" type="stmt"/>
        <line num="7" count="0" type="stmt"/>
        <line num="31" count="0" type="stmt"/>
        <line num="37" count="0" type="stmt"/>
        <line num="38" count="0" type="stmt"/>
        <line num="39" count="0" type="stmt"/>
        <line num="40" count="0" type="cond" truecount="0" falsecount="2"/>
        <line num="41" count="0" type="stmt"/>
        <line num="43" count="0" type="stmt"/>
        <line num="44" count="0" type="stmt"/>
        <line num="45" count="0" type="cond" truecount="0" falsecount="2"/>
        <line num="46" count="0" type="stmt"/>
        <line num="50" count="0" type="stmt"/>
      </file>
      <file name="create_openai_functions_agent.int.test.ts" path="/Users/bracesproul/code/lang-chain-ai/langchainjs/langchain/src/agents/tests/create_openai_functions_agent.int.test.ts">
        <metrics statements="12" coveredstatements="0" conditionals="0" coveredconditionals="0" methods="1" coveredmethods="0"/>
        <line num="8" count="0" type="stmt"/>
        <line num="10" count="0" type="stmt"/>
        <line num="11" count="0" type="stmt"/>
        <line num="14" count="0" type="stmt"/>
        <line num="18" count="0" type="stmt"/>
        <line num="23" count="0" type="stmt"/>
        <line num="27" count="0" type="stmt"/>
        <line num="28" count="0" type="stmt"/>
        <line num="32" count="0" type="stmt"/>
        <line num="34" count="0" type="stmt"/>
        <line num="35" count="0" type="stmt"/>
        <line num="38" count="0" type="stmt"/>
      </file>
      <file name="create_openai_tools_agent.int.test.ts" path="/Users/bracesproul/code/lang-chain-ai/langchainjs/langchain/src/agents/tests/create_openai_tools_agent.int.test.ts">
        <metrics statements="12" coveredstatements="0" conditionals="0" coveredconditionals="0" methods="1" coveredmethods="0"/>
        <line num="8" count="0" type="stmt"/>
        <line num="10" count="0" type="stmt"/>
        <line num="11" count="0" type="stmt"/>
        <line num="12" count="0" type="stmt"/>
        <line num="16" count="0" type="stmt"/>
        <line num="21" count="0" type="stmt"/>
        <line num="25" count="0" type="stmt"/>
        <line num="26" count="0" type="stmt"/>
        <line num="30" count="0" type="stmt"/>
        <line num="32" count="0" type="stmt"/>
        <line num="33" count="0" type="stmt"/>
        <line num="36" count="0" type="stmt"/>
      </file>
      <file name="create_react_agent.int.test.ts" path="/Users/bracesproul/code/lang-chain-ai/langchainjs/langchain/src/agents/tests/create_react_agent.int.test.ts">
        <metrics statements="12" coveredstatements="0" conditionals="0" coveredconditionals="0" methods="1" coveredmethods="0"/>
        <line num="8" count="0" type="stmt"/>
        <line num="10" count="0" type="stmt"/>
        <line num="11" count="0" type="stmt"/>
        <line num="12" count="0" type="stmt"/>
        <line num="16" count="0" type="stmt"/>
        <line num="21" count="0" type="stmt"/>
        <line num="25" count="0" type="stmt"/>
        <line num="26" count="0" type="stmt"/>
        <line num="30" count="0" type="stmt"/>
        <line num="32" count="0" type="stmt"/>
        <line num="33" count="0" type="stmt"/>
        <line num="36" count="0" type="stmt"/>
      </file>
      <file name="create_structured_chat_agent.int.test.ts" path="/Users/bracesproul/code/lang-chain-ai/langchainjs/langchain/src/agents/tests/create_structured_chat_agent.int.test.ts">
        <metrics statements="12" coveredstatements="0" conditionals="0" coveredconditionals="0" methods="1" coveredmethods="0"/>
        <line num="8" count="0" type="stmt"/>
        <line num="10" count="0" type="stmt"/>
        <line num="11" count="0" type="stmt"/>
        <line num="14" count="0" type="stmt"/>
        <line num="18" count="0" type="stmt"/>
        <line num="23" count="0" type="stmt"/>
        <line num="27" count="0" type="stmt"/>
        <line num="28" count="0" type="stmt"/>
        <line num="32" count="0" type="stmt"/>
        <line num="34" count="0" type="stmt"/>
        <line num="35" count="0" type="stmt"/>
        <line num="38" count="0" type="stmt"/>
      </file>
      <file name="create_xml_agent.int.test.ts" path="/Users/bracesproul/code/lang-chain-ai/langchainjs/langchain/src/agents/tests/create_xml_agent.int.test.ts">
        <metrics statements="12" coveredstatements="0" conditionals="0" coveredconditionals="0" methods="1" coveredmethods="0"/>
        <line num="8" count="0" type="stmt"/>
        <line num="10" count="0" type="stmt"/>
        <line num="11" count="0" type="stmt"/>
        <line num="12" count="0" type="stmt"/>
        <line num="16" count="0" type="stmt"/>
        <line num="21" count="0" type="stmt"/>
        <line num="25" count="0" type="stmt"/>
        <line num="26" count="0" type="stmt"/>
        <line num="30" count="0" type="stmt"/>
        <line num="32" count="0" type="stmt"/>
        <line num="33" count="0" type="stmt"/>
        <line num="36" count="0" type="stmt"/>
      </file>
      <file name="runnable.int.test.ts" path="/Users/bracesproul/code/lang-chain-ai/langchainjs/langchain/src/agents/tests/runnable.int.test.ts">
        <metrics statements="47" coveredstatements="0" conditionals="9" coveredconditionals="0" methods="12" coveredmethods="0"/>
        <line num="21" count="0" type="stmt"/>
        <line num="22" count="0" type="stmt"/>
        <line num="23" count="0" type="stmt"/>
        <line num="25" count="0" type="stmt"/>
        <line num="31" count="0" type="stmt"/>
        <line num="32" count="0" type="stmt"/>
        <line num="35" count="0" type="stmt"/>
        <line num="36" count="0" type="stmt"/>
        <line num="37" count="0" type="cond" truecount="0" falsecount="4"/>
        <line num="38" count="0" type="stmt"/>
        <line num="39" count="0" type="stmt"/>
        <line num="41" count="0" type="stmt"/>
        <line num="45" count="0" type="stmt"/>
        <line num="47" count="0" type="stmt"/>
        <line num="49" count="0" type="stmt"/>
        <line num="56" count="0" type="stmt"/>
        <line num="61" count="0" type="stmt"/>
        <line num="63" count="0" type="stmt"/>
        <line num="64" count="0" type="stmt"/>
        <line num="65" count="0" type="stmt"/>
        <line num="68" count="0" type="stmt"/>
        <line num="71" count="0" type="stmt"/>
        <line num="72" count="0" type="stmt"/>
        <line num="73" count="0" type="stmt"/>
        <line num="79" count="0" type="stmt"/>
        <line num="85" count="0" type="stmt"/>
        <line num="86" count="0" type="stmt"/>
        <line num="89" count="0" type="stmt"/>
        <line num="90" count="0" type="stmt"/>
        <line num="91" count="0" type="cond" truecount="0" falsecount="4"/>
        <line num="92" count="0" type="stmt"/>
        <line num="93" count="0" type="stmt"/>
        <line num="95" count="0" type="stmt"/>
        <line num="99" count="0" type="stmt"/>
        <line num="101" count="0" type="stmt"/>
        <line num="103" count="0" type="stmt"/>
        <line num="110" count="0" type="stmt"/>
        <line num="115" count="0" type="stmt"/>
        <line num="117" count="0" type="stmt"/>
        <line num="118" count="0" type="stmt"/>
        <line num="119" count="0" type="stmt"/>
        <line num="122" count="0" type="stmt"/>
        <line num="123" count="0" type="stmt"/>
        <line num="124" count="0" type="stmt"/>
        <line num="125" count="0" type="cond" truecount="0" falsecount="1"/>
        <line num="126" count="0" type="stmt"/>
        <line num="129" count="0" type="stmt"/>
[...]
        <line num="333" count="0" type="stmt"/>
        <line num="336" count="0" type="stmt"/>
        <line num="339" count="0" type="stmt"/>
        <line num="348" count="0" type="stmt"/>
        <line num="351" count="2" type="stmt"/>
        <line num="354" count="0" type="cond" truecount="0" falsecount="1"/>
        <line num="355" count="0" type="stmt"/>
        <line num="358" count="0" type="cond" truecount="0" falsecount="1"/>
        <line num="359" count="0" type="stmt"/>
        <line num="362" count="0" type="cond" truecount="0" falsecount="1"/>
        <line num="363" count="0" type="stmt"/>
        <line num="366" count="0" type="cond" truecount="0" falsecount="1"/>
        <line num="367" count="0" type="stmt"/>
        <line num="370" count="0" type="cond" truecount="0" falsecount="1"/>
        <line num="371" count="0" type="stmt"/>
        <line num="374" count="0" type="cond" truecount="0" falsecount="1"/>
        <line num="375" count="0" type="stmt"/>
        <line num="378" count="0" type="stmt"/>
      </file>
      <file name="time.ts" path="/Users/bracesproul/code/lang-chain-ai/langchainjs/langchain/src/util/time.ts">
        <metrics statements="2" coveredstatements="0" conditionals="1" coveredconditionals="0" methods="2" coveredmethods="0"/>
        <line num="7" count="0" type="stmt"/>
        <line num="8" count="0" type="stmt"/>
      </file>
    </package>
    <package name="src.util.tests">
      <metrics statements="23" coveredstatements="0" conditionals="0" coveredconditionals="0" methods="10" coveredmethods="0"/>
      <file name="async_caller.int.test.ts" path="/Users/bracesproul/code/lang-chain-ai/langchainjs/langchain/src/util/tests/async_caller.int.test.ts">
        <metrics statements="23" coveredstatements="0" conditionals="0" coveredconditionals="0" methods="10" coveredmethods="0"/>
        <line num="5" count="0" type="stmt"/>
        <line num="6" count="0" type="stmt"/>
        <line num="7" count="0" type="stmt"/>
        <line num="9" count="0" type="stmt"/>
        <line num="10" count="0" type="stmt"/>
        <line num="12" count="0" type="stmt"/>
        <line num="13" count="0" type="stmt"/>
        <line num="16" count="0" type="stmt"/>
        <line num="17" count="0" type="stmt"/>
        <line num="19" count="0" type="stmt"/>
        <line num="22" count="0" type="stmt"/>
        <line num="23" count="0" type="stmt"/>
        <line num="24" count="0" type="stmt"/>
        <line num="25" count="0" type="stmt"/>
        <line num="29" count="0" type="stmt"/>
        <line num="34" count="0" type="stmt"/>
        <line num="35" count="0" type="stmt"/>
        <line num="36" count="0" type="stmt"/>
        <line num="37" count="0" type="stmt"/>
        <line num="38" count="0" type="stmt"/>
        <line num="42" count="0" type="stmt"/>
        <line num="44" count="0" type="stmt"/>
        <line num="47" count="0" type="stmt"/>
      </file>
    </package>
    <package name="src.vectorstores">
      <metrics statements="97" coveredstatements="30" conditionals="18" coveredconditionals="6" methods="23" coveredmethods="14"/>
      <file name="analyticdb.ts" path="/Users/bracesproul/code/lang-chain-ai/langchainjs/langchain/src/vectorstores/analyticdb.ts">
        <metrics statements="1" coveredstatements="0" conditionals="0" coveredconditionals="0" methods="0" coveredmethods="0"/>
        <line num="3" count="0" type="stmt"/>
      </file>
      <file name="base.ts" path="/Users/bracesproul/code/lang-chain-ai/langchainjs/langchain/src/vectorstores/base.ts">
        <metrics statements="1" coveredstatements="0" conditionals="0" coveredconditionals="0" methods="0" coveredmethods="0"/>
        <line num="3" count="0" type="stmt"/>
      </file>
      <file name="cassandra.ts" path="/Users/bracesproul/code/lang-chain-ai/langchainjs/langchain/src/vectorstores/cassandra.ts">
        <metrics statements="1" coveredstatements="0" conditionals="0" coveredconditionals="0" methods="0" coveredmethods="0"/>
        <line num="3" count="0" type="stmt"/>
      </file>
      <file name="chroma.ts" path="/Users/bracesproul/code/lang-chain-ai/langchainjs/langchain/src/vectorstores/chroma.ts">
        <metrics statements="1" coveredstatements="0" conditionals="0" coveredconditionals="0" methods="0" coveredmethods="0"/>
        <line num="3" count="0" type="stmt"/>
      </file>
      <file name="clickhouse.ts" path="/Users/bracesproul/code/lang-chain-ai/langchainjs/langchain/src/vectorstores/clickhouse.ts">
        <metrics statements="1" coveredstatements="0" conditionals="0" coveredconditionals="0" methods="0" coveredmethods="0"/>
        <line num="3" count="0" type="stmt"/>
      </file>
      <file name="cloudflare_vectorize.ts" path="/Users/bracesproul/code/lang-chain-ai/langchainjs/langchain/src/vectorstores/cloudflare_vectorize.ts">
        <metrics statements="1" coveredstatements="0" conditionals="0" coveredconditionals="0" methods="0" coveredmethods="0"/>
        <line num="3" count="0" type="stmt"/>
      </file>
      <file name="convex.ts" path="/Users/bracesproul/code/lang-chain-ai/langchainjs/langchain/src/vectorstores/convex.ts">
        <metrics statements="1" coveredstatements="0" conditionals="0" coveredconditionals="0" methods="0" coveredmethods="0"/>
        <line num="3" count="0" type="stmt"/>
      </file>
      <file name="elasticsearch.ts" path="/Users/bracesproul/code/lang-chain-ai/langchainjs/langchain/src/vectorstores/elasticsearch.ts">
        <metrics statements="1" coveredstatements="0" conditionals="0" coveredconditionals="0" methods="0" coveredmethods="0"/>
        <line num="3" count="0" type="stmt"/>
      </file>
      <file name="faiss.ts" path="/Users/bracesproul/code/lang-chain-ai/langchainjs/langchain/src/vectorstores/faiss.ts">
        <metrics statements="1" coveredstatements="0" conditionals="0" coveredconditionals="0" methods="0" coveredmethods="0"/>
        <line num="3" count="0" type="stmt"/>
      </file>
      <file name="googlevertexai.ts" path="/Users/bracesproul/code/lang-chain-ai/langchainjs/langchain/src/vectorstores/googlevertexai.ts">
        <metrics statements="1" coveredstatements="0" conditionals="0" coveredconditionals="0" methods="0" coveredmethods="0"/>
        <line num="3" count="0" type="stmt"/>
      </file>
      <file name="hnswlib.ts" path="/Users/bracesproul/code/lang-chain-ai/langchainjs/langchain/src/vectorstores/hnswlib.ts">
        <metrics statements="1" coveredstatements="0" conditionals="0" coveredconditionals="0" methods="0" coveredmethods="0"/>
        <line num="3" count="0" type="stmt"/>
      </file>
      <file name="lancedb.ts" path="/Users/bracesproul/code/lang-chain-ai/langchainjs/langchain/src/vectorstores/lancedb.ts">
        <metrics statements="1" coveredstatements="0" conditionals="0" coveredconditionals="0" methods="0" coveredmethods="0"/>
        <line num="3" count="0" type="stmt"/>
      </file>
      <file name="memory.ts" path="/Users/bracesproul/code/lang-chain-ai/langchainjs/langchain/src/vectorstores/memory.ts">
        <metrics statements="30" coveredstatements="30" conditionals="8" coveredconditionals="6" methods="14" coveredmethods="14"/>
        <line num="35" count="13" type="stmt"/>
        <line num="40" count="17" type="stmt"/>
        <line num="47" count="13" type="stmt"/>
        <line num="49" count="13" type="cond" truecount="2" falsecount="0"/>
        <line num="60" count="32" type="stmt"/>
        <line num="61" count="11" type="stmt"/>
        <line num="76" count="32" type="stmt"/>
        <line num="82" count="11" type="stmt"/>
        <line num="100" count="12" type="stmt"/>
        <line num="101" count="32" type="cond" truecount="1" falsecount="0"/>
        <line num="102" count="27" type="stmt"/>
        <line num="105" count="5" type="stmt"/>
        <line num="109" count="5" type="stmt"/>
        <line num="111" count="12" type="stmt"/>
        <line num="112" count="12" type="stmt"/>
        <line num="113" count="28" type="stmt"/>
        <line num="117" count="17" type="cond" truecount="1" falsecount="1"/>
        <line num="120" count="21" type="stmt"/>
        <line num="128" count="12" type="stmt"/>
        <line num="147" count="3" type="stmt"/>
        <line num="148" count="3" type="stmt"/>
        <line num="149" count="15" type="cond" truecount="1" falsecount="1"/>
        <line num="150" count="15" type="stmt"/>
        <line num="154" count="15" type="stmt"/>
        <line num="156" count="3" type="stmt"/>
        <line num="172" count="3" type="stmt"/>
        <line num="173" count="3" type="stmt"/>
        <line num="174" count="3" type="stmt"/>
        <line num="189" count="1" type="stmt"/>
        <line num="190" count="1" type="stmt"/>
      </file>
      <file name="milvus.ts" path="/Users/bracesproul/code/lang-chain-ai/langchainjs/langchain/src/vectorstores/milvus.ts">
        <metrics statements="1" coveredstatements="0" conditionals="0" coveredconditionals="0" methods="0" coveredmethods="0"/>
        <line num="3" count="0" type="stmt"/>
      </file>
      <file name="momento_vector_index.ts" path="/Users/bracesproul/code/lang-chain-ai/langchainjs/langchain/src/vectorstores/momento_vector_index.ts">
        <metrics statements="1" coveredstatements="0" conditionals="0" coveredconditionals="0" methods="0" coveredmethods="0"/>
        <line num="3" count="0" type="stmt"/>
      </file>
      <file name="mongo.ts" path="/Users/bracesproul/code/lang-chain-ai/langchainjs/langchain/src/vectorstores/mongo.ts">
        <metrics statements="31" coveredstatements="0" conditionals="10" coveredconditionals="0" methods="9" coveredmethods="0"/>
        <line num="36" count="0" type="stmt"/>
        <line num="40" count="0" type="stmt"/>
        <line num="41" count="0" type="stmt"/>
        <line num="42" count="0" type="stmt"/>
        <line num="43" count="0" type="cond" truecount="0" falsecount="2"/>
        <line num="54" count="0" type="stmt"/>
        <line num="55" count="0" type="stmt"/>
        <line num="70" count="0" type="stmt"/>
        <line num="76" count="0" type="stmt"/>
        <line num="96" count="0" type="stmt"/>
        <line num="110" count="0" type="cond" truecount="0" falsecount="1"/>
        <line num="111" count="0" type="stmt"/>
        <line num="114" count="0" type="stmt"/>
        <line num="125" count="0" type="stmt"/>
        <line num="127" count="0" type="stmt"/>
        <line num="129" count="0" type="stmt"/>
        <line num="130" count="0" type="stmt"/>
        <line num="140" count="0" type="cond" truecount="0" falsecount="1"/>
        <line num="146" count="0" type="stmt"/>
        <line num="148" count="0" type="cond" truecount="0" falsecount="1"/>
        <line num="149" count="0" type="stmt"/>
        <line num="156" count="0" type="stmt"/>
        <line num="176" count="0" type="stmt"/>
        <line num="177" count="0" type="stmt"/>
        <line num="178" count="0" type="cond" truecount="0" falsecount="2"/>
        <line num="179" count="0" type="stmt"/>
        <line num="183" count="0" type="stmt"/>
        <line num="185" count="0" type="stmt"/>
        <line num="202" count="0" type="stmt"/>
        <line num="203" count="0" type="stmt"/>
        <line num="204" count="0" type="stmt"/>
      </file>
      <file name="mongodb_atlas.ts" path="/Users/bracesproul/code/lang-chain-ai/langchainjs/langchain/src/vectorstores/mongodb_atlas.ts">
        <metrics statements="1" coveredstatements="0" conditionals="0" coveredconditionals="0" methods="0" coveredmethods="0"/>
        <line num="3" count="0" type="stmt"/>
      </file>
      <file name="myscale.ts" path="/Users/bracesproul/code/lang-chain-ai/langchainjs/langchain/src/vectorstores/myscale.ts">
        <metrics statements="1" coveredstatements="0" conditionals="0" coveredconditionals="0" methods="0" coveredmethods="0"/>
        <line num="3" count="0" type="stmt"/>
      </file>
      <file name="neo4j_vector.ts" path="/Users/bracesproul/code/lang-chain-ai/langchainjs/langchain/src/vectorstores/neo4j_vector.ts">
        <metrics statements="1" coveredstatements="0" conditionals="0" coveredconditionals="0" methods="0" coveredmethods="0"/>
        <line num="3" count="0" type="stmt"/>
      </file>
      <file name="opensearch.ts" path="/Users/bracesproul/code/lang-chain-ai/langchainjs/langchain/src/vectorstores/opensearch.ts">
        <metrics statements="1" coveredstatements="0" conditionals="0" coveredconditionals="0" methods="0" coveredmethods="0"/>
        <line num="3" count="0" type="stmt"/>
      </file>
      <file name="pgvector.ts" path="/Users/bracesproul/code/lang-chain-ai/langchainjs/langchain/src/vectorstores/pgvector.ts">
        <metrics statements="1" coveredstatements="0" conditionals="0" coveredconditionals="0" methods="0" coveredmethods="0"/>
        <line num="3" count="0" type="stmt"/>
      </file>
      <file name="pinecone.ts" path="/Users/bracesproul/code/lang-chain-ai/langchainjs/langchain/src/vectorstores/pinecone.ts">
        <metrics statements="1" coveredstatements="0" conditionals="0" coveredconditionals="0" methods="0" coveredmethods="0"/>
        <line num="3" count="0" type="stmt"/>
      </file>
      <file name="prisma.ts" path="/Users/bracesproul/code/lang-chain-ai/langchainjs/langchain/src/vectorstores/prisma.ts">
        <metrics statements="1" coveredstatements="0" conditionals="0" coveredconditionals="0" methods="0" coveredmethods="0"/>
        <line num="3" count="0" type="stmt"/>
      </file>
      <file name="qdrant.ts" path="/Users/bracesproul/code/lang-chain-ai/langchainjs/langchain/src/vectorstores/qdrant.ts">
        <metrics statements="1" coveredstatements="0" conditionals="0" coveredconditionals="0" methods="0" coveredmethods="0"/>
        <line num="3" count="0" type="stmt"/>
      </file>
      <file name="redis.ts" path="/Users/bracesproul/code/lang-chain-ai/langchainjs/langchain/src/vectorstores/redis.ts">
        <metrics statements="1" coveredstatements="0" conditionals="0" coveredconditionals="0" methods="0" coveredmethods="0"/>
        <line num="3" count="0" type="stmt"/>
      </file>
      <file name="rockset.ts" path="/Users/bracesproul/code/lang-chain-ai/langchainjs/langchain/src/vectorstores/rockset.ts">
        <metrics statements="1" coveredstatements="0" conditionals="0" coveredconditionals="0" methods="0" coveredmethods="0"/>
        <line num="3" count="0" type="stmt"/>
      </file>
      <file name="singlestore.ts" path="/Users/bracesproul/code/lang-chain-ai/langchainjs/langchain/src/vectorstores/singlestore.ts">
        <metrics statements="1" coveredstatements="0" conditionals="0" coveredconditionals="0" methods="0" coveredmethods="0"/>
        <line num="3" count="0" type="stmt"/>
      </file>
      <file name="supabase.ts" path="/Users/bracesproul/code/lang-chain-ai/langchainjs/langchain/src/vectorstores/supabase.ts">
        <metrics statements="1" coveredstatements="0" conditionals="0" coveredconditionals="0" methods="0" coveredmethods="0"/>
        <line num="3" count="0" type="stmt"/>
      </file>
      <file name="tigris.ts" path="/Users/bracesproul/code/lang-chain-ai/langchainjs/langchain/src/vectorstores/tigris.ts">
        <metrics statements="1" coveredstatements="0" conditionals="0" coveredconditionals="0" methods="0" coveredmethods="0"/>
        <line num="3" count="0" type="stmt"/>
      </file>
      <file name="typeorm.ts" path="/Users/bracesproul/code/lang-chain-ai/langchainjs/langchain/src/vectorstores/typeorm.ts">
        <metrics statements="1" coveredstatements="0" conditionals="0" coveredconditionals="0" methods="0" coveredmethods="0"/>
        <line num="3" count="0" type="stmt"/>
      </file>
      <file name="typesense.ts" path="/Users/bracesproul/code/lang-chain-ai/langchainjs/langchain/src/vectorstores/typesense.ts">
        <metrics statements="1" coveredstatements="0" conditionals="0" coveredconditionals="0" methods="0" coveredmethods="0"/>
        <line num="3" count="0" type="stmt"/>
      </file>
      <file name="usearch.ts" path="/Users/bracesproul/code/lang-chain-ai/langchainjs/langchain/src/vectorstores/usearch.ts">
        <metrics statements="1" coveredstatements="0" conditionals="0" coveredconditionals="0" methods="0" coveredmethods="0"/>
        <line num="3" count="0" type="stmt"/>
      </file>
      <file name="vectara.ts" path="/Users/bracesproul/code/lang-chain-ai/langchainjs/langchain/src/vectorstores/vectara.ts">
        <metrics statements="1" coveredstatements="0" conditionals="0" coveredconditionals="0" methods="0" coveredmethods="0"/>
        <line num="3" count="0" type="stmt"/>
      </file>
      <file name="vercel_postgres.ts" path="/Users/bracesproul/code/lang-chain-ai/langchainjs/langchain/src/vectorstores/vercel_postgres.ts">
        <metrics statements="1" coveredstatements="0" conditionals="0" coveredconditionals="0" methods="0" coveredmethods="0"/>
        <line num="3" count="0" type="stmt"/>
      </file>
      <file name="voy.ts" path="/Users/bracesproul/code/lang-chain-ai/langchainjs/langchain/src/vectorstores/voy.ts">
        <metrics statements="1" coveredstatements="0" conditionals="0" coveredconditionals="0" methods="0" coveredmethods="0"/>
        <line num="3" count="0" type="stmt"/>
      </file>
      <file name="weaviate.ts" path="/Users/bracesproul/code/lang-chain-ai/langchainjs/langchain/src/vectorstores/weaviate.ts">
        <metrics statements="1" coveredstatements="0" conditionals="0" coveredconditionals="0" methods="0" coveredmethods="0"/>
        <line num="3" count="0" type="stmt"/>
      </file>
      <file name="xata.ts" path="/Users/bracesproul/code/lang-chain-ai/langchainjs/langchain/src/vectorstores/xata.ts">
        <metrics statements="1" coveredstatements="0" conditionals="0" coveredconditionals="0" methods="0" coveredmethods="0"/>
        <line num="3" count="0" type="stmt"/>
      </file>
      <file name="zep.ts" path="/Users/bracesproul/code/lang-chain-ai/langchainjs/langchain/src/vectorstores/zep.ts">
        <metrics statements="1" coveredstatements="0" conditionals="0" coveredconditionals="0" methods="0" coveredmethods="0"/>
        <line num="3" count="0" type="stmt"/>
      </file>
    </package>
    <package name="src.vectorstores.closevector">
      <metrics statements="2" coveredstatements="0" conditionals="0" coveredconditionals="0" methods="0" coveredmethods="0"/>
      <file name="node.ts" path="/Users/bracesproul/code/lang-chain-ai/langchainjs/langchain/src/vectorstores/closevector/node.ts">
        <metrics statements="1" coveredstatements="0" conditionals="0" coveredconditionals="0" methods="0" coveredmethods="0"/>
        <line num="3" count="0" type="stmt"/>
      </file>
      <file name="web.ts" path="/Users/bracesproul/code/lang-chain-ai/langchainjs/langchain/src/vectorstores/closevector/web.ts">
        <metrics statements="1" coveredstatements="0" conditionals="0" coveredconditionals="0" methods="0" coveredmethods="0"/>
        <line num="3" count="0" type="stmt"/>
      </file>
    </package>
    <package name="src.vectorstores.tests">
      <metrics statements="8" coveredstatements="0" conditionals="0" coveredconditionals="0" methods="1" coveredmethods="0"/>
      <file name="memory.int.test.ts" path="/Users/bracesproul/code/lang-chain-ai/langchainjs/langchain/src/vectorstores/tests/memory.int.test.ts">
        <metrics statements="8" coveredstatements="0" conditionals="0" coveredconditionals="0" methods="1" coveredmethods="0"/>
        <line num="7" count="0" type="stmt"/>
        <line num="8" count="0" type="stmt"/>
        <line num="10" count="0" type="stmt"/>
        <line num="12" count="0" type="stmt"/>
        <line num="14" count="0" type="stmt"/>
        <line num="21" count="0" type="stmt"/>
        <line num="23" count="0" type="stmt"/>
        <line num="25" count="0" type="stmt"/>
      </file>
    </package>
  </project>
</coverage>
