TN:
SF:src/document.ts
FNF:0
FNH:0
DA:3,0
LF:1
LH:0
BRF:0
BRH:0
end_of_record
TN:
SF:src/hub.ts
FN:13,push
FN:28,pull
FNF:2
FNH:0
FNDA:0,push
FNDA:0,pull
DA:18,0
DA:19,0
DA:32,0
DA:33,0
DA:34,0
LF:5
LH:0
BRF:0
BRH:0
end_of_record
TN:
SF:src/index.ts
FNF:0
FNH:0
DA:1,0
LF:1
LH:0
BRF:0
BRH:0
end_of_record
TN:
SF:src/sql_db.ts
FN:37,(anonymous_0)
FN:55,(anonymous_1)
FN:68,(anonymous_2)
FN:79,(anonymous_3)
FN:81,(anonymous_4)
FN:96,(anonymous_5)
FN:117,(anonymous_6)
FN:120,(anonymous_7)
FN:127,(anonymous_8)
FN:137,(anonymous_9)
FN:155,(anonymous_10)
FN:170,(anonymous_11)
FN:181,(anonymous_12)
FNF:13
FNH:0
FNDA:0,(anonymous_0)
FNDA:0,(anonymous_1)
FNDA:0,(anonymous_2)
FNDA:0,(anonymous_3)
FNDA:0,(anonymous_4)
FNDA:0,(anonymous_5)
FNDA:0,(anonymous_6)
FNDA:0,(anonymous_7)
FNDA:0,(anonymous_8)
FNDA:0,(anonymous_9)
FNDA:0,(anonymous_10)
FNDA:0,(anonymous_11)
FNDA:0,(anonymous_12)
DA:35,0
DA:38,0
DA:45,0
DA:47,0
DA:49,0
DA:51,0
DA:56,0
DA:57,0
DA:58,0
DA:59,0
DA:60,0
DA:62,0
DA:63,0
DA:64,0
DA:71,0
DA:72,0
DA:73,0
DA:75,0
DA:78,0
DA:80,0
DA:81,0
DA:85,0
DA:89,0
DA:93,0
DA:99,0
DA:100,0
DA:101,0
DA:119,0
DA:121,0
DA:125,0
DA:126,0
DA:127,0
DA:131,0
DA:132,0
DA:137,0
DA:138,0
DA:142,0
DA:157,0
DA:159,0
DA:160,0
DA:163,0
DA:164,0
DA:167,0
DA:171,0
DA:182,0
DA:183,0
DA:184,0
DA:186,0
DA:187,0
LF:49
LH:0
BRDA:59,0,0,0
BRDA:59,1,0,0
BRDA:59,1,1,0
BRDA:62,2,0,0
BRDA:62,2,1,0
BRDA:63,3,0,0
BRDA:63,3,1,0
BRDA:65,4,0,0
BRDA:65,4,1,0
BRDA:72,5,0,0
BRDA:79,6,0,0
BRDA:79,6,1,0
BRDA:119,7,0,0
BRDA:119,7,1,0
BRDA:125,8,0,0
BRDA:131,9,0,0
BRDA:131,10,0,0
BRDA:131,10,1,0
BRDA:155,11,0,0
BRDA:159,12,0,0
BRDA:163,13,0,0
BRF:21
BRH:0
end_of_record
TN:
SF:src/text_splitter.ts
FN:36,(anonymous_0)
FN:42,(anonymous_1)
FN:48,(anonymous_2)
FN:57,(anonymous_3)
FN:72,(anonymous_4)
FN:75,(anonymous_5)
FN:159,(anonymous_6)
FN:164,(anonymous_7)
FN:169,(anonymous_8)
FN:171,(anonymous_9)
FN:172,(anonymous_10)
FN:176,(anonymous_11)
FN:181,(anonymous_12)
FN:233,(anonymous_13)
FN:239,(anonymous_14)
FN:244,(anonymous_15)
FN:282,(anonymous_16)
FN:288,(anonymous_17)
FN:294,(anonymous_18)
FN:343,(anonymous_19)
FN:347,(anonymous_20)
FN:358,(anonymous_21)
FN:721,(anonymous_22)
FN:733,(anonymous_23)
FN:741,(anonymous_24)
FN:776,(anonymous_25)
FN:791,(anonymous_26)
FNF:27
FNH:19
FNDA:36,(anonymous_0)
FNDA:1218,(anonymous_1)
FNDA:0,(anonymous_2)
FNDA:98,(anonymous_3)
FNDA:534,(anonymous_4)
FNDA:10,(anonymous_5)
FNDA:44,(anonymous_6)
FNDA:0,(anonymous_7)
FNDA:0,(anonymous_8)
FNDA:0,(anonymous_9)
FNDA:0,(anonymous_10)
FNDA:192,(anonymous_11)
FNDA:108,(anonymous_12)
FNDA:0,(anonymous_13)
FNDA:9,(anonymous_14)
FNDA:11,(anonymous_15)
FNDA:0,(anonymous_16)
FNDA:25,(anonymous_17)
FNDA:87,(anonymous_18)
FNDA:24,(anonymous_19)
FNDA:14,(anonymous_20)
FNDA:16,(anonymous_21)
FNDA:0,(anonymous_22)
FNDA:2,(anonymous_23)
FNDA:2,(anonymous_24)
FNDA:1,(anonymous_25)
FNDA:1,(anonymous_26)
DA:24,36
DA:26,36
DA:28,36
DA:30,36
DA:37,36
DA:38,36
DA:39,36
DA:40,36
DA:41,36
DA:42,1218
DA:43,36
DA:44,1
DA:52,0
DA:59,98
DA:60,89
DA:61,78
DA:65,78
DA:67,11
DA:70,9
DA:72,534
DA:83,10
DA:88,10
DA:89,10
DA:90,10
DA:91,13
DA:92,13
DA:93,13
DA:94,13
DA:95,13
DA:96,22
DA:99,22
DA:100,22
DA:101,13
DA:106,13
DA:109,9
DA:110,9
DA:111,7
DA:116,7
DA:117,2
DA:118,2
DA:123,2
DA:125,9
DA:126,1
DA:129,22
DA:132,22
DA:135,22
DA:139,22
DA:144,22
DA:145,22
DA:151,22
DA:152,22
DA:153,22
DA:156,10
DA:160,44
DA:161,44
DA:168,0
DA:169,0
DA:171,0
DA:172,0
DA:173,0
DA:177,192
DA:178,192
DA:182,108
DA:183,108
DA:184,108
DA:185,108
DA:186,470
DA:187,470
DA:191,86
DA:192,4
DA:197,86
DA:198,84
DA:199,84
DA:200,83
DA:205,84
DA:209,235
DA:210,235
DA:214,470
DA:215,470
DA:217,108
DA:218,108
DA:219,101
DA:221,108
DA:234,0
DA:237,8
DA:240,9
DA:241,8
DA:246,11
DA:247,11
DA:256,33
DA:283,0
DA:286,25
DA:289,25
DA:290,25
DA:291,25
DA:295,87
DA:298,87
DA:300,87
DA:301,289
DA:302,289
DA:303,9
DA:304,9
DA:306,280
DA:307,78
DA:308,78
DA:309,78
DA:314,87
DA:317,87
DA:318,87
DA:319,87
DA:320,504
DA:321,441
DA:323,63
DA:324,24
DA:325,24
DA:326,24
DA:328,63
DA:329,0
DA:331,63
DA:332,63
DA:336,87
DA:337,73
DA:338,73
DA:340,87
DA:344,24
DA:351,14
DA:359,16
DA:360,1
DA:380,15
DA:381,1
DA:398,14
DA:399,1
DA:419,13
DA:420,1
DA:440,12
DA:441,1
DA:459,11
DA:460,1
DA:479,10
DA:480,1
DA:491,9
DA:492,1
DA:505,8
DA:506,1
DA:524,7
DA:525,1
DA:543,6
DA:544,1
DA:564,5
DA:565,1
DA:585,4
DA:586,1
DA:609,3
DA:610,1
DA:638,2
DA:639,1
DA:672,1
DA:673,1
DA:703,0
DA:722,0
DA:734,2
DA:736,2
DA:737,2
DA:738,2
DA:742,2
DA:743,2
DA:746,2
DA:748,2
DA:754,2
DA:756,2
DA:757,4
DA:758,2
DA:760,4
DA:761,4
DA:762,4
DA:763,4
DA:766,2
DA:777,1
DA:792,1
LF:179
LH:168
BRDA:38,0,0,36
BRDA:38,0,1,1
BRDA:39,1,0,36
BRDA:39,1,1,1
BRDA:40,2,0,36
BRDA:40,2,1,36
BRDA:42,3,0,36
BRDA:42,3,1,36
BRDA:43,4,0,1
BRDA:50,5,0,0
BRDA:59,6,0,89
BRDA:59,6,1,9
BRDA:60,7,0,78
BRDA:60,7,1,11
BRDA:78,8,0,8
BRDA:79,9,0,9
BRDA:83,10,0,2
BRDA:83,10,1,8
BRDA:85,11,0,9
BRDA:86,12,0,10
BRDA:87,13,0,9
BRDA:100,14,0,13
BRDA:100,14,1,9
BRDA:110,15,0,7
BRDA:110,15,1,2
BRDA:117,16,0,2
BRDA:125,17,0,1
BRDA:132,18,0,0
BRDA:132,18,1,22
BRDA:132,19,0,22
BRDA:132,19,1,0
BRDA:161,20,0,44
BRDA:161,20,1,32
BRDA:166,21,0,0
BRDA:178,22,0,8
BRDA:178,22,1,184
BRDA:187,23,0,86
BRDA:188,24,0,362
BRDA:188,24,1,108
BRDA:191,25,0,4
BRDA:197,26,0,84
BRDA:199,27,0,83
BRDA:206,28,0,319
BRDA:206,28,1,85
BRDA:206,28,2,5
BRDA:218,29,0,101
BRDA:241,30,0,8
BRDA:241,30,1,0
BRDA:247,31,0,0
BRDA:247,31,1,11
BRDA:290,32,0,25
BRDA:290,32,1,9
BRDA:291,33,0,25
BRDA:291,33,1,25
BRDA:302,34,0,9
BRDA:306,35,0,78
BRDA:318,36,0,87
BRDA:318,36,1,0
BRDA:320,37,0,441
BRDA:320,37,1,63
BRDA:323,38,0,24
BRDA:328,39,0,0
BRDA:328,39,1,63
BRDA:336,40,0,73
BRDA:359,41,0,1
BRDA:359,41,1,15
BRDA:380,42,0,1
BRDA:380,42,1,14
BRDA:398,43,0,1
BRDA:398,43,1,13
BRDA:419,44,0,1
BRDA:419,44,1,12
BRDA:440,45,0,1
BRDA:440,45,1,11
BRDA:459,46,0,1
BRDA:459,46,1,10
BRDA:479,47,0,1
BRDA:479,47,1,9
BRDA:491,48,0,1
BRDA:491,48,1,8
BRDA:505,49,0,1
BRDA:505,49,1,7
BRDA:524,50,0,1
BRDA:524,50,1,6
BRDA:543,51,0,1
BRDA:543,51,1,5
BRDA:564,52,0,1
BRDA:564,52,1,4
BRDA:585,53,0,1
BRDA:585,53,1,3
BRDA:609,54,0,1
BRDA:609,54,1,2
BRDA:638,55,0,1
BRDA:638,55,1,1
BRDA:672,56,0,1
BRDA:672,56,1,0
BRDA:736,57,0,2
BRDA:736,57,1,0
BRDA:737,58,0,2
BRDA:737,58,1,2
BRDA:738,59,0,2
BRDA:738,59,1,2
BRDA:742,60,0,2
BRDA:757,61,0,2
BRF:104
BRH:94
end_of_record
TN:
SF:src/agents/agent.ts
FN:35,(anonymous_0)
FN:50,(anonymous_1)
FN:54,(anonymous_2)
FN:61,(anonymous_3)
FN:73,(anonymous_4)
FN:92,(anonymous_5)
FN:106,(anonymous_6)
FN:132,(anonymous_7)
FN:152,isAgentAction
FN:174,(anonymous_9)
FN:178,(anonymous_10)
FN:184,(anonymous_11)
FN:251,(anonymous_12)
FN:258,(anonymous_13)
FN:271,(anonymous_14)
FN:321,(anonymous_15)
FN:325,(anonymous_16)
FN:326,(anonymous_17)
FN:329,(anonymous_18)
FN:355,(anonymous_19)
FN:369,(anonymous_20)
FN:378,(anonymous_21)
FN:390,(anonymous_22)
FN:392,(anonymous_23)
FN:399,(anonymous_24)
FN:406,(anonymous_25)
FN:410,(anonymous_26)
FN:421,(anonymous_27)
FN:453,(anonymous_28)
FN:464,(anonymous_29)
FN:506,(anonymous_30)
FNF:31
FNH:0
FNDA:0,(anonymous_0)
FNDA:0,(anonymous_1)
FNDA:0,(anonymous_2)
FNDA:0,(anonymous_3)
FNDA:0,(anonymous_4)
FNDA:0,(anonymous_5)
FNDA:0,(anonymous_6)
FNDA:0,(anonymous_7)
FNDA:0,isAgentAction
FNDA:0,(anonymous_9)
FNDA:0,(anonymous_10)
FNDA:0,(anonymous_11)
FNDA:0,(anonymous_12)
FNDA:0,(anonymous_13)
FNDA:0,(anonymous_14)
FNDA:0,(anonymous_15)
FNDA:0,(anonymous_16)
FNDA:0,(anonymous_17)
FNDA:0,(anonymous_18)
FNDA:0,(anonymous_19)
FNDA:0,(anonymous_20)
FNDA:0,(anonymous_21)
FNDA:0,(anonymous_22)
FNDA:0,(anonymous_23)
FNDA:0,(anonymous_24)
FNDA:0,(anonymous_25)
FNDA:0,(anonymous_26)
FNDA:0,(anonymous_27)
FNDA:0,(anonymous_28)
FNDA:0,(anonymous_29)
FNDA:0,(anonymous_30)
DA:36,0
DA:37,0
DA:51,0
DA:55,0
DA:62,0
DA:79,0
DA:80,0
DA:86,0
DA:96,0
DA:107,0
DA:133,0
DA:153,0
DA:162,0
DA:164,0
DA:175,0
DA:179,0
DA:180,0
DA:181,0
DA:189,0
DA:191,0
DA:196,0
DA:197,0
DA:200,0
DA:243,0
DA:252,0
DA:253,0
DA:254,0
DA:255,0
DA:259,0
DA:276,0
DA:284,0
DA:319,0
DA:322,0
DA:326,0
DA:330,0
DA:332,0
DA:333,0
DA:334,0
DA:358,0
DA:374,0
DA:384,0
DA:393,0
DA:400,0
DA:409,0
DA:411,0
DA:427,0
DA:428,0
DA:433,0
DA:434,0
DA:437,0
DA:438,0
DA:439,0
DA:441,0
DA:458,0
DA:470,0
DA:471,0
DA:477,0
DA:478,0
DA:479,0
DA:485,0
DA:486,0
DA:489,0
DA:493,0
DA:494,0
DA:496,0
DA:500,0
DA:512,0
DA:514,0
DA:515,0
DA:518,0
LF:70
LH:0
BRDA:79,0,0,0
BRDA:153,1,0,0
BRDA:153,1,1,0
BRDA:196,2,0,0
BRDA:430,3,0,0
BRDA:430,3,1,0
BRDA:433,4,0,0
BRDA:438,5,0,0
BRDA:470,6,0,0
BRDA:477,7,0,0
BRDA:485,8,0,0
BRDA:493,9,0,0
BRDA:512,10,0,0
BRDA:512,10,1,0
BRF:14
BRH:0
end_of_record
TN:
SF:src/agents/executor.ts
FN:56,(anonymous_0)
FN:61,(anonymous_1)
FN:76,(anonymous_2)
FN:77,(anonymous_3)
FN:83,(anonymous_4)
FN:98,(anonymous_5)
FN:104,(anonymous_6)
FN:108,(anonymous_7)
FN:143,(anonymous_8)
FN:172,(anonymous_9)
FN:187,(anonymous_10)
FN:228,(anonymous_11)
FN:243,(anonymous_12)
FN:307,(anonymous_13)
FN:331,(anonymous_14)
FN:335,(anonymous_15)
FN:368,(anonymous_16)
FN:372,(anonymous_17)
FN:376,(anonymous_18)
FN:410,(anonymous_19)
FN:414,(anonymous_20)
FN:424,(anonymous_21)
FN:429,(anonymous_22)
FN:434,(anonymous_23)
FN:439,(anonymous_24)
FN:505,(anonymous_25)
FN:565,(anonymous_26)
FN:665,(anonymous_27)
FN:680,(anonymous_28)
FN:683,(anonymous_29)
FN:698,(anonymous_30)
FN:712,(anonymous_31)
FN:733,(anonymous_32)
FN:737,(anonymous_33)
FNF:34
FNH:0
FNDA:0,(anonymous_0)
FNDA:0,(anonymous_1)
FNDA:0,(anonymous_2)
FNDA:0,(anonymous_3)
FNDA:0,(anonymous_4)
FNDA:0,(anonymous_5)
FNDA:0,(anonymous_6)
FNDA:0,(anonymous_7)
FNDA:0,(anonymous_8)
FNDA:0,(anonymous_9)
FNDA:0,(anonymous_10)
FNDA:0,(anonymous_11)
FNDA:0,(anonymous_12)
FNDA:0,(anonymous_13)
FNDA:0,(anonymous_14)
FNDA:0,(anonymous_15)
FNDA:0,(anonymous_16)
FNDA:0,(anonymous_17)
FNDA:0,(anonymous_18)
FNDA:0,(anonymous_19)
FNDA:0,(anonymous_20)
FNDA:0,(anonymous_21)
FNDA:0,(anonymous_22)
FNDA:0,(anonymous_23)
FNDA:0,(anonymous_24)
FNDA:0,(anonymous_25)
FNDA:0,(anonymous_26)
FNDA:0,(anonymous_27)
FNDA:0,(anonymous_28)
FNDA:0,(anonymous_29)
FNDA:0,(anonymous_30)
FNDA:0,(anonymous_31)
FNDA:0,(anonymous_32)
FNDA:0,(anonymous_33)
DA:40,0
DA:57,0
DA:62,0
DA:63,0
DA:65,0
DA:66,0
DA:72,0
DA:74,0
DA:77,0
DA:80,0
DA:84,0
DA:85,0
DA:86,0
DA:87,0
DA:88,0
DA:89,0
DA:90,0
DA:91,0
DA:99,0
DA:100,0
DA:101,0
DA:105,0
DA:109,0
DA:112,0
DA:113,0
DA:114,0
DA:115,0
DA:118,0
DA:119,0
DA:122,0
DA:126,0
DA:127,0
DA:129,0
DA:131,0
DA:132,0
DA:134,0
DA:144,0
DA:145,0
DA:156,0
DA:175,0
DA:191,0
DA:192,0
DA:197,0
DA:198,0
DA:200,0
DA:201,0
DA:204,0
DA:208,0
DA:209,0
DA:210,0
DA:211,0
DA:212,0
DA:213,0
DA:218,0
DA:219,0
DA:221,0
DA:224,0
DA:225,0
DA:229,0
DA:234,0
DA:239,0
DA:240,0
DA:245,0
DA:246,0
DA:255,0
DA:256,0
DA:258,0
DA:259,0
DA:263,0
DA:264,0
DA:303,0
DA:305,0
DA:308,0
DA:332,0
DA:336,0
DA:343,0
DA:345,0
DA:347,0
DA:350,0
DA:366,0
DA:369,0
DA:373,0
DA:378,0
DA:379,0
DA:380,0
DA:382,0
DA:384,0
DA:387,0
DA:388,0
DA:389,0
DA:390,0
DA:392,0
DA:393,0
DA:394,0
DA:395,0
DA:396,0
DA:402,0
DA:404,0
DA:405,0
DA:411,0
DA:415,0
DA:425,0
DA:433,0
DA:434,0
DA:436,0
DA:437,0
DA:439,0
DA:442,0
DA:443,0
DA:445,0
DA:449,0
DA:450,0
DA:452,0
DA:454,0
DA:455,0
DA:457,0
DA:460,0
DA:462,0
DA:463,0
DA:466,0
DA:468,0
DA:469,0
DA:470,0
DA:471,0
DA:472,0
DA:474,0
DA:476,0
DA:477,0
DA:478,0
DA:479,0
DA:481,0
DA:483,0
DA:489,0
DA:493,0
DA:494,0
DA:498,0
DA:499,0
DA:501,0
DA:504,0
DA:506,0
DA:508,0
DA:512,0
DA:513,0
DA:518,0
DA:519,0
DA:520,0
DA:522,0
DA:523,0
DA:524,0
DA:525,0
DA:527,0
DA:529,0
DA:533,0
DA:537,0
DA:541,0
DA:543,0
DA:544,0
DA:546,0
DA:547,0
DA:553,0
DA:556,0
DA:562,0
DA:572,0
DA:573,0
DA:580,0
DA:582,0
DA:583,0
DA:584,0
DA:585,0
DA:586,0
DA:588,0
DA:590,0
DA:591,0
DA:592,0
DA:593,0
DA:595,0
DA:597,0
DA:603,0
DA:607,0
DA:608,0
DA:612,0
DA:613,0
DA:615,0
DA:618,0
DA:619,0
DA:620,0
DA:621,0
DA:622,0
DA:624,0
DA:625,0
DA:626,0
DA:627,0
DA:633,0
DA:634,0
DA:635,0
DA:637,0
DA:638,0
DA:639,0
DA:640,0
DA:642,0
DA:644,0
DA:651,0
DA:657,0
DA:662,0
DA:670,0
DA:671,0
DA:673,0
DA:674,0
DA:675,0
DA:677,0
DA:681,0
DA:682,0
DA:683,0
DA:685,0
DA:687,0
DA:688,0
DA:689,0
DA:695,0
DA:699,0
DA:700,0
DA:707,0
DA:717,0
DA:724,0
DA:725,0
DA:726,0
DA:727,0
DA:729,0
DA:734,0
DA:738,0
LF:229
LH:0
BRDA:63,0,0,0
BRDA:114,1,0,0
BRDA:122,2,0,0
BRDA:123,3,0,0
BRDA:123,3,1,0
BRDA:126,4,0,0
BRDA:131,5,0,0
BRDA:144,6,0,0
BRDA:191,7,0,0
BRDA:197,8,0,0
BRDA:209,9,0,0
BRDA:209,10,0,0
BRDA:209,10,1,0
BRDA:212,11,0,0
BRDA:218,12,0,0
BRDA:245,13,0,0
BRDA:255,14,0,0
BRDA:379,15,0,0
BRDA:379,15,1,0
BRDA:391,16,0,0
BRDA:391,16,1,0
BRDA:393,17,0,0
BRDA:395,18,0,0
BRDA:403,19,0,0
BRDA:403,19,1,0
BRDA:404,20,0,0
BRDA:404,20,1,0
BRDA:406,21,0,0
BRDA:406,21,1,0
BRDA:425,22,0,0
BRDA:425,22,1,0
BRDA:449,23,0,0
BRDA:449,23,1,0
BRDA:454,24,0,0
BRDA:466,25,0,0
BRDA:466,25,1,0
BRDA:469,26,0,0
BRDA:469,26,1,0
BRDA:470,27,0,0
BRDA:470,27,1,0
BRDA:472,28,0,0
BRDA:472,28,1,0
BRDA:476,29,0,0
BRDA:476,29,1,0
BRDA:478,30,0,0
BRDA:478,30,1,0
BRDA:493,31,0,0
BRDA:498,32,0,0
BRDA:498,32,1,0
BRDA:508,33,0,0
BRDA:508,33,1,0
BRDA:513,34,0,0
BRDA:513,34,1,0
BRDA:518,35,0,0
BRDA:519,36,0,0
BRDA:519,36,1,0
BRDA:522,37,0,0
BRDA:522,37,1,0
BRDA:524,38,0,0
BRDA:524,38,1,0
BRDA:533,39,0,0
BRDA:533,39,1,0
BRDA:537,40,0,0
BRDA:537,40,1,0
BRDA:546,41,0,0
BRDA:580,42,0,0
BRDA:580,42,1,0
BRDA:583,43,0,0
BRDA:583,43,1,0
BRDA:584,44,0,0
BRDA:584,44,1,0
BRDA:586,45,0,0
BRDA:586,45,1,0
BRDA:590,46,0,0
BRDA:590,46,1,0
BRDA:592,47,0,0
BRDA:592,47,1,0
BRDA:607,48,0,0
BRDA:612,49,0,0
BRDA:612,49,1,0
BRDA:621,50,0,0
BRDA:624,51,0,0
BRDA:624,51,1,0
BRDA:633,52,0,0
BRDA:634,53,0,0
BRDA:634,53,1,0
BRDA:637,54,0,0
BRDA:637,54,1,0
BRDA:639,55,0,0
BRDA:639,55,1,0
BRDA:670,56,0,0
BRDA:674,57,0,0
BRDA:685,58,0,0
BRDA:687,59,0,0
BRDA:688,60,0,0
BRDA:699,61,0,0
BRDA:726,62,0,0
BRF:97
BRH:0
end_of_record
TN:
SF:src/agents/helpers.ts
FN:6,(anonymous_0)
FNF:1
FNH:0
FNDA:0,(anonymous_0)
DA:6,3
DA:22,0
DA:23,0
DA:24,0
DA:27,0
DA:28,0
DA:31,0
DA:33,0
DA:34,0
DA:37,0
DA:38,0
LF:11
LH:1
BRDA:22,0,0,0
BRDA:23,1,0,0
BRDA:27,2,0,0
BRDA:33,3,0,0
BRF:4
BRH:0
end_of_record
TN:
SF:src/agents/initialize.ts
FN:29,(anonymous_0)
FN:124,initializeAgentExecutorWithOptions
FNF:2
FNH:0
FNDA:0,(anonymous_0)
FNDA:0,initializeAgentExecutorWithOptions
DA:29,3
DA:36,0
DA:37,0
DA:38,0
DA:39,0
DA:41,0
DA:49,0
DA:57,0
DA:64,0
DA:139,0
DA:141,0
DA:142,0
DA:154,0
DA:155,0
DA:167,0
DA:168,0
DA:186,0
DA:189,0
DA:190,0
DA:200,0
DA:203,0
DA:204,0
DA:211,0
DA:214,0
DA:215,0
DA:229,0
DA:232,0
LF:27
LH:1
BRDA:36,0,0,0
BRDA:36,0,1,0
BRDA:39,1,0,0
BRDA:39,1,1,0
BRDA:39,1,2,0
BRDA:39,1,3,0
BRDA:127,2,0,0
BRDA:131,3,0,0
BRDA:131,3,1,0
BRDA:139,4,0,0
BRDA:139,4,1,0
BRDA:139,4,2,0
BRDA:139,4,3,0
BRDA:139,4,4,0
BRDA:139,4,5,0
BRDA:139,4,6,0
BRDA:143,5,0,0
BRDA:143,5,1,0
BRDA:156,6,0,0
BRDA:156,6,1,0
BRDA:169,7,0,0
BRDA:169,7,1,0
BRDA:177,8,0,0
BRDA:177,8,1,0
BRDA:191,9,0,0
BRDA:191,9,1,0
BRDA:205,10,0,0
BRDA:205,10,1,0
BRDA:216,11,0,0
BRDA:216,11,1,0
BRDA:220,12,0,0
BRDA:220,12,1,0
BRF:32
BRH:0
end_of_record
TN:
SF:src/agents/load.ts
FN:9,(anonymous_0)
FN:19,(anonymous_1)
FNF:2
FNH:0
FNDA:0,(anonymous_0)
FNDA:0,(anonymous_1)
DA:9,0
DA:14,0
DA:15,0
DA:19,0
DA:23,0
DA:30,0
DA:31,0
DA:34,0
LF:8
LH:0
BRDA:30,0,0,0
BRF:1
BRH:0
end_of_record
TN:
SF:src/agents/chat/index.ts
FN:50,(anonymous_0)
FN:58,(anonymous_1)
FN:64,(anonymous_2)
FN:68,(anonymous_3)
FN:72,(anonymous_4)
FN:76,(anonymous_5)
FN:86,(anonymous_6)
FN:87,(anonymous_7)
FN:101,(anonymous_8)
FN:111,(anonymous_9)
FN:129,(anonymous_10)
FN:137,(anonymous_11)
FN:157,(anonymous_12)
FN:175,(anonymous_13)
FNF:14
FNH:0
FNDA:0,(anonymous_0)
FNDA:0,(anonymous_1)
FNDA:0,(anonymous_2)
FNDA:0,(anonymous_3)
FNDA:0,(anonymous_4)
FNDA:0,(anonymous_5)
FNDA:0,(anonymous_6)
FNDA:0,(anonymous_7)
FNDA:0,(anonymous_8)
FNDA:0,(anonymous_9)
FNDA:0,(anonymous_10)
FNDA:0,(anonymous_11)
FNDA:0,(anonymous_12)
FNDA:0,(anonymous_13)
DA:16,3
DA:51,0
DA:54,0
DA:60,0
DA:61,0
DA:65,0
DA:69,0
DA:73,0
DA:77,0
DA:87,0
DA:88,0
DA:90,0
DA:92,0
DA:102,0
DA:112,0
DA:113,0
DA:114,0
DA:116,0
DA:135,0
DA:136,0
DA:137,0
DA:139,0
DA:142,0
DA:146,0
DA:162,0
DA:163,0
DA:164,0
DA:170,0
DA:172,0
DA:175,0
LF:30
LH:1
BRDA:60,0,0,0
BRDA:60,0,1,0
BRDA:88,1,0,0
BRDA:113,2,0,0
BRDA:131,3,0,0
BRDA:132,4,0,0
BRDA:133,5,0,0
BRDA:134,6,0,0
BRDA:135,7,0,0
BRDA:135,7,1,0
BRDA:167,8,0,0
BRDA:167,8,1,0
BRDA:170,9,0,0
BRDA:170,9,1,0
BRF:14
BRH:0
end_of_record
TN:
SF:src/agents/chat/outputParser.ts
FN:56,(anonymous_0)
FN:85,(anonymous_1)
FNF:2
FNH:0
FNDA:0,(anonymous_0)
FNDA:0,(anonymous_1)
DA:6,3
DA:45,0
DA:57,0
DA:58,0
DA:59,0
DA:60,0
DA:63,0
DA:66,0
DA:67,0
DA:68,0
DA:74,0
DA:86,0
LF:12
LH:1
BRDA:57,0,0,0
BRDA:57,1,0,0
BRDA:57,1,1,0
BRDA:63,2,0,0
BRDA:63,2,1,0
BRF:5
BRH:0
end_of_record
TN:
SF:src/agents/chat/prompt.ts
FNF:0
FNH:0
DA:1,3
DA:2,3
DA:25,3
LF:3
LH:3
BRF:0
BRH:0
end_of_record
TN:
SF:src/agents/chat_convo/index.ts
FN:57,(anonymous_0)
FN:65,(anonymous_1)
FN:71,(anonymous_2)
FN:75,(anonymous_3)
FN:79,(anonymous_4)
FN:83,(anonymous_5)
FN:87,(anonymous_6)
FN:88,(anonymous_7)
FN:103,(anonymous_8)
FN:125,(anonymous_9)
FN:152,(anonymous_10)
FN:159,(anonymous_11)
FN:161,(anonymous_12)
FN:190,(anonymous_13)
FN:200,(anonymous_14)
FN:214,(anonymous_15)
FNF:16
FNH:0
FNDA:0,(anonymous_0)
FNDA:0,(anonymous_1)
FNDA:0,(anonymous_2)
FNDA:0,(anonymous_3)
FNDA:0,(anonymous_4)
FNDA:0,(anonymous_5)
FNDA:0,(anonymous_6)
FNDA:0,(anonymous_7)
FNDA:0,(anonymous_8)
FNDA:0,(anonymous_9)
FNDA:0,(anonymous_10)
FNDA:0,(anonymous_11)
FNDA:0,(anonymous_12)
FNDA:0,(anonymous_13)
FNDA:0,(anonymous_14)
FNDA:0,(anonymous_15)
DA:58,0
DA:61,0
DA:67,0
DA:68,0
DA:72,0
DA:76,0
DA:80,0
DA:84,0
DA:88,0
DA:89,0
DA:91,0
DA:93,0
DA:104,0
DA:105,0
DA:106,0
DA:107,0
DA:115,0
DA:130,0
DA:131,0
DA:138,0
DA:156,0
DA:157,0
DA:158,0
DA:159,0
DA:161,0
DA:163,0
DA:165,0
DA:168,0
DA:172,0
DA:178,0
DA:195,0
DA:197,0
DA:200,0
DA:202,0
DA:206,0
DA:211,0
DA:214,0
LF:37
LH:0
BRDA:67,0,0,0
BRDA:67,0,1,0
BRDA:89,1,0,0
BRDA:130,2,0,0
BRDA:156,3,0,0
BRDA:156,3,1,0
BRDA:157,4,0,0
BRDA:157,4,1,0
BRDA:163,5,0,0
BRDA:163,5,1,0
BRDA:197,6,0,0
BRDA:197,6,1,0
BRDA:209,7,0,0
BRDA:209,7,1,0
BRF:14
BRH:0
end_of_record
TN:
SF:src/agents/chat_convo/outputParser.ts
FN:28,(anonymous_0)
FN:39,(anonymous_1)
FN:78,(anonymous_2)
FN:106,(anonymous_3)
FN:119,(anonymous_4)
FN:135,(anonymous_5)
FN:152,(anonymous_6)
FNF:7
FNH:2
FNDA:1,(anonymous_0)
FNDA:11,(anonymous_1)
FNDA:0,(anonymous_2)
FNDA:0,(anonymous_3)
FNDA:0,(anonymous_4)
FNDA:0,(anonymous_5)
FNDA:0,(anonymous_6)
DA:24,1
DA:29,1
DA:30,1
DA:40,11
DA:41,11
DA:42,10
DA:43,10
DA:44,10
DA:45,10
DA:46,8
DA:49,8
DA:50,8
DA:51,8
DA:56,11
DA:57,11
DA:59,11
DA:61,11
DA:62,7
DA:64,4
DA:66,0
DA:79,0
DA:98,0
DA:104,0
DA:107,0
DA:108,0
DA:109,0
DA:112,0
DA:122,0
DA:123,0
DA:125,0
DA:136,0
DA:137,0
DA:139,0
DA:157,0
DA:161,0
DA:162,0
LF:36
LH:19
BRDA:41,0,0,10
BRDA:41,1,0,11
BRDA:41,1,1,5
BRDA:42,2,0,6
BRDA:42,2,1,4
BRDA:45,3,0,8
BRDA:50,4,0,8
BRDA:61,5,0,7
BRDA:108,6,0,0
BRDA:108,6,1,0
BRDA:110,7,0,0
BRDA:110,7,1,0
BRDA:122,8,0,0
BRDA:136,9,0,0
BRDA:157,10,0,0
BRDA:157,10,1,0
BRDA:159,11,0,0
BRDA:159,11,1,0
BRF:18
BRH:8
end_of_record
TN:
SF:src/agents/chat_convo/prompt.ts
FNF:0
FNH:0
DA:1,4
DA:9,4
DA:11,4
DA:40,4
DA:54,4
LF:5
LH:5
BRF:0
BRH:0
end_of_record
TN:
SF:src/agents/format_scratchpad/log.ts
FN:10,formatLogToString
FN:16,(anonymous_1)
FNF:2
FNH:0
FNDA:0,formatLogToString
FNDA:0,(anonymous_1)
DA:15,0
DA:17,0
DA:23,0
LF:3
LH:0
BRDA:12,0,0,0
BRDA:13,1,0,0
BRF:2
BRH:0
end_of_record
TN:
SF:src/agents/format_scratchpad/log_to_message.ts
FN:9,formatLogToMessage
FN:15,(anonymous_1)
FNF:2
FNH:0
FNDA:0,formatLogToMessage
FNDA:0,(anonymous_1)
DA:14,0
DA:15,0
DA:16,0
DA:17,0
DA:22,0
DA:24,0
DA:25,0
DA:26,0
DA:34,0
LF:9
LH:0
BRDA:11,0,0,0
BRDA:16,1,0,0
BRF:2
BRH:0
end_of_record
TN:
SF:src/agents/format_scratchpad/openai_functions.ts
FN:20,formatForOpenAIFunctions
FN:43,formatToOpenAIFunctionMessages
FN:46,(anonymous_2)
FNF:3
FNH:0
FNDA:0,formatForOpenAIFunctions
FNDA:0,formatToOpenAIFunctionMessages
FNDA:0,(anonymous_2)
DA:21,0
DA:22,0
DA:23,0
DA:24,0
DA:32,0
DA:46,0
DA:47,0
DA:48,0
DA:49,0
DA:51,0
LF:10
LH:0
BRDA:47,0,0,0
BRDA:47,0,1,0
BRDA:47,1,0,0
BRDA:47,1,1,0
BRF:4
BRH:0
end_of_record
TN:
SF:src/agents/format_scratchpad/openai_tools.ts
FN:8,formatToOpenAIToolMessages
FN:11,(anonymous_1)
FNF:2
FNH:0
FNDA:0,formatToOpenAIToolMessages
FNDA:0,(anonymous_1)
DA:11,0
DA:12,0
DA:13,0
DA:14,0
DA:21,0
LF:5
LH:0
BRDA:12,0,0,0
BRDA:12,0,1,0
BRDA:12,1,0,0
BRDA:12,1,1,0
BRF:4
BRH:0
end_of_record
TN:
SF:src/agents/format_scratchpad/xml.ts
FN:3,formatXml
FNF:1
FNH:0
FNDA:0,formatXml
DA:4,0
DA:5,0
DA:6,0
DA:7,0
DA:9,0
LF:5
LH:0
BRF:0
BRH:0
end_of_record
TN:
SF:src/agents/mrkl/index.ts
FN:62,(anonymous_0)
FN:70,(anonymous_1)
FN:76,(anonymous_2)
FN:80,(anonymous_3)
FN:84,(anonymous_4)
FN:93,(anonymous_5)
FN:102,(anonymous_6)
FN:103,(anonymous_7)
FN:121,(anonymous_8)
FN:128,(anonymous_9)
FN:131,(anonymous_10)
FN:154,(anonymous_11)
FN:171,(anonymous_12)
FN:176,(anonymous_13)
FN:187,(anonymous_14)
FN:197,(anonymous_15)
FNF:16
FNH:0
FNDA:0,(anonymous_0)
FNDA:0,(anonymous_1)
FNDA:0,(anonymous_2)
FNDA:0,(anonymous_3)
FNDA:0,(anonymous_4)
FNDA:0,(anonymous_5)
FNDA:0,(anonymous_6)
FNDA:0,(anonymous_7)
FNDA:0,(anonymous_8)
FNDA:0,(anonymous_9)
FNDA:0,(anonymous_10)
FNDA:0,(anonymous_11)
FNDA:0,(anonymous_12)
FNDA:0,(anonymous_13)
FNDA:0,(anonymous_14)
FNDA:0,(anonymous_15)
DA:63,0
DA:66,0
DA:72,0
DA:73,0
DA:77,0
DA:81,0
DA:85,0
DA:94,0
DA:103,0
DA:104,0
DA:106,0
DA:108,0
DA:126,0
DA:127,0
DA:128,0
DA:131,0
DA:133,0
DA:137,0
DA:141,0
DA:159,0
DA:160,0
DA:162,0
DA:163,0
DA:169,0
DA:171,0
DA:182,0
DA:183,0
DA:192,0
DA:197,0
LF:29
LH:0
BRDA:72,0,0,0
BRDA:72,0,1,0
BRDA:104,1,0,0
BRDA:123,2,0,0
BRDA:124,3,0,0
BRDA:125,4,0,0
BRDA:126,5,0,0
BRDA:126,5,1,0
BRDA:162,6,0,0
BRDA:162,6,1,0
BRDA:166,7,0,0
BRDA:166,7,1,0
BRF:12
BRH:0
end_of_record
TN:
SF:src/agents/mrkl/outputParser.ts
FN:17,(anonymous_0)
FN:28,(anonymous_1)
FN:57,(anonymous_2)
FNF:3
FNH:0
FNDA:0,(anonymous_0)
FNDA:0,(anonymous_1)
FNDA:0,(anonymous_2)
DA:7,3
DA:13,0
DA:18,0
DA:19,0
DA:29,0
DA:30,0
DA:31,0
DA:32,0
DA:38,0
DA:39,0
DA:40,0
DA:43,0
DA:58,0
LF:13
LH:1
BRDA:19,0,0,0
BRDA:19,0,1,0
BRDA:29,1,0,0
BRDA:39,2,0,0
BRDA:45,3,0,0
BRDA:45,3,1,0
BRF:6
BRH:0
end_of_record
TN:
SF:src/agents/mrkl/prompt.ts
FNF:0
FNH:0
DA:1,3
DA:2,3
DA:12,3
LF:3
LH:3
BRF:0
BRH:0
end_of_record
TN:
SF:src/agents/openai_functions/index.ts
FN:54,isFunctionsAgentAction
FN:60,_convertAgentStepToMessages
FN:73,_formatIntermediateSteps
FN:76,(anonymous_3)
FN:105,(anonymous_4)
FN:111,(anonymous_5)
FN:115,(anonymous_6)
FN:119,(anonymous_7)
FN:123,(anonymous_8)
FN:132,(anonymous_9)
FN:144,(anonymous_10)
FN:164,(anonymous_11)
FN:181,(anonymous_12)
FN:191,(anonymous_13)
FN:205,(anonymous_14)
FN:332,createOpenAIFunctionsAgent
FN:350,(anonymous_16)
FNF:17
FNH:1
FNDA:0,isFunctionsAgentAction
FNDA:0,_convertAgentStepToMessages
FNDA:0,_formatIntermediateSteps
FNDA:0,(anonymous_3)
FNDA:0,(anonymous_4)
FNDA:0,(anonymous_5)
FNDA:0,(anonymous_6)
FNDA:0,(anonymous_7)
FNDA:0,(anonymous_8)
FNDA:0,(anonymous_9)
FNDA:0,(anonymous_10)
FNDA:0,(anonymous_11)
FNDA:0,(anonymous_12)
FNDA:0,(anonymous_13)
FNDA:0,(anonymous_14)
FNDA:1,createOpenAIFunctionsAgent
FNDA:0,(anonymous_16)
DA:57,0
DA:64,0
DA:65,0
DA:69,0
DA:76,0
DA:77,0
DA:106,0
DA:109,0
DA:112,0
DA:116,0
DA:120,0
DA:124,0
DA:130,0
DA:133,0
DA:134,0
DA:148,0
DA:149,0
DA:169,0
DA:170,0
DA:171,0
DA:173,0
DA:174,0
DA:179,0
DA:181,0
DA:194,0
DA:211,0
DA:212,0
DA:216,0
DA:217,0
DA:221,0
DA:229,0
DA:230,0
DA:234,0
DA:235,0
DA:236,0
DA:237,0
DA:239,0
DA:243,0
DA:247,0
DA:257,0
DA:337,1
DA:338,0
DA:345,1
DA:348,1
DA:351,0
DA:357,1
LF:46
LH:4
BRDA:64,0,0,0
BRDA:64,0,1,0
BRDA:64,1,0,0
BRDA:64,1,1,0
BRDA:148,2,0,0
BRDA:148,3,0,0
BRDA:148,3,1,0
BRDA:170,4,0,0
BRDA:170,5,0,0
BRDA:170,5,1,0
BRDA:216,6,0,0
BRDA:234,7,0,0
BRDA:234,7,1,0
BRDA:236,8,0,0
BRDA:337,9,0,0
BRF:15
BRH:0
end_of_record
TN:
SF:src/agents/openai_functions/output_parser.ts
FN:52,(anonymous_0)
FN:56,(anonymous_1)
FN:62,(anonymous_2)
FN:77,(anonymous_3)
FN:110,(anonymous_4)
FNF:5
FNH:1
FNDA:2,(anonymous_0)
FNDA:0,(anonymous_1)
FNDA:0,(anonymous_2)
FNDA:0,(anonymous_3)
FNDA:0,(anonymous_4)
DA:50,1
DA:53,2
DA:57,0
DA:63,0
DA:64,0
DA:66,0
DA:78,0
DA:79,0
DA:81,0
DA:84,0
DA:85,0
DA:86,0
DA:89,0
DA:98,0
DA:103,0
DA:111,0
LF:16
LH:2
BRDA:63,0,0,0
BRDA:63,1,0,0
BRDA:63,1,1,0
BRDA:78,2,0,0
BRDA:78,3,0,0
BRDA:78,3,1,0
BRDA:81,4,0,0
BRDA:81,4,1,0
BRDA:86,5,0,0
BRDA:86,5,1,0
BRDA:93,6,0,0
BRDA:93,6,1,0
BRF:12
BRH:0
end_of_record
TN:
SF:src/agents/openai_functions/prompt.ts
FNF:0
FNH:0
DA:1,3
DA:2,3
LF:2
LH:2
BRF:0
BRH:0
end_of_record
TN:
SF:src/agents/openai_tools/index.ts
FN:98,createOpenAIToolsAgent
FN:114,(anonymous_1)
FNF:2
FNH:1
FNDA:1,createOpenAIToolsAgent
FNDA:0,(anonymous_1)
DA:103,1
DA:104,0
DA:111,1
DA:112,1
DA:115,0
DA:121,1
LF:6
LH:4
BRDA:103,0,0,0
BRF:1
BRH:0
end_of_record
TN:
SF:src/agents/openai_tools/output_parser.ts
FN:54,(anonymous_0)
FN:58,(anonymous_1)
FN:64,(anonymous_2)
FN:79,(anonymous_3)
FN:87,(anonymous_4)
FN:117,(anonymous_5)
FNF:6
FNH:1
FNDA:2,(anonymous_0)
FNDA:0,(anonymous_1)
FNDA:0,(anonymous_2)
FNDA:0,(anonymous_3)
FNDA:0,(anonymous_4)
FNDA:0,(anonymous_5)
DA:52,1
DA:55,2
DA:59,0
DA:65,0
DA:66,0
DA:68,0
DA:80,0
DA:81,0
DA:83,0
DA:85,0
DA:86,0
DA:87,0
DA:88,0
DA:91,0
DA:92,0
DA:103,0
DA:110,0
DA:118,0
LF:18
LH:2
BRDA:65,0,0,0
BRDA:65,1,0,0
BRDA:65,1,1,0
BRDA:80,2,0,0
BRDA:80,3,0,0
BRDA:80,3,1,0
BRDA:83,4,0,0
BRDA:83,4,1,0
BRDA:88,5,0,0
BRDA:88,5,1,0
BRDA:91,6,0,0
BRDA:91,6,1,0
BRDA:97,7,0,0
BRDA:97,7,1,0
BRF:14
BRH:0
end_of_record
TN:
SF:src/agents/react/index.ts
FN:74,createReactAgent
FN:80,(anonymous_1)
FN:89,(anonymous_2)
FN:100,(anonymous_3)
FNF:4
FNH:3
FNDA:1,createReactAgent
FNDA:3,(anonymous_1)
FNDA:1,(anonymous_2)
FNDA:0,(anonymous_3)
DA:79,1
DA:80,3
DA:82,1
DA:83,0
DA:89,1
DA:90,1
DA:95,1
DA:98,1
DA:101,0
DA:109,1
LF:10
LH:8
BRDA:82,0,0,0
BRF:1
BRH:0
end_of_record
TN:
SF:src/agents/react/output_parser.ts
FN:54,(anonymous_0)
FN:65,(anonymous_1)
FN:107,(anonymous_2)
FNF:3
FNH:2
FNDA:5,(anonymous_0)
FNDA:4,(anonymous_1)
FNDA:0,(anonymous_2)
DA:6,4
DA:8,4
DA:50,5
DA:55,5
DA:56,5
DA:66,4
DA:68,4
DA:69,4
DA:70,4
DA:71,2
DA:72,1
DA:77,1
DA:78,1
DA:79,1
DA:81,1
DA:88,2
DA:89,1
DA:90,1
DA:98,1
DA:108,0
LF:20
LH:19
BRDA:70,0,0,2
BRDA:71,1,0,1
BRDA:88,2,0,1
BRF:3
BRH:3
end_of_record
TN:
SF:src/agents/react/prompt.ts
FNF:0
FNH:0
DA:1,4
LF:1
LH:1
BRF:0
BRH:0
end_of_record
TN:
SF:src/agents/structured_chat/index.ts
FN:58,(anonymous_0)
FN:64,(anonymous_1)
FN:70,(anonymous_2)
FN:74,(anonymous_3)
FN:78,(anonymous_4)
FN:82,(anonymous_5)
FN:91,(anonymous_6)
FN:92,(anonymous_7)
FN:107,(anonymous_8)
FN:129,(anonymous_9)
FN:142,(anonymous_10)
FN:145,(anonymous_11)
FN:163,(anonymous_12)
FN:182,(anonymous_13)
FN:206,(anonymous_14)
FN:217,(anonymous_15)
FN:228,(anonymous_16)
FN:304,createStructuredChatAgent
FN:310,(anonymous_18)
FN:319,(anonymous_19)
FN:330,(anonymous_20)
FNF:21
FNH:3
FNDA:0,(anonymous_0)
FNDA:0,(anonymous_1)
FNDA:0,(anonymous_2)
FNDA:0,(anonymous_3)
FNDA:0,(anonymous_4)
FNDA:0,(anonymous_5)
FNDA:0,(anonymous_6)
FNDA:0,(anonymous_7)
FNDA:0,(anonymous_8)
FNDA:0,(anonymous_9)
FNDA:0,(anonymous_10)
FNDA:0,(anonymous_11)
FNDA:0,(anonymous_12)
FNDA:0,(anonymous_13)
FNDA:0,(anonymous_14)
FNDA:0,(anonymous_15)
FNDA:0,(anonymous_16)
FNDA:1,createStructuredChatAgent
FNDA:3,(anonymous_18)
FNDA:1,(anonymous_19)
FNDA:0,(anonymous_20)
DA:59,0
DA:62,0
DA:66,0
DA:67,0
DA:71,0
DA:75,0
DA:79,0
DA:83,0
DA:92,0
DA:93,0
DA:95,0
DA:97,0
DA:112,0
DA:113,0
DA:117,0
DA:130,0
DA:131,0
DA:132,0
DA:134,0
DA:143,0
DA:146,0
DA:173,0
DA:174,0
DA:175,0
DA:182,0
DA:194,0
DA:211,0
DA:212,0
DA:214,0
DA:217,0
DA:219,0
DA:225,0
DA:228,0
DA:309,1
DA:310,3
DA:312,1
DA:313,0
DA:319,1
DA:320,1
DA:325,1
DA:328,1
DA:331,0
DA:339,1
LF:43
LH:8
BRDA:66,0,0,0
BRDA:66,0,1,0
BRDA:93,1,0,0
BRDA:112,2,0,0
BRDA:131,3,0,0
BRDA:168,4,0,0
BRDA:169,5,0,0
BRDA:170,6,0,0
BRDA:171,7,0,0
BRDA:172,8,0,0
BRDA:173,9,0,0
BRDA:173,9,1,0
BRDA:214,10,0,0
BRDA:214,10,1,0
BRDA:312,11,0,0
BRF:15
BRH:0
end_of_record
TN:
SF:src/agents/structured_chat/outputParser.ts
FN:24,(anonymous_0)
FN:37,(anonymous_1)
FN:65,(anonymous_2)
FN:109,(anonymous_3)
FN:124,(anonymous_4)
FN:139,(anonymous_5)
FN:153,(anonymous_6)
FNF:7
FNH:4
FNDA:2,(anonymous_0)
FNDA:2,(anonymous_1)
FNDA:0,(anonymous_2)
FNDA:1,(anonymous_3)
FNDA:0,(anonymous_4)
FNDA:0,(anonymous_5)
FNDA:1,(anonymous_6)
DA:20,2
DA:25,2
DA:26,2
DA:38,2
DA:39,2
DA:40,2
DA:41,2
DA:42,0
DA:46,2
DA:47,2
DA:49,2
DA:50,0
DA:52,2
DA:54,0
DA:66,0
DA:101,1
DA:107,1
DA:110,1
DA:111,1
DA:112,1
DA:115,1
DA:128,0
DA:129,0
DA:131,0
DA:140,0
DA:158,1
DA:160,1
DA:161,1
LF:28
LH:20
BRDA:41,0,0,0
BRDA:49,1,0,0
BRDA:52,2,0,2
BRDA:52,2,1,0
BRDA:111,3,0,1
BRDA:111,3,1,0
BRDA:113,4,0,1
BRDA:113,4,1,0
BRDA:128,5,0,0
BRDA:158,6,0,1
BRDA:158,6,1,1
BRDA:159,7,0,1
BRDA:159,7,1,0
BRF:13
BRH:6
end_of_record
TN:
SF:src/agents/structured_chat/prompt.ts
FNF:0
FNH:0
DA:1,4
DA:2,4
DA:18,4
DA:59,4
LF:4
LH:4
BRF:0
BRH:0
end_of_record
TN:
SF:src/agents/tests/agent.int.test.ts
FN:17,(anonymous_0)
FN:33,(anonymous_1)
FN:34,(anonymous_2)
FN:59,(anonymous_3)
FN:70,(anonymous_4)
FN:102,(anonymous_5)
FN:103,(anonymous_6)
FN:127,(anonymous_7)
FN:148,(anonymous_8)
FN:149,(anonymous_9)
FN:173,(anonymous_10)
FN:186,(anonymous_11)
FN:193,(anonymous_12)
FN:217,(anonymous_13)
FN:227,(anonymous_14)
FN:233,(anonymous_15)
FN:268,(anonymous_16)
FN:305,(anonymous_17)
FN:314,(anonymous_18)
FN:320,(anonymous_19)
FN:368,(anonymous_20)
FNF:21
FNH:0
FNDA:0,(anonymous_0)
FNDA:0,(anonymous_1)
FNDA:0,(anonymous_2)
FNDA:0,(anonymous_3)
FNDA:0,(anonymous_4)
FNDA:0,(anonymous_5)
FNDA:0,(anonymous_6)
FNDA:0,(anonymous_7)
FNDA:0,(anonymous_8)
FNDA:0,(anonymous_9)
FNDA:0,(anonymous_10)
FNDA:0,(anonymous_11)
FNDA:0,(anonymous_12)
FNDA:0,(anonymous_13)
FNDA:0,(anonymous_14)
FNDA:0,(anonymous_15)
FNDA:0,(anonymous_16)
FNDA:0,(anonymous_17)
FNDA:0,(anonymous_18)
FNDA:0,(anonymous_19)
FNDA:0,(anonymous_20)
DA:17,0
DA:18,0
DA:19,0
DA:28,0
DA:29,0
DA:31,0
DA:33,0
DA:34,0
DA:41,0
DA:45,0
DA:49,0
DA:55,0
DA:56,0
DA:59,0
DA:60,0
DA:61,0
DA:70,0
DA:71,0
DA:72,0
DA:73,0
DA:75,0
DA:76,0
DA:84,0
DA:85,0
DA:86,0
DA:89,0
DA:98,0
DA:100,0
DA:102,0
DA:103,0
DA:110,0
DA:114,0
DA:118,0
DA:124,0
DA:127,0
DA:129,0
DA:134,0
DA:139,0
DA:143,0
DA:144,0
DA:146,0
DA:148,0
DA:149,0
DA:156,0
DA:160,0
DA:163,0
DA:169,0
DA:170,0
DA:173,0
DA:174,0
DA:175,0
DA:177,0
DA:180,0
DA:182,0
DA:183,0
DA:185,0
DA:186,0
DA:187,0
DA:188,0
DA:189,0
DA:193,0
DA:194,0
DA:199,0
DA:208,0
DA:211,0
DA:213,0
DA:217,0
DA:218,0
DA:219,0
DA:221,0
DA:222,0
DA:227,0
DA:233,0
DA:234,0
DA:235,0
DA:245,0
DA:249,0
DA:251,0
DA:252,0
DA:254,0
DA:255,0
DA:261,0
DA:262,0
DA:263,0
DA:264,0
DA:265,0
DA:268,0
DA:269,0
DA:274,0
DA:279,0
DA:283,0
DA:285,0
DA:286,0
DA:288,0
DA:289,0
DA:291,0
DA:292,0
DA:293,0
DA:294,0
DA:298,0
DA:302,0
DA:305,0
DA:306,0
DA:307,0
DA:309,0
DA:312,0
DA:313,0
DA:314,0
DA:317,0
DA:320,0
DA:321,0
DA:326,0
DA:330,0
DA:338,0
DA:343,0
DA:345,0
DA:346,0
DA:348,0
DA:349,0
DA:352,0
DA:353,0
DA:354,0
DA:358,0
DA:361,0
DA:363,0
DA:364,0
DA:366,0
DA:367,0
DA:368,0
DA:372,0
DA:373,0
LF:131
LH:0
BRDA:72,0,0,0
BRDA:75,1,0,0
BRDA:85,2,0,0
BRDA:91,3,0,0
BRDA:91,3,1,0
BRDA:306,4,0,0
BRF:6
BRH:0
end_of_record
TN:
SF:src/agents/tests/aws_sfn.int.test.ts
FN:10,(anonymous_0)
FN:28,(anonymous_1)
FNF:2
FNH:0
FNDA:0,(anonymous_0)
FNDA:0,(anonymous_1)
DA:10,0
DA:11,0
DA:24,0
DA:25,0
DA:28,0
DA:29,0
DA:30,0
DA:39,0
DA:41,0
DA:43,0
DA:45,0
DA:47,0
DA:49,0
LF:13
LH:0
BRF:0
BRH:0
end_of_record
TN:
SF:src/agents/tests/chat_convo_output_parser_with_retries.int.test.ts
FN:6,(anonymous_0)
FNF:1
FNH:0
FNDA:0,(anonymous_0)
DA:6,0
DA:7,0
DA:31,0
DA:37,0
DA:38,0
DA:39,0
DA:40,0
DA:41,0
DA:43,0
DA:44,0
DA:45,0
DA:46,0
DA:50,0
LF:13
LH:0
BRDA:40,0,0,0
BRDA:40,0,1,0
BRDA:45,1,0,0
BRDA:45,1,1,0
BRF:4
BRH:0
end_of_record
TN:
SF:src/agents/tests/create_openai_functions_agent.int.test.ts
FN:10,(anonymous_0)
FNF:1
FNH:0
FNDA:0,(anonymous_0)
DA:8,0
DA:10,0
DA:11,0
DA:14,0
DA:18,0
DA:23,0
DA:27,0
DA:28,0
DA:32,0
DA:34,0
DA:35,0
DA:38,0
LF:12
LH:0
BRF:0
BRH:0
end_of_record
TN:
SF:src/agents/tests/create_openai_tools_agent.int.test.ts
FN:10,(anonymous_0)
FNF:1
FNH:0
FNDA:0,(anonymous_0)
DA:8,0
DA:10,0
DA:11,0
DA:12,0
DA:16,0
DA:21,0
DA:25,0
DA:26,0
DA:30,0
DA:32,0
DA:33,0
DA:36,0
LF:12
LH:0
BRF:0
BRH:0
end_of_record
TN:
SF:src/agents/tests/create_react_agent.int.test.ts
FN:10,(anonymous_0)
FNF:1
FNH:0
FNDA:0,(anonymous_0)
DA:8,0
DA:10,0
DA:11,0
DA:12,0
DA:16,0
DA:21,0
DA:25,0
DA:26,0
DA:30,0
DA:32,0
DA:33,0
DA:36,0
LF:12
LH:0
BRF:0
BRH:0
end_of_record
TN:
SF:src/agents/tests/create_structured_chat_agent.int.test.ts
FN:10,(anonymous_0)
FNF:1
FNH:0
FNDA:0,(anonymous_0)
DA:8,0
DA:10,0
DA:11,0
DA:14,0
DA:18,0
DA:23,0
DA:27,0
DA:28,0
DA:32,0
DA:34,0
DA:35,0
DA:38,0
LF:12
LH:0
BRF:0
BRH:0
end_of_record
TN:
SF:src/agents/tests/create_xml_agent.int.test.ts
FN:10,(anonymous_0)
FNF:1
FNH:0
FNDA:0,(anonymous_0)
DA:8,0
DA:10,0
DA:11,0
DA:12,0
DA:16,0
DA:21,0
DA:25,0
DA:26,0
DA:30,0
DA:32,0
DA:33,0
DA:36,0
LF:12
LH:0
BRF:0
BRH:0
end_of_record
TN:
SF:src/agents/tests/runnable.int.test.ts
FN:21,(anonymous_0)
FN:32,(anonymous_1)
FN:35,(anonymous_2)
FN:36,(anonymous_3)
FN:47,(anonymous_4)
FN:48,(anonymous_5)
FN:71,(anonymous_6)
FN:86,(anonymous_7)
FN:89,(anonymous_8)
FN:90,(anonymous_9)
FN:101,(anonymous_10)
FN:102,(anonymous_11)
FNF:12
FNH:0
FNDA:0,(anonymous_0)
FNDA:0,(anonymous_1)
FNDA:0,(anonymous_2)
FNDA:0,(anonymous_3)
FNDA:0,(anonymous_4)
FNDA:0,(anonymous_5)
FNDA:0,(anonymous_6)
FNDA:0,(anonymous_7)
FNDA:0,(anonymous_8)
FNDA:0,(anonymous_9)
FNDA:0,(anonymous_10)
FNDA:0,(anonymous_11)
DA:21,0
DA:22,0
DA:23,0
DA:25,0
DA:31,0
DA:32,0
DA:35,0
DA:36,0
DA:37,0
DA:38,0
DA:39,0
DA:41,0
DA:45,0
DA:47,0
DA:49,0
DA:56,0
DA:61,0
DA:63,0
DA:64,0
DA:65,0
DA:68,0
DA:71,0
DA:72,0
DA:73,0
DA:79,0
DA:85,0
DA:86,0
DA:89,0
DA:90,0
DA:91,0
DA:92,0
DA:93,0
DA:95,0
DA:99,0
DA:101,0
DA:103,0
DA:110,0
DA:115,0
DA:117,0
DA:118,0
DA:119,0
DA:122,0
DA:123,0
DA:124,0
DA:125,0
DA:126,0
DA:129,0
LF:47
LH:0
BRDA:37,0,0,0
BRDA:37,0,1,0
BRDA:37,1,0,0
BRDA:37,1,1,0
BRDA:91,2,0,0
BRDA:91,2,1,0
BRDA:91,3,0,0
BRDA:91,3,1,0
BRDA:125,4,0,0
BRF:9
BRH:0
end_of_record
TN:
SF:src/agents/tests/structured_chat_output_parser_with_retries.int.test.ts
FN:6,(anonymous_0)
FNF:1
FNH:0
FNDA:0,(anonymous_0)
DA:6,0
DA:7,0
DA:32,0
DA:38,0
DA:39,0
DA:40,0
DA:41,0
DA:42,0
DA:44,0
DA:46,0
DA:47,0
DA:49,0
DA:50,0
LF:13
LH:0
BRDA:41,0,0,0
BRDA:41,0,1,0
BRDA:46,1,0,0
BRDA:49,2,0,0
BRF:4
BRH:0
end_of_record
TN:
SF:src/agents/tests/structured_output_runnables.int.test.ts
FN:20,(anonymous_0)
FN:47,(anonymous_1)
FN:53,(anonymous_2)
FN:101,(anonymous_3)
FN:102,(anonymous_4)
FNF:5
FNH:0
FNDA:0,(anonymous_0)
FNDA:0,(anonymous_1)
FNDA:0,(anonymous_2)
FNDA:0,(anonymous_3)
FNDA:0,(anonymous_4)
DA:20,0
DA:23,0
DA:24,0
DA:26,0
DA:27,0
DA:30,0
DA:31,0
DA:32,0
DA:34,0
DA:36,0
DA:37,0
DA:40,0
DA:47,0
DA:49,0
DA:50,0
DA:51,0
DA:53,0
DA:60,0
DA:64,0
DA:66,0
DA:68,0
DA:74,0
DA:83,0
DA:89,0
DA:95,0
DA:99,0
DA:101,0
DA:103,0
DA:110,0
DA:115,0
DA:118,0
LF:31
LH:0
BRDA:23,0,0,0
BRDA:26,1,0,0
BRDA:36,2,0,0
BRF:3
BRH:0
end_of_record
TN:
SF:src/agents/tests/zapier_toolkit.int.test.ts
FN:5,(anonymous_0)
FN:9,(anonymous_1)
FN:14,(anonymous_2)
FN:20,(anonymous_3)
FN:24,(anonymous_4)
FN:25,(anonymous_5)
FN:27,(anonymous_6)
FNF:7
FNH:0
FNDA:0,(anonymous_0)
FNDA:0,(anonymous_1)
FNDA:0,(anonymous_2)
FNDA:0,(anonymous_3)
FNDA:0,(anonymous_4)
FNDA:0,(anonymous_5)
FNDA:0,(anonymous_6)
DA:5,0
DA:6,0
DA:9,0
DA:10,0
DA:11,0
DA:14,0
DA:15,0
DA:17,0
DA:20,0
DA:21,0
DA:24,0
DA:25,0
DA:26,0
DA:27,0
DA:29,0
DA:31,0
LF:16
LH:0
BRF:0
BRH:0
end_of_record
TN:
SF:src/agents/toolkits/aws_sfn.ts
FN:29,createAWSSfnAgent
FN:50,(anonymous_1)
FNF:2
FNH:0
FNDA:0,createAWSSfnAgent
FNDA:0,(anonymous_1)
DA:13,0
DA:21,0
DA:38,0
DA:39,0
DA:40,0
DA:42,0
DA:47,0
DA:48,0
DA:50,0
DA:52,0
LF:10
LH:0
BRDA:35,0,0,0
BRDA:36,1,0,0
BRDA:37,2,0,0
BRDA:38,3,0,0
BRDA:38,3,1,0
BRF:5
BRH:0
end_of_record
TN:
SF:src/agents/toolkits/connery/index.ts
FNF:0
FNH:0
DA:3,0
LF:1
LH:0
BRF:0
BRH:0
end_of_record
TN:
SF:src/agents/toolkits/conversational_retrieval/openai_functions.ts
FN:25,createConversationalRetrievalAgent
FNF:1
FNH:0
FNDA:0,createConversationalRetrievalAgent
DA:36,0
DA:38,0
DA:39,0
DA:45,0
DA:53,0
DA:64,0
LF:6
LH:0
BRDA:31,0,0,0
BRDA:32,1,0,0
BRDA:33,2,0,0
BRDA:36,3,0,0
BRDA:36,3,1,0
BRDA:38,4,0,0
BRDA:38,4,1,0
BRDA:60,5,0,0
BRDA:60,5,1,0
BRF:9
BRH:0
end_of_record
TN:
SF:src/agents/toolkits/conversational_retrieval/token_buffer_memory.ts
FN:51,(anonymous_0)
FN:64,(anonymous_1)
FN:72,(anonymous_2)
FN:81,(anonymous_3)
FN:103,(anonymous_4)
FNF:5
FNH:0
FNDA:0,(anonymous_0)
FNDA:0,(anonymous_1)
FNDA:0,(anonymous_2)
FNDA:0,(anonymous_3)
FNDA:0,(anonymous_4)
DA:35,0
DA:37,0
DA:41,0
DA:43,0
DA:45,0
DA:47,0
DA:49,0
DA:52,0
DA:53,0
DA:54,0
DA:55,0
DA:56,0
DA:57,0
DA:58,0
DA:59,0
DA:60,0
DA:65,0
DA:73,0
DA:82,0
DA:83,0
DA:84,0
DA:86,0
DA:91,0
DA:107,0
DA:108,0
DA:109,0
DA:110,0
DA:113,0
DA:114,0
DA:116,0
DA:117,0
DA:118,0
DA:119,0
DA:120,0
DA:121,0
DA:122,0
DA:123,0
DA:124,0
DA:127,0
DA:129,0
DA:130,0
DA:132,0
DA:133,0
DA:134,0
LF:44
LH:0
BRDA:53,0,0,0
BRDA:53,0,1,0
BRDA:54,1,0,0
BRDA:54,1,1,0
BRDA:56,2,0,0
BRDA:56,2,1,0
BRDA:57,3,0,0
BRDA:57,3,1,0
BRDA:58,4,0,0
BRDA:58,4,1,0
BRDA:59,5,0,0
BRDA:59,5,1,0
BRDA:61,6,0,0
BRDA:61,6,1,0
BRDA:83,7,0,0
BRDA:83,7,1,0
BRDA:119,8,0,0
BRDA:123,9,0,0
BRF:18
BRH:0
end_of_record
TN:
SF:src/agents/toolkits/conversational_retrieval/tool.ts
FN:11,createRetrieverTool
FN:15,(anonymous_1)
FNF:2
FNH:0
FNDA:0,createRetrieverTool
FNDA:0,(anonymous_1)
DA:15,0
DA:19,0
DA:23,0
DA:25,0
DA:30,0
LF:5
LH:0
BRF:0
BRH:0
end_of_record
TN:
SF:src/agents/toolkits/json/json.ts
FN:29,(anonymous_0)
FN:51,createJsonAgent
FN:70,(anonymous_2)
FNF:3
FNH:0
FNDA:0,(anonymous_0)
FNDA:0,createJsonAgent
FNDA:0,(anonymous_2)
DA:29,0
DA:30,0
DA:31,0
DA:60,0
DA:61,0
DA:62,0
DA:67,0
DA:68,0
DA:70,0
DA:72,0
LF:10
LH:0
BRDA:57,0,0,0
BRDA:58,1,0,0
BRDA:59,2,0,0
BRDA:60,3,0,0
BRDA:60,3,1,0
BRF:5
BRH:0
end_of_record
TN:
SF:src/agents/toolkits/json/prompt.ts
FNF:0
FNH:0
DA:1,3
DA:21,3
LF:2
LH:2
BRF:0
BRH:0
end_of_record
TN:
SF:src/agents/toolkits/openapi/openapi.ts
FN:28,(anonymous_0)
FN:59,(anonymous_1)
FN:70,(anonymous_2)
FN:101,createOpenApiAgent
FN:122,(anonymous_4)
FNF:5
FNH:0
FNDA:0,(anonymous_0)
FNDA:0,(anonymous_1)
FNDA:0,(anonymous_2)
FNDA:0,createOpenApiAgent
FNDA:0,(anonymous_4)
DA:29,0
DA:30,0
DA:64,0
DA:65,0
DA:66,0
DA:71,0
DA:72,0
DA:110,0
DA:112,0
DA:113,0
DA:118,0
DA:122,0
DA:123,0
DA:124,0
LF:14
LH:0
BRDA:107,0,0,0
BRDA:108,1,0,0
BRDA:109,2,0,0
BRDA:110,3,0,0
BRDA:110,3,1,0
BRF:5
BRH:0
end_of_record
TN:
SF:src/agents/toolkits/openapi/prompt.ts
FNF:0
FNH:0
DA:1,3
DA:20,3
DA:25,3
LF:3
LH:3
BRF:0
BRH:0
end_of_record
TN:
SF:src/agents/toolkits/sql/prompt.ts
FNF:0
FNH:0
DA:1,0
DA:14,0
LF:2
LH:0
BRF:0
BRH:0
end_of_record
TN:
SF:src/agents/toolkits/sql/sql.ts
FN:45,(anonymous_0)
FN:57,createSqlAgent
FN:82,(anonymous_2)
FNF:3
FNH:0
FNDA:0,(anonymous_0)
FNDA:0,createSqlAgent
FNDA:0,(anonymous_2)
DA:43,0
DA:46,0
DA:47,0
DA:48,0
DA:67,0
DA:68,0
DA:69,0
DA:74,0
DA:79,0
DA:80,0
DA:82,0
DA:84,0
LF:12
LH:0
BRDA:63,0,0,0
BRDA:64,1,0,0
BRDA:65,2,0,0
BRDA:66,3,0,0
BRDA:67,4,0,0
BRDA:67,4,1,0
BRF:6
BRH:0
end_of_record
TN:
SF:src/agents/toolkits/tests/conversational_retrieval.int.test.ts
FN:7,(anonymous_0)
FNF:1
FNH:0
FNDA:0,(anonymous_0)
DA:7,0
DA:8,0
DA:20,0
DA:21,0
DA:27,0
DA:30,0
DA:33,0
DA:34,0
DA:37,0
DA:38,0
DA:41,0
DA:42,0
DA:45,0
LF:13
LH:0
BRF:0
BRH:0
end_of_record
TN:
SF:src/agents/toolkits/vectorstore/prompt.ts
FNF:0
FNH:0
DA:1,3
DA:6,3
LF:2
LH:2
BRF:0
BRH:0
end_of_record
TN:
SF:src/agents/toolkits/vectorstore/vectorstore.ts
FN:48,(anonymous_0)
FN:79,(anonymous_1)
FN:86,(anonymous_2)
FN:100,createVectorStoreAgent
FN:119,(anonymous_4)
FN:129,createVectorStoreRouterAgent
FN:148,(anonymous_6)
FNF:7
FNH:0
FNDA:0,(anonymous_0)
FNDA:0,(anonymous_1)
FNDA:0,(anonymous_2)
FNDA:0,createVectorStoreAgent
FNDA:0,(anonymous_4)
FNDA:0,createVectorStoreRouterAgent
FNDA:0,(anonymous_6)
DA:52,0
DA:53,0
DA:57,0
DA:58,0
DA:83,0
DA:84,0
DA:85,0
DA:86,0
DA:87,0
DA:91,0
DA:109,0
DA:110,0
DA:111,0
DA:116,0
DA:117,0
DA:119,0
DA:121,0
DA:138,0
DA:139,0
DA:140,0
DA:145,0
DA:146,0
DA:148,0
DA:150,0
LF:24
LH:0
BRDA:106,0,0,0
BRDA:107,1,0,0
BRDA:108,2,0,0
BRDA:109,3,0,0
BRDA:109,3,1,0
BRDA:135,4,0,0
BRDA:136,5,0,0
BRDA:137,6,0,0
BRDA:138,7,0,0
BRDA:138,7,1,0
BRF:10
BRH:0
end_of_record
TN:
SF:src/agents/toolkits/zapier/zapier.ts
FN:30,(anonymous_0)
FNF:1
FNH:0
FNDA:0,(anonymous_0)
DA:20,0
DA:33,0
DA:34,0
DA:35,0
DA:36,0
DA:42,0
DA:44,0
LF:7
LH:0
BRF:0
BRH:0
end_of_record
TN:
SF:src/agents/xml/index.ts
FN:40,(anonymous_0)
FN:52,(anonymous_1)
FN:56,(anonymous_2)
FN:62,(anonymous_3)
FN:66,(anonymous_4)
FN:81,(anonymous_5)
FN:111,(anonymous_6)
FN:194,createXmlAgent
FN:200,(anonymous_8)
FN:218,(anonymous_9)
FNF:10
FNH:2
FNDA:0,(anonymous_0)
FNDA:0,(anonymous_1)
FNDA:0,(anonymous_2)
FNDA:0,(anonymous_3)
FNDA:0,(anonymous_4)
FNDA:0,(anonymous_5)
FNDA:0,(anonymous_6)
FNDA:1,createXmlAgent
FNDA:2,(anonymous_8)
FNDA:0,(anonymous_9)
DA:41,0
DA:44,0
DA:50,0
DA:53,0
DA:57,0
DA:58,0
DA:59,0
DA:63,0
DA:67,0
DA:86,0
DA:87,0
DA:88,0
DA:90,0
DA:91,0
DA:92,0
DA:94,0
DA:100,0
DA:101,0
DA:116,0
DA:117,0
DA:122,0
DA:199,1
DA:200,2
DA:202,1
DA:203,0
DA:209,1
DA:213,1
DA:216,1
DA:219,0
DA:225,1
LF:30
LH:7
BRDA:202,0,0,0
BRF:1
BRH:0
end_of_record
TN:
SF:src/agents/xml/output_parser.ts
FN:29,(anonymous_0)
FN:39,(anonymous_1)
FN:53,(anonymous_2)
FNF:3
FNH:1
FNDA:2,(anonymous_0)
FNDA:0,(anonymous_1)
FNDA:0,(anonymous_2)
DA:27,1
DA:30,2
DA:40,0
DA:41,0
DA:42,0
DA:43,0
DA:44,0
DA:45,0
DA:46,0
DA:47,0
DA:49,0
DA:54,0
LF:12
LH:2
BRDA:40,0,0,0
BRDA:40,0,1,0
BRDA:45,1,0,0
BRDA:45,1,1,0
BRF:4
BRH:0
end_of_record
TN:
SF:src/agents/xml/prompt.ts
FNF:0
FNH:0
DA:1,3
LF:1
LH:1
BRF:0
BRH:0
end_of_record
TN:
SF:src/base_language/index.ts
FNF:0
FNH:0
DA:3,0
LF:1
LH:0
BRF:0
BRH:0
end_of_record
TN:
SF:src/cache/cloudflare_kv.ts
FNF:0
FNH:0
DA:3,0
LF:1
LH:0
BRF:0
BRH:0
end_of_record
TN:
SF:src/cache/file_system.ts
FN:19,(anonymous_0)
FN:29,(anonymous_1)
FN:48,(anonymous_2)
FN:66,(anonymous_3)
FNF:4
FNH:0
FNDA:0,(anonymous_0)
FNDA:0,(anonymous_1)
FNDA:0,(anonymous_2)
FNDA:0,(anonymous_3)
DA:20,0
DA:21,0
DA:30,0
DA:32,0
DA:35,0
DA:37,0
DA:49,0
DA:50,0
DA:51,0
DA:52,0
DA:54,0
DA:71,0
DA:72,0
LF:13
LH:0
BRDA:30,0,0,0
BRDA:30,0,1,0
BRF:2
BRH:0
end_of_record
TN:
SF:src/cache/index.ts
FNF:0
FNH:0
DA:3,0
LF:1
LH:0
BRF:0
BRH:0
end_of_record
TN:
SF:src/cache/ioredis.ts
FNF:0
FNH:0
DA:3,0
LF:1
LH:0
BRF:0
BRH:0
end_of_record
TN:
SF:src/cache/momento.ts
FNF:0
FNH:0
DA:3,0
LF:1
LH:0
BRF:0
BRH:0
end_of_record
TN:
SF:src/cache/redis.ts
FN:38,(anonymous_0)
FN:51,(anonymous_1)
FN:76,(anonymous_2)
FNF:3
FNH:0
FNDA:0,(anonymous_0)
FNDA:0,(anonymous_1)
FNDA:0,(anonymous_2)
DA:39,0
DA:40,0
DA:52,0
DA:53,0
DA:54,0
DA:55,0
DA:57,0
DA:58,0
DA:59,0
DA:60,0
DA:61,0
DA:62,0
DA:65,0
DA:77,0
DA:78,0
DA:79,0
LF:16
LH:0
BRDA:65,0,0,0
BRDA:65,0,1,0
BRF:2
BRH:0
end_of_record
TN:
SF:src/cache/upstash_redis.ts
FNF:0
FNH:0
DA:3,0
LF:1
LH:0
BRF:0
BRH:0
end_of_record
TN:
SF:src/cache/tests/file_system.int.test.ts
FN:13,(anonymous_0)
FN:14,(anonymous_1)
FN:18,(anonymous_2)
FN:22,(anonymous_3)
FN:31,(anonymous_4)
FNF:5
FNH:0
FNDA:0,(anonymous_0)
FNDA:0,(anonymous_1)
FNDA:0,(anonymous_2)
FNDA:0,(anonymous_3)
FNDA:0,(anonymous_4)
DA:13,0
DA:14,0
DA:15,0
DA:18,0
DA:19,0
DA:22,0
DA:23,0
DA:25,0
DA:26,0
DA:27,0
DA:28,0
DA:31,0
DA:32,0
DA:34,0
DA:35,0
DA:36,0
DA:37,0
DA:38,0
DA:39,0
LF:19
LH:0
BRF:0
BRH:0
end_of_record
TN:
SF:src/callbacks/base.ts
FNF:0
FNH:0
DA:3,0
LF:1
LH:0
BRF:0
BRH:0
end_of_record
TN:
SF:src/callbacks/manager.ts
FNF:0
FNH:0
DA:3,0
LF:1
LH:0
BRF:0
BRH:0
end_of_record
TN:
SF:src/callbacks/handlers/initialize.ts
FNF:0
FNH:0
DA:3,0
LF:1
LH:0
BRF:0
BRH:0
end_of_record
TN:
SF:src/callbacks/handlers/llmonitor.ts
FNF:0
FNH:0
DA:3,0
LF:1
LH:0
BRF:0
BRH:0
end_of_record
TN:
SF:src/callbacks/handlers/log_stream.ts
FNF:0
FNH:0
DA:3,0
LF:1
LH:0
BRF:0
BRH:0
end_of_record
TN:
SF:src/chains/analyze_documents_chain.ts
FN:50,(anonymous_0)
FN:60,(anonymous_1)
FN:68,(anonymous_2)
FN:72,(anonymous_3)
FN:77,(anonymous_4)
FN:97,(anonymous_5)
FN:101,(anonymous_6)
FN:126,(anonymous_7)
FNF:8
FNH:4
FNDA:0,(anonymous_0)
FNDA:1,(anonymous_1)
FNDA:1,(anonymous_2)
FNDA:2,(anonymous_3)
FNDA:0,(anonymous_4)
FNDA:1,(anonymous_5)
FNDA:0,(anonymous_6)
FNDA:0,(anonymous_7)
DA:51,0
DA:54,1
DA:61,1
DA:62,1
DA:63,1
DA:64,1
DA:69,1
DA:73,2
DA:81,0
DA:82,0
DA:84,0
DA:86,0
DA:87,0
DA:89,0
DA:90,0
DA:94,0
DA:98,1
DA:105,0
DA:106,0
DA:110,0
DA:112,0
DA:113,0
DA:118,0
DA:127,0
LF:24
LH:8
BRDA:63,0,0,1
BRDA:63,0,1,1
BRDA:65,1,0,1
BRDA:65,1,1,1
BRDA:81,2,0,0
BRDA:105,3,0,0
BRDA:112,4,0,0
BRF:7
BRH:4
end_of_record
TN:
SF:src/chains/base.ts
FN:41,(anonymous_0)
FN:45,(anonymous_1)
FN:69,(anonymous_2)
FN:86,(anonymous_3)
FN:111,(anonymous_4)
FN:112,(anonymous_5)
FN:137,(anonymous_6)
FN:138,(anonymous_7)
FN:148,(anonymous_8)
FN:179,(anonymous_9)
FN:188,(anonymous_10)
FN:194,(anonymous_11)
FN:215,(anonymous_12)
FN:241,(anonymous_13)
FN:256,(anonymous_14)
FN:261,(anonymous_15)
FN:268,(anonymous_16)
FNF:17
FNH:10
FNDA:68,(anonymous_0)
FNDA:102,(anonymous_1)
FNDA:2,(anonymous_2)
FNDA:53,(anonymous_3)
FNDA:0,(anonymous_4)
FNDA:0,(anonymous_5)
FNDA:0,(anonymous_6)
FNDA:0,(anonymous_7)
FNDA:0,(anonymous_8)
FNDA:0,(anonymous_9)
FNDA:4,(anonymous_10)
FNDA:3,(anonymous_11)
FNDA:53,(anonymous_12)
FNDA:53,(anonymous_13)
FNDA:1,(anonymous_14)
FNDA:2,(anonymous_15)
FNDA:0,(anonymous_16)
DA:42,68
DA:52,102
DA:58,102
DA:59,102
DA:60,102
DA:63,0
DA:64,0
DA:70,2
DA:71,2
DA:72,0
DA:74,2
DA:75,0
DA:77,2
DA:87,53
DA:88,53
DA:97,53
DA:107,53
DA:108,53
DA:112,0
DA:113,0
DA:119,0
DA:120,0
DA:122,53
DA:123,1
DA:128,53
DA:130,53
DA:134,53
DA:138,0
DA:139,0
DA:140,0
DA:153,0
DA:154,0
DA:155,0
DA:157,0
DA:158,0
DA:160,0
DA:180,0
DA:193,4
DA:194,3
DA:196,4
DA:197,4
DA:198,0
DA:203,4
DA:204,4
DA:205,4
DA:207,4
DA:208,4
DA:210,0
DA:218,53
DA:219,53
DA:220,0
DA:221,0
DA:223,53
DA:224,1
DA:227,1
DA:228,1
DA:231,53
DA:247,53
DA:248,53
DA:260,1
DA:261,2
DA:272,0
DA:274,0
DA:275,0
DA:278,0
DA:279,0
DA:282,0
DA:283,0
DA:286,0
DA:287,0
DA:290,0
DA:293,0
DA:296,0
DA:299,0
DA:302,0
DA:303,0
DA:306,0
DA:307,0
DA:310,0
LF:79
LH:39
BRDA:52,0,0,102
BRDA:52,0,1,0
BRDA:53,1,0,102
BRDA:53,1,1,102
BRDA:53,1,2,102
BRDA:59,2,0,102
BRDA:59,2,1,102
BRDA:71,3,0,0
BRDA:74,4,0,0
BRDA:108,5,0,0
BRDA:108,5,1,53
BRDA:122,6,0,1
BRDA:131,7,0,53
BRDA:131,7,1,0
BRDA:139,8,0,0
BRDA:151,9,0,0
BRDA:154,10,0,0
BRDA:157,11,0,0
BRDA:194,12,0,3
BRDA:194,12,1,0
BRDA:197,13,0,0
BRDA:203,14,0,3
BRDA:203,14,1,1
BRDA:207,15,0,4
BRDA:219,16,0,0
BRDA:219,17,0,53
BRDA:219,17,1,0
BRDA:223,18,0,1
BRDA:270,19,0,0
BRDA:272,20,0,0
BRDA:272,20,1,0
BRDA:272,20,2,0
BRDA:272,20,3,0
BRDA:272,20,4,0
BRDA:272,20,5,0
BRDA:272,20,6,0
BRDA:272,20,7,0
BRDA:272,20,8,0
BRF:38
BRH:15
end_of_record
TN:
SF:src/chains/chat_vector_db_chain.ts
FN:52,(anonymous_0)
FN:58,(anonymous_1)
FN:70,(anonymous_2)
FN:83,(anonymous_3)
FN:138,(anonymous_4)
FN:142,(anonymous_5)
FN:165,(anonymous_6)
FN:182,(anonymous_7)
FNF:8
FNH:0
FNDA:0,(anonymous_0)
FNDA:0,(anonymous_1)
FNDA:0,(anonymous_2)
FNDA:0,(anonymous_3)
FNDA:0,(anonymous_4)
FNDA:0,(anonymous_5)
FNDA:0,(anonymous_6)
FNDA:0,(anonymous_7)
DA:14,3
DA:21,3
DA:46,0
DA:48,0
DA:50,0
DA:53,0
DA:56,0
DA:59,0
DA:68,0
DA:71,0
DA:72,0
DA:73,0
DA:74,0
DA:75,0
DA:76,0
DA:77,0
DA:78,0
DA:87,0
DA:88,0
DA:90,0
DA:91,0
DA:93,0
DA:94,0
DA:95,0
DA:96,0
DA:97,0
DA:104,0
DA:105,0
DA:106,0
DA:107,0
DA:109,0
DA:114,0
DA:120,0
DA:125,0
DA:129,0
DA:130,0
DA:135,0
DA:139,0
DA:146,0
DA:147,0
DA:151,0
DA:153,0
DA:166,0
DA:195,0
DA:196,0
DA:199,0
DA:201,0
DA:202,0
DA:207,0
DA:213,0
LF:50
LH:2
BRDA:75,0,0,0
BRDA:75,0,1,0
BRDA:76,1,0,0
BRDA:76,1,1,0
BRDA:77,2,0,0
BRDA:77,2,1,0
BRDA:79,3,0,0
BRDA:79,3,1,0
BRDA:87,4,0,0
BRDA:90,5,0,0
BRDA:96,6,0,0
BRDA:106,7,0,0
BRDA:106,7,1,0
BRDA:129,8,0,0
BRDA:146,9,0,0
BRDA:185,10,0,0
BRDA:197,11,0,0
BRDA:197,11,1,0
BRDA:199,12,0,0
BRDA:199,12,1,0
BRF:20
BRH:0
end_of_record
TN:
SF:src/chains/combine_docs_chain.ts
FN:33,(anonymous_0)
FN:43,(anonymous_1)
FN:45,(anonymous_2)
FN:49,(anonymous_3)
FN:53,(anonymous_4)
FN:62,(anonymous_5)
FN:67,(anonymous_6)
FN:76,(anonymous_7)
FN:87,(anonymous_8)
FN:91,(anonymous_9)
FN:101,(anonymous_10)
FN:135,(anonymous_11)
FN:147,(anonymous_12)
FN:151,(anonymous_13)
FN:163,(anonymous_14)
FN:177,(anonymous_15)
FN:191,(anonymous_16)
FN:223,(anonymous_17)
FN:233,(anonymous_18)
FN:237,(anonymous_19)
FN:261,(anonymous_20)
FN:265,(anonymous_21)
FN:282,(anonymous_22)
FN:311,(anonymous_23)
FN:327,(anonymous_24)
FN:336,(anonymous_25)
FN:344,(anonymous_26)
FN:349,(anonymous_27)
FN:353,(anonymous_28)
FN:367,(anonymous_29)
FN:373,(anonymous_30)
FN:387,(anonymous_31)
FN:393,(anonymous_32)
FN:406,(anonymous_33)
FN:444,(anonymous_34)
FN:448,(anonymous_35)
FN:467,(anonymous_36)
FNF:37
FNH:25
FNDA:10,(anonymous_0)
FNDA:0,(anonymous_1)
FNDA:0,(anonymous_2)
FNDA:0,(anonymous_3)
FNDA:9,(anonymous_4)
FNDA:8,(anonymous_5)
FNDA:12,(anonymous_6)
FNDA:5,(anonymous_7)
FNDA:5,(anonymous_8)
FNDA:0,(anonymous_9)
FNDA:0,(anonymous_10)
FNDA:4,(anonymous_11)
FNDA:0,(anonymous_12)
FNDA:0,(anonymous_13)
FNDA:2,(anonymous_14)
FNDA:2,(anonymous_15)
FNDA:6,(anonymous_16)
FNDA:2,(anonymous_17)
FNDA:2,(anonymous_18)
FNDA:2,(anonymous_19)
FNDA:2,(anonymous_20)
FNDA:0,(anonymous_21)
FNDA:0,(anonymous_22)
FNDA:2,(anonymous_23)
FNDA:1,(anonymous_24)
FNDA:2,(anonymous_25)
FNDA:6,(anonymous_26)
FNDA:0,(anonymous_27)
FNDA:1,(anonymous_28)
FNDA:1,(anonymous_29)
FNDA:1,(anonymous_30)
FNDA:1,(anonymous_31)
FNDA:1,(anonymous_32)
FNDA:1,(anonymous_33)
FNDA:1,(anonymous_34)
FNDA:0,(anonymous_35)
FNDA:0,(anonymous_36)
DA:34,10
DA:39,9
DA:41,9
DA:44,0
DA:45,0
DA:50,0
DA:54,9
DA:55,9
DA:56,9
DA:58,9
DA:63,8
DA:64,0
DA:66,8
DA:67,12
DA:68,8
DA:69,8
DA:80,5
DA:84,5
DA:88,5
DA:92,0
DA:93,0
DA:96,0
DA:102,0
DA:136,4
DA:141,2
DA:143,2
DA:145,2
DA:148,0
DA:152,0
DA:155,2
DA:157,2
DA:159,2
DA:164,2
DA:165,2
DA:166,2
DA:167,2
DA:169,2
DA:170,2
DA:171,2
DA:172,2
DA:173,2
DA:181,2
DA:182,0
DA:184,2
DA:186,2
DA:187,2
DA:190,2
DA:191,6
DA:196,3
DA:197,3
DA:200,3
DA:206,3
DA:210,3
DA:213,3
DA:214,2
DA:218,1
DA:224,2
DA:228,1
DA:231,1
DA:232,1
DA:233,2
DA:237,2
DA:245,2
DA:249,2
DA:255,2
DA:256,1
DA:258,1
DA:262,2
DA:266,0
DA:267,0
DA:270,0
DA:271,0
DA:274,0
DA:283,0
DA:312,2
DA:317,1
DA:319,1
DA:321,1
DA:323,1
DA:328,1
DA:334,1
DA:337,2
DA:345,6
DA:350,0
DA:354,1
DA:355,1
DA:356,1
DA:357,1
DA:359,1
DA:360,1
DA:361,1
DA:362,1
DA:368,1
DA:372,1
DA:373,1
DA:374,1
DA:377,1
DA:382,1
DA:383,1
DA:388,1
DA:392,1
DA:393,1
DA:394,1
DA:396,1
DA:401,1
DA:402,1
DA:410,1
DA:411,0
DA:413,1
DA:415,1
DA:417,1
DA:421,1
DA:426,1
DA:428,1
DA:429,1
DA:433,1
DA:434,1
DA:438,1
DA:441,1
DA:445,1
DA:449,0
DA:451,0
DA:452,0
DA:455,0
DA:457,0
DA:458,0
DA:461,0
DA:468,0
LF:128
LH:101
BRDA:57,0,0,9
BRDA:57,0,1,7
BRDA:58,1,0,9
BRDA:58,1,1,9
BRDA:63,2,0,0
BRDA:92,3,0,0
BRDA:168,4,0,2
BRDA:168,4,1,2
BRDA:169,5,0,2
BRDA:169,5,1,2
BRDA:170,6,0,2
BRDA:170,6,1,2
BRDA:171,7,0,2
BRDA:171,7,1,2
BRDA:172,8,0,2
BRDA:172,8,1,2
BRDA:173,9,0,2
BRDA:173,9,1,1
BRDA:181,10,0,0
BRDA:196,11,0,3
BRDA:196,11,1,2
BRDA:197,12,0,3
BRDA:213,13,0,2
BRDA:222,14,0,1
BRDA:222,14,1,0
BRDA:231,15,0,1
BRDA:255,16,0,1
BRDA:266,17,0,0
BRDA:270,18,0,0
BRDA:345,19,0,6
BRDA:345,19,1,4
BRDA:358,20,0,1
BRDA:358,20,1,0
BRDA:359,21,0,1
BRDA:359,21,1,1
BRDA:360,22,0,1
BRDA:360,22,1,1
BRDA:361,23,0,1
BRDA:361,23,1,1
BRDA:363,24,0,1
BRDA:363,24,1,1
BRDA:410,25,0,0
BRDA:451,26,0,0
BRDA:457,27,0,0
BRF:44
BRH:34
end_of_record
TN:
SF:src/chains/conversation.ts
FN:31,(anonymous_0)
FN:35,(anonymous_1)
FNF:2
FNH:1
FNDA:0,(anonymous_0)
FNDA:3,(anonymous_1)
DA:6,5
DA:32,0
DA:41,3
LF:3
LH:2
BRDA:43,0,0,3
BRDA:43,0,1,1
BRDA:48,1,0,3
BRDA:48,1,1,0
BRDA:49,2,0,3
BRDA:49,2,1,3
BRF:6
BRH:5
end_of_record
TN:
SF:src/chains/conversational_retrieval_chain.ts
FN:73,(anonymous_0)
FN:81,(anonymous_1)
FN:85,(anonymous_2)
FN:101,(anonymous_3)
FN:119,(anonymous_4)
FN:132,(anonymous_5)
FN:143,(anonymous_6)
FN:158,(anonymous_7)
FN:219,(anonymous_8)
FN:223,(anonymous_9)
FN:230,(anonymous_10)
FN:244,(anonymous_11)
FNF:12
FNH:2
FNDA:0,(anonymous_0)
FNDA:0,(anonymous_1)
FNDA:2,(anonymous_2)
FNDA:1,(anonymous_3)
FNDA:0,(anonymous_4)
FNDA:0,(anonymous_5)
FNDA:0,(anonymous_6)
FNDA:0,(anonymous_7)
FNDA:0,(anonymous_8)
FNDA:0,(anonymous_9)
FNDA:0,(anonymous_10)
FNDA:0,(anonymous_11)
DA:15,4
DA:74,0
DA:77,1
DA:79,1
DA:82,0
DA:86,2
DA:97,1
DA:99,1
DA:102,1
DA:103,1
DA:104,1
DA:105,1
DA:106,1
DA:107,1
DA:109,1
DA:123,0
DA:125,0
DA:129,0
DA:132,0
DA:133,0
DA:134,0
DA:136,0
DA:140,0
DA:142,0
DA:144,0
DA:145,0
DA:146,0
DA:147,0
DA:149,0
DA:154,0
DA:162,0
DA:163,0
DA:165,0
DA:166,0
DA:168,0
DA:170,0
DA:173,0
DA:174,0
DA:175,0
DA:182,0
DA:183,0
DA:184,0
DA:186,0
DA:191,0
DA:195,0
DA:200,0
DA:204,0
DA:205,0
DA:210,0
DA:211,0
DA:216,0
DA:220,0
DA:227,0
DA:231,0
DA:276,0
DA:278,0
DA:280,0
DA:285,0
DA:290,0
DA:297,0
LF:60
LH:13
BRDA:87,0,0,2
BRDA:87,0,1,0
BRDA:106,1,0,1
BRDA:106,1,1,1
BRDA:108,2,0,1
BRDA:108,2,1,0
BRDA:110,3,0,1
BRDA:110,3,1,1
BRDA:123,4,0,0
BRDA:125,5,0,0
BRDA:125,5,1,0
BRDA:126,6,0,0
BRDA:126,6,1,0
BRDA:133,7,0,0
BRDA:133,7,1,0
BRDA:144,8,0,0
BRDA:144,8,1,0
BRDA:146,9,0,0
BRDA:146,9,1,0
BRDA:162,10,0,0
BRDA:165,11,0,0
BRDA:174,12,0,0
BRDA:183,13,0,0
BRDA:183,13,1,0
BRDA:204,14,0,0
BRDA:210,15,0,0
BRDA:247,16,0,0
BRDA:267,17,0,0
BRDA:269,18,0,0
BRDA:269,18,1,0
BRDA:281,19,0,0
BRDA:281,19,1,0
BRDA:281,19,2,0
BRDA:287,20,0,0
BRDA:287,20,1,0
BRF:35
BRH:6
end_of_record
TN:
SF:src/chains/history_aware_retriever.ts
FN:59,createHistoryAwareRetriever
FN:78,(anonymous_1)
FN:79,(anonymous_2)
FNF:3
FNH:3
FNDA:1,createHistoryAwareRetriever
FNDA:2,(anonymous_1)
FNDA:1,(anonymous_2)
DA:69,1
DA:70,0
DA:76,1
DA:78,2
DA:79,1
DA:90,1
LF:6
LH:5
BRDA:69,0,0,0
BRDA:78,1,0,2
BRDA:78,1,1,2
BRF:3
BRH:2
end_of_record
TN:
SF:src/chains/llm_chain.ts
FN:52,isBaseLanguageModel
FN:56,_getLanguageModel
FN:94,(anonymous_2)
FN:110,(anonymous_3)
FN:114,(anonymous_4)
FN:118,(anonymous_5)
FN:134,(anonymous_6)
FN:140,(anonymous_7)
FN:152,(anonymous_8)
FN:175,(anonymous_9)
FN:183,(anonymous_10)
FN:241,(anonymous_11)
FN:249,(anonymous_12)
FN:253,(anonymous_13)
FN:269,(anonymous_14)
FN:279,(anonymous_15)
FNF:16
FNH:14
FNDA:3,isBaseLanguageModel
FNDA:3,_getLanguageModel
FNDA:90,(anonymous_2)
FNDA:24,(anonymous_3)
FNDA:17,(anonymous_4)
FNDA:64,(anonymous_5)
FNDA:32,(anonymous_6)
FNDA:2,(anonymous_7)
FNDA:30,(anonymous_8)
FNDA:30,(anonymous_9)
FNDA:30,(anonymous_10)
FNDA:9,(anonymous_11)
FNDA:48,(anonymous_12)
FNDA:0,(anonymous_13)
FNDA:0,(anonymous_14)
FNDA:3,(anonymous_15)
DA:53,3
DA:57,3
DA:58,3
DA:59,0
DA:60,0
DA:61,0
DA:66,0
DA:67,0
DA:68,0
DA:70,0
DA:95,90
DA:98,64
DA:106,64
DA:111,24
DA:115,17
DA:119,64
DA:120,64
DA:121,64
DA:122,64
DA:123,64
DA:124,64
DA:126,64
DA:127,3
DA:128,0
DA:130,3
DA:135,32
DA:136,32
DA:141,2
DA:142,2
DA:143,2
DA:144,12
DA:145,0
DA:148,2
DA:158,30
DA:159,30
DA:165,0
DA:167,30
DA:179,30
DA:187,30
DA:188,30
DA:191,30
DA:192,30
DA:193,180
DA:194,2
DA:195,2
DA:197,2
DA:201,30
DA:202,30
DA:203,30
DA:208,30
DA:217,0
DA:220,0
DA:224,0
DA:245,9
DA:246,9
DA:250,48
DA:254,0
DA:255,0
DA:256,0
DA:258,0
DA:259,0
DA:262,0
DA:271,0
DA:272,0
DA:280,3
LF:65
LH:44
BRDA:57,0,0,3
BRDA:57,0,1,0
BRDA:59,1,0,0
BRDA:59,1,1,0
BRDA:59,2,0,0
BRDA:59,2,1,0
BRDA:61,3,0,0
BRDA:61,3,1,0
BRDA:62,4,0,0
BRDA:62,4,1,0
BRDA:62,4,2,0
BRDA:67,5,0,0
BRDA:67,5,1,0
BRDA:67,6,0,0
BRDA:67,6,1,0
BRDA:123,7,0,64
BRDA:123,7,1,55
BRDA:125,8,0,64
BRDA:125,8,1,57
BRDA:126,9,0,3
BRDA:127,10,0,0
BRDA:135,11,0,32
BRDA:135,11,1,0
BRDA:144,12,0,0
BRDA:158,13,0,30
BRDA:158,13,1,0
BRDA:193,14,0,2
BRDA:194,15,0,2
BRDA:202,16,0,30
BRDA:217,17,0,0
BRDA:217,17,1,0
BRDA:255,18,0,0
BRDA:258,19,0,0
BRDA:271,20,0,0
BRDA:271,20,1,0
BRF:35
BRH:11
end_of_record
TN:
SF:src/chains/load.ts
FN:6,(anonymous_0)
FN:35,(anonymous_1)
FNF:2
FNH:0
FNDA:0,(anonymous_0)
FNDA:0,(anonymous_1)
DA:6,0
DA:11,0
DA:12,0
DA:35,0
DA:39,0
DA:46,0
DA:47,0
DA:50,0
LF:8
LH:0
BRDA:9,0,0,0
BRDA:37,1,0,0
BRDA:46,2,0,0
BRF:3
BRH:0
end_of_record
TN:
SF:src/chains/openai_moderation.ts
FN:59,(anonymous_0)
FN:63,(anonymous_1)
FN:85,(anonymous_2)
FN:108,(anonymous_3)
FN:120,(anonymous_4)
FN:127,(anonymous_5)
FN:145,(anonymous_6)
FN:149,(anonymous_7)
FN:153,(anonymous_8)
FNF:9
FNH:0
FNDA:0,(anonymous_0)
FNDA:0,(anonymous_1)
FNDA:0,(anonymous_2)
FNDA:0,(anonymous_3)
FNDA:0,(anonymous_4)
FNDA:0,(anonymous_5)
FNDA:0,(anonymous_6)
FNDA:0,(anonymous_7)
FNDA:0,(anonymous_8)
DA:60,0
DA:64,0
DA:69,0
DA:71,0
DA:86,0
DA:87,0
DA:88,0
DA:91,0
DA:92,0
DA:95,0
DA:97,0
DA:103,0
DA:105,0
DA:109,0
DA:110,0
DA:111,0
DA:112,0
DA:114,0
DA:117,0
DA:121,0
DA:122,0
DA:126,0
DA:127,0
DA:128,0
DA:132,0
DA:133,0
DA:135,0
DA:138,0
DA:139,0
DA:146,0
DA:150,0
DA:154,0
LF:32
LH:0
BRDA:87,0,0,0
BRDA:87,0,1,0
BRDA:89,1,0,0
BRDA:89,1,1,0
BRDA:91,2,0,0
BRDA:105,3,0,0
BRDA:105,3,1,0
BRDA:109,4,0,0
BRDA:111,5,0,0
BRDA:111,5,1,0
BRDA:132,6,0,0
BRDA:132,6,1,0
BRF:12
BRH:0
end_of_record
TN:
SF:src/chains/retrieval.ts
FN:40,isBaseRetriever
FN:73,createRetrievalChain
FN:87,(anonymous_2)
FN:102,(anonymous_3)
FNF:4
FNH:4
FNDA:1,isBaseRetriever
FNDA:1,createRetrievalChain
FNDA:2,(anonymous_2)
FNDA:2,(anonymous_3)
DA:41,1
DA:85,1
DA:86,1
DA:87,2
DA:92,0
DA:94,1
DA:102,2
DA:108,1
LF:8
LH:7
BRDA:42,0,0,1
BRDA:42,0,1,1
BRDA:85,1,0,1
BRDA:85,1,1,0
BRDA:102,2,0,2
BRDA:102,2,1,1
BRF:6
BRH:5
end_of_record
TN:
SF:src/chains/retrieval_qa.ts
FN:54,(anonymous_0)
FN:60,(anonymous_1)
FN:64,(anonymous_2)
FN:76,(anonymous_3)
FN:86,(anonymous_4)
FN:112,(anonymous_5)
FN:116,(anonymous_6)
FN:123,(anonymous_7)
FN:135,(anonymous_8)
FNF:9
FNH:5
FNDA:4,(anonymous_0)
FNDA:0,(anonymous_1)
FNDA:0,(anonymous_2)
FNDA:6,(anonymous_3)
FNDA:2,(anonymous_4)
FNDA:2,(anonymous_5)
FNDA:0,(anonymous_6)
FNDA:0,(anonymous_7)
FNDA:6,(anonymous_8)
DA:55,4
DA:58,6
DA:61,0
DA:65,0
DA:74,6
DA:77,6
DA:78,6
DA:79,6
DA:80,6
DA:81,6
DA:90,2
DA:91,0
DA:93,2
DA:94,2
DA:98,2
DA:99,2
DA:103,2
DA:104,1
DA:109,1
DA:113,2
DA:120,0
DA:124,0
DA:146,6
DA:149,6
LF:24
LH:19
BRDA:66,0,0,0
BRDA:66,0,1,0
BRDA:80,1,0,6
BRDA:80,1,1,6
BRDA:82,2,0,6
BRDA:82,2,1,3
BRDA:90,3,0,0
BRDA:103,4,0,1
BRF:8
BRH:5
end_of_record
TN:
SF:src/chains/sequential_chain.ts
FN:11,formatSet
FN:13,(anonymous_1)
FN:86,(anonymous_2)
FN:98,(anonymous_3)
FN:102,(anonymous_4)
FN:106,(anonymous_5)
FN:121,(anonymous_6)
FN:191,(anonymous_7)
FN:216,(anonymous_8)
FN:220,(anonymous_9)
FN:232,(anonymous_10)
FN:298,(anonymous_11)
FN:310,(anonymous_12)
FN:314,(anonymous_13)
FN:318,(anonymous_14)
FN:326,(anonymous_15)
FN:330,(anonymous_16)
FN:350,(anonymous_17)
FN:372,(anonymous_18)
FN:376,(anonymous_19)
FN:386,(anonymous_20)
FNF:21
FNH:15
FNDA:5,formatSet
FNDA:7,(anonymous_1)
FNDA:6,(anonymous_2)
FNDA:6,(anonymous_3)
FNDA:0,(anonymous_4)
FNDA:6,(anonymous_5)
FNDA:6,(anonymous_6)
FNDA:3,(anonymous_7)
FNDA:3,(anonymous_8)
FNDA:0,(anonymous_9)
FNDA:0,(anonymous_10)
FNDA:2,(anonymous_11)
FNDA:1,(anonymous_12)
FNDA:0,(anonymous_13)
FNDA:3,(anonymous_14)
FNDA:3,(anonymous_15)
FNDA:6,(anonymous_16)
FNDA:1,(anonymous_17)
FNDA:1,(anonymous_18)
FNDA:0,(anonymous_19)
FNDA:0,(anonymous_20)
DA:12,5
DA:13,7
DA:87,6
DA:99,6
DA:103,0
DA:107,6
DA:108,6
DA:109,6
DA:110,6
DA:111,6
DA:112,0
DA:116,6
DA:117,6
DA:122,6
DA:123,0
DA:126,6
DA:127,6
DA:128,6
DA:129,6
DA:130,6
DA:131,0
DA:138,6
DA:139,6
DA:140,12
DA:142,12
DA:143,1
DA:146,12
DA:147,2
DA:153,10
DA:154,10
DA:155,10
DA:156,0
DA:163,10
DA:164,10
DA:168,4
DA:169,0
DA:170,0
DA:171,0
DA:173,0
DA:176,4
DA:180,4
DA:181,1
DA:195,3
DA:196,3
DA:197,3
DA:198,3
DA:199,7
DA:200,7
DA:204,7
DA:205,7
DA:208,3
DA:209,3
DA:210,3
DA:213,3
DA:217,3
DA:221,0
DA:222,0
DA:223,0
DA:224,0
DA:225,0
DA:226,0
DA:227,0
DA:229,0
DA:233,0
DA:234,0
DA:235,0
DA:237,0
DA:299,2
DA:304,3
DA:306,3
DA:311,1
DA:315,0
DA:319,3
DA:320,3
DA:321,3
DA:322,3
DA:327,3
DA:328,5
DA:330,6
DA:333,1
DA:339,4
DA:340,1
DA:354,1
DA:355,1
DA:356,1
DA:357,2
DA:358,2
DA:364,2
DA:365,0
DA:367,2
DA:369,1
DA:373,1
DA:377,0
DA:378,0
DA:379,0
DA:380,0
DA:381,0
DA:383,0
DA:387,0
DA:388,0
DA:389,0
DA:391,0
LF:102
LH:69
BRDA:110,0,0,6
BRDA:110,0,1,0
BRDA:111,1,0,0
BRDA:111,2,0,6
BRDA:111,2,1,6
BRDA:116,3,0,6
BRDA:116,3,1,6
BRDA:122,4,0,0
BRDA:126,5,0,6
BRDA:126,5,1,6
BRDA:130,6,0,0
BRDA:142,7,0,1
BRDA:146,8,0,2
BRDA:155,9,0,0
BRDA:168,10,0,0
BRDA:168,10,1,4
BRDA:169,11,0,0
BRDA:169,11,1,0
BRDA:180,12,0,1
BRDA:321,13,0,3
BRDA:321,13,1,3
BRDA:328,14,0,1
BRDA:330,15,0,6
BRDA:330,15,1,0
BRDA:339,16,0,1
BRDA:364,17,0,0
BRF:26
BRH:16
end_of_record
TN:
SF:src/chains/transform.ts
FN:40,(anonymous_0)
FN:50,(anonymous_1)
FN:54,(anonymous_2)
FN:58,(anonymous_3)
FN:62,(anonymous_4)
FN:69,(anonymous_5)
FNF:6
FNH:4
FNDA:2,(anonymous_0)
FNDA:1,(anonymous_1)
FNDA:0,(anonymous_2)
FNDA:0,(anonymous_3)
FNDA:1,(anonymous_4)
FNDA:1,(anonymous_5)
DA:41,2
DA:51,1
DA:55,0
DA:59,0
DA:63,1
DA:64,1
DA:65,1
DA:66,1
DA:70,1
LF:9
LH:7
BRF:0
BRH:0
end_of_record
TN:
SF:src/chains/vector_db_qa.ts
FN:41,(anonymous_0)
FN:49,(anonymous_1)
FN:53,(anonymous_2)
FN:65,(anonymous_3)
FN:76,(anonymous_4)
FN:104,(anonymous_5)
FN:108,(anonymous_6)
FN:133,(anonymous_7)
FN:150,(anonymous_8)
FNF:9
FNH:6
FNDA:2,(anonymous_0)
FNDA:1,(anonymous_1)
FNDA:0,(anonymous_2)
FNDA:1,(anonymous_3)
FNDA:1,(anonymous_4)
FNDA:1,(anonymous_5)
FNDA:0,(anonymous_6)
FNDA:0,(anonymous_7)
FNDA:1,(anonymous_8)
DA:42,2
DA:45,1
DA:47,1
DA:50,1
DA:54,0
DA:63,1
DA:66,1
DA:67,1
DA:68,1
DA:69,1
DA:70,1
DA:71,1
DA:80,1
DA:81,0
DA:83,1
DA:84,1
DA:90,1
DA:91,1
DA:95,1
DA:96,0
DA:101,1
DA:105,1
DA:112,0
DA:113,0
DA:117,0
DA:118,0
DA:119,0
DA:124,0
DA:134,0
DA:157,1
DA:158,1
LF:31
LH:21
BRDA:55,0,0,0
BRDA:55,0,1,0
BRDA:69,1,0,1
BRDA:69,1,1,1
BRDA:70,2,0,1
BRDA:70,2,1,1
BRDA:72,3,0,1
BRDA:72,3,1,1
BRDA:80,4,0,0
BRDA:95,5,0,0
BRDA:112,6,0,0
BRDA:118,7,0,0
BRF:12
BRH:6
end_of_record
TN:
SF:src/chains/api/api_chain.ts
FN:53,(anonymous_0)
FN:57,(anonymous_1)
FN:61,(anonymous_2)
FN:72,(anonymous_3)
FN:94,(anonymous_4)
FN:98,(anonymous_5)
FN:119,(anonymous_6)
FN:136,(anonymous_7)
FNF:8
FNH:0
FNDA:0,(anonymous_0)
FNDA:0,(anonymous_1)
FNDA:0,(anonymous_2)
FNDA:0,(anonymous_3)
FNDA:0,(anonymous_4)
FNDA:0,(anonymous_5)
FNDA:0,(anonymous_6)
FNDA:0,(anonymous_7)
DA:47,0
DA:49,0
DA:51,0
DA:54,0
DA:58,0
DA:62,0
DA:63,0
DA:64,0
DA:65,0
DA:66,0
DA:67,0
DA:68,0
DA:76,0
DA:78,0
DA:83,0
DA:84,0
DA:86,0
DA:91,0
DA:95,0
DA:99,0
DA:101,0
DA:102,0
DA:104,0
DA:105,0
DA:108,0
DA:109,0
DA:112,0
DA:120,0
DA:145,0
DA:146,0
DA:147,0
DA:148,0
LF:32
LH:0
BRDA:66,0,0,0
BRDA:66,0,1,0
BRDA:67,1,0,0
BRDA:67,1,1,0
BRDA:68,2,0,0
BRDA:68,2,1,0
BRDA:101,3,0,0
BRDA:104,4,0,0
BRDA:108,5,0,0
BRDA:139,6,0,0
BRDA:143,7,0,0
BRDA:144,8,0,0
BRF:12
BRH:0
end_of_record
TN:
SF:src/chains/api/prompts.ts
FNF:0
FNH:0
DA:4,3
DA:12,3
DA:17,3
DA:26,3
LF:4
LH:4
BRF:0
BRH:0
end_of_record
TN:
SF:src/chains/combine_documents/base.ts
FN:13,formatDocuments
FN:25,(anonymous_1)
FNF:2
FNH:0
FNDA:0,formatDocuments
FNDA:0,(anonymous_1)
DA:5,2
DA:7,2
DA:8,2
DA:11,2
DA:24,0
DA:26,0
DA:31,0
LF:7
LH:4
BRF:0
BRH:0
end_of_record
TN:
SF:src/chains/combine_documents/reduce.ts
FN:14,splitListOfDocs
FN:53,collapseDocs
FN:61,collapseDocsMetadata
FNF:3
FNH:0
FNDA:0,splitListOfDocs
FNDA:0,collapseDocs
FNDA:0,collapseDocsMetadata
DA:20,0
DA:21,0
DA:22,0
DA:23,0
DA:24,0
DA:25,0
DA:26,0
DA:27,0
DA:31,0
DA:32,0
DA:35,0
DA:36,0
DA:57,0
DA:58,0
DA:62,0
DA:63,0
DA:64,0
DA:65,0
DA:68,0
DA:69,0
DA:70,0
DA:71,0
DA:73,0
DA:77,0
LF:24
LH:0
BRDA:25,0,0,0
BRDA:26,1,0,0
BRDA:64,2,0,0
BRDA:70,3,0,0
BRDA:70,3,1,0
BRF:5
BRH:0
end_of_record
TN:
SF:src/chains/combine_documents/stuff.ts
FN:37,createStuffDocumentsChain
FN:58,(anonymous_1)
FNF:2
FNH:0
FNDA:0,createStuffDocumentsChain
FNDA:0,(anonymous_1)
DA:50,0
DA:51,0
DA:54,0
DA:59,0
LF:4
LH:0
BRDA:40,0,0,0
BRDA:41,1,0,0
BRDA:42,2,0,0
BRDA:50,3,0,0
BRF:4
BRH:0
end_of_record
TN:
SF:src/chains/constitutional_ai/constitutional_chain.ts
FN:52,(anonymous_0)
FN:64,(anonymous_1)
FN:68,(anonymous_2)
FN:72,(anonymous_3)
FN:80,(anonymous_4)
FN:128,(anonymous_5)
FN:130,(anonymous_6)
FN:142,(anonymous_7)
FN:173,(anonymous_8)
FN:188,(anonymous_9)
FN:192,(anonymous_10)
FN:196,(anonymous_11)
FNF:12
FNH:6
FNDA:2,(anonymous_0)
FNDA:0,(anonymous_1)
FNDA:0,(anonymous_2)
FNDA:1,(anonymous_3)
FNDA:1,(anonymous_4)
FNDA:0,(anonymous_5)
FNDA:0,(anonymous_6)
FNDA:1,(anonymous_7)
FNDA:1,(anonymous_8)
FNDA:1,(anonymous_9)
FNDA:0,(anonymous_10)
FNDA:0,(anonymous_11)
DA:53,2
DA:65,0
DA:69,0
DA:73,1
DA:74,1
DA:75,1
DA:76,1
DA:77,1
DA:84,1
DA:88,1
DA:90,1
DA:92,1
DA:101,1
DA:104,1
DA:114,1
DA:117,1
DA:129,0
DA:130,0
DA:132,0
DA:153,1
DA:159,1
DA:164,1
DA:174,1
DA:175,1
DA:176,0
DA:180,1
DA:181,1
DA:183,0
DA:185,1
DA:189,1
DA:193,0
DA:197,0
LF:32
LH:23
BRDA:129,0,0,0
BRDA:153,1,0,1
BRDA:153,1,1,1
BRDA:159,2,0,1
BRDA:159,2,1,1
BRDA:169,3,0,1
BRDA:169,3,1,0
BRDA:175,4,0,0
BRDA:181,5,0,0
BRF:9
BRH:5
end_of_record
TN:
SF:src/chains/constitutional_ai/constitutional_principle.ts
FN:35,(anonymous_0)
FN:49,(anonymous_1)
FNF:2
FNH:1
FNDA:217,(anonymous_0)
FNDA:0,(anonymous_1)
DA:44,217
DA:45,217
DA:46,217
DA:50,0
DA:61,4
LF:5
LH:4
BRDA:46,0,0,217
BRDA:46,0,1,1
BRF:2
BRH:2
end_of_record
TN:
SF:src/chains/constitutional_ai/constitutional_prompts.ts
FNF:0
FNH:0
DA:3,4
DA:14,4
DA:26,4
DA:71,4
DA:85,4
LF:5
LH:5
BRF:0
BRH:0
end_of_record
TN:
SF:src/chains/graph_qa/cypher.ts
FN:61,(anonymous_0)
FN:95,(anonymous_1)
FN:99,(anonymous_2)
FN:103,(anonymous_3)
FN:107,(anonymous_4)
FN:154,(anonymous_5)
FN:160,(anonymous_6)
FNF:7
FNH:0
FNDA:0,(anonymous_0)
FNDA:0,(anonymous_1)
FNDA:0,(anonymous_2)
FNDA:0,(anonymous_3)
FNDA:0,(anonymous_4)
FNDA:0,(anonymous_5)
FNDA:0,(anonymous_6)
DA:10,0
DA:51,0
DA:53,0
DA:55,0
DA:57,0
DA:59,0
DA:62,0
DA:72,0
DA:74,0
DA:75,0
DA:76,0
DA:78,0
DA:79,0
DA:81,0
DA:82,0
DA:84,0
DA:85,0
DA:87,0
DA:88,0
DA:90,0
DA:91,0
DA:96,0
DA:100,0
DA:104,0
DA:117,0
DA:119,0
DA:120,0
DA:125,0
DA:126,0
DA:129,0
DA:130,0
DA:135,0
DA:140,0
DA:145,0
DA:155,0
DA:156,0
DA:157,0
DA:164,0
DA:165,0
DA:167,0
DA:169,0
DA:174,0
DA:176,0
DA:177,0
DA:179,0
DA:182,0
DA:186,0
DA:187,0
DA:189,0
DA:190,0
DA:192,0
DA:194,0
DA:199,0
DA:204,0
DA:205,0
DA:208,0
LF:56
LH:0
BRDA:78,0,0,0
BRDA:81,1,0,0
BRDA:84,2,0,0
BRDA:87,3,0,0
BRDA:90,4,0,0
BRDA:110,5,0,0
BRDA:111,6,0,0
BRDA:115,7,0,0
BRDA:116,8,0,0
BRDA:119,9,0,0
BRDA:119,10,0,0
BRDA:119,10,1,0
BRDA:125,11,0,0
BRDA:125,12,0,0
BRDA:125,12,1,0
BRDA:129,13,0,0
BRDA:129,14,0,0
BRDA:129,14,1,0
BRDA:129,14,2,0
BRDA:136,15,0,0
BRDA:136,15,1,0
BRDA:141,16,0,0
BRDA:141,16,1,0
BRDA:157,17,0,0
BRDA:157,17,1,0
BRDA:186,18,0,0
BRDA:186,18,1,0
BRDA:204,19,0,0
BRF:28
BRH:0
end_of_record
TN:
SF:src/chains/graph_qa/prompts.ts
FNF:0
FNH:0
DA:3,0
DA:15,0
DA:20,0
DA:30,0
LF:4
LH:0
BRF:0
BRH:0
end_of_record
TN:
SF:src/chains/graph_qa/tests/cypher.int.test.ts
FN:8,(anonymous_0)
FN:14,(anonymous_1)
FN:17,(anonymous_2)
FN:21,(anonymous_3)
FN:50,(anonymous_4)
FN:82,(anonymous_5)
FNF:6
FNH:0
FNDA:0,(anonymous_0)
FNDA:0,(anonymous_1)
FNDA:0,(anonymous_2)
FNDA:0,(anonymous_3)
FNDA:0,(anonymous_4)
FNDA:0,(anonymous_5)
DA:8,0
DA:9,0
DA:10,0
DA:11,0
DA:14,0
DA:15,0
DA:17,0
DA:18,0
DA:21,0
DA:22,0
DA:23,0
DA:24,0
DA:26,0
DA:29,0
DA:32,0
DA:37,0
DA:39,0
DA:44,0
DA:45,0
DA:47,0
DA:50,0
DA:51,0
DA:52,0
DA:53,0
DA:55,0
DA:58,0
DA:61,0
DA:66,0
DA:68,0
DA:74,0
DA:78,0
DA:79,0
DA:82,0
DA:83,0
DA:84,0
DA:85,0
DA:87,0
DA:90,0
DA:93,0
DA:98,0
DA:100,0
DA:106,0
DA:110,0
DA:111,0
DA:113,0
DA:114,0
DA:120,0
DA:121,0
DA:122,0
LF:49
LH:0
BRF:0
BRH:0
end_of_record
TN:
SF:src/chains/openai_functions/base.ts
FN:96,createOpenAIFnRunnable
FN:125,isZodSchema
FN:212,createStructuredOutputRunnable
FNF:3
FNH:0
FNDA:0,createOpenAIFnRunnable
FNDA:0,isZodSchema
FNDA:0,createStructuredOutputRunnable
DA:110,0
DA:111,0
DA:115,0
DA:116,0
DA:121,0
DA:122,0
DA:128,0
DA:220,0
DA:221,0
DA:224,0
DA:231,0
LF:11
LH:0
BRDA:108,0,0,0
BRDA:109,1,0,0
BRDA:115,2,0,0
BRDA:115,3,0,0
BRDA:115,3,1,0
BRDA:221,4,0,0
BRDA:221,4,1,0
BRF:7
BRH:0
end_of_record
TN:
SF:src/chains/openai_functions/extraction.ts
FN:18,getExtractionFunctions
FN:54,createExtractionChain
FN:78,createExtractionChainFromZod
FNF:3
FNH:0
FNDA:0,getExtractionFunctions
FNDA:0,createExtractionChain
FNDA:0,createExtractionChainFromZod
DA:19,0
DA:41,3
DA:58,0
DA:59,0
DA:60,0
DA:61,0
DA:83,0
LF:7
LH:1
BRF:0
BRH:0
end_of_record
TN:
SF:src/chains/openai_functions/openapi.ts
FN:45,formatURL
FN:47,(anonymous_1)
FN:67,(anonymous_2)
FN:105,convertOpenAPIParamsToJSONSchema
FN:110,(anonymous_4)
FN:159,convertOpenAPISchemaToJSONSchema
FN:165,(anonymous_6)
FN:209,convertOpenAPISpecToOpenAIFunctions
FN:228,(anonymous_8)
FN:312,(anonymous_9)
FN:330,(anonymous_10)
FN:402,(anonymous_11)
FN:412,(anonymous_12)
FN:417,(anonymous_13)
FN:421,(anonymous_14)
FN:425,(anonymous_15)
FN:430,(anonymous_16)
FN:461,createOpenAPIChain
FN:494,(anonymous_18)
FNF:19
FNH:2
FNDA:0,formatURL
FNDA:0,(anonymous_1)
FNDA:0,(anonymous_2)
FNDA:0,convertOpenAPIParamsToJSONSchema
FNDA:0,(anonymous_4)
FNDA:18,convertOpenAPISchemaToJSONSchema
FNDA:7,(anonymous_6)
FNDA:0,convertOpenAPISpecToOpenAIFunctions
FNDA:0,(anonymous_8)
FNDA:0,(anonymous_9)
FNDA:0,(anonymous_10)
FNDA:0,(anonymous_11)
FNDA:0,(anonymous_12)
FNDA:0,(anonymous_13)
FNDA:0,(anonymous_14)
FNDA:0,(anonymous_15)
FNDA:0,(anonymous_16)
FNDA:0,createOpenAPIChain
FNDA:0,(anonymous_18)
DA:46,0
DA:47,0
DA:49,0
DA:50,0
DA:51,0
DA:52,0
DA:54,0
DA:55,0
DA:56,0
DA:57,0
DA:58,0
DA:59,0
DA:60,0
DA:62,0
DA:64,0
DA:65,0
DA:66,0
DA:67,0
DA:70,0
DA:71,0
DA:72,0
DA:73,0
DA:74,0
DA:75,0
DA:77,0
DA:78,0
DA:80,0
DA:82,0
DA:83,0
DA:84,0
DA:85,0
DA:87,0
DA:90,0
DA:92,0
DA:93,0
DA:94,0
DA:96,0
DA:109,0
DA:112,0
DA:113,0
DA:115,0
DA:119,0
DA:120,0
DA:121,0
DA:122,0
DA:124,0
DA:125,0
DA:127,0
DA:128,0
DA:131,0
DA:136,0
DA:138,0
DA:139,0
DA:141,0
DA:163,18
DA:164,6
DA:166,7
DA:167,0
DA:169,7
DA:170,7
DA:171,0
DA:174,7
DA:178,7
DA:179,0
DA:181,7
DA:191,12
DA:192,5
DA:199,7
DA:213,0
DA:214,0
DA:216,0
DA:217,0
DA:218,0
DA:219,0
DA:220,0
DA:221,0
DA:222,0
DA:223,0
DA:225,0
DA:232,0
DA:234,0
DA:236,0
DA:237,0
DA:241,0
DA:253,0
DA:254,0
DA:257,0
DA:258,0
DA:265,0
DA:266,0
DA:267,0
DA:268,0
DA:271,0
DA:272,0
DA:273,0
DA:279,0
DA:280,0
DA:281,0
DA:282,0
DA:283,0
DA:289,0
DA:300,0
DA:301,0
DA:304,0
DA:310,0
DA:325,0
DA:326,0
DA:327,0
DA:328,0
DA:331,0
DA:337,0
DA:339,0
DA:343,0
DA:347,0
DA:349,0
DA:351,0
DA:353,0
DA:354,0
DA:355,0
DA:356,0
DA:357,0
DA:359,0
DA:361,0
DA:363,0
DA:365,0
DA:377,0
DA:378,0
DA:382,0
DA:384,0
DA:403,0
DA:408,0
DA:410,0
DA:413,0
DA:414,0
DA:418,0
DA:422,0
DA:426,0
DA:434,0
DA:435,0
DA:436,0
DA:437,0
DA:438,0
DA:466,0
DA:467,0
DA:468,0
DA:470,0
DA:471,0
DA:473,0
DA:477,0
DA:480,0
DA:481,0
DA:482,0
DA:495,0
DA:503,0
DA:504,0
DA:512,0
LF:156
LH:11
BRDA:54,0,0,0
BRDA:54,0,1,0
BRDA:55,1,0,0
BRDA:55,1,1,0
BRDA:56,2,0,0
BRDA:56,2,1,0
BRDA:58,3,0,0
BRDA:58,3,1,0
BRDA:59,4,0,0
BRDA:59,4,1,0
BRDA:64,5,0,0
BRDA:64,5,1,0
BRDA:65,6,0,0
BRDA:65,6,1,0
BRDA:70,7,0,0
BRDA:70,7,1,0
BRDA:73,8,0,0
BRDA:73,8,1,0
BRDA:82,9,0,0
BRDA:82,9,1,0
BRDA:84,10,0,0
BRDA:84,10,1,0
BRDA:112,11,0,0
BRDA:112,11,1,0
BRDA:119,12,0,0
BRDA:119,12,1,0
BRDA:121,13,0,0
BRDA:124,14,0,0
BRDA:127,15,0,0
BRDA:128,16,0,0
BRDA:128,16,1,0
BRDA:138,17,0,0
BRDA:138,18,0,0
BRDA:138,18,1,0
BRDA:163,19,0,6
BRDA:164,20,0,6
BRDA:164,20,1,0
BRDA:166,21,0,0
BRDA:170,22,0,0
BRDA:178,23,0,0
BRDA:178,24,0,7
BRDA:178,24,1,0
BRDA:191,25,0,5
BRDA:194,26,0,5
BRDA:194,26,1,0
BRDA:200,27,0,7
BRDA:200,27,1,0
BRDA:213,28,0,0
BRDA:222,29,0,0
BRDA:232,30,0,0
BRDA:257,31,0,0
BRDA:266,32,0,0
BRDA:271,33,0,0
BRDA:280,34,0,0
BRDA:280,34,1,0
BRDA:282,35,0,0
BRDA:291,36,0,0
BRDA:291,36,1,0
BRDA:291,36,2,0
BRDA:301,37,0,0
BRDA:301,37,1,0
BRDA:301,38,0,0
BRDA:301,38,1,0
BRDA:302,39,0,0
BRDA:302,39,1,0
BRDA:303,40,0,0
BRDA:303,40,1,0
BRDA:325,41,0,0
BRDA:325,41,1,0
BRDA:327,42,0,0
BRDA:327,42,1,0
BRDA:331,43,0,0
BRDA:332,44,0,0
BRDA:332,44,1,0
BRDA:332,44,2,0
BRDA:350,45,0,0
BRDA:350,45,1,0
BRDA:353,46,0,0
BRDA:355,47,0,0
BRDA:355,47,1,0
BRDA:356,48,0,0
BRDA:377,49,0,0
BRDA:377,49,1,0
BRDA:377,50,0,0
BRDA:377,50,1,0
BRDA:463,51,0,0
BRDA:466,52,0,0
BRDA:466,52,1,0
BRDA:481,53,0,0
BRDA:487,54,0,0
BRDA:488,55,0,0
BRDA:493,56,0,0
BRDA:500,57,0,0
BRF:93
BRH:6
end_of_record
TN:
SF:src/chains/openai_functions/structured_output.ts
FN:39,isJsonSchema7Type
FN:67,(anonymous_1)
FN:99,(anonymous_2)
FN:103,(anonymous_3)
FN:148,createStructuredOutputChain
FN:188,createStructuredOutputChainFromZod
FNF:6
FNH:4
FNDA:2,isJsonSchema7Type
FNDA:2,(anonymous_1)
FNDA:2,(anonymous_2)
FNDA:24,(anonymous_3)
FNDA:0,createStructuredOutputChain
FNDA:0,createStructuredOutputChainFromZod
DA:42,2
DA:55,2
DA:57,2
DA:73,2
DA:74,1
DA:76,1
DA:78,2
DA:79,0
DA:81,2
DA:82,2
DA:83,1
DA:85,1
DA:100,2
DA:103,2
DA:104,24
DA:105,2
DA:107,22
DA:109,2
DA:110,1
DA:111,1
DA:112,1
DA:114,0
DA:121,1
DA:122,1
DA:123,1
DA:124,1
DA:126,0
DA:134,0
DA:158,0
DA:159,0
DA:160,0
DA:162,0
DA:163,0
DA:192,0
LF:34
LH:24
BRDA:43,0,0,2
BRDA:43,0,1,2
BRDA:73,1,0,1
BRDA:73,1,1,1
BRDA:78,2,0,0
BRDA:78,3,0,2
BRDA:78,3,1,1
BRDA:82,4,0,1
BRDA:82,4,1,1
BRDA:104,5,0,2
BRDA:109,6,0,1
BRDA:109,6,1,1
BRDA:111,7,0,1
BRDA:111,7,1,0
BRDA:121,8,0,1
BRDA:121,8,1,0
BRDA:123,9,0,1
BRDA:123,9,1,0
BRDA:153,10,0,0
BRDA:154,11,0,0
BRDA:155,12,0,0
BRDA:159,13,0,0
BRDA:159,14,0,0
BRDA:159,14,1,0
BRF:24
BRH:14
end_of_record
TN:
SF:src/chains/openai_functions/tagging.ts
FN:25,getTaggingFunctions
FN:54,createTaggingChain
FN:86,createTaggingChainFromZod
FNF:3
FNH:0
FNDA:0,getTaggingFunctions
FNDA:0,createTaggingChain
FNDA:0,createTaggingChainFromZod
DA:26,0
DA:35,3
DA:60,0
DA:61,0
DA:62,0
DA:63,0
DA:92,0
LF:7
LH:1
BRDA:57,0,0,0
BRDA:59,1,0,0
BRF:2
BRH:0
end_of_record
TN:
SF:src/chains/openai_functions/tests/create_runnable_chains.int.test.ts
FN:61,(anonymous_0)
FN:99,(anonymous_1)
FN:126,(anonymous_2)
FN:153,(anonymous_3)
FNF:4
FNH:0
FNDA:0,(anonymous_0)
FNDA:0,(anonymous_1)
FNDA:0,(anonymous_2)
FNDA:0,(anonymous_3)
DA:11,0
DA:27,0
DA:33,0
DA:61,0
DA:62,0
DA:63,0
DA:67,0
DA:75,0
DA:83,0
DA:89,0
DA:93,0
DA:94,0
DA:95,0
DA:96,0
DA:99,0
DA:100,0
DA:101,0
DA:105,0
DA:111,0
DA:117,0
DA:121,0
DA:122,0
DA:123,0
DA:126,0
DA:127,0
DA:128,0
DA:131,0
DA:137,0
DA:144,0
DA:148,0
DA:149,0
DA:150,0
DA:153,0
DA:154,0
DA:155,0
DA:158,0
DA:164,0
DA:171,0
DA:174,0
DA:175,0
DA:176,0
LF:41
LH:0
BRF:0
BRH:0
end_of_record
TN:
SF:src/chains/openai_functions/tests/extraction.int.test.ts
FN:7,(anonymous_0)
FNF:1
FNH:0
FNDA:0,(anonymous_0)
DA:7,0
DA:8,0
DA:20,0
DA:22,0
LF:4
LH:0
BRF:0
BRH:0
end_of_record
TN:
SF:src/chains/openai_functions/tests/openapi.int.test.ts
FN:6,(anonymous_0)
FN:114,(anonymous_1)
FN:125,(anonymous_2)
FN:136,(anonymous_3)
FN:144,(anonymous_4)
FNF:5
FNH:0
FNDA:0,(anonymous_0)
FNDA:0,(anonymous_1)
FNDA:0,(anonymous_2)
FNDA:0,(anonymous_3)
FNDA:0,(anonymous_4)
DA:6,0
DA:7,0
DA:108,0
DA:111,0
DA:114,0
DA:115,0
DA:121,0
DA:122,0
DA:125,0
DA:126,0
DA:132,0
DA:133,0
DA:136,0
DA:137,0
DA:140,0
DA:141,0
DA:144,0
DA:145,0
DA:153,0
DA:156,0
LF:20
LH:0
BRF:0
BRH:0
end_of_record
TN:
SF:src/chains/openai_functions/tests/structured_output.int.test.ts
FN:12,(anonymous_0)
FNF:1
FNH:0
FNDA:0,(anonymous_0)
DA:12,0
DA:13,0
DA:43,0
DA:44,0
DA:46,0
DA:47,0
DA:48,0
DA:49,0
DA:50,0
DA:51,0
DA:52,0
DA:53,0
DA:54,0
LF:13
LH:0
BRF:0
BRH:0
end_of_record
TN:
SF:src/chains/openai_functions/tests/tagging.int.test.ts
FN:6,(anonymous_0)
FNF:1
FNH:0
FNDA:0,(anonymous_0)
DA:6,0
DA:7,0
DA:20,0
DA:23,0
LF:4
LH:0
BRF:0
BRH:0
end_of_record
TN:
SF:src/chains/query_constructor/index.ts
FN:59,(anonymous_0)
FN:78,(anonymous_1)
FN:101,(anonymous_2)
FN:112,formatAttributeInfo
FN:113,(anonymous_4)
FN:126,(anonymous_5)
FN:128,_getPrompt
FN:180,loadQueryConstructorChain
FNF:8
FNH:4
FNDA:1,(anonymous_0)
FNDA:1,(anonymous_1)
FNDA:1,(anonymous_2)
FNDA:0,formatAttributeInfo
FNDA:0,(anonymous_4)
FNDA:2,(anonymous_5)
FNDA:0,_getPrompt
FNDA:0,loadQueryConstructorChain
DA:37,1
DA:55,1
DA:63,1
DA:65,1
DA:66,1
DA:82,1
DA:83,1
DA:84,0
DA:86,1
DA:87,0
DA:89,1
DA:90,1
DA:105,1
DA:113,0
DA:114,0
DA:118,0
DA:121,0
DA:126,2
DA:136,0
DA:138,0
DA:139,0
DA:140,0
DA:144,0
DA:147,0
DA:153,0
DA:158,0
DA:181,0
DA:188,0
LF:28
LH:12
BRDA:83,0,0,0
BRDA:86,1,0,0
BRDA:86,1,1,1
BRDA:86,2,0,1
BRDA:86,2,1,1
BRDA:102,3,0,0
BRDA:103,4,0,0
BRDA:133,5,0,0
BRDA:136,6,0,0
BRDA:136,6,1,0
BRDA:138,7,0,0
BRDA:138,7,1,0
BRF:12
BRH:3
end_of_record
TN:
SF:src/chains/query_constructor/ir.ts
FN:129,(anonymous_0)
FN:155,(anonymous_1)
FN:171,(anonymous_2)
FN:183,(anonymous_3)
FNF:4
FNH:3
FNDA:0,(anonymous_0)
FNDA:8,(anonymous_1)
FNDA:4,(anonymous_2)
FNDA:2,(anonymous_3)
DA:52,1
DA:58,1
DA:130,0
DA:131,0
DA:132,0
DA:133,0
DA:134,0
DA:135,0
DA:137,0
DA:153,8
DA:156,8
DA:157,8
DA:158,8
DA:160,8
DA:169,4
DA:171,4
DA:172,4
DA:181,2
DA:183,2
DA:184,2
LF:20
LH:13
BRDA:130,0,0,0
BRDA:130,0,1,0
BRDA:132,1,0,0
BRDA:132,1,1,0
BRDA:134,2,0,0
BRDA:134,2,1,0
BRF:6
BRH:0
end_of_record
TN:
SF:src/chains/query_constructor/parser.ts
FN:33,(anonymous_0)
FN:44,(anonymous_1)
FN:76,(anonymous_2)
FN:77,(anonymous_3)
FN:89,(anonymous_4)
FN:111,(anonymous_5)
FN:114,(anonymous_6)
FN:136,(anonymous_7)
FNF:8
FNH:6
FNDA:1,(anonymous_0)
FNDA:6,(anonymous_1)
FNDA:1,(anonymous_2)
FNDA:14,(anonymous_3)
FNDA:5,(anonymous_4)
FNDA:0,(anonymous_5)
FNDA:0,(anonymous_6)
FNDA:1,(anonymous_7)
DA:34,1
DA:35,1
DA:45,6
DA:46,4
DA:47,4
DA:48,4
DA:50,0
DA:53,0
DA:56,2
DA:57,2
DA:58,2
DA:59,2
DA:61,0
DA:64,0
DA:67,0
DA:77,1
DA:78,14
DA:80,6
DA:81,0
DA:85,6
DA:86,6
DA:87,2
DA:89,5
DA:92,4
DA:93,4
DA:94,4
DA:100,0
DA:102,0
DA:105,7
DA:108,1
DA:111,0
DA:114,0
DA:115,0
DA:116,0
DA:120,0
DA:123,0
DA:127,1
DA:137,1
DA:138,1
DA:141,1
DA:142,0
DA:144,1
LF:42
LH:27
BRDA:34,0,0,0
BRDA:35,1,0,0
BRDA:45,2,0,4
BRDA:46,3,0,4
BRDA:46,3,1,0
BRDA:47,4,0,4
BRDA:47,4,1,0
BRDA:56,5,0,2
BRDA:57,6,0,2
BRDA:57,6,1,0
BRDA:58,7,0,2
BRDA:58,7,1,0
BRDA:78,8,0,6
BRDA:78,8,1,7
BRDA:78,8,2,1
BRDA:78,8,3,0
BRDA:78,8,4,0
BRDA:78,8,5,0
BRDA:78,8,6,0
BRDA:80,9,0,0
BRDA:86,10,0,2
BRDA:92,11,0,4
BRDA:93,12,0,4
BRDA:93,13,0,4
BRDA:93,13,1,4
BRDA:141,14,0,0
BRF:26
BRH:14
end_of_record
TN:
SF:src/chains/query_constructor/prompt.ts
FNF:0
FNH:0
DA:3,1
DA:27,1
DA:35,1
DA:44,1
DA:60,1
DA:72,1
DA:77,1
DA:116,1
DA:122,1
LF:9
LH:9
BRF:0
BRH:0
end_of_record
TN:
SF:src/chains/query_constructor/tests/query_chain.int.test.ts
FN:14,(anonymous_0)
FNF:1
FNH:0
FNDA:0,(anonymous_0)
DA:14,0
DA:15,0
DA:19,0
DA:23,0
DA:27,0
DA:38,0
DA:39,0
DA:40,0
DA:41,0
DA:48,0
DA:75,0
DA:77,0
DA:78,0
DA:79,0
DA:80,0
DA:88,0
DA:91,0
DA:94,0
DA:97,0
DA:107,0
DA:109,0
DA:110,0
DA:111,0
DA:112,0
DA:113,0
DA:115,0
DA:118,0
DA:121,0
DA:124,0
DA:128,0
DA:129,0
DA:130,0
DA:131,0
LF:33
LH:0
BRF:0
BRH:0
end_of_record
TN:
SF:src/chains/question_answering/load.ts
FN:35,(anonymous_0)
FN:67,loadQAStuffChain
FN:95,loadQAMapReduceChain
FN:143,loadQARefineChain
FNF:4
FNH:2
FNDA:0,(anonymous_0)
FNDA:7,loadQAStuffChain
FNDA:2,loadQAMapReduceChain
FNDA:0,loadQARefineChain
DA:35,7
DA:39,0
DA:40,0
DA:41,0
DA:43,0
DA:44,0
DA:46,0
DA:47,0
DA:49,0
DA:71,7
DA:72,7
DA:73,7
DA:74,7
DA:105,2
DA:106,2
DA:107,2
DA:112,2
DA:117,2
DA:123,2
DA:152,0
DA:153,0
DA:154,0
DA:160,0
DA:165,0
LF:24
LH:11
BRDA:37,0,0,0
BRDA:40,1,0,0
BRDA:43,2,0,0
BRDA:46,3,0,0
BRDA:69,4,0,1
BRDA:71,5,0,4
BRDA:97,6,0,1
BRDA:100,7,0,2
BRDA:101,8,0,2
BRDA:109,9,0,2
BRDA:109,9,1,2
BRDA:145,10,0,0
BRDA:148,11,0,0
BRDA:149,12,0,0
BRDA:156,13,0,0
BRDA:156,13,1,0
BRF:16
BRH:7
end_of_record
TN:
SF:src/chains/question_answering/map_reduce_prompts.ts
FNF:0
FNH:0
DA:13,7
DA:20,7
DA:22,7
DA:26,7
DA:30,7
DA:33,7
DA:37,7
DA:68,7
DA:70,7
DA:74,7
DA:81,7
DA:84,7
LF:12
LH:12
BRF:0
BRH:0
end_of_record
TN:
SF:src/chains/question_answering/refine_prompts.ts
FNF:0
FNH:0
DA:14,7
DA:23,7
DA:28,7
DA:38,7
DA:45,7
DA:48,7
DA:52,7
DA:57,7
DA:62,7
DA:67,7
DA:74,7
DA:76,7
LF:12
LH:12
BRF:0
BRH:0
end_of_record
TN:
SF:src/chains/question_answering/stuff_prompts.ts
FNF:0
FNH:0
DA:13,7
DA:19,7
DA:23,7
DA:27,7
DA:29,7
LF:5
LH:5
BRF:0
BRH:0
end_of_record
TN:
SF:src/chains/question_answering/tests/load.int.test.ts
FN:10,(anonymous_0)
FN:22,(anonymous_1)
FN:34,(anonymous_2)
FNF:3
FNH:0
FNDA:0,(anonymous_0)
FNDA:0,(anonymous_1)
FNDA:0,(anonymous_2)
DA:10,0
DA:11,0
DA:12,0
DA:13,0
DA:18,0
DA:19,0
DA:22,0
DA:23,0
DA:24,0
DA:25,0
DA:30,0
DA:31,0
DA:34,0
DA:35,0
DA:36,0
DA:37,0
DA:41,0
DA:45,0
LF:18
LH:0
BRF:0
BRH:0
end_of_record
TN:
SF:src/chains/router/llm_router.ts
FN:35,(anonymous_0)
FN:40,(anonymous_1)
FN:44,(anonymous_2)
FN:51,(anonymous_3)
FN:65,(anonymous_4)
FNF:5
FNH:4
FNDA:3,(anonymous_0)
FNDA:0,(anonymous_1)
FNDA:3,(anonymous_2)
FNDA:3,(anonymous_3)
FNDA:3,(anonymous_4)
DA:36,3
DA:37,3
DA:41,0
DA:48,3
DA:52,3
DA:70,3
DA:71,3
LF:7
LH:6
BRF:0
BRH:0
end_of_record
TN:
[...]
LF:62
LH:1
BRDA:72,0,0,0
BRDA:72,0,1,0
BRDA:75,1,0,0
BRDA:75,1,1,0
BRDA:76,2,0,0
BRDA:76,3,0,0
BRDA:76,3,1,0
BRDA:82,4,0,0
BRDA:82,4,1,0
BRDA:89,5,0,0
BRDA:89,5,1,0
BRDA:89,6,0,0
BRDA:89,6,1,0
BRDA:104,7,0,0
BRDA:104,7,1,0
BRDA:118,8,0,0
BRDA:118,8,1,0
BRDA:133,9,0,0
BRDA:141,10,0,0
BRDA:161,11,0,0
BRDA:161,11,1,0
BRDA:177,12,0,0
BRDA:177,12,1,0
BRDA:197,13,0,0
BRDA:198,14,0,0
BRDA:199,15,0,0
BRF:26
BRH:0
end_of_record
TN:
SF:src/tools/gmail/index.ts
FNF:0
FNH:0
DA:3,0
LF:1
LH:0
BRF:0
BRH:0
end_of_record
TN:
SF:src/tools/tests/webbrowser.int.test.ts
FN:6,(anonymous_0)
FN:7,(anonymous_1)
FN:19,(anonymous_2)
FN:38,(anonymous_3)
FN:48,(anonymous_4)
FN:60,(anonymous_5)
FN:74,(anonymous_6)
FN:87,(anonymous_7)
FN:98,(anonymous_8)
FN:113,(anonymous_9)
FNF:10
FNH:0
FNDA:0,(anonymous_0)
FNDA:0,(anonymous_1)
FNDA:0,(anonymous_2)
FNDA:0,(anonymous_3)
FNDA:0,(anonymous_4)
FNDA:0,(anonymous_5)
FNDA:0,(anonymous_6)
FNDA:0,(anonymous_7)
FNDA:0,(anonymous_8)
FNDA:0,(anonymous_9)
DA:6,0
DA:7,0
DA:8,0
DA:9,0
DA:11,0
DA:12,0
DA:16,0
DA:19,0
DA:20,0
DA:21,0
DA:23,0
DA:30,0
DA:35,0
DA:38,0
DA:39,0
DA:40,0
DA:42,0
DA:43,0
DA:45,0
DA:48,0
DA:49,0
DA:50,0
DA:52,0
DA:53,0
DA:57,0
DA:60,0
DA:61,0
DA:62,0
DA:64,0
DA:65,0
DA:69,0
DA:74,0
DA:75,0
DA:76,0
DA:78,0
DA:79,0
DA:83,0
DA:87,0
DA:88,0
DA:89,0
DA:91,0
DA:92,0
DA:95,0
DA:98,0
DA:99,0
DA:100,0
DA:102,0
DA:103,0
DA:107,0
DA:113,0
DA:114,0
DA:115,0
DA:117,0
DA:118,0
DA:121,0
LF:55
LH:0
BRF:0
BRH:0
end_of_record
TN:
SF:src/util/azure.ts
FN:31,getEndpoint
FNF:1
FNH:0
FNDA:0,getEndpoint
DA:38,0
DA:40,0
DA:45,0
DA:48,0
DA:49,0
DA:50,0
DA:54,0
DA:55,0
DA:59,0
DA:62,0
LF:10
LH:0
BRDA:40,0,0,0
BRDA:41,1,0,0
BRDA:41,1,1,0
BRDA:41,1,2,0
BRDA:48,2,0,0
BRDA:49,3,0,0
BRDA:54,4,0,0
BRF:7
BRH:0
end_of_record
TN:
SF:src/util/bedrock.ts
FN:70,(anonymous_0)
FN:120,(anonymous_1)
FNF:2
FNH:0
FNDA:0,(anonymous_0)
FNDA:0,(anonymous_1)
DA:79,0
DA:81,0
DA:82,0
DA:83,0
DA:84,0
DA:85,0
DA:86,0
DA:87,0
DA:88,0
DA:89,0
DA:90,0
DA:91,0
DA:92,0
DA:93,0
DA:94,0
DA:95,0
DA:96,0
DA:97,0
DA:101,0
DA:102,0
DA:103,0
DA:104,0
DA:105,0
DA:106,0
DA:107,0
DA:110,0
DA:121,0
DA:122,0
DA:123,0
DA:124,0
DA:125,0
DA:126,0
DA:127,0
DA:128,0
DA:132,0
LF:35
LH:0
BRDA:73,0,0,0
BRDA:74,1,0,0
BRDA:75,2,0,0
BRDA:76,3,0,0
BRDA:77,4,0,0
BRDA:81,5,0,0
BRDA:81,5,1,0
BRDA:86,6,0,0
BRDA:86,6,1,0
BRDA:91,7,0,0
BRDA:91,7,1,0
BRDA:95,8,0,0
BRDA:95,8,1,0
BRDA:101,9,0,0
BRDA:106,10,0,0
BRDA:121,11,0,0
BRDA:121,11,1,0
BRDA:123,12,0,0
BRDA:123,12,1,0
BRDA:124,13,0,0
BRDA:124,13,1,0
BRDA:125,14,0,0
BRDA:125,14,1,0
BRDA:126,15,0,0
BRDA:126,15,1,0
BRDA:126,15,2,0
BRDA:127,16,0,0
BRF:27
BRH:0
end_of_record
TN:
SF:src/util/convex.ts
FNF:0
FNH:0
DA:3,0
LF:1
LH:0
BRF:0
BRH:0
end_of_record
TN:
SF:src/util/document.ts
FN:10,(anonymous_0)
FN:11,(anonymous_1)
FNF:2
FNH:2
FNDA:2,(anonymous_0)
FNDA:16,(anonymous_1)
DA:10,7
DA:11,16
LF:2
LH:2
BRF:0
BRH:0
end_of_record
TN:
SF:src/util/entrypoint_deprecation.ts
FN:1,logVersion010MigrationWarning
FNF:1
FNH:1
FNDA:1,logVersion010MigrationWarning
DA:10,1
DA:11,1
DA:12,0
DA:13,1
DA:14,0
DA:16,1
DA:27,1
DA:28,0
DA:36,1
LF:9
LH:6
BRDA:4,0,0,0
BRDA:11,1,0,0
BRDA:11,1,1,1
BRDA:13,2,0,0
BRDA:27,3,0,0
BRF:5
BRH:1
end_of_record
TN:
SF:src/util/extname.ts
FN:1,(anonymous_0)
FNF:1
FNH:1
FNDA:3,(anonymous_0)
DA:1,3
LF:1
LH:1
BRF:0
BRH:0
end_of_record
TN:
SF:src/util/googlevertexai-connection.ts
FN:29,(anonymous_0)
FN:43,(anonymous_1)
FN:65,(anonymous_2)
FN:86,(anonymous_3)
FN:101,(anonymous_4)
FN:106,complexValue
FN:113,(anonymous_6)
FN:119,(anonymous_7)
FN:137,simpleValue
FN:150,(anonymous_9)
FN:156,(anonymous_10)
FN:163,(anonymous_11)
FN:169,(anonymous_12)
FN:192,(anonymous_13)
FN:203,(anonymous_14)
FN:210,(anonymous_15)
FN:215,(anonymous_16)
FN:220,(anonymous_17)
FN:230,(anonymous_18)
FN:239,(anonymous_19)
FN:267,(anonymous_20)
FN:283,(anonymous_21)
FN:294,(anonymous_22)
FN:319,(anonymous_23)
FN:331,(anonymous_24)
FN:361,(anonymous_25)
FN:384,(anonymous_26)
FN:398,(anonymous_27)
FN:404,(anonymous_28)
FN:418,(anonymous_29)
FNF:30
FNH:21
FNDA:2,(anonymous_0)
FNDA:0,(anonymous_1)
FNDA:0,(anonymous_2)
FNDA:2,(anonymous_3)
FNDA:0,(anonymous_4)
FNDA:10,complexValue
FNDA:3,(anonymous_6)
FNDA:2,(anonymous_7)
FNDA:53,simpleValue
FNDA:6,(anonymous_9)
FNDA:28,(anonymous_10)
FNDA:6,(anonymous_11)
FNDA:6,(anonymous_12)
FNDA:2,(anonymous_13)
FNDA:0,(anonymous_14)
FNDA:0,(anonymous_15)
FNDA:0,(anonymous_16)
FNDA:0,(anonymous_17)
FNDA:0,(anonymous_18)
FNDA:0,(anonymous_19)
FNDA:11,(anonymous_20)
FNDA:1,(anonymous_21)
FNDA:12,(anonymous_22)
FNDA:23,(anonymous_23)
FNDA:21,(anonymous_24)
FNDA:3,(anonymous_25)
FNDA:4,(anonymous_26)
FNDA:4,(anonymous_27)
FNDA:4,(anonymous_28)
FNDA:5,(anonymous_29)
DA:34,2
DA:35,2
DA:36,2
DA:47,0
DA:48,0
DA:50,0
DA:54,0
DA:55,0
DA:57,0
DA:58,0
DA:60,0
DA:63,0
DA:65,0
DA:67,0
DA:68,0
DA:80,2
DA:82,2
DA:84,2
DA:92,2
DA:93,2
DA:95,2
DA:96,2
DA:97,2
DA:98,2
DA:102,0
DA:107,10
DA:109,0
DA:110,10
DA:111,2
DA:112,1
DA:113,3
DA:116,1
DA:118,1
DA:119,1
DA:120,2
DA:122,1
DA:124,8
DA:125,4
DA:126,2
DA:128,2
DA:131,4
DA:138,53
DA:140,44
DA:141,8
DA:144,36
DA:145,6
DA:148,30
DA:149,6
DA:150,6
DA:153,24
DA:154,12
DA:155,12
DA:156,12
DA:157,28
DA:159,12
DA:161,12
DA:162,12
DA:163,12
DA:164,6
DA:166,12
DA:168,9
DA:169,6
DA:171,3
DA:198,2
DA:199,2
DA:200,2
DA:204,0
DA:205,0
DA:206,0
DA:207,0
DA:214,0
DA:215,0
DA:224,0
DA:234,0
DA:244,0
DA:245,0
DA:246,0
DA:257,7
DA:259,7
DA:261,7
DA:268,11
DA:270,11
DA:271,1
DA:272,1
DA:275,11
DA:284,1
DA:285,1
DA:295,12
DA:296,12
DA:297,15
DA:298,15
DA:299,15
DA:300,3
DA:301,3
DA:305,12
DA:308,1
DA:309,1
DA:320,23
DA:321,23
DA:322,9
DA:332,21
DA:335,21
DA:336,21
DA:338,87
DA:341,87
DA:342,14
DA:346,73
DA:347,73
DA:348,73
DA:352,7
DA:358,7
DA:362,3
DA:371,7
DA:375,7
DA:385,4
DA:386,4
DA:387,4
DA:389,0
DA:399,4
DA:401,0
DA:404,4
DA:405,4
DA:407,4
DA:419,5
LF:124
LH:97
BRDA:36,0,0,2
BRDA:36,0,1,2
BRDA:54,1,0,0
BRDA:54,2,0,0
BRDA:54,2,1,0
BRDA:57,3,0,0
BRDA:57,3,1,0
BRDA:95,4,0,2
BRDA:95,4,1,2
BRDA:96,5,0,2
BRDA:96,5,1,2
BRDA:97,6,0,2
BRDA:97,6,1,2
BRDA:107,7,0,0
BRDA:107,7,1,10
BRDA:107,8,0,10
BRDA:107,8,1,10
BRDA:110,9,0,2
BRDA:110,9,1,8
BRDA:111,10,0,1
BRDA:111,10,1,1
BRDA:124,11,0,4
BRDA:124,11,1,4
BRDA:125,12,0,2
BRDA:125,12,1,2
BRDA:138,13,0,44
BRDA:138,13,1,9
BRDA:138,14,0,53
BRDA:138,14,1,53
BRDA:138,14,2,50
BRDA:140,15,0,8
BRDA:140,15,1,36
BRDA:144,16,0,6
BRDA:144,16,1,30
BRDA:148,17,0,6
BRDA:148,17,1,24
BRDA:153,18,0,12
BRDA:153,18,1,12
BRDA:168,19,0,6
BRDA:168,19,1,3
BRDA:200,20,0,2
BRDA:200,20,1,0
BRDA:205,21,0,0
BRDA:205,21,1,0
BRDA:234,22,0,0
BRDA:234,22,1,0
BRDA:270,23,0,1
BRDA:299,24,0,3
BRDA:305,25,0,1
BRDA:321,26,0,9
BRDA:336,27,0,94
BRDA:336,27,1,87
BRDA:341,28,0,14
BRDA:385,29,0,4
BRDA:385,29,1,0
BRDA:399,30,0,0
BRDA:399,30,1,4
BRDA:420,31,0,5
BRDA:420,31,1,1
BRDA:420,31,2,1
BRDA:420,31,3,1
BRF:61
BRH:48
end_of_record
TN:
SF:src/util/hub.ts
FN:7,(anonymous_0)
FN:23,(anonymous_1)
FN:52,(anonymous_2)
FNF:3
FNH:0
FNDA:0,(anonymous_0)
FNDA:0,(anonymous_1)
FNDA:0,(anonymous_2)
DA:7,0
DA:11,0
DA:12,0
DA:16,0
DA:19,0
DA:21,0
DA:23,0
DA:31,0
DA:33,0
DA:36,0
DA:37,0
DA:38,0
DA:40,0
DA:41,0
DA:42,0
DA:43,0
DA:44,0
DA:47,0
DA:48,0
DA:51,0
DA:52,0
DA:55,0
DA:56,0
DA:59,0
LF:24
LH:0
BRDA:28,0,0,0
BRDA:31,1,0,0
BRDA:31,1,1,0
BRDA:33,2,0,0
BRDA:33,2,1,0
BRDA:37,3,0,0
BRDA:41,4,0,0
BRDA:41,4,1,0
BRDA:43,5,0,0
BRDA:47,6,0,0
BRDA:55,7,0,0
BRF:11
BRH:0
end_of_record
TN:
SF:src/util/load.ts
FN:10,(anonymous_0)
FNF:1
FNH:0
FNDA:0,(anonymous_0)
DA:10,0
DA:15,0
DA:16,0
DA:17,0
DA:19,0
DA:20,0
LF:6
LH:0
BRDA:13,0,0,0
BRF:1
BRH:0
end_of_record
TN:
SF:src/util/openapi.ts
FN:5,(anonymous_0)
FN:7,(anonymous_1)
FN:11,(anonymous_2)
FN:18,(anonymous_3)
FN:25,(anonymous_4)
FN:32,(anonymous_5)
FN:39,(anonymous_6)
FN:47,(anonymous_7)
FN:56,(anonymous_8)
FN:68,(anonymous_9)
FN:80,(anonymous_10)
FN:89,(anonymous_11)
FN:97,(anonymous_12)
FN:107,(anonymous_13)
FN:117,(anonymous_14)
FN:132,(anonymous_15)
FN:137,(anonymous_16)
FN:142,(anonymous_17)
FN:152,(anonymous_18)
FN:160,(anonymous_19)
FN:164,(anonymous_20)
FN:174,(anonymous_21)
FN:186,(anonymous_22)
FN:205,(anonymous_23)
FN:230,(anonymous_24)
FN:235,(anonymous_25)
FN:245,(anonymous_26)
FNF:27
FNH:7
FNDA:1,(anonymous_0)
FNDA:0,(anonymous_1)
FNDA:1,(anonymous_2)
FNDA:0,(anonymous_3)
FNDA:0,(anonymous_4)
FNDA:0,(anonymous_5)
FNDA:1,(anonymous_6)
FNDA:0,(anonymous_7)
FNDA:0,(anonymous_8)
FNDA:0,(anonymous_9)
FNDA:13,(anonymous_10)
FNDA:0,(anonymous_11)
FNDA:0,(anonymous_12)
FNDA:0,(anonymous_13)
FNDA:0,(anonymous_14)
FNDA:0,(anonymous_15)
FNDA:0,(anonymous_16)
FNDA:0,(anonymous_17)
FNDA:1,(anonymous_18)
FNDA:6,(anonymous_19)
FNDA:36,(anonymous_20)
FNDA:0,(anonymous_21)
FNDA:0,(anonymous_22)
FNDA:0,(anonymous_23)
FNDA:0,(anonymous_24)
FNDA:0,(anonymous_25)
FNDA:0,(anonymous_26)
DA:5,1
DA:8,0
DA:12,1
DA:13,0
DA:15,1
DA:19,0
DA:20,0
DA:22,0
DA:26,0
DA:27,0
DA:29,0
DA:33,0
DA:34,0
DA:36,0
DA:40,1
DA:41,1
DA:42,0
DA:44,1
DA:48,0
DA:49,0
DA:50,0
DA:51,0
DA:53,0
DA:59,0
DA:60,0
DA:61,0
DA:65,0
DA:71,0
DA:72,0
DA:73,0
DA:74,0
DA:75,0
DA:77,0
DA:83,13
DA:84,0
DA:86,13
DA:90,0
DA:91,0
DA:92,0
DA:94,0
DA:98,0
DA:99,0
DA:100,0
DA:101,0
DA:102,0
DA:104,0
DA:108,0
DA:109,0
DA:110,0
DA:114,0
DA:118,0
DA:121,0
DA:131,0
DA:133,0
DA:138,0
DA:139,0
DA:140,0
DA:142,0
DA:143,0
DA:144,0
DA:148,0
DA:153,1
DA:154,1
DA:155,0
DA:157,1
DA:161,6
DA:162,0
DA:164,6
DA:165,36
DA:166,0
DA:170,36
DA:177,0
DA:178,0
DA:179,0
DA:183,0
DA:191,0
DA:192,0
DA:193,0
DA:194,0
DA:198,0
DA:207,0
DA:208,0
DA:209,0
DA:210,0
DA:211,0
DA:214,0
DA:215,0
DA:219,0
DA:231,0
DA:232,0
DA:237,0
DA:238,0
DA:240,0
DA:242,0
DA:246,0
DA:247,0
DA:248,0
LF:97
LH:15
BRDA:8,0,0,0
BRDA:8,0,1,0
BRDA:12,1,0,0
BRDA:19,2,0,0
BRDA:26,3,0,0
BRDA:33,4,0,0
BRDA:41,5,0,0
BRDA:50,6,0,0
BRDA:74,7,0,0
BRDA:83,8,0,0
BRDA:101,9,0,0
BRDA:139,10,0,0
BRDA:143,11,0,0
BRDA:154,12,0,0
BRDA:161,13,0,0
BRDA:165,14,0,0
BRDA:178,15,0,0
BRDA:192,16,0,0
BRDA:195,17,0,0
BRDA:195,17,1,0
BRDA:210,18,0,0
BRDA:210,18,1,0
BRDA:210,19,0,0
BRDA:210,19,1,0
BRDA:214,20,0,0
BRDA:214,20,1,0
BRF:26
BRH:0
end_of_record
TN:
SF:src/util/parse.ts
FN:4,(anonymous_0)
FN:16,(anonymous_1)
FNF:2
FNH:0
FNDA:0,(anonymous_0)
FNDA:0,(anonymous_1)
DA:4,0
DA:5,0
DA:7,0
DA:10,0
DA:12,0
DA:16,0
DA:21,0
DA:23,0
DA:27,0
DA:30,0
LF:10
LH:0
BRDA:5,0,0,0
BRDA:5,0,1,0
BRDA:5,0,2,0
BRDA:5,0,3,0
BRDA:23,1,0,0
BRDA:24,2,0,0
BRDA:24,2,1,0
BRDA:24,2,2,0
BRF:8
BRH:0
end_of_record
TN:
SF:src/util/prompt-layer.ts
FN:4,(anonymous_0)
FNF:1
FNH:0
FNDA:0,(anonymous_0)
DA:4,0
DA:18,0
DA:40,0
LF:3
LH:0
BRF:0
BRH:0
end_of_record
TN:
SF:src/util/set.ts
FN:8,intersection
FN:21,union
FN:32,difference
FNF:3
FNH:3
FNDA:17,intersection
FNDA:7,union
FNDA:18,difference
DA:9,17
DA:10,17
DA:11,13
DA:12,2
DA:15,17
DA:22,7
DA:23,7
DA:24,2
DA:26,7
DA:33,18
DA:34,18
DA:35,43
DA:37,18
LF:13
LH:13
BRDA:11,0,0,2
BRF:1
BRH:1
end_of_record
TN:
SF:src/util/sql_utils.ts
FN:50,(anonymous_0)
FN:56,(anonymous_1)
FN:69,(anonymous_2)
FN:80,(anonymous_3)
FN:91,(anonymous_4)
FN:102,(anonymous_5)
FN:118,(anonymous_6)
FN:210,(anonymous_7)
FN:238,(anonymous_8)
FN:246,(anonymous_9)
FN:254,(anonymous_10)
FN:324,(anonymous_11)
FN:351,(anonymous_12)
FNF:13
FNH:4
FNDA:4,(anonymous_0)
FNDA:14,(anonymous_1)
FNDA:2,(anonymous_2)
FNDA:2,(anonymous_3)
FNDA:0,(anonymous_4)
FNDA:0,(anonymous_5)
FNDA:0,(anonymous_6)
FNDA:0,(anonymous_7)
FNDA:0,(anonymous_8)
FNDA:0,(anonymous_9)
FNDA:0,(anonymous_10)
FNDA:0,(anonymous_11)
FNDA:0,(anonymous_12)
DA:50,2
DA:55,4
DA:56,14
DA:58,4
DA:59,4
DA:60,6
DA:61,2
DA:69,2
DA:73,2
DA:80,2
DA:84,2
DA:91,2
DA:94,0
DA:95,0
DA:96,0
DA:101,0
DA:102,0
DA:104,0
DA:105,0
DA:107,0
DA:111,0
DA:115,0
DA:118,2
DA:122,0
DA:123,0
DA:124,0
DA:137,0
DA:139,0
DA:142,0
DA:143,0
DA:160,0
DA:162,0
DA:165,0
DA:166,0
DA:175,0
DA:177,0
DA:180,0
DA:181,0
DA:182,0
DA:191,0
DA:192,0
DA:195,0
DA:196,0
DA:197,0
DA:205,0
DA:209,0
DA:210,0
DA:211,0
DA:219,0
DA:221,0
DA:222,0
DA:223,0
DA:232,0
DA:233,0
DA:235,0
DA:238,2
DA:239,0
DA:240,0
DA:243,0
DA:244,0
DA:245,0
DA:246,0
DA:251,0
DA:254,2
DA:260,0
DA:261,0
DA:264,0
DA:265,0
DA:268,0
DA:273,0
DA:274,0
DA:275,0
DA:276,0
DA:277,0
DA:278,0
DA:279,0
DA:283,0
DA:284,0
DA:286,0
DA:289,0
DA:290,0
DA:291,0
DA:293,0
DA:297,0
DA:300,0
DA:302,0
DA:303,0
DA:304,0
DA:305,0
DA:306,0
DA:307,0
DA:308,0
DA:311,0
DA:313,0
DA:316,0
DA:317,0
DA:318,0
DA:320,0
DA:323,0
DA:324,0
DA:328,0
DA:329,0
DA:330,0
DA:333,0
DA:336,0
DA:339,0
DA:348,0
DA:351,2
DA:354,0
DA:355,0
DA:358,0
DA:359,0
DA:362,0
DA:363,0
DA:366,0
DA:367,0
DA:370,0
DA:371,0
DA:374,0
DA:375,0
DA:378,0
LF:121
LH:16
BRDA:58,0,0,4
BRDA:60,1,0,2
BRDA:104,2,0,0
BRDA:104,2,1,0
BRDA:122,3,0,0
BRDA:123,4,0,0
BRDA:123,4,1,0
BRDA:142,5,0,0
BRDA:165,6,0,0
BRDA:180,7,0,0
BRDA:188,8,0,0
BRDA:188,8,1,0
BRDA:195,9,0,0
BRDA:196,10,0,0
BRDA:196,10,1,0
BRDA:221,11,0,0
BRDA:239,12,0,0
BRDA:239,13,0,0
BRDA:239,13,1,0
BRDA:239,13,2,0
BRDA:260,14,0,0
BRDA:268,15,0,0
BRDA:268,15,1,0
BRDA:268,16,0,0
BRDA:268,16,1,0
BRDA:274,17,0,0
BRDA:274,17,1,0
BRDA:275,18,0,0
BRDA:275,18,1,0
BRDA:276,19,0,0
BRDA:276,19,1,0
BRDA:278,20,0,0
BRDA:278,20,1,0
BRDA:280,21,0,0
BRDA:280,21,1,0
BRDA:280,21,2,0
BRDA:283,22,0,0
BRDA:286,23,0,0
BRDA:286,23,1,0
BRDA:290,24,0,0
BRDA:295,25,0,0
BRDA:295,25,1,0
BRDA:300,26,0,0
BRDA:300,26,1,0
BRDA:303,27,0,0
BRDA:303,27,1,0
BRDA:304,28,0,0
BRDA:304,28,1,0
BRDA:306,29,0,0
BRDA:306,29,1,0
BRDA:308,30,0,0
BRDA:308,30,1,0
BRDA:311,31,0,0
BRDA:311,31,1,0
BRDA:313,32,0,0
BRDA:313,32,1,0
BRDA:313,32,2,0
BRDA:317,33,0,0
BRDA:317,33,1,0
BRDA:330,34,0,0
BRDA:330,34,1,0
BRDA:354,35,0,0
BRDA:358,36,0,0
BRDA:362,37,0,0
BRDA:366,38,0,0
BRDA:370,39,0,0
BRDA:374,40,0,0
BRF:67
BRH:2
end_of_record
TN:
SF:src/util/time.ts
FN:6,sleep
FN:7,(anonymous_1)
FNF:2
FNH:0
FNDA:0,sleep
FNDA:0,(anonymous_1)
DA:7,0
DA:8,0
LF:2
LH:0
BRDA:6,0,0,0
BRF:1
BRH:0
end_of_record
TN:
SF:src/util/tests/async_caller.int.test.ts
FN:5,(anonymous_0)
FN:7,(anonymous_1)
FN:16,(anonymous_2)
FN:19,(anonymous_3)
FN:22,(anonymous_4)
FN:24,(anonymous_5)
FN:29,(anonymous_6)
FN:34,(anonymous_7)
FN:37,(anonymous_8)
FN:47,(anonymous_9)
FNF:10
FNH:0
FNDA:0,(anonymous_0)
FNDA:0,(anonymous_1)
FNDA:0,(anonymous_2)
FNDA:0,(anonymous_3)
FNDA:0,(anonymous_4)
FNDA:0,(anonymous_5)
FNDA:0,(anonymous_6)
FNDA:0,(anonymous_7)
FNDA:0,(anonymous_8)
FNDA:0,(anonymous_9)
DA:5,0
DA:6,0
DA:7,0
DA:9,0
DA:10,0
DA:12,0
DA:13,0
DA:16,0
DA:17,0
DA:19,0
DA:22,0
DA:23,0
DA:24,0
DA:25,0
DA:29,0
DA:34,0
DA:35,0
DA:36,0
DA:37,0
DA:38,0
DA:42,0
DA:44,0
DA:47,0
LF:23
LH:0
BRF:0
BRH:0
end_of_record
TN:
SF:src/vectorstores/analyticdb.ts
FNF:0
FNH:0
DA:3,0
LF:1
LH:0
BRF:0
BRH:0
end_of_record
TN:
SF:src/vectorstores/base.ts
FNF:0
FNH:0
DA:3,0
LF:1
LH:0
BRF:0
BRH:0
end_of_record
TN:
SF:src/vectorstores/cassandra.ts
FNF:0
FNH:0
DA:3,0
LF:1
LH:0
BRF:0
BRH:0
end_of_record
TN:
SF:src/vectorstores/chroma.ts
FNF:0
FNH:0
DA:3,0
LF:1
LH:0
BRF:0
BRH:0
end_of_record
TN:
SF:src/vectorstores/clickhouse.ts
FNF:0
FNH:0
DA:3,0
LF:1
LH:0
BRF:0
BRH:0
end_of_record
TN:
SF:src/vectorstores/cloudflare_vectorize.ts
FNF:0
FNH:0
DA:3,0
LF:1
LH:0
BRF:0
BRH:0
end_of_record
TN:
SF:src/vectorstores/convex.ts
FNF:0
FNH:0
DA:3,0
LF:1
LH:0
BRF:0
BRH:0
end_of_record
TN:
SF:src/vectorstores/elasticsearch.ts
FNF:0
FNH:0
DA:3,0
LF:1
LH:0
BRF:0
BRH:0
end_of_record
TN:
SF:src/vectorstores/faiss.ts
FNF:0
FNH:0
DA:3,0
LF:1
LH:0
BRF:0
BRH:0
end_of_record
TN:
SF:src/vectorstores/googlevertexai.ts
FNF:0
FNH:0
DA:3,0
LF:1
LH:0
BRF:0
BRH:0
end_of_record
TN:
SF:src/vectorstores/hnswlib.ts
FNF:0
FNH:0
DA:3,0
LF:1
LH:0
BRF:0
BRH:0
end_of_record
TN:
SF:src/vectorstores/lancedb.ts
FNF:0
FNH:0
DA:3,0
LF:1
LH:0
BRF:0
BRH:0
end_of_record
TN:
SF:src/vectorstores/memory.ts
FN:39,(anonymous_0)
FN:43,(anonymous_1)
FN:59,(anonymous_2)
FN:60,(anonymous_3)
FN:75,(anonymous_4)
FN:76,(anonymous_5)
FN:95,(anonymous_6)
FN:100,(anonymous_7)
FN:113,(anonymous_8)
FN:117,(anonymous_9)
FN:120,(anonymous_10)
FN:141,(anonymous_11)
FN:167,(anonymous_12)
FN:185,(anonymous_13)
FNF:14
FNH:14
FNDA:17,(anonymous_0)
FNDA:13,(anonymous_1)
FNDA:11,(anonymous_2)
FNDA:32,(anonymous_3)
FNDA:11,(anonymous_4)
FNDA:32,(anonymous_5)
FNDA:12,(anonymous_6)
FNDA:32,(anonymous_7)
FNDA:28,(anonymous_8)
FNDA:17,(anonymous_9)
FNDA:21,(anonymous_10)
FNDA:3,(anonymous_11)
FNDA:3,(anonymous_12)
FNDA:1,(anonymous_13)
DA:35,13
DA:40,17
DA:47,13
DA:49,13
DA:60,32
DA:61,11
DA:76,32
DA:82,11
DA:100,12
DA:101,32
DA:102,27
DA:105,5
DA:109,5
DA:111,12
DA:112,12
DA:113,28
DA:117,17
DA:120,21
DA:128,12
DA:147,3
DA:148,3
DA:149,15
DA:150,15
DA:154,15
DA:156,3
DA:172,3
DA:173,3
DA:174,3
DA:189,1
DA:190,1
LF:30
LH:30
BRDA:45,0,0,13
BRDA:49,1,0,13
BRDA:49,1,1,13
BRDA:101,2,0,27
BRDA:117,3,0,0
BRDA:117,3,1,17
BRDA:149,4,0,15
BRDA:149,4,1,0
BRF:8
BRH:6
end_of_record
TN:
SF:src/vectorstores/milvus.ts
FNF:0
FNH:0
DA:3,0
LF:1
LH:0
BRF:0
BRH:0
end_of_record
TN:
SF:src/vectorstores/momento_vector_index.ts
FNF:0
FNH:0
DA:3,0
LF:1
LH:0
BRF:0
BRH:0
end_of_record
TN:
SF:src/vectorstores/mongo.ts
FN:35,(anonymous_0)
FN:39,(anonymous_1)
FN:53,(anonymous_2)
FN:54,(anonymous_3)
FN:69,(anonymous_4)
FN:70,(anonymous_5)
FN:89,(anonymous_6)
FN:170,(anonymous_7)
FN:197,(anonymous_8)
FNF:9
FNH:0
FNDA:0,(anonymous_0)
FNDA:0,(anonymous_1)
FNDA:0,(anonymous_2)
FNDA:0,(anonymous_3)
FNDA:0,(anonymous_4)
FNDA:0,(anonymous_5)
FNDA:0,(anonymous_6)
FNDA:0,(anonymous_7)
FNDA:0,(anonymous_8)
DA:36,0
DA:40,0
DA:41,0
DA:42,0
DA:43,0
DA:54,0
DA:55,0
DA:70,0
DA:76,0
DA:96,0
DA:110,0
DA:111,0
DA:114,0
DA:125,0
DA:127,0
DA:129,0
DA:130,0
DA:140,0
DA:146,0
DA:148,0
DA:149,0
DA:156,0
DA:176,0
DA:177,0
DA:178,0
DA:179,0
DA:183,0
DA:185,0
DA:202,0
DA:203,0
DA:204,0
LF:31
LH:0
BRDA:43,0,0,0
BRDA:43,0,1,0
BRDA:110,1,0,0
BRDA:140,2,0,0
BRDA:141,3,0,0
BRDA:141,3,1,0
BRDA:141,3,2,0
BRDA:148,4,0,0
BRDA:178,5,0,0
BRDA:178,5,1,0
BRF:10
BRH:0
end_of_record
TN:
SF:src/vectorstores/mongodb_atlas.ts
FNF:0
FNH:0
DA:3,0
LF:1
LH:0
BRF:0
BRH:0
end_of_record
TN:
SF:src/vectorstores/myscale.ts
FNF:0
FNH:0
DA:3,0
LF:1
LH:0
BRF:0
BRH:0
end_of_record
TN:
SF:src/vectorstores/neo4j_vector.ts
FNF:0
FNH:0
DA:3,0
LF:1
LH:0
BRF:0
BRH:0
end_of_record
TN:
SF:src/vectorstores/opensearch.ts
FNF:0
FNH:0
DA:3,0
LF:1
LH:0
BRF:0
BRH:0
end_of_record
TN:
SF:src/vectorstores/pgvector.ts
FNF:0
FNH:0
DA:3,0
LF:1
LH:0
BRF:0
BRH:0
end_of_record
TN:
SF:src/vectorstores/pinecone.ts
FNF:0
FNH:0
DA:3,0
LF:1
LH:0
BRF:0
BRH:0
end_of_record
TN:
SF:src/vectorstores/prisma.ts
FNF:0
FNH:0
DA:3,0
LF:1
LH:0
BRF:0
BRH:0
end_of_record
TN:
SF:src/vectorstores/qdrant.ts
FNF:0
FNH:0
DA:3,0
LF:1
LH:0
BRF:0
BRH:0
end_of_record
TN:
SF:src/vectorstores/redis.ts
FNF:0
FNH:0
DA:3,0
LF:1
LH:0
BRF:0
BRH:0
end_of_record
TN:
SF:src/vectorstores/rockset.ts
FNF:0
FNH:0
DA:3,0
LF:1
LH:0
BRF:0
BRH:0
end_of_record
TN:
SF:src/vectorstores/singlestore.ts
FNF:0
FNH:0
DA:3,0
LF:1
LH:0
BRF:0
BRH:0
end_of_record
TN:
SF:src/vectorstores/supabase.ts
FNF:0
FNH:0
DA:3,0
LF:1
LH:0
BRF:0
BRH:0
end_of_record
TN:
SF:src/vectorstores/tigris.ts
FNF:0
FNH:0
DA:3,0
LF:1
LH:0
BRF:0
BRH:0
end_of_record
TN:
SF:src/vectorstores/typeorm.ts
FNF:0
FNH:0
DA:3,0
LF:1
LH:0
BRF:0
BRH:0
end_of_record
TN:
SF:src/vectorstores/typesense.ts
FNF:0
FNH:0
DA:3,0
LF:1
LH:0
BRF:0
BRH:0
end_of_record
TN:
SF:src/vectorstores/usearch.ts
FNF:0
FNH:0
DA:3,0
LF:1
LH:0
BRF:0
BRH:0
end_of_record
TN:
SF:src/vectorstores/vectara.ts
FNF:0
FNH:0
DA:3,0
LF:1
LH:0
BRF:0
BRH:0
end_of_record
TN:
SF:src/vectorstores/vercel_postgres.ts
FNF:0
FNH:0
DA:3,0
LF:1
LH:0
BRF:0
BRH:0
end_of_record
TN:
SF:src/vectorstores/voy.ts
FNF:0
FNH:0
DA:3,0
LF:1
LH:0
BRF:0
BRH:0
end_of_record
TN:
SF:src/vectorstores/weaviate.ts
FNF:0
FNH:0
DA:3,0
LF:1
LH:0
BRF:0
BRH:0
end_of_record
TN:
SF:src/vectorstores/xata.ts
FNF:0
FNH:0
DA:3,0
LF:1
LH:0
BRF:0
BRH:0
end_of_record
TN:
SF:src/vectorstores/zep.ts
FNF:0
FNH:0
DA:3,0
LF:1
LH:0
BRF:0
BRH:0
end_of_record
TN:
SF:src/vectorstores/closevector/node.ts
FNF:0
FNH:0
DA:3,0
LF:1
LH:0
BRF:0
BRH:0
end_of_record
TN:
SF:src/vectorstores/closevector/web.ts
FNF:0
FNH:0
DA:3,0
LF:1
LH:0
BRF:0
BRH:0
end_of_record
TN:
SF:src/vectorstores/tests/memory.int.test.ts
FN:7,(anonymous_0)
FNF:1
FNH:0
FNDA:0,(anonymous_0)
DA:7,0
DA:8,0
DA:10,0
DA:12,0
DA:14,0
DA:21,0
DA:23,0
DA:25,0
LF:8
LH:0
BRF:0
BRH:0
end_of_record
