<?xml version="1.0" encoding="UTF-8"?>
<coverage generated="1705974386030" clover="3.2.0">
  <project timestamp="1705974386030" name="All files">
    <metrics statements="4163" coveredstatements="2502" conditionals="1991" coveredconditionals="918" methods="984" coveredmethods="661" elements="7138" coveredelements="4081" complexity="0" loc="4163" ncloc="4163" packages="16" files="73" classes="73"/>
    <package name="src">
      <metrics statements="159" coveredstatements="49" conditionals="59" coveredconditionals="12" methods="62" coveredmethods="21"/>
      <file name="caches.ts" path="/Users/bracesproul/code/lang-chain-ai/langchainjs/langchain-core/src/caches.ts">
        <metrics statements="15" coveredstatements="8" conditionals="7" coveredconditionals="4" methods="7" coveredmethods="5"/>
        <line num="18" count="17" type="stmt"/>
        <line num="19" count="8" type="stmt"/>
        <line num="24" count="0" type="cond" truecount="0" falsecount="2"/>
        <line num="25" count="0" type="stmt"/>
        <line num="30" count="0" type="stmt"/>
        <line num="35" count="0" type="stmt"/>
        <line num="38" count="0" type="cond" truecount="0" falsecount="1"/>
        <line num="39" count="0" type="stmt"/>
        <line num="41" count="0" type="stmt"/>
        <line num="53" count="17" type="stmt"/>
        <line num="62" count="3" type="stmt"/>
        <line num="63" count="3" type="cond" truecount="2" falsecount="0"/>
        <line num="74" count="5" type="cond" truecount="2" falsecount="0"/>
        <line num="84" count="3" type="stmt"/>
        <line num="93" count="2" type="stmt"/>
      </file>
      <file name="chat_history.ts" path="/Users/bracesproul/code/lang-chain-ai/langchainjs/langchain-core/src/chat_history.ts">
        <metrics statements="2" coveredstatements="0" conditionals="0" coveredconditionals="0" methods="2" coveredmethods="0"/>
        <line num="28" count="0" type="stmt"/>
        <line num="32" count="0" type="stmt"/>
      </file>
      <file name="embeddings.ts" path="/Users/bracesproul/code/lang-chain-ai/langchainjs/langchain-core/src/embeddings.ts">
        <metrics statements="1" coveredstatements="0" conditionals="2" coveredconditionals="0" methods="1" coveredmethods="0"/>
        <line num="40" count="0" type="cond" truecount="0" falsecount="2"/>
      </file>
      <file name="memory.ts" path="/Users/bracesproul/code/lang-chain-ai/langchainjs/langchain-core/src/memory.ts">
        <metrics statements="23" coveredstatements="3" conditionals="7" coveredconditionals="0" methods="5" coveredmethods="0"/>
        <line num="56" count="1" type="stmt"/>
        <line num="57" count="0" type="cond" truecount="0" falsecount="1"/>
        <line num="58" count="0" type="stmt"/>
        <line num="60" count="0" type="stmt"/>
        <line num="61" count="0" type="cond" truecount="0" falsecount="1"/>
        <line num="62" count="0" type="stmt"/>
        <line num="71" count="1" type="stmt"/>
        <line num="72" count="0" type="stmt"/>
        <line num="73" count="0" type="cond" truecount="0" falsecount="1"/>
        <line num="74" count="0" type="stmt"/>
        <line num="75" count="0" type="stmt"/>
        <line num="79" count="0" type="stmt"/>
        <line num="88" count="1" type="stmt"/>
        <line num="92" count="0" type="stmt"/>
        <line num="93" count="0" type="cond" truecount="0" falsecount="1"/>
        <line num="94" count="0" type="stmt"/>
        <line num="95" count="0" type="stmt"/>
        <line num="99" count="0" type="stmt"/>
        <line num="111" count="0" type="stmt"/>
        <line num="112" count="0" type="cond" truecount="0" falsecount="2"/>
        <line num="114" count="0" type="cond" truecount="0" falsecount="1"/>
        <line num="115" count="0" type="stmt"/>
        <line num="119" count="0" type="stmt"/>
      </file>
      <file name="outputs.ts" path="/Users/bracesproul/code/lang-chain-ai/langchainjs/langchain-core/src/outputs.ts">
        <metrics statements="7" coveredstatements="7" conditionals="0" coveredconditionals="0" methods="4" coveredmethods="4"/>
        <line num="3" count="17" type="stmt"/>
        <line num="37" count="1684" type="stmt"/>
        <line num="38" count="1684" type="stmt"/>
        <line num="42" count="927" type="stmt"/>
        <line num="87" count="116" type="stmt"/>
        <line num="88" count="116" type="stmt"/>
        <line num="92" count="56" type="stmt"/>
      </file>
      <file name="prompt_values.ts" path="/Users/bracesproul/code/lang-chain-ai/langchainjs/langchain-core/src/prompt_values.ts">
        <metrics statements="16" coveredstatements="16" conditionals="1" coveredconditionals="1" methods="8" coveredmethods="8"/>
        <line num="43" count="26" type="stmt"/>
        <line num="46" count="66" type="stmt"/>
        <line num="48" count="66" type="stmt"/>
        <line num="53" count="66" type="stmt"/>
        <line num="54" count="66" type="stmt"/>
        <line num="58" count="47" type="stmt"/>
        <line num="62" count="17" type="stmt"/>
        <line num="81" count="30" type="stmt"/>
        <line num="83" count="30" type="stmt"/>
        <line num="86" count="72" type="stmt"/>
        <line num="96" count="30" type="cond" truecount="1" falsecount="0"/>
        <line num="98" count="30" type="stmt"/>
        <line num="101" count="30" type="stmt"/>
        <line num="102" count="30" type="stmt"/>
        <line num="106" count="18" type="stmt"/>
        <line num="110" count="15" type="stmt"/>
      </file>
      <file name="retrievers.ts" path="/Users/bracesproul/code/lang-chain-ai/langchainjs/langchain-core/src/retrievers.ts">
        <metrics statements="16" coveredstatements="13" conditionals="6" coveredconditionals="6" methods="4" coveredmethods="3"/>
        <line num="48" count="2" type="stmt"/>
        <line num="49" count="2" type="stmt"/>
        <line num="50" count="2" type="cond" truecount="2" falsecount="0"/>
        <line num="51" count="2" type="cond" truecount="2" falsecount="0"/>
        <line num="52" count="2" type="cond" truecount="2" falsecount="0"/>
        <line num="64" count="0" type="stmt"/>
        <line num="71" count="2" type="stmt"/>
        <line num="88" count="2" type="stmt"/>
        <line num="89" count="2" type="stmt"/>
        <line num="98" count="2" type="stmt"/>
        <line num="107" count="2" type="stmt"/>
        <line num="108" count="2" type="stmt"/>
        <line num="109" count="2" type="stmt"/>
        <line num="110" count="2" type="stmt"/>
        <line num="112" count="0" type="stmt"/>
        <line num="113" count="0" type="stmt"/>
      </file>
      <file name="tools.ts" path="/Users/bracesproul/code/lang-chain-ai/langchainjs/langchain-core/src/tools.ts">
        <metrics statements="45" coveredstatements="2" conditionals="16" coveredconditionals="1" methods="16" coveredmethods="1"/>
        <line num="29" count="0" type="stmt"/>
        <line num="30" count="0" type="stmt"/>
        <line num="81" count="0" type="stmt"/>
        <line num="85" count="2" type="cond" truecount="1" falsecount="1"/>
        <line num="103" count="0" type="stmt"/>
        <line num="122" count="0" type="stmt"/>
        <line num="123" count="0" type="stmt"/>
        <line num="125" count="0" type="stmt"/>
        <line num="130" count="0" type="stmt"/>
        <line num="131" count="0" type="stmt"/>
        <line num="140" count="0" type="stmt"/>
        <line num="150" count="0" type="stmt"/>
        <line num="151" count="0" type="stmt"/>
        <line num="153" count="0" type="stmt"/>
        <line num="154" count="0" type="stmt"/>
        <line num="156" count="0" type="stmt"/>
        <line num="157" count="0" type="stmt"/>
        <line num="164" count="2" type="stmt"/>
        <line num="185" count="0" type="stmt"/>
        <line num="187" count="0" type="stmt"/>
        <line num="190" count="0" type="stmt"/>
        <line num="204" count="0" type="stmt"/>
        <line num="246" count="0" type="stmt"/>
        <line num="256" count="0" type="stmt"/>
        <line num="257" count="0" type="stmt"/>
        <line num="258" count="0" type="stmt"/>
        <line num="259" count="0" type="stmt"/>
        <line num="260" count="0" type="cond" truecount="0" falsecount="2"/>
        <line num="267" count="0" type="stmt"/>
        <line num="268" count="0" type="cond" truecount="0" falsecount="1"/>
        <line num="269" count="0" type="stmt"/>
        <line num="271" count="0" type="stmt"/>
        <line num="279" count="0" type="stmt"/>
        <line num="294" count="0" type="stmt"/>
        <line num="306" count="0" type="stmt"/>
        <line num="307" count="0" type="stmt"/>
        <line num="308" count="0" type="stmt"/>
        <line num="309" count="0" type="stmt"/>
        <line num="310" count="0" type="cond" truecount="0" falsecount="2"/>
        <line num="311" count="0" type="stmt"/>
        <line num="320" count="0" type="stmt"/>
        <line num="321" count="0" type="cond" truecount="0" falsecount="1"/>
        <line num="322" count="0" type="stmt"/>
        <line num="324" count="0" type="stmt"/>
        <line num="331" count="0" type="stmt"/>
      </file>
      <file name="vectorstores.ts" path="/Users/bracesproul/code/lang-chain-ai/langchainjs/langchain-core/src/vectorstores.ts">
        <metrics statements="34" coveredstatements="0" conditionals="20" coveredconditionals="0" methods="15" coveredmethods="0"/>
        <line num="82" count="0" type="stmt"/>
        <line num="86" count="0" type="stmt"/>
        <line num="91" count="0" type="stmt"/>
        <line num="93" count="0" type="stmt"/>
        <line num="100" count="0" type="stmt"/>
        <line num="104" count="0" type="stmt"/>
        <line num="105" count="0" type="stmt"/>
        <line num="106" count="0" type="cond" truecount="0" falsecount="2"/>
        <line num="107" count="0" type="cond" truecount="0" falsecount="2"/>
        <line num="108" count="0" type="stmt"/>
        <line num="109" count="0" type="cond" truecount="0" falsecount="1"/>
        <line num="110" count="0" type="stmt"/>
        <line num="118" count="0" type="cond" truecount="0" falsecount="1"/>
        <line num="119" count="0" type="cond" truecount="0" falsecount="1"/>
        <line num="120" count="0" type="stmt"/>
        <line num="124" count="0" type="stmt"/>
        <line num="134" count="0" type="stmt"/>
        <line num="146" count="0" type="stmt"/>
        <line num="234" count="0" type="stmt"/>
        <line num="240" count="0" type="stmt"/>
        <line num="241" count="0" type="stmt"/>
        <line num="259" count="0" type="stmt"/>
        <line num="274" count="0" type="stmt"/>
        <line num="280" count="0" type="stmt"/>
        <line num="289" count="0" type="stmt"/>
        <line num="324" count="0" type="stmt"/>
        <line num="335" count="0" type="stmt"/>
        <line num="348" count="0" type="cond" truecount="0" falsecount="2"/>
        <line num="349" count="0" type="stmt"/>
        <line num="359" count="0" type="stmt"/>
        <line num="369" count="0" type="cond" truecount="0" falsecount="1"/>
        <line num="370" count="0" type="stmt"/>
        <line num="375" count="0" type="stmt"/>
        <line num="391" count="0" type="stmt"/>
      </file>
    </package>
    <package name="src.callbacks">
      <metrics statements="302" coveredstatements="223" conditionals="156" coveredconditionals="126" methods="102" coveredmethods="77"/>
      <file name="base.ts" path="/Users/bracesproul/code/lang-chain-ai/langchainjs/langchain-core/src/callbacks/base.ts">
        <metrics statements="26" coveredstatements="17" conditionals="13" coveredconditionals="12" methods="12" coveredmethods="3"/>
        <line num="282" count="183" type="stmt"/>
        <line num="285" count="0" type="stmt"/>
        <line num="289" count="0" type="stmt"/>
        <line num="293" count="0" type="stmt"/>
        <line num="297" count="0" type="stmt"/>
        <line num="307" count="0" type="stmt"/>
        <line num="314" count="0" type="stmt"/>
        <line num="324" count="183" type="stmt"/>
        <line num="326" count="183" type="stmt"/>
        <line num="328" count="183" type="stmt"/>
        <line num="330" count="183" type="stmt"/>
        <line num="333" count="183" type="cond" truecount="1" falsecount="1"/>
        <line num="339" count="183" type="stmt"/>
        <line num="340" count="183" type="cond" truecount="2" falsecount="0"/>
        <line num="341" count="183" type="cond" truecount="1" falsecount="0"/>
        <line num="342" count="146" type="cond" truecount="2" falsecount="0"/>
        <line num="343" count="146" type="cond" truecount="2" falsecount="0"/>
        <line num="344" count="146" type="cond" truecount="2" falsecount="0"/>
        <line num="345" count="146" type="cond" truecount="2" falsecount="0"/>
        <line num="350" count="0" type="stmt"/>
        <line num="356" count="0" type="stmt"/>
        <line num="360" count="0" type="stmt"/>
        <line num="365" count="7" type="stmt"/>
        <line num="368" count="7" type="stmt"/>
        <line num="369" count="7" type="stmt"/>
        <line num="372" count="7" type="stmt"/>
      </file>
      <file name="manager.ts" path="/Users/bracesproul/code/lang-chain-ai/langchainjs/langchain-core/src/callbacks/manager.ts">
        <metrics statements="268" coveredstatements="203" conditionals="136" coveredconditionals="112" methods="87" coveredmethods="72"/>
        <line num="66" count="2" type="cond" truecount="1" falsecount="1"/>
        <line num="67" count="0" type="stmt"/>
        <line num="68" count="2" type="cond" truecount="3" falsecount="1"/>
        <line num="69" count="0" type="stmt"/>
        <line num="71" count="2" type="stmt"/>
        <line num="86" count="0" type="stmt"/>
        <line num="95" count="410" type="stmt"/>
        <line num="96" count="410" type="stmt"/>
        <line num="97" count="410" type="stmt"/>
        <line num="98" count="410" type="stmt"/>
        <line num="99" count="410" type="stmt"/>
        <line num="100" count="410" type="stmt"/>
        <line num="101" count="410" type="stmt"/>
        <line num="102" count="410" type="stmt"/>
        <line num="106" count="1" type="stmt"/>
        <line num="108" count="2" type="stmt"/>
        <line num="109" count="2" type="stmt"/>
        <line num="110" count="2" type="stmt"/>
        <line num="117" count="0" type="stmt"/>
        <line num="136" count="0" type="stmt"/>
        <line num="137" count="0" type="stmt"/>
        <line num="138" count="0" type="stmt"/>
        <line num="139" count="0" type="stmt"/>
        <line num="140" count="0" type="cond" truecount="0" falsecount="1"/>
        <line num="141" count="0" type="stmt"/>
        <line num="143" count="0" type="stmt"/>
        <line num="147" count="4" type="stmt"/>
        <line num="149" count="6" type="stmt"/>
        <line num="150" count="6" type="cond" truecount="1" falsecount="0"/>
        <line num="151" count="5" type="stmt"/>
        <line num="152" count="5" type="stmt"/>
        <line num="159" count="0" type="stmt"/>
        <line num="170" count="2" type="stmt"/>
        <line num="172" count="3" type="stmt"/>
        <line num="173" count="3" type="cond" truecount="1" falsecount="0"/>
        <line num="174" count="2" type="stmt"/>
        <line num="175" count="2" type="stmt"/>
        <line num="182" count="0" type="stmt"/>
        <line num="205" count="36" type="stmt"/>
        <line num="207" count="46" type="stmt"/>
        <line num="208" count="46" type="cond" truecount="1" falsecount="0"/>
        <line num="209" count="45" type="stmt"/>
        <line num="210" count="45" type="stmt"/>
        <line num="219" count="0" type="stmt"/>
        <line num="230" count="9" type="stmt"/>
        <line num="232" count="10" type="stmt"/>
        <line num="233" count="10" type="cond" truecount="1" falsecount="0"/>
        <line num="234" count="9" type="stmt"/>
        <line num="235" count="9" type="stmt"/>
        <line num="242" count="0" type="stmt"/>
        <line num="253" count="85" type="stmt"/>
        <line num="255" count="102" type="stmt"/>
        <line num="256" count="102" type="cond" truecount="1" falsecount="0"/>
        <line num="257" count="101" type="stmt"/>
        <line num="258" count="101" type="stmt"/>
        <line num="265" count="0" type="stmt"/>
        <line num="282" count="258" type="stmt"/>
        <line num="283" count="258" type="stmt"/>
        <line num="284" count="258" type="stmt"/>
        <line num="285" count="258" type="stmt"/>
        <line num="286" count="258" type="cond" truecount="1" falsecount="0"/>
        <line num="287" count="228" type="stmt"/>
        <line num="289" count="258" type="stmt"/>
        <line num="299" count="20" type="stmt"/>
        <line num="301" count="23" type="stmt"/>
        <line num="302" count="23" type="cond" truecount="1" falsecount="0"/>
        <line num="303" count="22" type="stmt"/>
        <line num="304" count="22" type="stmt"/>
        <line num="312" count="0" type="stmt"/>
        <line num="329" count="287" type="stmt"/>
        <line num="331" count="323" type="stmt"/>
        <line num="332" count="323" type="cond" truecount="1" falsecount="0"/>
        <line num="333" count="322" type="stmt"/>
        <line num="334" count="322" type="stmt"/>
        <line num="342" count="0" type="stmt"/>
        <line num="353" count="2" type="stmt"/>
        <line num="355" count="3" type="stmt"/>
        <line num="356" count="3" type="cond" truecount="1" falsecount="0"/>
        <line num="357" count="2" type="stmt"/>
        <line num="358" count="2" type="stmt"/>
        <line num="365" count="0" type="stmt"/>
        <line num="376" count="2" type="stmt"/>
        <line num="378" count="3" type="stmt"/>
        <line num="379" count="3" type="cond" truecount="1" falsecount="0"/>
        <line num="380" count="2" type="stmt"/>
        <line num="381" count="2" type="stmt"/>
        <line num="388" count="0" type="stmt"/>
        <line num="405" count="1" type="stmt"/>
        <line num="406" count="1" type="stmt"/>
        <line num="407" count="1" type="stmt"/>
        <line num="408" count="1" type="stmt"/>
        <line num="409" count="1" type="cond" truecount="0" falsecount="1"/>
        <line num="410" count="0" type="stmt"/>
        <line num="412" count="1" type="stmt"/>
        <line num="416" count="2" type="stmt"/>
        <line num="418" count="3" type="stmt"/>
        <line num="419" count="3" type="cond" truecount="1" falsecount="0"/>
        <line num="420" count="2" type="stmt"/>
        <line num="421" count="2" type="stmt"/>
        <line num="428" count="0" type="stmt"/>
        <line num="439" count="2" type="stmt"/>
        <line num="441" count="3" type="stmt"/>
        <line num="442" count="3" type="cond" truecount="1" falsecount="0"/>
        <line num="443" count="2" type="stmt"/>
        <line num="444" count="2" type="stmt"/>
        <line num="451" count="0" type="stmt"/>
        <line num="484" count="689" type="stmt"/>
        <line num="486" count="689" type="stmt"/>
        <line num="488" count="689" type="stmt"/>
        <line num="490" count="689" type="stmt"/>
        <line num="492" count="689" type="stmt"/>
        <line num="494" count="689" type="stmt"/>
        <line num="496" count="689" type="stmt"/>
        <line num="511" count="689" type="stmt"/>
        <line num="512" count="689" type="cond" truecount="2" falsecount="0"/>
        <line num="513" count="689" type="stmt"/>
        <line num="515" count="689" type="cond" truecount="2" falsecount="0"/>
        <line num="516" count="689" type="cond" truecount="2" falsecount="0"/>
        <line num="517" count="689" type="cond" truecount="2" falsecount="0"/>
        <line num="518" count="689" type="stmt"/>
        <line num="520" count="689" type="stmt"/>
        <line num="533" count="59" type="stmt"/>
        <line num="535" count="59" type="stmt"/>
        <line num="537" count="59" type="stmt"/>
        <line num="539" count="70" type="stmt"/>
        <line num="540" count="70" type="cond" truecount="1" falsecount="0"/>
        <line num="541" count="69" type="stmt"/>
        <line num="542" count="69" type="stmt"/>
        <line num="553" count="0" type="stmt"/>
        <line num="562" count="59" type="stmt"/>
        <line num="586" count="36" type="stmt"/>
        <line num="588" count="36" type="stmt"/>
        <line num="590" count="36" type="stmt"/>
        <line num="592" count="42" type="stmt"/>
        <line num="593" count="42" type="cond" truecount="1" falsecount="0"/>
        <line num="594" count="42" type="stmt"/>
        <line num="595" count="42" type="cond" truecount="2" falsecount="0"/>
        <line num="596" count="39" type="stmt"/>
        <line num="606" count="3" type="cond" truecount="1" falsecount="0"/>
        <line num="607" count="1" type="stmt"/>
        <line num="608" count="1" type="stmt"/>
        <line num="620" count="0" type="stmt"/>
        <line num="629" count="36" type="stmt"/>
        <line num="652" count="308" type="stmt"/>
        <line num="654" count="349" type="stmt"/>
        <line num="655" count="349" type="cond" truecount="1" falsecount="0"/>
        <line num="656" count="348" type="stmt"/>
        <line num="657" count="348" type="stmt"/>
        <line num="668" count="0" type="stmt"/>
        <line num="676" count="308" type="stmt"/>
        <line num="697" count="3" type="stmt"/>
        <line num="699" count="5" type="stmt"/>
        <line num="700" count="5" type="cond" truecount="1" falsecount="0"/>
        <line num="701" count="4" type="stmt"/>
        <line num="702" count="4" type="stmt"/>
        <line num="712" count="0" type="stmt"/>
        <line num="720" count="3" type="stmt"/>
        <line num="741" count="4" type="stmt"/>
        <line num="743" count="6" type="stmt"/>
        <line num="744" count="6" type="cond" truecount="1" falsecount="0"/>
        <line num="745" count="5" type="stmt"/>
        <line num="746" count="5" type="stmt"/>
        <line num="756" count="0" type="stmt"/>
        <line num="764" count="4" type="stmt"/>
        <line num="777" count="799" type="stmt"/>
        <line num="778" count="799" type="cond" truecount="1" falsecount="0"/>
        <line num="779" count="793" type="stmt"/>
        <line num="784" count="0" type="stmt"/>
        <line num="785" count="0" type="stmt"/>
        <line num="786" count="0" type="stmt"/>
        <line num="791" count="273" type="stmt"/>
        <line num="792" count="273" type="stmt"/>
        <line num="793" count="273" type="stmt"/>
        <line num="794" count="309" type="stmt"/>
        <line num="799" count="1449" type="stmt"/>
        <line num="800" count="1449" type="stmt"/>
        <line num="801" count="1449" type="cond" truecount="1" falsecount="0"/>
        <line num="802" count="623" type="stmt"/>
        <line num="807" count="1449" type="stmt"/>
        <line num="808" count="1449" type="stmt"/>
        <line num="809" count="4" type="stmt"/>
        <line num="814" count="1003" type="stmt"/>
        <line num="815" count="1003" type="cond" truecount="1" falsecount="0"/>
        <line num="816" count="639" type="stmt"/>
        <line num="821" count="0" type="stmt"/>
        <line num="822" count="0" type="stmt"/>
        <line num="823" count="0" type="stmt"/>
        <line num="831" count="282" type="stmt"/>
        <line num="832" count="282" type="stmt"/>
        <line num="833" count="327" type="stmt"/>
        <line num="834" count="327" type="stmt"/>
        <line num="836" count="282" type="stmt"/>
        <line num="837" count="238" type="stmt"/>
        <line num="838" count="238" type="stmt"/>
        <line num="840" count="282" type="stmt"/>
        <line num="841" count="20" type="stmt"/>
        <line num="842" count="20" type="stmt"/>
        <line num="844" count="282" type="stmt"/>
        <line num="845" count="6" type="cond" truecount="0" falsecount="1"/>
        <line num="848" count="15" type="stmt"/>
        <line num="849" count="0" type="stmt"/>
        <line num="851" count="0" type="stmt"/>
        <line num="853" count="6" type="stmt"/>
        <line num="855" count="282" type="stmt"/>
        <line num="860" count="1" type="stmt"/>
        <line num="863" count="1" type="stmt"/>
        <line num="864" count="1" type="stmt"/>
        <line num="868" count="1" type="stmt"/>
        <line num="869" count="1" type="stmt"/>
        <line num="870" count="1" type="stmt"/>
        <line num="883" count="396" type="cond" truecount="3" falsecount="0"/>
        <line num="884" count="270" type="cond" truecount="4" falsecount="0"/>
        <line num="885" count="13" type="stmt"/>
        <line num="886" count="13" type="stmt"/>
        <line num="891" count="257" type="stmt"/>
        <line num="893" count="270" type="stmt"/>
        <line num="902" count="396" type="cond" truecount="2" falsecount="0"/>
        <line num="905" count="396" type="stmt"/>
        <line num="908" count="396" type="cond" truecount="1" falsecount="2"/>
        <line num="910" count="396" type="cond" truecount="3" falsecount="0"/>
        <line num="911" count="396" type="cond" truecount="1" falsecount="0"/>
        <line num="912" count="126" type="stmt"/>
        <line num="914" count="396" type="cond" truecount="0" falsecount="1"/>
        <line num="917" count="0" type="stmt"/>
        <line num="920" count="0" type="stmt"/>
        <line num="921" count="0" type="stmt"/>
        <line num="923" count="396" type="cond" truecount="1" falsecount="0"/>
        <line num="926" count="297" type="stmt"/>
        <line num="929" count="139" type="cond" truecount="1" falsecount="0"/>
        <line num="930" count="139" type="stmt"/>
        <line num="934" count="396" type="cond" truecount="3" falsecount="0"/>
        <line num="935" count="361" type="cond" truecount="1" falsecount="0"/>
        <line num="936" count="361" type="cond" truecount="2" falsecount="0"/>
        <line num="937" count="361" type="cond" truecount="2" falsecount="0"/>
        <line num="940" count="396" type="cond" truecount="3" falsecount="0"/>
        <line num="941" count="361" type="cond" truecount="1" falsecount="0"/>
        <line num="942" count="361" type="cond" truecount="2" falsecount="0"/>
        <line num="943" count="361" type="cond" truecount="2" falsecount="0"/>
        <line num="946" count="396" type="stmt"/>
        <line num="953" count="20" type="cond" truecount="1" falsecount="0"/>
        <line num="954" count="13" type="stmt"/>
        <line num="957" count="7" type="stmt"/>
        <line num="995" count="0" type="stmt"/>
        <line num="996" count="0" type="stmt"/>
        <line num="1007" count="0" type="stmt"/>
        <line num="1008" count="0" type="stmt"/>
        <line num="1009" count="0" type="stmt"/>
        <line num="1017" count="0" type="cond" truecount="0" falsecount="1"/>
        <line num="1018" count="0" type="stmt"/>
        <line num="1020" count="0" type="stmt"/>
        <line num="1024" count="0" type="cond" truecount="0" falsecount="1"/>
        <line num="1025" count="0" type="stmt"/>
        <line num="1031" count="0" type="stmt"/>
        <line num="1035" count="0" type="cond" truecount="0" falsecount="1"/>
        <line num="1036" count="0" type="stmt"/>
        <line num="1037" count="0" type="stmt"/>
        <line num="1042" count="0" type="cond" truecount="0" falsecount="1"/>
        <line num="1043" count="0" type="cond" truecount="0" falsecount="2"/>
        <line num="1044" count="0" type="stmt"/>
        <line num="1051" count="0" type="cond" truecount="0" falsecount="5"/>
        <line num="1064" count="0" type="stmt"/>
        <line num="1065" count="0" type="stmt"/>
        <line num="1066" count="0" type="stmt"/>
        <line num="1067" count="0" type="stmt"/>
        <line num="1068" count="0" type="stmt"/>
        <line num="1069" count="0" type="stmt"/>
        <line num="1071" count="0" type="stmt"/>
        <line num="1072" count="0" type="stmt"/>
      </file>
      <file name="promises.ts" path="/Users/bracesproul/code/lang-chain-ai/langchainjs/langchain-core/src/callbacks/promises.ts">
        <metrics statements="8" coveredstatements="3" conditionals="7" coveredconditionals="2" methods="3" coveredmethods="2"/>
        <line num="11" count="0" type="cond" truecount="0" falsecount="2"/>
        <line num="12" count="0" type="stmt"/>
        <line num="27" count="999" type="cond" truecount="1" falsecount="1"/>
        <line num="28" count="999" type="stmt"/>
        <line num="30" count="0" type="cond" truecount="0" falsecount="1"/>
        <line num="31" count="0" type="stmt"/>
        <line num="33" count="0" type="stmt"/>
        <line num="42" count="30" type="cond" truecount="1" falsecount="1"/>
      </file>
    </package>
    <package name="src.documents">
      <metrics statements="9" coveredstatements="2" conditionals="4" coveredconditionals="3" methods="3" coveredmethods="1"/>
      <file name="document.ts" path="/Users/bracesproul/code/lang-chain-ai/langchainjs/langchain-core/src/documents/document.ts">
        <metrics statements="2" coveredstatements="2" conditionals="4" coveredconditionals="3" methods="1" coveredmethods="1"/>
        <line num="32" count="9" type="cond" truecount="1" falsecount="1"/>
        <line num="35" count="9" type="cond" truecount="2" falsecount="0"/>
      </file>
      <file name="transformers.ts" path="/Users/bracesproul/code/lang-chain-ai/langchainjs/langchain-core/src/documents/transformers.ts">
        <metrics statements="7" coveredstatements="0" conditionals="0" coveredconditionals="0" methods="2" coveredmethods="0"/>
        <line num="19" count="0" type="stmt"/>
        <line num="36" count="0" type="stmt"/>
        <line num="48" count="0" type="stmt"/>
        <line num="49" count="0" type="stmt"/>
        <line num="50" count="0" type="stmt"/>
        <line num="51" count="0" type="stmt"/>
        <line num="53" count="0" type="stmt"/>
      </file>
    </package>
    <package name="src.example_selectors">
      <metrics statements="75" coveredstatements="27" conditionals="31" coveredconditionals="6" methods="27" coveredmethods="6"/>
      <file name="base.ts" path="/Users/bracesproul/code/lang-chain-ai/langchainjs/langchain-core/src/example_selectors/base.ts">
        <metrics statements="1" coveredstatements="1" conditionals="0" coveredconditionals="0" methods="0" coveredmethods="0"/>
        <line num="8" count="1" type="stmt"/>
      </file>
      <file name="conditional.ts" path="/Users/bracesproul/code/lang-chain-ai/langchainjs/langchain-core/src/example_selectors/conditional.ts">
        <metrics statements="11" coveredstatements="0" conditionals="4" coveredconditionals="0" methods="5" coveredmethods="0"/>
        <line num="36" count="0" type="stmt"/>
        <line num="37" count="0" type="cond" truecount="0" falsecount="2"/>
        <line num="65" count="0" type="stmt"/>
        <line num="66" count="0" type="stmt"/>
        <line num="67" count="0" type="stmt"/>
        <line num="77" count="0" type="stmt"/>
        <line num="78" count="0" type="cond" truecount="0" falsecount="1"/>
        <line num="79" count="0" type="stmt"/>
        <line num="82" count="0" type="stmt"/>
        <line num="91" count="0" type="stmt"/>
        <line num="101" count="0" type="stmt"/>
      </file>
      <file name="length_based.ts" path="/Users/bracesproul/code/lang-chain-ai/langchainjs/langchain-core/src/example_selectors/length_based.ts">
        <metrics statements="33" coveredstatements="26" conditionals="9" coveredconditionals="6" methods="9" coveredmethods="6"/>
        <line num="9" count="3" type="stmt"/>
        <line num="64" count="1" type="stmt"/>
        <line num="68" count="1" type="stmt"/>
        <line num="70" count="1" type="stmt"/>
        <line num="72" count="1" type="stmt"/>
        <line num="75" count="1" type="stmt"/>
        <line num="76" count="1" type="stmt"/>
        <line num="77" count="1" type="cond" truecount="1" falsecount="1"/>
        <line num="78" count="1" type="cond" truecount="2" falsecount="0"/>
        <line num="87" count="2" type="stmt"/>
        <line num="88" count="2" type="stmt"/>
        <line num="89" count="2" type="stmt"/>
        <line num="102" count="0" type="cond" truecount="0" falsecount="1"/>
        <line num="103" count="0" type="stmt"/>
        <line num="106" count="0" type="stmt"/>
        <line num="107" count="0" type="stmt"/>
        <line num="108" count="0" type="stmt"/>
        <line num="110" count="0" type="stmt"/>
        <line num="120" count="1" type="stmt"/>
        <line num="121" count="1" type="stmt"/>
        <line num="122" count="1" type="stmt"/>
        <line num="123" count="1" type="stmt"/>
        <line num="125" count="1" type="cond" truecount="2" falsecount="0"/>
        <line num="126" count="2" type="stmt"/>
        <line num="127" count="2" type="cond" truecount="1" falsecount="1"/>
        <line num="128" count="0" type="stmt"/>
        <line num="130" count="2" type="stmt"/>
        <line num="131" count="2" type="stmt"/>
        <line num="133" count="2" type="stmt"/>
        <line num="136" count="1" type="stmt"/>
        <line num="150" count="1" type="stmt"/>
        <line num="151" count="2" type="stmt"/>
        <line num="152" count="1" type="stmt"/>
      </file>
      <file name="semantic_similarity.ts" path="/Users/bracesproul/code/lang-chain-ai/langchainjs/langchain-core/src/example_selectors/semantic_similarity.ts">
        <metrics statements="30" coveredstatements="0" conditionals="18" coveredconditionals="0" methods="13" coveredmethods="0"/>
        <line num="12" count="0" type="stmt"/>
        <line num="14" count="0" type="stmt"/>
        <line num="80" count="0" type="stmt"/>
        <line num="81" count="0" type="stmt"/>
        <line num="82" count="0" type="stmt"/>
        <line num="83" count="0" type="cond" truecount="0" falsecount="2"/>
        <line num="84" count="0" type="stmt"/>
        <line num="88" count="0" type="cond" truecount="0" falsecount="2"/>
        <line num="89" count="0" type="stmt"/>
        <line num="91" count="0" type="stmt"/>
        <line num="104" count="0" type="cond" truecount="0" falsecount="2"/>
        <line num="105" count="0" type="stmt"/>
        <line num="107" count="0" type="stmt"/>
        <line num="112" count="0" type="stmt"/>
        <line num="130" count="0" type="cond" truecount="0" falsecount="2"/>
        <line num="131" count="0" type="stmt"/>
        <line num="133" count="0" type="stmt"/>
        <line num="138" count="0" type="stmt"/>
        <line num="140" count="0" type="stmt"/>
        <line num="141" count="0" type="cond" truecount="0" falsecount="1"/>
        <line num="143" count="0" type="stmt"/>
        <line num="144" count="0" type="stmt"/>
        <line num="145" count="0" type="stmt"/>
        <line num="150" count="0" type="stmt"/>
        <line num="176" count="0" type="cond" truecount="0" falsecount="2"/>
        <line num="177" count="0" type="stmt"/>
        <line num="178" count="0" type="stmt"/>
        <line num="181" count="0" type="stmt"/>
        <line num="188" count="0" type="stmt"/>
        <line num="195" count="0" type="stmt"/>
      </file>
    </package>
    <package name="src.language_models">
      <metrics statements="320" coveredstatements="249" conditionals="122" coveredconditionals="72" methods="85" coveredmethods="67"/>
      <file name="base.ts" path="/Users/bracesproul/code/lang-chain-ai/langchainjs/langchain-core/src/language_models/base.ts">
        <metrics statements="75" coveredstatements="44" conditionals="40" coveredconditionals="22" methods="17" coveredmethods="11"/>
        <line num="24" count="16" type="stmt"/>
        <line num="25" count="15" type="cond" truecount="1" falsecount="0"/>
        <line num="26" count="6" type="stmt"/>
        <line num="29" count="9" type="cond" truecount="0" falsecount="1"/>
        <line num="30" count="0" type="stmt"/>
        <line num="33" count="9" type="cond" truecount="1" falsecount="0"/>
        <line num="34" count="3" type="stmt"/>
        <line num="37" count="6" type="cond" truecount="0" falsecount="1"/>
        <line num="38" count="0" type="stmt"/>
        <line num="41" count="6" type="stmt"/>
        <line num="44" count="16" type="stmt"/>
        <line num="45" count="0" type="cond" truecount="0" falsecount="2"/>
        <line num="47" count="0" type="stmt"/>
        <line num="49" count="0" type="stmt"/>
        <line num="53" count="16" type="stmt"/>
        <line num="54" count="10" type="cond" truecount="4" falsecount="7"/>
        <line num="56" count="4" type="stmt"/>
        <line num="58" count="2" type="stmt"/>
        <line num="60" count="2" type="stmt"/>
        <line num="62" count="2" type="stmt"/>
        <line num="64" count="0" type="stmt"/>
        <line num="66" count="0" type="stmt"/>
        <line num="68" count="0" type="stmt"/>
        <line num="70" count="0" type="stmt"/>
        <line num="72" count="0" type="stmt"/>
        <line num="74" count="0" type="stmt"/>
        <line num="76" count="0" type="stmt"/>
        <line num="85" count="16" type="stmt"/>
        <line num="91" count="5" type="stmt"/>
        <line num="92" count="5" type="stmt"/>
        <line num="96" count="0" type="stmt"/>
        <line num="102" count="0" type="stmt"/>
        <line num="105" count="5" type="stmt"/>
        <line num="106" count="5" type="stmt"/>
        <line num="109" count="60" type="stmt"/>
        <line num="147" count="0" type="stmt"/>
        <line num="154" count="60" type="stmt"/>
        <line num="155" count="60" type="cond" truecount="2" falsecount="0"/>
        <line num="156" count="60" type="stmt"/>
        <line num="157" count="60" type="cond" truecount="2" falsecount="0"/>
        <line num="158" count="60" type="cond" truecount="2" falsecount="0"/>
        <line num="313" count="0" type="stmt"/>
        <line num="329" count="58" type="stmt"/>
        <line num="333" count="58" type="cond" truecount="1" falsecount="1"/>
        <line num="334" count="0" type="stmt"/>
        <line num="335" count="58" type="cond" truecount="2" falsecount="0"/>
        <line num="336" count="2" type="stmt"/>
        <line num="338" count="56" type="stmt"/>
        <line num="340" count="58" type="cond" truecount="1" falsecount="1"/>
        <line num="375" count="0" type="cond" truecount="0" falsecount="1"/>
        <line num="376" count="0" type="stmt"/>
        <line num="379" count="0" type="stmt"/>
        <line num="381" count="0" type="cond" truecount="0" falsecount="1"/>
        <line num="382" count="0" type="stmt"/>
        <line num="383" count="0" type="stmt"/>
        <line num="389" count="0" type="stmt"/>
        <line num="396" count="0" type="cond" truecount="0" falsecount="1"/>
        <line num="397" count="0" type="stmt"/>
        <line num="398" count="0" type="stmt"/>
        <line num="400" count="0" type="stmt"/>
        <line num="407" count="0" type="stmt"/>
        <line num="413" count="82" type="cond" truecount="2" falsecount="0"/>
        <line num="414" count="53" type="stmt"/>
        <line num="415" count="29" type="cond" truecount="2" falsecount="0"/>
        <line num="416" count="3" type="stmt"/>
        <line num="418" count="26" type="stmt"/>
        <line num="427" count="2" type="stmt"/>
        <line num="439" count="4" type="stmt"/>
        <line num="445" count="4" type="stmt"/>
        <line num="446" count="8" type="stmt"/>
        <line num="448" count="4" type="stmt"/>
        <line num="449" count="8" type="stmt"/>
        <line num="452" count="4" type="stmt"/>
        <line num="460" count="0" type="stmt"/>
        <line num="472" count="0" type="stmt"/>
      </file>
      <file name="chat_models.ts" path="/Users/bracesproul/code/lang-chain-ai/langchainjs/langchain-core/src/language_models/chat_models.ts">
        <metrics statements="128" coveredstatements="104" conditionals="38" coveredconditionals="23" methods="35" coveredmethods="28"/>
        <line num="67" count="1" type="stmt"/>
        <line num="68" count="1" type="stmt"/>
        <line num="70" count="1" type="stmt"/>
        <line num="105" count="23" type="stmt"/>
        <line num="108" count="23" type="stmt"/>
        <line num="119" count="34" type="stmt"/>
        <line num="120" count="34" type="cond" truecount="1" falsecount="2"/>
        <line num="121" count="0" type="stmt"/>
        <line num="123" count="34" type="stmt"/>
        <line num="136" count="20" type="stmt"/>
        <line num="137" count="20" type="stmt"/>
        <line num="142" count="20" type="stmt"/>
        <line num="144" count="20" type="stmt"/>
        <line num="153" count="0" type="stmt"/>
        <line num="161" count="7" type="cond" truecount="2" falsecount="0"/>
        <line num="165" count="3" type="stmt"/>
        <line num="167" count="4" type="stmt"/>
        <line num="168" count="4" type="stmt"/>
        <line num="170" count="4" type="stmt"/>
        <line num="171" count="4" type="stmt"/>
        <line num="180" count="4" type="stmt"/>
        <line num="185" count="4" type="stmt"/>
        <line num="196" count="4" type="stmt"/>
        <line num="197" count="4" type="stmt"/>
        <line num="202" count="60" type="stmt"/>
        <line num="203" count="60" type="cond" truecount="2" falsecount="0"/>
        <line num="204" count="4" type="stmt"/>
        <line num="206" count="56" type="stmt"/>
        <line num="210" count="0" type="stmt"/>
        <line num="212" count="0" type="stmt"/>
        <line num="215" count="0" type="stmt"/>
        <line num="217" count="4" type="stmt"/>
        <line num="219" count="4" type="stmt"/>
        <line num="234" count="29" type="stmt"/>
        <line num="235" count="29" type="stmt"/>
        <line num="239" count="29" type="stmt"/>
        <line num="248" count="29" type="stmt"/>
        <line num="253" count="29" type="stmt"/>
        <line num="264" count="29" type="stmt"/>
        <line num="266" count="29" type="stmt"/>
        <line num="274" count="29" type="stmt"/>
        <line num="275" count="29" type="stmt"/>
        <line num="276" count="29" type="stmt"/>
        <line num="278" count="29" type="cond" truecount="1" falsecount="1"/>
        <line num="279" count="29" type="stmt"/>
        <line num="280" count="29" type="stmt"/>
        <line num="281" count="29" type="stmt"/>
        <line num="282" count="29" type="stmt"/>
        <line num="288" count="0" type="stmt"/>
        <line num="289" count="0" type="stmt"/>
        <line num="294" count="29" type="stmt"/>
        <line num="300" count="29" type="stmt"/>
        <line num="302" count="29" type="stmt"/>
        <line num="306" count="29" type="stmt"/>
        <line num="318" count="2" type="stmt"/>
        <line num="319" count="2" type="stmt"/>
        <line num="323" count="2" type="stmt"/>
        <line num="332" count="2" type="stmt"/>
        <line num="338" count="2" type="stmt"/>
        <line num="350" count="2" type="stmt"/>
        <line num="351" count="2" type="stmt"/>
        <line num="355" count="2" type="stmt"/>
        <line num="356" count="2" type="stmt"/>
        <line num="358" count="2" type="cond" truecount="1" falsecount="0"/>
        <line num="359" count="1" type="stmt"/>
        <line num="362" count="2" type="stmt"/>
        <line num="368" count="2" type="stmt"/>
        <line num="369" count="2" type="stmt"/>
        <line num="372" count="2" type="cond" truecount="3" falsecount="0"/>
        <line num="377" count="2" type="stmt"/>
        <line num="378" count="2" type="stmt"/>
        <line num="380" count="1" type="cond" truecount="1" falsecount="1"/>
        <line num="381" count="1" type="stmt"/>
        <line num="382" count="1" type="stmt"/>
        <line num="383" count="1" type="cond" truecount="1" falsecount="0"/>
        <line num="384" count="1" type="stmt"/>
        <line num="386" count="1" type="stmt"/>
        <line num="391" count="0" type="stmt"/>
        <line num="392" count="0" type="stmt"/>
        <line num="397" count="2" type="stmt"/>
        <line num="405" count="2" type="stmt"/>
        <line num="407" count="2" type="stmt"/>
        <line num="412" count="2" type="stmt"/>
        <line num="429" count="30" type="cond" truecount="1" falsecount="1"/>
        <line num="430" count="0" type="stmt"/>
        <line num="432" count="30" type="stmt"/>
        <line num="435" count="30" type="stmt"/>
        <line num="436" count="30" type="stmt"/>
        <line num="440" count="30" type="stmt"/>
        <line num="441" count="30" type="cond" truecount="2" falsecount="0"/>
        <line num="443" count="30" type="cond" truecount="1" falsecount="0"/>
        <line num="444" count="28" type="stmt"/>
        <line num="447" count="2" type="stmt"/>
        <line num="449" count="2" type="stmt"/>
        <line num="451" count="2" type="stmt"/>
        <line num="459" count="2" type="stmt"/>
        <line num="460" count="2" type="cond" truecount="1" falsecount="0"/>
        <line num="461" count="1" type="stmt"/>
        <line num="462" count="1" type="stmt"/>
        <line num="466" count="1" type="stmt"/>
        <line num="468" count="1" type="stmt"/>
        <line num="469" count="1" type="stmt"/>
        <line num="471" count="1" type="stmt"/>
        <line num="474" count="1" type="stmt"/>
        <line num="477" count="1" type="cond" truecount="1" falsecount="1"/>
        <line num="480" count="2" type="stmt"/>
        <line num="488" count="35" type="stmt"/>
        <line num="492" count="2" type="stmt"/>
        <line num="502" count="0" type="stmt"/>
        <line num="521" count="20" type="stmt"/>
        <line num="522" count="20" type="stmt"/>
        <line num="524" count="20" type="stmt"/>
        <line num="547" count="10" type="stmt"/>
        <line num="552" count="10" type="stmt"/>
        <line num="553" count="10" type="stmt"/>
        <line num="570" count="0" type="stmt"/>
        <line num="571" count="0" type="stmt"/>
        <line num="588" count="0" type="stmt"/>
        <line num="605" count="0" type="stmt"/>
        <line num="606" count="0" type="stmt"/>
        <line num="607" count="0" type="cond" truecount="0" falsecount="1"/>
        <line num="608" count="0" type="stmt"/>
        <line num="610" count="0" type="stmt"/>
        <line num="632" count="0" type="stmt"/>
        <line num="633" count="0" type="stmt"/>
        <line num="634" count="0" type="cond" truecount="0" falsecount="1"/>
        <line num="635" count="0" type="stmt"/>
        <line num="639" count="0" type="stmt"/>
      </file>
      <file name="llms.ts" path="/Users/bracesproul/code/lang-chain-ai/langchainjs/langchain-core/src/language_models/llms.ts">
        <metrics statements="117" coveredstatements="101" conditionals="44" coveredconditionals="27" methods="33" coveredmethods="28"/>
        <line num="66" count="35" type="stmt"/>
        <line num="69" count="35" type="cond" truecount="1" falsecount="1"/>
        <line num="84" count="37" type="stmt"/>
        <line num="85" count="37" type="stmt"/>
        <line num="90" count="31" type="stmt"/>
        <line num="99" count="0" type="stmt"/>
        <line num="106" count="55" type="stmt"/>
        <line num="107" count="55" type="cond" truecount="1" falsecount="2"/>
        <line num="108" count="0" type="stmt"/>
        <line num="110" count="55" type="stmt"/>
        <line num="118" count="22" type="cond" truecount="2" falsecount="0"/>
        <line num="121" count="4" type="stmt"/>
        <line num="123" count="18" type="stmt"/>
        <line num="125" count="18" type="stmt"/>
        <line num="126" count="18" type="stmt"/>
        <line num="135" count="18" type="stmt"/>
        <line num="140" count="18" type="stmt"/>
        <line num="150" count="18" type="stmt"/>
        <line num="153" count="18" type="stmt"/>
        <line num="154" count="18" type="stmt"/>
        <line num="159" count="317" type="cond" truecount="1" falsecount="1"/>
        <line num="160" count="0" type="stmt"/>
        <line num="162" count="317" type="stmt"/>
        <line num="164" count="317" type="cond" truecount="1" falsecount="0"/>
        <line num="165" count="317" type="stmt"/>
        <line num="169" count="1" type="stmt"/>
        <line num="171" count="1" type="stmt"/>
        <line num="174" count="1" type="stmt"/>
        <line num="176" count="17" type="stmt"/>
        <line num="178" count="17" type="stmt"/>
        <line num="199" count="37" type="stmt"/>
        <line num="200" count="37" type="stmt"/>
        <line num="202" count="37" type="stmt"/>
        <line num="219" count="56" type="stmt"/>
        <line num="223" count="30" type="stmt"/>
        <line num="225" count="30" type="stmt"/>
        <line num="226" count="30" type="stmt"/>
        <line num="228" count="30" type="cond" truecount="1" falsecount="1"/>
        <line num="229" count="30" type="stmt"/>
        <line num="234" count="0" type="cond" truecount="0" falsecount="2"/>
        <line num="238" count="0" type="stmt"/>
        <line num="245" count="30" type="stmt"/>
        <line num="254" count="36" type="stmt"/>
        <line num="263" count="36" type="stmt"/>
        <line num="268" count="36" type="stmt"/>
        <line num="280" count="36" type="stmt"/>
        <line num="281" count="36" type="stmt"/>
        <line num="283" count="6" type="stmt"/>
        <line num="284" count="6" type="cond" truecount="1" falsecount="1"/>
        <line num="286" count="6" type="stmt"/>
        <line num="289" count="30" type="stmt"/>
        <line num="290" count="30" type="stmt"/>
        <line num="292" count="30" type="stmt"/>
        <line num="295" count="30" type="cond" truecount="1" falsecount="1"/>
        <line num="299" count="30" type="stmt"/>
        <line num="303" count="30" type="stmt"/>
        <line num="315" count="2" type="stmt"/>
        <line num="324" count="2" type="stmt"/>
        <line num="330" count="2" type="stmt"/>
        <line num="342" count="2" type="stmt"/>
        <line num="343" count="2" type="stmt"/>
        <line num="345" count="2" type="stmt"/>
        <line num="346" count="2" type="cond" truecount="1" falsecount="0"/>
        <line num="347" count="1" type="stmt"/>
        <line num="349" count="2" type="stmt"/>
        <line num="355" count="2" type="stmt"/>
        <line num="356" count="2" type="stmt"/>
        <line num="359" count="2" type="cond" truecount="3" falsecount="0"/>
        <line num="364" count="2" type="stmt"/>
        <line num="365" count="2" type="stmt"/>
        <line num="367" count="1" type="cond" truecount="1" falsecount="1"/>
        <line num="368" count="1" type="stmt"/>
        <line num="369" count="1" type="stmt"/>
        <line num="370" count="1" type="cond" truecount="1" falsecount="0"/>
        <line num="371" count="1" type="stmt"/>
        <line num="373" count="1" type="stmt"/>
        <line num="378" count="0" type="stmt"/>
        <line num="379" count="0" type="stmt"/>
        <line num="384" count="2" type="stmt"/>
        <line num="392" count="2" type="stmt"/>
        <line num="394" count="2" type="stmt"/>
        <line num="399" count="2" type="stmt"/>
        <line num="410" count="37" type="cond" truecount="0" falsecount="1"/>
        <line num="411" count="0" type="stmt"/>
        <line num="415" count="37" type="cond" truecount="1" falsecount="1"/>
        <line num="416" count="0" type="stmt"/>
        <line num="418" count="37" type="stmt"/>
        <line num="422" count="37" type="stmt"/>
        <line num="423" count="37" type="cond" truecount="2" falsecount="0"/>
        <line num="425" count="37" type="cond" truecount="1" falsecount="0"/>
        <line num="426" count="35" type="stmt"/>
        <line num="429" count="2" type="stmt"/>
        <line num="431" count="2" type="stmt"/>
        <line num="432" count="2" type="stmt"/>
        <line num="440" count="2" type="stmt"/>
        <line num="441" count="2" type="cond" truecount="1" falsecount="0"/>
        <line num="442" count="1" type="stmt"/>
        <line num="443" count="1" type="stmt"/>
        <line num="447" count="1" type="stmt"/>
        <line num="449" count="1" type="stmt"/>
        <line num="450" count="1" type="stmt"/>
        <line num="451" count="1" type="stmt"/>
        <line num="454" count="1" type="cond" truecount="2" falsecount="0"/>
        <line num="457" count="2" type="stmt"/>
        <line num="469" count="0" type="stmt"/>
        <line num="470" count="0" type="stmt"/>
        <line num="488" count="0" type="stmt"/>
        <line num="506" count="0" type="stmt"/>
        <line num="507" count="0" type="stmt"/>
        <line num="508" count="0" type="stmt"/>
        <line num="516" count="2" type="stmt"/>
        <line num="529" count="0" type="stmt"/>
        <line num="537" count="2" type="stmt"/>
        <line num="565" count="35" type="stmt"/>
        <line num="567" count="35" type="stmt"/>
        <line num="568" count="29" type="stmt"/>
        <line num="572" count="29" type="stmt"/>
      </file>
    </package>
    <package name="src.load">
      <metrics statements="136" coveredstatements="86" conditionals="108" coveredconditionals="67" methods="24" coveredmethods="20"/>
      <file name="import_constants.ts" path="/Users/bracesproul/code/lang-chain-ai/langchainjs/langchain-core/src/load/import_constants.ts">
        <metrics statements="1" coveredstatements="1" conditionals="0" coveredconditionals="0" methods="0" coveredmethods="0"/>
        <line num="3" count="1" type="stmt"/>
      </file>
      <file name="index.ts" path="/Users/bracesproul/code/lang-chain-ai/langchainjs/langchain-core/src/load/index.ts">
        <metrics statements="72" coveredstatements="50" conditionals="67" coveredconditionals="48" methods="8" coveredmethods="7"/>
        <line num="15" count="2" type="stmt"/>
        <line num="16" count="2" type="stmt"/>
        <line num="18" count="2" type="stmt"/>
        <line num="22" count="6" type="stmt"/>
        <line num="24" count="2" type="stmt"/>
        <line num="25" count="3" type="stmt"/>
        <line num="26" count="3" type="stmt"/>
        <line num="46" count="16" type="stmt"/>
        <line num="47" count="16" type="stmt"/>
        <line num="48" count="16" type="cond" truecount="1" falsecount="1"/>
        <line num="58" count="0" type="stmt"/>
        <line num="59" count="0" type="stmt"/>
        <line num="60" count="0" type="cond" truecount="0" falsecount="2"/>
        <line num="61" count="0" type="stmt"/>
        <line num="63" count="0" type="stmt"/>
        <line num="64" count="0" type="cond" truecount="0" falsecount="2"/>
        <line num="65" count="0" type="stmt"/>
        <line num="67" count="0" type="stmt"/>
        <line num="72" count="16" type="cond" truecount="1" falsecount="1"/>
        <line num="82" count="0" type="stmt"/>
        <line num="83" count="0" type="stmt"/>
        <line num="84" count="0" type="stmt"/>
        <line num="87" count="16" type="cond" truecount="2" falsecount="0"/>
        <line num="97" count="2" type="stmt"/>
        <line num="98" count="2" type="stmt"/>
        <line num="99" count="2" type="stmt"/>
        <line num="100" count="2" type="stmt"/>
        <line num="101" count="2" type="stmt"/>
        <line num="107" count="2" type="stmt"/>
        <line num="109" count="2" type="stmt"/>
        <line num="110" count="2" type="cond" truecount="0" falsecount="1"/>
        <line num="111" count="0" type="stmt"/>
        <line num="115" count="2" type="stmt"/>
        <line num="116" count="2" type="stmt"/>
        <line num="118" count="2" type="cond" truecount="1" falsecount="1"/>
        <line num="124" count="0" type="cond" truecount="0" falsecount="2"/>
        <line num="125" count="0" type="stmt"/>
        <line num="129" count="0" type="stmt"/>
        <line num="140" count="2" type="cond" truecount="3" falsecount="1"/>
        <line num="141" count="2" type="stmt"/>
        <line num="142" count="2" type="stmt"/>
        <line num="144" count="0" type="stmt"/>
        <line num="148" count="2" type="cond" truecount="0" falsecount="1"/>
        <line num="149" count="0" type="stmt"/>
        <line num="154" count="2" type="stmt"/>
        <line num="155" count="2" type="stmt"/>
        <line num="156" count="2" type="cond" truecount="1" falsecount="1"/>
        <line num="157" count="2" type="stmt"/>
        <line num="159" count="0" type="stmt"/>
        <line num="164" count="2" type="cond" truecount="1" falsecount="0"/>
        <line num="165" count="2" type="stmt"/>
        <line num="169" count="2" type="cond" truecount="2" falsecount="1"/>
        <line num="170" count="0" type="stmt"/>
        <line num="176" count="2" type="cond" truecount="1" falsecount="1"/>
        <line num="181" count="0" type="cond" truecount="0" falsecount="2"/>
        <line num="184" count="2" type="cond" truecount="0" falsecount="1"/>
        <line num="185" count="0" type="stmt"/>
        <line num="189" count="2" type="stmt"/>
        <line num="195" count="2" type="cond" truecount="1" falsecount="1"/>
        <line num="197" count="2" type="stmt"/>
        <line num="208" count="2" type="stmt"/>
        <line num="210" count="2" type="stmt"/>
        <line num="212" count="0" type="stmt"/>
        <line num="214" count="14" type="cond" truecount="3" falsecount="0"/>
        <line num="215" count="7" type="cond" truecount="2" falsecount="0"/>
        <line num="216" count="1" type="stmt"/>
        <line num="218" count="1" type="stmt"/>
        <line num="222" count="6" type="stmt"/>
        <line num="224" count="11" type="stmt"/>
        <line num="232" count="7" type="stmt"/>
        <line num="249" count="2" type="stmt"/>
        <line num="250" count="2" type="stmt"/>
      </file>
      <file name="map_keys.ts" path="/Users/bracesproul/code/lang-chain-ai/langchainjs/langchain-core/src/load/map_keys.ts">
        <metrics statements="7" coveredstatements="7" conditionals="5" coveredconditionals="5" methods="3" coveredmethods="3"/>
        <line num="14" count="1768" type="cond" truecount="2" falsecount="0"/>
        <line num="18" count="5" type="cond" truecount="2" falsecount="0"/>
        <line num="26" count="909" type="stmt"/>
        <line num="28" count="909" type="stmt"/>
        <line num="29" count="1773" type="cond" truecount="1" falsecount="0"/>
        <line num="30" count="1773" type="stmt"/>
        <line num="34" count="909" type="stmt"/>
      </file>
      <file name="serializable.ts" path="/Users/bracesproul/code/lang-chain-ai/langchainjs/langchain-core/src/load/serializable.ts">
        <metrics statements="56" coveredstatements="28" conditionals="36" coveredconditionals="14" methods="13" coveredmethods="10"/>
        <line num="24" count="0" type="cond" truecount="0" falsecount="2"/>
        <line num="31" count="0" type="stmt"/>
        <line num="32" count="0" type="stmt"/>
        <line num="33" count="0" type="stmt"/>
        <line num="35" count="0" type="stmt"/>
        <line num="36" count="0" type="stmt"/>
        <line num="37" count="0" type="cond" truecount="0" falsecount="1"/>
        <line num="38" count="0" type="stmt"/>
        <line num="40" count="0" type="stmt"/>
        <line num="41" count="0" type="stmt"/>
        <line num="43" count="0" type="cond" truecount="0" falsecount="1"/>
        <line num="44" count="0" type="stmt"/>
        <line num="51" count="0" type="stmt"/>
        <line num="64" count="1298" type="stmt"/>
        <line num="66" count="1298" type="cond" truecount="3" falsecount="0"/>
        <line num="69" count="1298" type="cond" truecount="2" falsecount="0"/>
        <line num="70" count="1297" type="stmt"/>
        <line num="72" count="1" type="stmt"/>
        <line num="77" count="1002" type="stmt"/>
        <line num="94" count="1665" type="stmt"/>
        <line num="101" count="1298" type="stmt"/>
        <line num="113" count="3401" type="stmt"/>
        <line num="123" count="3011" type="stmt"/>
        <line num="133" count="2802" type="stmt"/>
        <line num="137" count="1002" type="cond" truecount="2" falsecount="0"/>
        <line num="141" count="1298" type="cond" truecount="1" falsecount="0"/>
        <line num="142" count="391" type="stmt"/>
        <line num="144" count="907" type="cond" truecount="0" falsecount="1"/>
        <line num="152" count="0" type="stmt"/>
        <line num="155" count="907" type="stmt"/>
        <line num="156" count="907" type="stmt"/>
        <line num="157" count="907" type="stmt"/>
        <line num="158" count="1673" type="cond" truecount="2" falsecount="0"/>
        <line num="159" count="1673" type="stmt"/>
        <line num="162" count="907" type="stmt"/>
        <line num="164" count="907" type="stmt"/>
        <line num="168" count="4308" type="stmt"/>
        <line num="169" count="4308" type="stmt"/>
        <line num="170" count="4308" type="stmt"/>
        <line num="175" count="907" type="stmt"/>
        <line num="177" count="0" type="stmt"/>
        <line num="180" count="0" type="stmt"/>
        <line num="182" count="0" type="stmt"/>
        <line num="183" count="0" type="stmt"/>
        <line num="184" count="0" type="cond" truecount="0" falsecount="3"/>
        <line num="185" count="0" type="cond" truecount="0" falsecount="3"/>
        <line num="186" count="0" type="cond" truecount="0" falsecount="4"/>
        <line num="187" count="0" type="stmt"/>
        <line num="188" count="0" type="cond" truecount="0" falsecount="1"/>
        <line num="189" count="0" type="stmt"/>
        <line num="193" count="0" type="stmt"/>
        <line num="194" count="0" type="stmt"/>
        <line num="197" count="0" type="cond" truecount="0" falsecount="3"/>
        <line num="198" count="0" type="cond" truecount="0" falsecount="2"/>
        <line num="202" count="907" type="stmt"/>
        <line num="215" count="391" type="stmt"/>
      </file>
    </package>
    <package name="src.messages">
      <metrics statements="156" coveredstatements="60" conditionals="95" coveredconditionals="26" methods="56" coveredmethods="21"/>
      <file name="index.ts" path="/Users/bracesproul/code/lang-chain-ai/langchainjs/langchain-core/src/messages/index.ts">
        <metrics statements="156" coveredstatements="60" conditionals="95" coveredconditionals="26" methods="56" coveredmethods="21"/>
        <line num="109" count="112" type="cond" truecount="1" falsecount="1"/>
        <line num="110" count="112" type="cond" truecount="1" falsecount="1"/>
        <line num="111" count="112" type="stmt"/>
        <line num="113" count="0" type="stmt"/>
        <line num="116" count="0" type="cond" truecount="0" falsecount="2"/>
        <line num="117" count="0" type="stmt"/>
        <line num="121" count="0" type="stmt"/>
        <line num="134" count="364" type="stmt"/>
        <line num="136" count="364" type="stmt"/>
        <line num="140" count="568" type="stmt"/>
        <line num="148" count="0" type="cond" truecount="0" falsecount="2"/>
        <line num="168" count="364" type="cond" truecount="1" falsecount="0"/>
        <line num="170" count="158" type="stmt"/>
        <line num="173" count="364" type="cond" truecount="1" falsecount="0"/>
        <line num="175" count="249" type="stmt"/>
        <line num="177" count="364" type="stmt"/>
        <line num="178" count="364" type="stmt"/>
        <line num="179" count="364" type="stmt"/>
        <line num="180" count="364" type="stmt"/>
        <line num="184" count="0" type="stmt"/>
        <line num="192" count="0" type="stmt"/>
        <line num="193" count="0" type="cond" truecount="0" falsecount="2"/>
        <line num="195" count="0" type="stmt"/>
        <line num="196" count="0" type="cond" truecount="0" falsecount="2"/>
        <line num="198" count="0" type="stmt"/>
        <line num="199" count="0" type="cond" truecount="0" falsecount="2"/>
        <line num="201" count="0" type="stmt"/>
        <line num="202" count="0" type="cond" truecount="0" falsecount="2"/>
        <line num="204" count="0" type="stmt"/>
        <line num="206" count="0" type="cond" truecount="0" falsecount="2"/>
        <line num="208" count="0" type="stmt"/>
        <line num="210" count="0" type="stmt"/>
        <line num="221" count="0" type="stmt"/>
        <line num="223" count="0" type="stmt"/>
        <line num="241" count="112" type="stmt"/>
        <line num="242" count="112" type="stmt"/>
        <line num="243" count="0" type="cond" truecount="0" falsecount="2"/>
        <line num="244" count="0" type="stmt"/>
        <line num="245" count="0" type="cond" truecount="0" falsecount="2"/>
        <line num="246" count="0" type="stmt"/>
        <line num="249" count="0" type="cond" truecount="0" falsecount="2"/>
        <line num="250" count="0" type="stmt"/>
        <line num="251" count="0" type="cond" truecount="0" falsecount="2"/>
        <line num="255" count="0" type="stmt"/>
        <line num="259" count="0" type="cond" truecount="0" falsecount="2"/>
        <line num="264" count="0" type="stmt"/>
        <line num="265" count="0" type="cond" truecount="0" falsecount="2"/>
        <line num="266" count="0" type="stmt"/>
        <line num="267" count="0" type="cond" truecount="0" falsecount="1"/>
        <line num="268" count="0" type="stmt"/>
        <line num="270" count="0" type="stmt"/>
        <line num="282" count="0" type="stmt"/>
        <line num="286" count="0" type="stmt"/>
        <line num="291" count="112" type="stmt"/>
        <line num="300" count="298" type="stmt"/>
        <line num="304" count="37" type="stmt"/>
        <line num="314" count="0" type="stmt"/>
        <line num="318" count="0" type="stmt"/>
        <line num="322" count="0" type="stmt"/>
        <line num="337" count="156" type="stmt"/>
        <line num="341" count="34" type="stmt"/>
        <line num="351" count="16" type="stmt"/>
        <line num="355" count="0" type="stmt"/>
        <line num="359" count="112" type="stmt"/>
        <line num="374" count="86" type="stmt"/>
        <line num="378" count="33" type="stmt"/>
        <line num="388" count="0" type="stmt"/>
        <line num="392" count="0" type="stmt"/>
        <line num="396" count="0" type="stmt"/>
        <line num="411" count="0" type="stmt"/>
        <line num="427" count="2" type="cond" truecount="0" falsecount="1"/>
        <line num="429" count="0" type="stmt"/>
        <line num="431" count="2" type="stmt"/>
        <line num="435" count="0" type="stmt"/>
        <line num="445" count="0" type="stmt"/>
        <line num="449" count="0" type="stmt"/>
        <line num="453" count="0" type="stmt"/>
        <line num="469" count="2" type="stmt"/>
        <line num="474" count="2" type="stmt"/>
        <line num="492" count="2" type="cond" truecount="0" falsecount="1"/>
        <line num="494" count="0" type="stmt"/>
        <line num="496" count="2" type="stmt"/>
        <line num="497" count="2" type="stmt"/>
        <line num="501" count="0" type="stmt"/>
        <line num="513" count="0" type="stmt"/>
        <line num="514" count="0" type="stmt"/>
        <line num="518" count="0" type="stmt"/>
        <line num="522" count="0" type="stmt"/>
        <line num="526" count="0" type="stmt"/>
        <line num="545" count="0" type="stmt"/>
        <line num="555" count="2" type="cond" truecount="1" falsecount="0"/>
        <line num="557" count="2" type="stmt"/>
        <line num="559" count="2" type="stmt"/>
        <line num="560" count="2" type="stmt"/>
        <line num="564" count="0" type="stmt"/>
        <line num="568" count="0" type="stmt"/>
        <line num="580" count="1400" type="stmt"/>
        <line num="586" count="623" type="stmt"/>
        <line num="595" count="114" type="cond" truecount="2" falsecount="0"/>
        <line num="596" count="2" type="stmt"/>
        <line num="597" count="112" type="cond" truecount="1" falsecount="0"/>
        <line num="598" count="88" type="stmt"/>
        <line num="600" count="24" type="stmt"/>
        <line num="601" count="24" type="cond" truecount="4" falsecount="0"/>
        <line num="602" count="9" type="stmt"/>
        <line num="603" count="15" type="cond" truecount="4" falsecount="0"/>
        <line num="604" count="11" type="stmt"/>
        <line num="605" count="4" type="cond" truecount="1" falsecount="1"/>
        <line num="606" count="4" type="stmt"/>
        <line num="608" count="0" type="stmt"/>
        <line num="620" count="0" type="stmt"/>
        <line num="630" count="0" type="cond" truecount="0" falsecount="1"/>
        <line num="632" count="0" type="stmt"/>
        <line num="634" count="0" type="stmt"/>
        <line num="635" count="0" type="stmt"/>
        <line num="639" count="0" type="stmt"/>
        <line num="643" count="0" type="stmt"/>
        <line num="663" count="19" type="stmt"/>
        <line num="664" count="19" type="stmt"/>
        <line num="666" count="32" type="cond" truecount="2" falsecount="0"/>
        <line num="667" count="20" type="stmt"/>
        <line num="668" count="12" type="cond" truecount="2" falsecount="0"/>
        <line num="669" count="5" type="stmt"/>
        <line num="670" count="7" type="cond" truecount="1" falsecount="1"/>
        <line num="671" count="7" type="stmt"/>
        <line num="672" count="0" type="cond" truecount="0" falsecount="2"/>
        <line num="673" count="0" type="stmt"/>
        <line num="674" count="0" type="cond" truecount="0" falsecount="2"/>
        <line num="675" count="0" type="stmt"/>
        <line num="676" count="0" type="cond" truecount="0" falsecount="2"/>
        <line num="677" count="0" type="stmt"/>
        <line num="679" count="0" type="stmt"/>
        <line num="681" count="32" type="cond" truecount="1" falsecount="1"/>
        <line num="682" count="32" type="stmt"/>
        <line num="684" count="19" type="stmt"/>
        <line num="698" count="0" type="cond" truecount="0" falsecount="2"/>
        <line num="699" count="0" type="stmt"/>
        <line num="701" count="0" type="stmt"/>
        <line num="702" count="0" type="stmt"/>
        <line num="715" count="0" type="stmt"/>
        <line num="716" count="0" type="cond" truecount="0" falsecount="7"/>
        <line num="718" count="0" type="stmt"/>
        <line num="720" count="0" type="stmt"/>
        <line num="722" count="0" type="stmt"/>
        <line num="724" count="0" type="cond" truecount="0" falsecount="1"/>
        <line num="725" count="0" type="stmt"/>
        <line num="727" count="0" type="stmt"/>
        <line num="731" count="0" type="cond" truecount="0" falsecount="1"/>
        <line num="732" count="0" type="stmt"/>
        <line num="734" count="0" type="stmt"/>
        <line num="738" count="0" type="cond" truecount="0" falsecount="1"/>
        <line num="739" count="0" type="stmt"/>
        <line num="741" count="0" type="stmt"/>
        <line num="744" count="0" type="stmt"/>
        <line num="759" count="0" type="stmt"/>
        <line num="771" count="0" type="stmt"/>
      </file>
    </package>
    <package name="src.output_parsers">
      <metrics statements="162" coveredstatements="124" conditionals="84" coveredconditionals="55" methods="42" coveredmethods="29"/>
      <file name="base.ts" path="/Users/bracesproul/code/lang-chain-ai/langchainjs/langchain-core/src/output_parsers/base.ts">
        <metrics statements="16" coveredstatements="11" conditionals="9" coveredconditionals="4" methods="8" coveredmethods="5"/>
        <line num="48" count="0" type="stmt"/>
        <line num="65" count="18" type="cond" truecount="2" falsecount="0"/>
        <line num="66" count="8" type="stmt"/>
        <line num="68" count="8" type="stmt"/>
        <line num="73" count="10" type="stmt"/>
        <line num="75" count="10" type="stmt"/>
        <line num="101" count="183" type="stmt"/>
        <line num="117" count="0" type="stmt"/>
        <line num="137" count="0" type="stmt"/>
        <line num="172" count="1" type="stmt"/>
        <line num="173" count="1" type="stmt"/>
        <line num="174" count="1" type="stmt"/>
        <line num="175" count="1" type="stmt"/>
        <line num="177" count="1" type="cond" truecount="0" falsecount="1"/>
        <line num="178" count="0" type="cond" truecount="0" falsecount="3"/>
        <line num="179" count="0" type="stmt"/>
      </file>
      <file name="bytes.ts" path="/Users/bracesproul/code/lang-chain-ai/langchainjs/langchain-core/src/output_parsers/bytes.ts">
        <metrics statements="6" coveredstatements="5" conditionals="0" coveredconditionals="0" methods="3" coveredmethods="2"/>
        <line num="9" count="5" type="stmt"/>
        <line num="12" count="1" type="stmt"/>
        <line num="14" count="1" type="stmt"/>
        <line num="16" count="1" type="stmt"/>
        <line num="19" count="9" type="stmt"/>
        <line num="23" count="0" type="stmt"/>
      </file>
      <file name="json.ts" path="/Users/bracesproul/code/lang-chain-ai/langchainjs/langchain-core/src/output_parsers/json.ts">
        <metrics statements="52" coveredstatements="47" conditionals="32" coveredconditionals="27" methods="7" coveredmethods="6"/>
        <line num="10" count="49" type="stmt"/>
        <line num="13" count="15" type="stmt"/>
        <line num="15" count="15" type="stmt"/>
        <line num="21" count="31" type="cond" truecount="0" falsecount="1"/>
        <line num="22" count="0" type="stmt"/>
        <line num="24" count="31" type="cond" truecount="1" falsecount="0"/>
        <line num="25" count="1" type="stmt"/>
        <line num="27" count="30" type="stmt"/>
        <line num="33" count="623" type="stmt"/>
        <line num="37" count="14" type="stmt"/>
        <line num="41" count="0" type="stmt"/>
        <line num="47" count="637" type="stmt"/>
        <line num="48" count="637" type="stmt"/>
        <line num="49" count="637" type="cond" truecount="2" falsecount="0"/>
        <line num="50" count="561" type="stmt"/>
        <line num="52" count="76" type="stmt"/>
        <line num="60" count="623" type="cond" truecount="0" falsecount="1"/>
        <line num="61" count="0" type="stmt"/>
        <line num="65" count="623" type="stmt"/>
        <line num="66" count="623" type="stmt"/>
        <line num="72" count="551" type="stmt"/>
        <line num="73" count="551" type="stmt"/>
        <line num="74" count="551" type="stmt"/>
        <line num="75" count="551" type="stmt"/>
        <line num="78" count="551" type="stmt"/>
        <line num="79" count="21329" type="cond" truecount="2" falsecount="0"/>
        <line num="80" count="12051" type="cond" truecount="4" falsecount="0"/>
        <line num="81" count="674" type="stmt"/>
        <line num="82" count="11377" type="cond" truecount="2" falsecount="2"/>
        <line num="83" count="0" type="stmt"/>
        <line num="84" count="11377" type="cond" truecount="2" falsecount="0"/>
        <line num="85" count="200" type="stmt"/>
        <line num="87" count="11177" type="stmt"/>
        <line num="90" count="9278" type="cond" truecount="2" falsecount="0"/>
        <line num="91" count="894" type="stmt"/>
        <line num="92" count="894" type="stmt"/>
        <line num="93" count="8384" type="cond" truecount="2" falsecount="0"/>
        <line num="94" count="419" type="stmt"/>
        <line num="95" count="7965" type="cond" truecount="2" falsecount="0"/>
        <line num="96" count="22" type="stmt"/>
        <line num="97" count="7943" type="cond" truecount="3" falsecount="0"/>
        <line num="98" count="42" type="cond" truecount="3" falsecount="1"/>
        <line num="99" count="42" type="stmt"/>
        <line num="102" count="0" type="stmt"/>
        <line num="108" count="21329" type="stmt"/>
        <line num="113" count="551" type="cond" truecount="1" falsecount="0"/>
        <line num="114" count="220" type="stmt"/>
        <line num="118" count="551" type="stmt"/>
        <line num="119" count="399" type="stmt"/>
        <line num="123" count="551" type="stmt"/>
        <line num="124" count="551" type="stmt"/>
        <line num="127" count="451" type="stmt"/>
      </file>
      <file name="list.ts" path="/Users/bracesproul/code/lang-chain-ai/langchainjs/langchain-core/src/output_parsers/list.ts">
        <metrics statements="54" coveredstatements="35" conditionals="20" coveredconditionals="8" methods="17" coveredmethods="10"/>
        <line num="17" count="16" type="stmt"/>
        <line num="18" count="16" type="stmt"/>
        <line num="19" count="580" type="cond" truecount="1" falsecount="1"/>
        <line num="21" count="580" type="stmt"/>
        <line num="24" count="0" type="stmt"/>
        <line num="27" count="580" type="cond" truecount="2" falsecount="0"/>
        <line num="28" count="34" type="stmt"/>
        <line num="29" count="34" type="cond" truecount="1" falsecount="0"/>
        <line num="31" count="7" type="stmt"/>
        <line num="32" count="7" type="stmt"/>
        <line num="35" count="7" type="stmt"/>
        <line num="39" count="546" type="stmt"/>
        <line num="40" count="546" type="cond" truecount="1" falsecount="0"/>
        <line num="41" count="18" type="stmt"/>
        <line num="43" count="18" type="stmt"/>
        <line num="44" count="18" type="stmt"/>
        <line num="45" count="18" type="cond" truecount="1" falsecount="1"/>
        <line num="48" count="18" type="stmt"/>
        <line num="54" count="16" type="stmt"/>
        <line num="55" count="13" type="stmt"/>
        <line num="66" count="14" type="stmt"/>
        <line num="69" count="4" type="stmt"/>
        <line num="71" count="4" type="stmt"/>
        <line num="80" count="41" type="stmt"/>
        <line num="81" count="41" type="stmt"/>
        <line num="84" count="53" type="stmt"/>
        <line num="86" count="0" type="stmt"/>
        <line num="96" count="0" type="stmt"/>
        <line num="105" count="0" type="stmt"/>
        <line num="112" count="0" type="stmt"/>
        <line num="113" count="0" type="stmt"/>
        <line num="114" count="0" type="cond" truecount="0" falsecount="2"/>
        <line num="125" count="0" type="stmt"/>
        <line num="126" count="0" type="stmt"/>
        <line num="129" count="0" type="stmt"/>
        <line num="130" count="0" type="cond" truecount="0" falsecount="3"/>
        <line num="131" count="0" type="stmt"/>
        <line num="135" count="0" type="stmt"/>
        <line num="137" count="0" type="cond" truecount="0" falsecount="1"/>
        <line num="138" count="0" type="stmt"/>
        <line num="140" count="0" type="stmt"/>
        <line num="151" count="0" type="stmt"/>
        <line num="161" count="12" type="stmt"/>
        <line num="164" count="4" type="stmt"/>
        <line num="166" count="4" type="stmt"/>
        <line num="169" count="0" type="stmt"/>
        <line num="172" count="4" type="stmt"/>
        <line num="175" count="12" type="cond" truecount="1" falsecount="1"/>
        <line num="181" count="24" type="stmt"/>
        <line num="184" count="8" type="stmt"/>
        <line num="186" count="8" type="stmt"/>
        <line num="189" count="0" type="stmt"/>
        <line num="192" count="8" type="stmt"/>
        <line num="195" count="24" type="cond" truecount="1" falsecount="1"/>
      </file>
      <file name="string.ts" path="/Users/bracesproul/code/lang-chain-ai/langchainjs/langchain-core/src/output_parsers/string.ts">
[...]
        <line num="97" count="0" type="stmt"/>
        <line num="101" count="0" type="cond" truecount="0" falsecount="1"/>
        <line num="102" count="0" type="stmt"/>
        <line num="104" count="0" type="stmt"/>
        <line num="105" count="0" type="cond" truecount="0" falsecount="1"/>
        <line num="106" count="0" type="stmt"/>
        <line num="108" count="0" type="stmt"/>
        <line num="114" count="0" type="cond" truecount="0" falsecount="1"/>
        <line num="115" count="0" type="stmt"/>
        <line num="117" count="0" type="cond" truecount="0" falsecount="1"/>
        <line num="118" count="0" type="cond" truecount="0" falsecount="2"/>
        <line num="119" count="0" type="stmt"/>
        <line num="120" count="0" type="cond" truecount="0" falsecount="1"/>
        <line num="121" count="0" type="stmt"/>
        <line num="124" count="0" type="cond" truecount="0" falsecount="1"/>
        <line num="125" count="0" type="stmt"/>
        <line num="126" count="0" type="stmt"/>
        <line num="127" count="0" type="stmt"/>
        <line num="128" count="0" type="cond" truecount="0" falsecount="1"/>
        <line num="129" count="0" type="stmt"/>
        <line num="134" count="0" type="stmt"/>
        <line num="153" count="0" type="stmt"/>
        <line num="154" count="0" type="stmt"/>
        <line num="156" count="0" type="cond" truecount="0" falsecount="2"/>
        <line num="159" count="0" type="cond" truecount="0" falsecount="1"/>
        <line num="160" count="0" type="stmt"/>
        <line num="163" count="0" type="stmt"/>
        <line num="168" count="0" type="stmt"/>
        <line num="169" count="0" type="stmt"/>
        <line num="170" count="0" type="stmt"/>
        <line num="171" count="0" type="stmt"/>
        <line num="173" count="0" type="stmt"/>
        <line num="176" count="0" type="stmt"/>
        <line num="177" count="0" type="stmt"/>
      </file>
    </package>
    <package name="src.utils.js-sha1">
      <metrics statements="209" coveredstatements="166" conditionals="31" coveredconditionals="11" methods="8" coveredmethods="6"/>
      <file name="hash.ts" path="/Users/bracesproul/code/lang-chain-ai/langchainjs/langchain-core/src/utils/js-sha1/hash.ts">
        <metrics statements="209" coveredstatements="166" conditionals="31" coveredconditionals="11" methods="8" coveredmethods="6"/>
        <line num="16" count="17" type="cond" truecount="1" falsecount="1"/>
        <line num="17" count="17" type="stmt"/>
        <line num="18" count="17" type="stmt"/>
        <line num="19" count="17" type="stmt"/>
        <line num="20" count="17" type="stmt"/>
        <line num="22" count="17" type="stmt"/>
        <line num="25" count="8" type="cond" truecount="1" falsecount="1"/>
        <line num="26" count="8" type="stmt"/>
        <line num="44" count="8" type="stmt"/>
        <line num="46" count="0" type="stmt"/>
        <line num="49" count="8" type="stmt"/>
        <line num="50" count="8" type="stmt"/>
        <line num="51" count="8" type="stmt"/>
        <line num="52" count="8" type="stmt"/>
        <line num="53" count="8" type="stmt"/>
        <line num="55" count="8" type="stmt"/>
        <line num="56" count="8" type="stmt"/>
        <line num="57" count="8" type="stmt"/>
        <line num="60" count="17" type="stmt"/>
        <line num="61" count="8" type="cond" truecount="0" falsecount="1"/>
        <line num="62" count="0" type="stmt"/>
        <line num="64" count="8" type="stmt"/>
        <line num="65" count="8" type="cond" truecount="1" falsecount="2"/>
        <line num="66" count="0" type="stmt"/>
        <line num="69" count="8" type="stmt"/>
        <line num="71" count="8" type="cond" truecount="1" falsecount="1"/>
        <line num="72" count="8" type="stmt"/>
        <line num="74" count="8" type="stmt"/>
        <line num="75" count="8" type="cond" truecount="0" falsecount="1"/>
        <line num="76" count="0" type="stmt"/>
        <line num="77" count="0" type="stmt"/>
        <line num="78" count="0" type="stmt"/>
        <line num="97" count="8" type="cond" truecount="1" falsecount="1"/>
        <line num="98" count="0" type="cond" truecount="0" falsecount="2"/>
        <line num="99" count="0" type="stmt"/>
        <line num="102" count="8" type="cond" truecount="2" falsecount="0"/>
        <line num="103" count="314" type="stmt"/>
        <line num="104" count="314" type="cond" truecount="1" falsecount="1"/>
        <line num="105" count="314" type="stmt"/>
        <line num="106" count="0" type="cond" truecount="0" falsecount="2"/>
        <line num="107" count="0" type="stmt"/>
        <line num="108" count="0" type="stmt"/>
        <line num="109" count="0" type="cond" truecount="0" falsecount="4"/>
        <line num="110" count="0" type="stmt"/>
        <line num="111" count="0" type="stmt"/>
        <line num="112" count="0" type="stmt"/>
        <line num="114" count="0" type="stmt"/>
        <line num="117" count="0" type="stmt"/>
        <line num="118" count="0" type="stmt"/>
        <line num="119" count="0" type="stmt"/>
        <line num="120" count="0" type="stmt"/>
        <line num="125" count="8" type="stmt"/>
        <line num="126" count="8" type="stmt"/>
        <line num="127" count="8" type="cond" truecount="1" falsecount="1"/>
        <line num="128" count="0" type="stmt"/>
        <line num="129" count="0" type="stmt"/>
        <line num="130" count="0" type="stmt"/>
        <line num="131" count="0" type="stmt"/>
        <line num="133" count="8" type="stmt"/>
        <line num="136" count="8" type="cond" truecount="0" falsecount="1"/>
        <line num="137" count="0" type="stmt"/>
        <line num="138" count="0" type="stmt"/>
        <line num="140" count="8" type="stmt"/>
        <line num="143" count="17" type="stmt"/>
        <line num="144" count="8" type="cond" truecount="0" falsecount="1"/>
        <line num="145" count="0" type="stmt"/>
        <line num="147" count="8" type="stmt"/>
        <line num="148" count="8" type="stmt"/>
        <line num="149" count="8" type="stmt"/>
        <line num="150" count="8" type="stmt"/>
        <line num="151" count="8" type="stmt"/>
        <line num="152" count="8" type="stmt"/>
        <line num="153" count="8" type="cond" truecount="1" falsecount="0"/>
        <line num="154" count="3" type="cond" truecount="1" falsecount="0"/>
        <line num="155" count="3" type="stmt"/>
        <line num="157" count="3" type="stmt"/>
        <line num="158" count="3" type="stmt"/>
        <line num="176" count="8" type="stmt"/>
        <line num="177" count="8" type="stmt"/>
        <line num="178" count="8" type="stmt"/>
        <line num="181" count="17" type="stmt"/>
        <line num="182" count="11" type="stmt"/>
        <line num="183" count="11" type="stmt"/>
        <line num="184" count="11" type="stmt"/>
        <line num="185" count="11" type="stmt"/>
        <line num="186" count="11" type="stmt"/>
        <line num="190" count="11" type="stmt"/>
        <line num="192" count="11" type="stmt"/>
        <line num="193" count="704" type="stmt"/>
        <line num="194" count="704" type="stmt"/>
        <line num="197" count="11" type="stmt"/>
        <line num="198" count="44" type="stmt"/>
        <line num="199" count="44" type="stmt"/>
        <line num="200" count="44" type="stmt"/>
        <line num="201" count="44" type="stmt"/>
        <line num="203" count="44" type="stmt"/>
        <line num="204" count="44" type="stmt"/>
        <line num="205" count="44" type="stmt"/>
        <line num="206" count="44" type="stmt"/>
        <line num="208" count="44" type="stmt"/>
        <line num="209" count="44" type="stmt"/>
        <line num="210" count="44" type="stmt"/>
        <line num="211" count="44" type="stmt"/>
        <line num="213" count="44" type="stmt"/>
        <line num="214" count="44" type="stmt"/>
        <line num="215" count="44" type="stmt"/>
        <line num="216" count="44" type="stmt"/>
        <line num="218" count="44" type="stmt"/>
        <line num="219" count="44" type="stmt"/>
        <line num="220" count="44" type="stmt"/>
        <line num="221" count="44" type="stmt"/>
        <line num="224" count="11" type="stmt"/>
        <line num="225" count="44" type="stmt"/>
        <line num="226" count="44" type="stmt"/>
        <line num="227" count="44" type="stmt"/>
        <line num="228" count="44" type="stmt"/>
        <line num="230" count="44" type="stmt"/>
        <line num="231" count="44" type="stmt"/>
        <line num="232" count="44" type="stmt"/>
        <line num="233" count="44" type="stmt"/>
        <line num="235" count="44" type="stmt"/>
        <line num="236" count="44" type="stmt"/>
        <line num="237" count="44" type="stmt"/>
        <line num="238" count="44" type="stmt"/>
        <line num="240" count="44" type="stmt"/>
        <line num="241" count="44" type="stmt"/>
        <line num="242" count="44" type="stmt"/>
        <line num="243" count="44" type="stmt"/>
        <line num="245" count="44" type="stmt"/>
        <line num="246" count="44" type="stmt"/>
        <line num="247" count="44" type="stmt"/>
        <line num="248" count="44" type="stmt"/>
        <line num="251" count="11" type="stmt"/>
        <line num="252" count="44" type="stmt"/>
        <line num="253" count="44" type="stmt"/>
        <line num="254" count="44" type="stmt"/>
        <line num="255" count="44" type="stmt"/>
        <line num="257" count="44" type="stmt"/>
        <line num="258" count="44" type="stmt"/>
        <line num="259" count="44" type="stmt"/>
        <line num="260" count="44" type="stmt"/>
        <line num="262" count="44" type="stmt"/>
        <line num="263" count="44" type="stmt"/>
        <line num="264" count="44" type="stmt"/>
        <line num="265" count="44" type="stmt"/>
        <line num="267" count="44" type="stmt"/>
        <line num="268" count="44" type="stmt"/>
        <line num="269" count="44" type="stmt"/>
        <line num="270" count="44" type="stmt"/>
        <line num="272" count="44" type="stmt"/>
        <line num="273" count="44" type="stmt"/>
        <line num="274" count="44" type="stmt"/>
        <line num="275" count="44" type="stmt"/>
        <line num="278" count="11" type="stmt"/>
        <line num="279" count="44" type="stmt"/>
        <line num="280" count="44" type="stmt"/>
        <line num="281" count="44" type="stmt"/>
        <line num="282" count="44" type="stmt"/>
        <line num="284" count="44" type="stmt"/>
        <line num="285" count="44" type="stmt"/>
        <line num="286" count="44" type="stmt"/>
        <line num="287" count="44" type="stmt"/>
        <line num="289" count="44" type="stmt"/>
        <line num="290" count="44" type="stmt"/>
        <line num="291" count="44" type="stmt"/>
        <line num="292" count="44" type="stmt"/>
        <line num="294" count="44" type="stmt"/>
        <line num="295" count="44" type="stmt"/>
        <line num="296" count="44" type="stmt"/>
        <line num="297" count="44" type="stmt"/>
        <line num="299" count="44" type="stmt"/>
        <line num="300" count="44" type="stmt"/>
        <line num="301" count="44" type="stmt"/>
        <line num="302" count="44" type="stmt"/>
        <line num="305" count="11" type="stmt"/>
        <line num="306" count="11" type="stmt"/>
        <line num="307" count="11" type="stmt"/>
        <line num="308" count="11" type="stmt"/>
        <line num="309" count="11" type="stmt"/>
        <line num="312" count="17" type="stmt"/>
        <line num="313" count="8" type="stmt"/>
        <line num="315" count="8" type="stmt"/>
        <line num="316" count="8" type="stmt"/>
        <line num="317" count="8" type="stmt"/>
        <line num="318" count="8" type="stmt"/>
        <line num="319" count="8" type="stmt"/>
        <line num="321" count="8" type="stmt"/>
        <line num="365" count="17" type="stmt"/>
        <line num="367" count="17" type="stmt"/>
        <line num="368" count="0" type="stmt"/>
        <line num="370" count="0" type="stmt"/>
        <line num="371" count="0" type="stmt"/>
        <line num="372" count="0" type="stmt"/>
        <line num="373" count="0" type="stmt"/>
        <line num="374" count="0" type="stmt"/>
        <line num="376" count="0" type="stmt"/>
        <line num="400" count="17" type="stmt"/>
        <line num="402" count="17" type="stmt"/>
        <line num="403" count="0" type="stmt"/>
        <line num="405" count="0" type="stmt"/>
        <line num="406" count="0" type="stmt"/>
        <line num="407" count="0" type="stmt"/>
        <line num="408" count="0" type="stmt"/>
        <line num="409" count="0" type="stmt"/>
        <line num="410" count="0" type="stmt"/>
        <line num="411" count="0" type="stmt"/>
        <line num="412" count="0" type="stmt"/>
        <line num="415" count="17" type="stmt"/>
        <line num="416" count="8" type="stmt"/>
      </file>
    </package>
    <package name="src.utils.testing">
      <metrics statements="122" coveredstatements="92" conditionals="32" coveredconditionals="20" methods="55" coveredmethods="41"/>
      <file name="index.ts" path="/Users/bracesproul/code/lang-chain-ai/langchainjs/langchain-core/src/utils/testing/index.ts">
        <metrics statements="122" coveredstatements="92" conditionals="32" coveredconditionals="20" methods="55" coveredmethods="41"/>
        <line num="42" count="1" type="stmt"/>
        <line num="45" count="0" type="stmt"/>
        <line num="49" count="10" type="stmt"/>
        <line num="54" count="1" type="stmt"/>
        <line num="59" count="1" type="stmt"/>
        <line num="60" count="1" type="stmt"/>
        <line num="67" count="2" type="cond" truecount="1" falsecount="0"/>
        <line num="68" count="2" type="cond" truecount="1" falsecount="1"/>
        <line num="70" count="0" type="stmt"/>
        <line num="82" count="22" type="stmt"/>
        <line num="83" count="22" type="stmt"/>
        <line num="84" count="22" type="stmt"/>
        <line num="88" count="24" type="stmt"/>
        <line num="96" count="26" type="cond" truecount="1" falsecount="0"/>
        <line num="97" count="6" type="stmt"/>
        <line num="99" count="20" type="cond" truecount="2" falsecount="0"/>
        <line num="100" count="20" type="stmt"/>
        <line num="101" count="20" type="stmt"/>
        <line num="106" count="12" type="stmt"/>
        <line num="119" count="12" type="stmt"/>
        <line num="120" count="12" type="cond" truecount="2" falsecount="0"/>
        <line num="121" count="12" type="stmt"/>
        <line num="122" count="12" type="stmt"/>
        <line num="126" count="12" type="stmt"/>
        <line num="130" count="9" type="cond" truecount="0" falsecount="1"/>
        <line num="131" count="0" type="stmt"/>
        <line num="133" count="9" type="stmt"/>
        <line num="134" count="9" type="stmt"/>
        <line num="135" count="9" type="cond" truecount="2" falsecount="0"/>
        <line num="139" count="18" type="cond" truecount="1" falsecount="0"/>
        <line num="140" count="1" type="stmt"/>
        <line num="142" count="17" type="stmt"/>
        <line num="143" count="17" type="stmt"/>
        <line num="144" count="17" type="cond" truecount="2" falsecount="0"/>
        <line num="145" count="317" type="stmt"/>
        <line num="146" count="317" type="stmt"/>
        <line num="153" count="17" type="stmt"/>
        <line num="157" count="14" type="stmt"/>
        <line num="165" count="17" type="cond" truecount="1" falsecount="0"/>
        <line num="166" count="5" type="stmt"/>
        <line num="175" count="17" type="stmt"/>
        <line num="176" count="12" type="stmt"/>
        <line num="177" count="12" type="stmt"/>
        <line num="190" count="2" type="stmt"/>
        <line num="192" count="2" type="stmt"/>
        <line num="198" count="2" type="stmt"/>
        <line num="199" count="2" type="cond" truecount="2" falsecount="0"/>
        <line num="206" count="2" type="stmt"/>
        <line num="243" count="44" type="stmt"/>
        <line num="248" count="11" type="stmt"/>
        <line num="253" count="11" type="stmt"/>
        <line num="254" count="11" type="stmt"/>
        <line num="255" count="11" type="stmt"/>
        <line num="259" count="12" type="stmt"/>
        <line num="263" count="11" type="stmt"/>
        <line num="270" count="12" type="stmt"/>
        <line num="272" count="12" type="cond" truecount="2" falsecount="0"/>
        <line num="273" count="2" type="stmt"/>
        <line num="277" count="10" type="stmt"/>
        <line num="278" count="10" type="stmt"/>
        <line num="280" count="10" type="stmt"/>
        <line num="288" count="12" type="stmt"/>
        <line num="299" count="4" type="stmt"/>
        <line num="300" count="4" type="stmt"/>
        <line num="302" count="4" type="stmt"/>
        <line num="303" count="60" type="stmt"/>
        <line num="304" count="60" type="stmt"/>
        <line num="309" count="72" type="cond" truecount="1" falsecount="0"/>
        <line num="310" count="16" type="stmt"/>
        <line num="315" count="16" type="stmt"/>
        <line num="316" count="16" type="stmt"/>
        <line num="321" count="60" type="stmt"/>
        <line num="328" count="14" type="stmt"/>
        <line num="332" count="14" type="cond" truecount="2" falsecount="0"/>
        <line num="333" count="8" type="stmt"/>
        <line num="335" count="6" type="stmt"/>
        <line num="341" count="1" type="stmt"/>
        <line num="343" count="1" type="stmt"/>
        <line num="346" count="1" type="stmt"/>
        <line num="350" count="2" type="stmt"/>
        <line num="354" count="6" type="stmt"/>
        <line num="358" count="0" type="stmt"/>
        <line num="362" count="0" type="stmt"/>
        <line num="366" count="0" type="stmt"/>
        <line num="371" count="3" type="stmt"/>
        <line num="373" count="3" type="stmt"/>
        <line num="376" count="3" type="stmt"/>
        <line num="380" count="12" type="stmt"/>
        <line num="384" count="5" type="stmt"/>
        <line num="389" count="7" type="stmt"/>
        <line num="391" count="7" type="stmt"/>
        <line num="394" count="7" type="stmt"/>
        <line num="398" count="7" type="stmt"/>
        <line num="399" count="7" type="stmt"/>
        <line num="423" count="2" type="stmt"/>
        <line num="424" count="2" type="stmt"/>
        <line num="425" count="2" type="stmt"/>
        <line num="426" count="2" type="stmt"/>
        <line num="433" count="0" type="stmt"/>
        <line num="443" count="0" type="cond" truecount="0" falsecount="2"/>
        <line num="452" count="0" type="stmt"/>
        <line num="461" count="0" type="stmt"/>
        <line num="487" count="0" type="cond" truecount="0" falsecount="2"/>
        <line num="488" count="0" type="cond" truecount="0" falsecount="2"/>
        <line num="497" count="0" type="stmt"/>
        <line num="508" count="0" type="stmt"/>
        <line num="511" count="0" type="stmt"/>
        <line num="514" count="0" type="stmt"/>
        <line num="515" count="0" type="cond" truecount="0" falsecount="2"/>
        <line num="516" count="0" type="stmt"/>
        <line num="517" count="0" type="stmt"/>
        <line num="520" count="0" type="stmt"/>
        <line num="521" count="0" type="stmt"/>
        <line num="522" count="0" type="stmt"/>
        <line num="523" count="0" type="stmt"/>
        <line num="527" count="0" type="stmt"/>
        <line num="528" count="0" type="stmt"/>
        <line num="530" count="0" type="stmt"/>
        <line num="531" count="0" type="cond" truecount="0" falsecount="2"/>
        <line num="535" count="0" type="stmt"/>
        <line num="536" count="0" type="stmt"/>
        <line num="539" count="0" type="stmt"/>
      </file>
    </package>
  </project>
</coverage>
