{"/Users/bracesproul/code/lang-chain-ai/langchainjs/langchain-core/src/caches.ts": {"path":"/Users/bracesproul/code/lang-chain-ai/langchainjs/langchain-core/src/caches.ts","statementMap":{"0":{"start":{"line":18,"column":27},"end":{"line":19,"column":34}},"1":{"start":{"line":19,"column":2},"end":{"line":19,"column":34}},"2":{"start":{"line":24,"column":2},"end":{"line":31,"column":null}},"3":{"start":{"line":25,"column":4},"end":{"line":28,"column":null}},"4":{"start":{"line":30,"column":4},"end":{"line":30,"column":null}},"5":{"start":{"line":35,"column":44},"end":{"line":37,"column":null}},"6":{"start":{"line":38,"column":2},"end":{"line":40,"column":null}},"7":{"start":{"line":39,"column":4},"end":{"line":39,"column":null}},"8":{"start":{"line":41,"column":2},"end":{"line":41,"column":null}},"9":{"start":{"line":53,"column":19},"end":{"line":53,"column":null}},"10":{"start":{"line":62,"column":4},"end":{"line":62,"column":null}},"11":{"start":{"line":63,"column":4},"end":{"line":63,"column":null}},"12":{"start":{"line":74,"column":4},"end":{"line":74,"column":null}},"13":{"start":{"line":84,"column":4},"end":{"line":84,"column":null}},"14":{"start":{"line":93,"column":4},"end":{"line":93,"column":null}}},"fnMap":{"0":{"name":"(anonymous_0)","decl":{"start":{"line":18,"column":27},"end":{"line":18,"column":28}},"loc":{"start":{"line":19,"column":2},"end":{"line":19,"column":34}}},"1":{"name":"deserializeStoredGeneration","decl":{"start":{"line":21,"column":16},"end":{"line":21,"column":null}},"loc":{"start":{"line":22,"column":36},"end":{"line":32,"column":null}}},"2":{"name":"serializeGeneration","decl":{"start":{"line":34,"column":16},"end":{"line":34,"column":36}},"loc":{"start":{"line":34,"column":58},"end":{"line":42,"column":null}}},"3":{"name":"(anonymous_3)","decl":{"start":{"line":61,"column":2},"end":{"line":61,"column":14}},"loc":{"start":{"line":61,"column":36},"end":{"line":64,"column":null}}},"4":{"name":"(anonymous_4)","decl":{"start":{"line":73,"column":2},"end":{"line":73,"column":9}},"loc":{"start":{"line":73,"column":60},"end":{"line":75,"column":null}}},"5":{"name":"(anonymous_5)","decl":{"start":{"line":83,"column":2},"end":{"line":83,"column":8}},"loc":{"start":{"line":83,"column":72},"end":{"line":85,"column":null}}},"6":{"name":"(anonymous_6)","decl":{"start":{"line":92,"column":2},"end":{"line":92,"column":9}},"loc":{"start":{"line":92,"column":33},"end":{"line":94,"column":null}}}},"branchMap":{"0":{"loc":{"start":{"line":24,"column":2},"end":{"line":31,"column":null}},"type":"if","locations":[{"start":{"line":24,"column":2},"end":{"line":31,"column":null}},{"start":{"line":29,"column":9},"end":{"line":31,"column":null}}]},"1":{"loc":{"start":{"line":38,"column":2},"end":{"line":40,"column":null}},"type":"if","locations":[{"start":{"line":38,"column":2},"end":{"line":40,"column":null}}]},"2":{"loc":{"start":{"line":63,"column":17},"end":{"line":63,"column":null}},"type":"binary-expr","locations":[{"start":{"line":63,"column":17},"end":{"line":63,"column":24}},{"start":{"line":63,"column":24},"end":{"line":63,"column":null}}]},"3":{"loc":{"start":{"line":74,"column":27},"end":{"line":74,"column":null}},"type":"binary-expr","locations":[{"start":{"line":74,"column":27},"end":{"line":74,"column":74}},{"start":{"line":74,"column":74},"end":{"line":74,"column":null}}]}},"s":{"0":17,"1":8,"2":0,"3":0,"4":0,"5":0,"6":0,"7":0,"8":0,"9":17,"10":3,"11":3,"12":5,"13":3,"14":2},"f":{"0":8,"1":0,"2":0,"3":3,"4":5,"5":3,"6":2},"b":{"0":[0,0],"1":[0],"2":[3,1],"3":[5,2]}}
,"/Users/bracesproul/code/lang-chain-ai/langchainjs/langchain-core/src/chat_history.ts": {"path":"/Users/bracesproul/code/lang-chain-ai/langchainjs/langchain-core/src/chat_history.ts","statementMap":{"0":{"start":{"line":28,"column":4},"end":{"line":28,"column":null}},"1":{"start":{"line":32,"column":4},"end":{"line":32,"column":null}}},"fnMap":{"0":{"name":"(anonymous_0)","decl":{"start":{"line":27,"column":9},"end":{"line":27,"column":24}},"loc":{"start":{"line":27,"column":56},"end":{"line":29,"column":null}}},"1":{"name":"(anonymous_1)","decl":{"start":{"line":31,"column":9},"end":{"line":31,"column":26}},"loc":{"start":{"line":31,"column":58},"end":{"line":33,"column":null}}}},"branchMap":{},"s":{"0":0,"1":0},"f":{"0":0,"1":0},"b":{}}
,"/Users/bracesproul/code/lang-chain-ai/langchainjs/langchain-core/src/embeddings.ts": {"path":"/Users/bracesproul/code/lang-chain-ai/langchainjs/langchain-core/src/embeddings.ts","statementMap":{"0":{"start":{"line":40,"column":4},"end":{"line":40,"column":null}}},"fnMap":{"0":{"name":"(anonymous_0)","decl":{"start":{"line":39,"column":2},"end":{"line":39,"column":14}},"loc":{"start":{"line":39,"column":40},"end":{"line":41,"column":null}}}},"branchMap":{"0":{"loc":{"start":{"line":40,"column":34},"end":{"line":40,"column":null}},"type":"binary-expr","locations":[{"start":{"line":40,"column":34},"end":{"line":40,"column":44}},{"start":{"line":40,"column":44},"end":{"line":40,"column":null}}]}},"s":{"0":0},"f":{"0":0},"b":{"0":[0,0]}}
,"/Users/bracesproul/code/lang-chain-ai/langchainjs/langchain-core/src/memory.ts": {"path":"/Users/bracesproul/code/lang-chain-ai/langchainjs/langchain-core/src/memory.ts","statementMap":{"0":{"start":{"line":56,"column":17},"end":{"line":64,"column":null}},"1":{"start":{"line":57,"column":2},"end":{"line":59,"column":null}},"2":{"start":{"line":58,"column":4},"end":{"line":58,"column":null}},"3":{"start":{"line":60,"column":15},"end":{"line":60,"column":null}},"4":{"start":{"line":61,"column":2},"end":{"line":63,"column":null}},"5":{"start":{"line":62,"column":4},"end":{"line":62,"column":null}},"6":{"start":{"line":71,"column":29},"end":{"line":80,"column":2}},"7":{"start":{"line":72,"column":16},"end":{"line":72,"column":null}},"8":{"start":{"line":73,"column":2},"end":{"line":78,"column":null}},"9":{"start":{"line":74,"column":17},"end":{"line":74,"column":null}},"10":{"start":{"line":75,"column":4},"end":{"line":76,"column":null}},"11":{"start":{"line":79,"column":2},"end":{"line":79,"column":null}},"12":{"start":{"line":88,"column":30},"end":{"line":100,"column":2}},"13":{"start":{"line":92,"column":16},"end":{"line":92,"column":null}},"14":{"start":{"line":93,"column":2},"end":{"line":98,"column":null}},"15":{"start":{"line":94,"column":17},"end":{"line":94,"column":null}},"16":{"start":{"line":95,"column":4},"end":{"line":96,"column":null}},"17":{"start":{"line":99,"column":2},"end":{"line":99,"column":null}},"18":{"start":{"line":111,"column":26},"end":{"line":112,"column":null}},"19":{"start":{"line":112,"column":13},"end":{"line":112,"column":null}},"20":{"start":{"line":114,"column":2},"end":{"line":118,"column":null}},"21":{"start":{"line":115,"column":4},"end":{"line":116,"column":null}},"22":{"start":{"line":119,"column":2},"end":{"line":119,"column":null}}},"fnMap":{"0":{"name":"(anonymous_0)","decl":{"start":{"line":56,"column":17},"end":{"line":56,"column":18}},"loc":{"start":{"line":56,"column":54},"end":{"line":64,"column":null}}},"1":{"name":"(anonymous_1)","decl":{"start":{"line":71,"column":29},"end":{"line":71,"column":30}},"loc":{"start":{"line":71,"column":56},"end":{"line":80,"column":2}}},"2":{"name":"(anonymous_2)","decl":{"start":{"line":88,"column":30},"end":{"line":88,"column":null}},"loc":{"start":{"line":90,"column":2},"end":{"line":100,"column":2}}},"3":{"name":"getPromptInputKey","decl":{"start":{"line":107,"column":16},"end":{"line":107,"column":null}},"loc":{"start":{"line":109,"column":27},"end":{"line":120,"column":null}}},"4":{"name":"(anonymous_4)","decl":{"start":{"line":112,"column":4},"end":{"line":112,"column":5}},"loc":{"start":{"line":112,"column":13},"end":{"line":112,"column":null}}}},"branchMap":{"0":{"loc":{"start":{"line":57,"column":2},"end":{"line":59,"column":null}},"type":"if","locations":[{"start":{"line":57,"column":2},"end":{"line":59,"column":null}}]},"1":{"loc":{"start":{"line":61,"column":2},"end":{"line":63,"column":null}},"type":"if","locations":[{"start":{"line":61,"column":2},"end":{"line":63,"column":null}}]},"2":{"loc":{"start":{"line":73,"column":2},"end":{"line":78,"column":null}},"type":"if","locations":[{"start":{"line":73,"column":2},"end":{"line":78,"column":null}}]},"3":{"loc":{"start":{"line":93,"column":2},"end":{"line":98,"column":null}},"type":"if","locations":[{"start":{"line":93,"column":2},"end":{"line":98,"column":null}}]},"4":{"loc":{"start":{"line":112,"column":13},"end":{"line":112,"column":null}},"type":"binary-expr","locations":[{"start":{"line":112,"column":13},"end":{"line":112,"column":47}},{"start":{"line":112,"column":47},"end":{"line":112,"column":null}}]},"5":{"loc":{"start":{"line":114,"column":2},"end":{"line":118,"column":null}},"type":"if","locations":[{"start":{"line":114,"column":2},"end":{"line":118,"column":null}}]}},"s":{"0":1,"1":0,"2":0,"3":0,"4":0,"5":0,"6":1,"7":0,"8":0,"9":0,"10":0,"11":0,"12":1,"13":0,"14":0,"15":0,"16":0,"17":0,"18":0,"19":0,"20":0,"21":0,"22":0},"f":{"0":0,"1":0,"2":0,"3":0,"4":0},"b":{"0":[0],"1":[0],"2":[0],"3":[0],"4":[0,0],"5":[0]}}
,"/Users/bracesproul/code/lang-chain-ai/langchainjs/langchain-core/src/outputs.ts": {"path":"/Users/bracesproul/code/lang-chain-ai/langchainjs/langchain-core/src/outputs.ts","statementMap":{"0":{"start":{"line":3,"column":23},"end":{"line":3,"column":31}},"1":{"start":{"line":37,"column":4},"end":{"line":37,"column":null}},"2":{"start":{"line":38,"column":4},"end":{"line":38,"column":null}},"3":{"start":{"line":42,"column":4},"end":{"line":48,"column":null}},"4":{"start":{"line":87,"column":4},"end":{"line":87,"column":null}},"5":{"start":{"line":88,"column":4},"end":{"line":88,"column":null}},"6":{"start":{"line":92,"column":4},"end":{"line":99,"column":null}}},"fnMap":{"0":{"name":"(anonymous_0)","decl":{"start":{"line":36,"column":2},"end":{"line":36,"column":14}},"loc":{"start":{"line":36,"column":45},"end":{"line":39,"column":null}}},"1":{"name":"(anonymous_1)","decl":{"start":{"line":41,"column":2},"end":{"line":41,"column":9}},"loc":{"start":{"line":41,"column":50},"end":{"line":49,"column":null}}},"2":{"name":"(anonymous_2)","decl":{"start":{"line":86,"column":2},"end":{"line":86,"column":14}},"loc":{"start":{"line":86,"column":49},"end":{"line":89,"column":null}}},"3":{"name":"(anonymous_3)","decl":{"start":{"line":91,"column":2},"end":{"line":91,"column":9}},"loc":{"start":{"line":91,"column":37},"end":{"line":100,"column":null}}}},"branchMap":{},"s":{"0":17,"1":1684,"2":1684,"3":927,"4":116,"5":116,"6":56},"f":{"0":1684,"1":927,"2":116,"3":56},"b":{}}
,"/Users/bracesproul/code/lang-chain-ai/langchainjs/langchain-core/src/prompt_values.ts": {"path":"/Users/bracesproul/code/lang-chain-ai/langchainjs/langchain-core/src/prompt_values.ts","statementMap":{"0":{"start":{"line":43,"column":4},"end":{"line":43,"column":null}},"1":{"start":{"line":46,"column":17},"end":{"line":46,"column":53}},"2":{"start":{"line":48,"column":20},"end":{"line":48,"column":25}},"3":{"start":{"line":53,"column":4},"end":{"line":53,"column":null}},"4":{"start":{"line":54,"column":4},"end":{"line":54,"column":null}},"5":{"start":{"line":58,"column":4},"end":{"line":58,"column":null}},"6":{"start":{"line":62,"column":4},"end":{"line":62,"column":null}},"7":{"start":{"line":81,"column":17},"end":{"line":81,"column":53}},"8":{"start":{"line":83,"column":20},"end":{"line":83,"column":25}},"9":{"start":{"line":86,"column":4},"end":{"line":86,"column":null}},"10":{"start":{"line":96,"column":4},"end":{"line":99,"column":null}},"11":{"start":{"line":98,"column":6},"end":{"line":98,"column":null}},"12":{"start":{"line":101,"column":4},"end":{"line":101,"column":null}},"13":{"start":{"line":102,"column":4},"end":{"line":102,"column":null}},"14":{"start":{"line":106,"column":4},"end":{"line":106,"column":null}},"15":{"start":{"line":110,"column":4},"end":{"line":110,"column":null}}},"fnMap":{"0":{"name":"(anonymous_0)","decl":{"start":{"line":42,"column":2},"end":{"line":42,"column":9}},"loc":{"start":{"line":42,"column":27},"end":{"line":44,"column":null}}},"1":{"name":"(anonymous_1)","decl":{"start":{"line":52,"column":2},"end":{"line":52,"column":14}},"loc":{"start":{"line":52,"column":29},"end":{"line":55,"column":null}}},"2":{"name":"(anonymous_2)","decl":{"start":{"line":57,"column":2},"end":{"line":57,"column":13}},"loc":{"start":{"line":57,"column":13},"end":{"line":59,"column":null}}},"3":{"name":"(anonymous_3)","decl":{"start":{"line":61,"column":2},"end":{"line":61,"column":19}},"loc":{"start":{"line":61,"column":19},"end":{"line":63,"column":null}}},"4":{"name":"(anonymous_4)","decl":{"start":{"line":85,"column":2},"end":{"line":85,"column":9}},"loc":{"start":{"line":85,"column":19},"end":{"line":87,"column":null}}},"5":{"name":"(anonymous_5)","decl":{"start":{"line":95,"column":2},"end":{"line":95,"column":14}},"loc":{"start":{"line":95,"column":61},"end":{"line":103,"column":null}}},"6":{"name":"(anonymous_6)","decl":{"start":{"line":105,"column":2},"end":{"line":105,"column":13}},"loc":{"start":{"line":105,"column":13},"end":{"line":107,"column":null}}},"7":{"name":"(anonymous_7)","decl":{"start":{"line":109,"column":2},"end":{"line":109,"column":19}},"loc":{"start":{"line":109,"column":19},"end":{"line":111,"column":null}}}},"branchMap":{"0":{"loc":{"start":{"line":96,"column":4},"end":{"line":99,"column":null}},"type":"if","locations":[{"start":{"line":96,"column":4},"end":{"line":99,"column":null}}]}},"s":{"0":26,"1":66,"2":66,"3":66,"4":66,"5":47,"6":17,"7":30,"8":30,"9":72,"10":30,"11":30,"12":30,"13":30,"14":18,"15":15},"f":{"0":26,"1":66,"2":47,"3":17,"4":72,"5":30,"6":18,"7":15},"b":{"0":[30]}}
,"/Users/bracesproul/code/lang-chain-ai/langchainjs/langchain-core/src/retrievers.ts": {"path":"/Users/bracesproul/code/lang-chain-ai/langchainjs/langchain-core/src/retrievers.ts","statementMap":{"0":{"start":{"line":48,"column":4},"end":{"line":48,"column":null}},"1":{"start":{"line":49,"column":4},"end":{"line":49,"column":null}},"2":{"start":{"line":50,"column":4},"end":{"line":50,"column":null}},"3":{"start":{"line":51,"column":4},"end":{"line":51,"column":null}},"4":{"start":{"line":52,"column":4},"end":{"line":52,"column":null}},"5":{"start":{"line":64,"column":4},"end":{"line":64,"column":null}},"6":{"start":{"line":71,"column":4},"end":{"line":71,"column":null}},"7":{"start":{"line":88,"column":25},"end":{"line":88,"column":null}},"8":{"start":{"line":89,"column":29},"end":{"line":96,"column":null}},"9":{"start":{"line":98,"column":23},"end":{"line":105,"column":null}},"10":{"start":{"line":107,"column":4},"end":{"line":114,"column":null}},"11":{"start":{"line":108,"column":22},"end":{"line":108,"column":null}},"12":{"start":{"line":109,"column":6},"end":{"line":109,"column":null}},"13":{"start":{"line":110,"column":6},"end":{"line":110,"column":null}},"14":{"start":{"line":112,"column":6},"end":{"line":112,"column":null}},"15":{"start":{"line":113,"column":6},"end":{"line":113,"column":null}}},"fnMap":{"0":{"name":"(anonymous_0)","decl":{"start":{"line":47,"column":2},"end":{"line":47,"column":14}},"loc":{"start":{"line":47,"column":43},"end":{"line":53,"column":null}}},"1":{"name":"(anonymous_1)","decl":{"start":{"line":60,"column":2},"end":{"line":60,"column":null}},"loc":{"start":{"line":63,"column":34},"end":{"line":65,"column":null}}},"2":{"name":"(anonymous_2)","decl":{"start":{"line":67,"column":2},"end":{"line":67,"column":8}},"loc":{"start":{"line":70,"column":34},"end":{"line":72,"column":null}}},"3":{"name":"(anonymous_3)","decl":{"start":{"line":84,"column":2},"end":{"line":84,"column":8}},"loc":{"start":{"line":87,"column":34},"end":{"line":115,"column":null}}}},"branchMap":{"0":{"loc":{"start":{"line":50,"column":16},"end":{"line":50,"column":34}},"type":"binary-expr","locations":[{"start":{"line":50,"column":16},"end":{"line":50,"column":32}},{"start":{"line":50,"column":32},"end":{"line":50,"column":34}}]},"1":{"loc":{"start":{"line":51,"column":20},"end":{"line":51,"column":null}},"type":"binary-expr","locations":[{"start":{"line":51,"column":20},"end":{"line":51,"column":40}},{"start":{"line":51,"column":40},"end":{"line":51,"column":null}}]},"2":{"loc":{"start":{"line":52,"column":19},"end":{"line":52,"column":null}},"type":"binary-expr","locations":[{"start":{"line":52,"column":19},"end":{"line":52,"column":38}},{"start":{"line":52,"column":38},"end":{"line":52,"column":null}}]}},"s":{"0":2,"1":2,"2":2,"3":2,"4":2,"5":0,"6":2,"7":2,"8":2,"9":2,"10":2,"11":2,"12":2,"13":2,"14":0,"15":0},"f":{"0":2,"1":0,"2":2,"3":2},"b":{"0":[2,2],"1":[2,2],"2":[2,2]}}
,"/Users/bracesproul/code/lang-chain-ai/langchainjs/langchain-core/src/tools.ts": {"path":"/Users/bracesproul/code/lang-chain-ai/langchainjs/langchain-core/src/tools.ts","statementMap":{"0":{"start":{"line":29,"column":4},"end":{"line":29,"column":null}},"1":{"start":{"line":30,"column":4},"end":{"line":30,"column":null}},"2":{"start":{"line":81,"column":4},"end":{"line":81,"column":null}},"3":{"start":{"line":85,"column":4},"end":{"line":85,"column":null}},"4":{"start":{"line":103,"column":4},"end":{"line":103,"column":null}},"5":{"start":{"line":122,"column":4},"end":{"line":129,"column":null}},"6":{"start":{"line":123,"column":6},"end":{"line":123,"column":null}},"7":{"start":{"line":125,"column":6},"end":{"line":127,"column":null}},"8":{"start":{"line":130,"column":19},"end":{"line":130,"column":null}},"9":{"start":{"line":131,"column":29},"end":{"line":138,"column":null}},"10":{"start":{"line":140,"column":23},"end":{"line":147,"column":null}},"11":{"start":{"line":150,"column":4},"end":{"line":155,"column":null}},"12":{"start":{"line":151,"column":6},"end":{"line":151,"column":null}},"13":{"start":{"line":153,"column":6},"end":{"line":153,"column":null}},"14":{"start":{"line":154,"column":6},"end":{"line":154,"column":null}},"15":{"start":{"line":156,"column":4},"end":{"line":156,"column":null}},"16":{"start":{"line":157,"column":4},"end":{"line":157,"column":null}},"17":{"start":{"line":164,"column":17},"end":{"line":164,"column":23}},"18":{"start":{"line":185,"column":11},"end":{"line":187,"column":35}},"19":{"start":{"line":187,"column":24},"end":{"line":187,"column":33}},"20":{"start":{"line":190,"column":4},"end":{"line":190,"column":null}},"21":{"start":{"line":204,"column":4},"end":{"line":206,"column":null}},"22":{"start":{"line":246,"column":4},"end":{"line":246,"column":null}},"23":{"start":{"line":256,"column":4},"end":{"line":256,"column":null}},"24":{"start":{"line":257,"column":4},"end":{"line":257,"column":null}},"25":{"start":{"line":258,"column":4},"end":{"line":258,"column":null}},"26":{"start":{"line":259,"column":4},"end":{"line":259,"column":null}},"27":{"start":{"line":260,"column":4},"end":{"line":260,"column":null}},"28":{"start":{"line":267,"column":19},"end":{"line":267,"column":null}},"29":{"start":{"line":268,"column":4},"end":{"line":270,"column":null}},"30":{"start":{"line":269,"column":6},"end":{"line":269,"column":null}},"31":{"start":{"line":271,"column":4},"end":{"line":271,"column":null}},"32":{"start":{"line":279,"column":4},"end":{"line":279,"column":null}},"33":{"start":{"line":294,"column":4},"end":{"line":294,"column":null}},"34":{"start":{"line":306,"column":4},"end":{"line":306,"column":null}},"35":{"start":{"line":307,"column":4},"end":{"line":307,"column":null}},"36":{"start":{"line":308,"column":4},"end":{"line":308,"column":null}},"37":{"start":{"line":309,"column":4},"end":{"line":309,"column":null}},"38":{"start":{"line":310,"column":4},"end":{"line":310,"column":null}},"39":{"start":{"line":311,"column":4},"end":{"line":311,"column":null}},"40":{"start":{"line":320,"column":19},"end":{"line":320,"column":null}},"41":{"start":{"line":321,"column":4},"end":{"line":323,"column":null}},"42":{"start":{"line":322,"column":6},"end":{"line":322,"column":null}},"43":{"start":{"line":324,"column":4},"end":{"line":324,"column":null}},"44":{"start":{"line":331,"column":4},"end":{"line":331,"column":null}}},"fnMap":{"0":{"name":"(anonymous_0)","decl":{"start":{"line":28,"column":2},"end":{"line":28,"column":14}},"loc":{"start":{"line":28,"column":48},"end":{"line":31,"column":null}}},"1":{"name":"(anonymous_1)","decl":{"start":{"line":80,"column":2},"end":{"line":80,"column":6}},"loc":{"start":{"line":80,"column":21},"end":{"line":82,"column":null}}},"2":{"name":"(anonymous_2)","decl":{"start":{"line":84,"column":2},"end":{"line":84,"column":14}},"loc":{"start":{"line":84,"column":35},"end":{"line":86,"column":null}}},"3":{"name":"(anonymous_3)","decl":{"start":{"line":99,"column":2},"end":{"line":99,"column":8}},"loc":{"start":{"line":102,"column":21},"end":{"line":104,"column":null}}},"4":{"name":"(anonymous_4)","decl":{"start":{"line":115,"column":2},"end":{"line":115,"column":8}},"loc":{"start":{"line":120,"column":21},"end":{"line":158,"column":null}}},"5":{"name":"(anonymous_5)","decl":{"start":{"line":187,"column":15},"end":{"line":187,"column":16}},"loc":{"start":{"line":187,"column":24},"end":{"line":187,"column":33}}},"6":{"name":"(anonymous_6)","decl":{"start":{"line":189,"column":2},"end":{"line":189,"column":14}},"loc":{"start":{"line":189,"column":35},"end":{"line":191,"column":null}}},"7":{"name":"(anonymous_7)","decl":{"start":{"line":200,"column":2},"end":{"line":200,"column":null}},"loc":{"start":{"line":203,"column":21},"end":{"line":208,"column":null}}},"8":{"name":"(anonymous_8)","decl":{"start":{"line":245,"column":2},"end":{"line":245,"column":9}},"loc":{"start":{"line":245,"column":19},"end":{"line":247,"column":null}}},"9":{"name":"(anonymous_9)","decl":{"start":{"line":255,"column":2},"end":{"line":255,"column":14}},"loc":{"start":{"line":255,"column":40},"end":{"line":261,"column":null}}},"10":{"name":"(anonymous_10)","decl":{"start":{"line":263,"column":2},"end":{"line":263,"column":8}},"loc":{"start":{"line":266,"column":21},"end":{"line":272,"column":null}}},"11":{"name":"(anonymous_11)","decl":{"start":{"line":275,"column":2},"end":{"line":275,"column":8}},"loc":{"start":{"line":278,"column":21},"end":{"line":280,"column":null}}},"12":{"name":"(anonymous_12)","decl":{"start":{"line":293,"column":2},"end":{"line":293,"column":9}},"loc":{"start":{"line":293,"column":19},"end":{"line":295,"column":null}}},"13":{"name":"(anonymous_13)","decl":{"start":{"line":305,"column":2},"end":{"line":305,"column":14}},"loc":{"start":{"line":305,"column":53},"end":{"line":312,"column":null}}},"14":{"name":"(anonymous_14)","decl":{"start":{"line":314,"column":2},"end":{"line":314,"column":8}},"loc":{"start":{"line":319,"column":21},"end":{"line":325,"column":null}}},"15":{"name":"(anonymous_15)","decl":{"start":{"line":327,"column":12},"end":{"line":327,"column":null}},"loc":{"start":{"line":330,"column":21},"end":{"line":332,"column":null}}}},"branchMap":{"0":{"loc":{"start":{"line":85,"column":10},"end":{"line":85,"column":null}},"type":"binary-expr","locations":[{"start":{"line":85,"column":10},"end":{"line":85,"column":20}},{"start":{"line":85,"column":20},"end":{"line":85,"column":null}}]},"1":{"loc":{"start":{"line":134,"column":6},"end":{"line":134,"column":null}},"type":"binary-expr","locations":[{"start":{"line":134,"column":6},"end":{"line":134,"column":17}},{"start":{"line":134,"column":21},"end":{"line":134,"column":null}}]},"2":{"loc":{"start":{"line":142,"column":6},"end":{"line":142,"column":null}},"type":"cond-expr","locations":[{"start":{"line":142,"column":35},"end":{"line":142,"column":44}},{"start":{"line":142,"column":44},"end":{"line":142,"column":null}}]},"3":{"loc":{"start":{"line":205,"column":6},"end":{"line":205,"column":null}},"type":"cond-expr","locations":[{"start":{"line":205,"column":40},"end":{"line":205,"column":57}},{"start":{"line":205,"column":57},"end":{"line":205,"column":null}}]},"4":{"loc":{"start":{"line":205,"column":6},"end":{"line":205,"column":40}},"type":"binary-expr","locations":[{"start":{"line":205,"column":6},"end":{"line":205,"column":33}},{"start":{"line":205,"column":33},"end":{"line":205,"column":40}}]},"5":{"loc":{"start":{"line":260,"column":24},"end":{"line":260,"column":64}},"type":"binary-expr","locations":[{"start":{"line":260,"column":24},"end":{"line":260,"column":43}},{"start":{"line":260,"column":47},"end":{"line":260,"column":64}}]},"6":{"loc":{"start":{"line":268,"column":4},"end":{"line":270,"column":null}},"type":"if","locations":[{"start":{"line":268,"column":4},"end":{"line":270,"column":null}}]},"7":{"loc":{"start":{"line":310,"column":24},"end":{"line":310,"column":64}},"type":"binary-expr","locations":[{"start":{"line":310,"column":24},"end":{"line":310,"column":43}},{"start":{"line":310,"column":47},"end":{"line":310,"column":64}}]},"8":{"loc":{"start":{"line":321,"column":4},"end":{"line":323,"column":null}},"type":"if","locations":[{"start":{"line":321,"column":4},"end":{"line":323,"column":null}}]}},"s":{"0":0,"1":0,"2":0,"3":2,"4":0,"5":0,"6":0,"7":0,"8":0,"9":0,"10":0,"11":0,"12":0,"13":0,"14":0,"15":0,"16":0,"17":2,"18":0,"19":0,"20":0,"21":0,"22":0,"23":0,"24":0,"25":0,"26":0,"27":0,"28":0,"29":0,"30":0,"31":0,"32":0,"33":0,"34":0,"35":0,"36":0,"37":0,"38":0,"39":0,"40":0,"41":0,"42":0,"43":0,"44":0},"f":{"0":0,"1":0,"2":2,"3":0,"4":0,"5":0,"6":0,"7":0,"8":0,"9":0,"10":0,"11":0,"12":0,"13":0,"14":0,"15":0},"b":{"0":[2,0],"1":[0,0],"2":[0,0],"3":[0,0],"4":[0,0],"5":[0,0],"6":[0],"7":[0,0],"8":[0]}}
,"/Users/bracesproul/code/lang-chain-ai/langchainjs/langchain-core/src/vectorstores.ts": {"path":"/Users/bracesproul/code/lang-chain-ai/langchainjs/langchain-core/src/vectorstores.ts","statementMap":{"0":{"start":{"line":82,"column":4},"end":{"line":82,"column":null}},"1":{"start":{"line":86,"column":4},"end":{"line":86,"column":null}},"2":{"start":{"line":91,"column":6},"end":{"line":91,"column":8}},"3":{"start":{"line":93,"column":15},"end":{"line":93,"column":28}},"4":{"start":{"line":100,"column":4},"end":{"line":100,"column":null}},"5":{"start":{"line":104,"column":4},"end":{"line":104,"column":null}},"6":{"start":{"line":105,"column":4},"end":{"line":105,"column":null}},"7":{"start":{"line":106,"column":4},"end":{"line":106,"column":null}},"8":{"start":{"line":107,"column":4},"end":{"line":107,"column":null}},"9":{"start":{"line":108,"column":4},"end":{"line":108,"column":null}},"10":{"start":{"line":109,"column":4},"end":{"line":111,"column":null}},"11":{"start":{"line":110,"column":6},"end":{"line":110,"column":null}},"12":{"start":{"line":118,"column":4},"end":{"line":133,"column":null}},"13":{"start":{"line":119,"column":6},"end":{"line":123,"column":null}},"14":{"start":{"line":120,"column":8},"end":{"line":121,"column":null}},"15":{"start":{"line":124,"column":6},"end":{"line":131,"column":null}},"16":{"start":{"line":134,"column":4},"end":{"line":138,"column":null}},"17":{"start":{"line":146,"column":4},"end":{"line":146,"column":null}},"18":{"start":{"line":234,"column":17},"end":{"line":234,"column":72}},"19":{"start":{"line":240,"column":4},"end":{"line":240,"column":null}},"20":{"start":{"line":241,"column":4},"end":{"line":241,"column":null}},"21":{"start":{"line":259,"column":4},"end":{"line":259,"column":null}},"22":{"start":{"line":274,"column":20},"end":{"line":277,"column":null}},"23":{"start":{"line":280,"column":4},"end":{"line":280,"column":null}},"24":{"start":{"line":280,"column":35},"end":{"line":280,"column":44}},"25":{"start":{"line":289,"column":4},"end":{"line":292,"column":null}},"26":{"start":{"line":324,"column":4},"end":{"line":325,"column":null}},"27":{"start":{"line":335,"column":4},"end":{"line":336,"column":null}},"28":{"start":{"line":348,"column":4},"end":{"line":376,"column":null}},"29":{"start":{"line":349,"column":6},"end":{"line":357,"column":null}},"30":{"start":{"line":359,"column":21},"end":{"line":368,"column":null}},"31":{"start":{"line":369,"column":6},"end":{"line":374,"column":null}},"32":{"start":{"line":370,"column":8},"end":{"line":373,"column":null}},"33":{"start":{"line":375,"column":6},"end":{"line":375,"column":null}},"34":{"start":{"line":391,"column":4},"end":{"line":391,"column":null}}},"fnMap":{"0":{"name":"(anonymous_0)","decl":{"start":{"line":81,"column":2},"end":{"line":81,"column":9}},"loc":{"start":{"line":81,"column":19},"end":{"line":83,"column":null}}},"1":{"name":"(anonymous_1)","decl":{"start":{"line":85,"column":2},"end":{"line":85,"column":6}},"loc":{"start":{"line":85,"column":21},"end":{"line":87,"column":null}}},"2":{"name":"(anonymous_2)","decl":{"start":{"line":99,"column":2},"end":{"line":99,"column":29}},"loc":{"start":{"line":99,"column":29},"end":{"line":101,"column":null}}},"3":{"name":"(anonymous_3)","decl":{"start":{"line":103,"column":2},"end":{"line":103,"column":14}},"loc":{"start":{"line":103,"column":52},"end":{"line":112,"column":null}}},"4":{"name":"(anonymous_4)","decl":{"start":{"line":114,"column":2},"end":{"line":114,"column":8}},"loc":{"start":{"line":117,"column":34},"end":{"line":140,"column":null}}},"5":{"name":"(anonymous_5)","decl":{"start":{"line":142,"column":2},"end":{"line":142,"column":8}},"loc":{"start":{"line":145,"column":30},"end":{"line":147,"column":null}}},"6":{"name":"(anonymous_6)","decl":{"start":{"line":239,"column":2},"end":{"line":239,"column":14}},"loc":{"start":{"line":239,"column":78},"end":{"line":242,"column":null}}},"7":{"name":"(anonymous_7)","decl":{"start":{"line":258,"column":2},"end":{"line":258,"column":8}},"loc":{"start":{"line":258,"column":61},"end":{"line":260,"column":null}}},"8":{"name":"(anonymous_8)","decl":{"start":{"line":268,"column":2},"end":{"line":268,"column":8}},"loc":{"start":{"line":273,"column":34},"end":{"line":281,"column":null}}},"9":{"name":"(anonymous_9)","decl":{"start":{"line":280,"column":23},"end":{"line":280,"column":24}},"loc":{"start":{"line":280,"column":35},"end":{"line":280,"column":44}}},"10":{"name":"(anonymous_10)","decl":{"start":{"line":283,"column":2},"end":{"line":283,"column":8}},"loc":{"start":{"line":288,"column":44},"end":{"line":294,"column":null}}},"11":{"name":"(anonymous_11)","decl":{"start":{"line":317,"column":2},"end":{"line":317,"column":9}},"loc":{"start":{"line":323,"column":26},"end":{"line":327,"column":null}}},"12":{"name":"(anonymous_12)","decl":{"start":{"line":329,"column":2},"end":{"line":329,"column":9}},"loc":{"start":{"line":334,"column":26},"end":{"line":338,"column":null}}},"13":{"name":"(anonymous_13)","decl":{"start":{"line":340,"column":2},"end":{"line":340,"column":null}},"loc":{"start":{"line":347,"column":32},"end":{"line":377,"column":null}}},"14":{"name":"(anonymous_14)","decl":{"start":{"line":387,"column":2},"end":{"line":387,"column":9}},"loc":{"start":{"line":390,"column":34},"end":{"line":392,"column":null}}}},"branchMap":{"0":{"loc":{"start":{"line":106,"column":13},"end":{"line":106,"column":31}},"type":"binary-expr","locations":[{"start":{"line":106,"column":13},"end":{"line":106,"column":21}},{"start":{"line":106,"column":25},"end":{"line":106,"column":31}}]},"1":{"loc":{"start":{"line":107,"column":22},"end":{"line":107,"column":58}},"type":"binary-expr","locations":[{"start":{"line":107,"column":22},"end":{"line":107,"column":39}},{"start":{"line":107,"column":43},"end":{"line":107,"column":58}}]},"2":{"loc":{"start":{"line":109,"column":4},"end":{"line":111,"column":null}},"type":"if","locations":[{"start":{"line":109,"column":4},"end":{"line":111,"column":null}}]},"3":{"loc":{"start":{"line":118,"column":4},"end":{"line":133,"column":null}},"type":"if","locations":[{"start":{"line":118,"column":4},"end":{"line":133,"column":null}}]},"4":{"loc":{"start":{"line":119,"column":6},"end":{"line":123,"column":null}},"type":"if","locations":[{"start":{"line":119,"column":6},"end":{"line":123,"column":null}}]},"5":{"loc":{"start":{"line":270,"column":4},"end":{"line":270,"column":9}},"type":"default-arg","locations":[{"start":{"line":270,"column":8},"end":{"line":270,"column":9}}]},"6":{"loc":{"start":{"line":271,"column":4},"end":{"line":271,"column":54}},"type":"default-arg","locations":[{"start":{"line":271,"column":45},"end":{"line":271,"column":54}}]},"7":{"loc":{"start":{"line":272,"column":4},"end":{"line":272,"column":49}},"type":"default-arg","locations":[{"start":{"line":272,"column":40},"end":{"line":272,"column":49}}]},"8":{"loc":{"start":{"line":285,"column":4},"end":{"line":285,"column":9}},"type":"default-arg","locations":[{"start":{"line":285,"column":8},"end":{"line":285,"column":9}}]},"9":{"loc":{"start":{"line":286,"column":4},"end":{"line":286,"column":54}},"type":"default-arg","locations":[{"start":{"line":286,"column":45},"end":{"line":286,"column":54}}]},"10":{"loc":{"start":{"line":287,"column":4},"end":{"line":287,"column":49}},"type":"default-arg","locations":[{"start":{"line":287,"column":40},"end":{"line":287,"column":49}}]},"11":{"loc":{"start":{"line":348,"column":4},"end":{"line":376,"column":null}},"type":"if","locations":[{"start":{"line":348,"column":4},"end":{"line":376,"column":null}},{"start":{"line":358,"column":11},"end":{"line":376,"column":null}}]},"12":{"loc":{"start":{"line":353,"column":19},"end":{"line":353,"column":29}},"type":"binary-expr","locations":[{"start":{"line":353,"column":19},"end":{"line":353,"column":27}},{"start":{"line":353,"column":27},"end":{"line":353,"column":29}}]},"13":{"loc":{"start":{"line":363,"column":19},"end":{"line":363,"column":40}},"type":"binary-expr","locations":[{"start":{"line":363,"column":19},"end":{"line":363,"column":38}},{"start":{"line":363,"column":38},"end":{"line":363,"column":40}}]},"14":{"loc":{"start":{"line":369,"column":6},"end":{"line":374,"column":null}},"type":"if","locations":[{"start":{"line":369,"column":6},"end":{"line":374,"column":null}}]}},"s":{"0":0,"1":0,"2":0,"3":0,"4":0,"5":0,"6":0,"7":0,"8":0,"9":0,"10":0,"11":0,"12":0,"13":0,"14":0,"15":0,"16":0,"17":0,"18":0,"19":0,"20":0,"21":0,"22":0,"23":0,"24":0,"25":0,"26":0,"27":0,"28":0,"29":0,"30":0,"31":0,"32":0,"33":0,"34":0},"f":{"0":0,"1":0,"2":0,"3":0,"4":0,"5":0,"6":0,"7":0,"8":0,"9":0,"10":0,"11":0,"12":0,"13":0,"14":0},"b":{"0":[0,0],"1":[0,0],"2":[0],"3":[0],"4":[0],"5":[0],"6":[0],"7":[0],"8":[0],"9":[0],"10":[0],"11":[0,0],"12":[0,0],"13":[0,0],"14":[0]}}
,"/Users/bracesproul/code/lang-chain-ai/langchainjs/langchain-core/src/callbacks/base.ts": {"path":"/Users/bracesproul/code/lang-chain-ai/langchainjs/langchain-core/src/callbacks/base.ts","statementMap":{"0":{"start":{"line":282,"column":20},"end":{"line":282,"column":26}},"1":{"start":{"line":285,"column":4},"end":{"line":285,"column":null}},"2":{"start":{"line":289,"column":4},"end":{"line":289,"column":null}},"3":{"start":{"line":293,"column":4},"end":{"line":293,"column":null}},"4":{"start":{"line":297,"column":4},"end":{"line":297,"column":null}},"5":{"start":{"line":307,"column":4},"end":{"line":307,"column":null}},"6":{"start":{"line":314,"column":4},"end":{"line":317,"column":null}},"7":{"start":{"line":324,"column":14},"end":{"line":324,"column":20}},"8":{"start":{"line":326,"column":16},"end":{"line":326,"column":22}},"9":{"start":{"line":328,"column":16},"end":{"line":328,"column":22}},"10":{"start":{"line":330,"column":20},"end":{"line":330,"column":26}},"11":{"start":{"line":333,"column":4},"end":{"line":336,"column":13}},"12":{"start":{"line":339,"column":4},"end":{"line":339,"column":null}},"13":{"start":{"line":340,"column":4},"end":{"line":340,"column":null}},"14":{"start":{"line":341,"column":4},"end":{"line":346,"column":null}},"15":{"start":{"line":342,"column":6},"end":{"line":342,"column":null}},"16":{"start":{"line":343,"column":6},"end":{"line":343,"column":null}},"17":{"start":{"line":344,"column":6},"end":{"line":344,"column":null}},"18":{"start":{"line":345,"column":6},"end":{"line":345,"column":null}},"19":{"start":{"line":350,"column":4},"end":{"line":352,"column":null}},"20":{"start":{"line":356,"column":4},"end":{"line":356,"column":null}},"21":{"start":{"line":360,"column":4},"end":{"line":360,"column":null}},"22":{"start":{"line":365,"column":13},"end":{"line":365,"column":23}},"23":{"start":{"line":368,"column":8},"end":{"line":368,"column":null}},"24":{"start":{"line":369,"column":8},"end":{"line":369,"column":null}},"25":{"start":{"line":372,"column":4},"end":{"line":372,"column":null}}},"fnMap":{"0":{"name":"(anonymous_0)","decl":{"start":{"line":284,"column":2},"end":{"line":284,"column":6}},"loc":{"start":{"line":284,"column":62},"end":{"line":286,"column":null}}},"1":{"name":"(anonymous_1)","decl":{"start":{"line":288,"column":2},"end":{"line":288,"column":6}},"loc":{"start":{"line":288,"column":58},"end":{"line":290,"column":null}}},"2":{"name":"(anonymous_2)","decl":{"start":{"line":292,"column":2},"end":{"line":292,"column":6}},"loc":{"start":{"line":292,"column":61},"end":{"line":294,"column":null}}},"3":{"name":"(anonymous_3)","decl":{"start":{"line":296,"column":2},"end":{"line":296,"column":6}},"loc":{"start":{"line":296,"column":58},"end":{"line":298,"column":null}}},"4":{"name":"(anonymous_4)","decl":{"start":{"line":306,"column":2},"end":{"line":306,"column":9}},"loc":{"start":{"line":306,"column":27},"end":{"line":308,"column":null}}},"5":{"name":"(anonymous_5)","decl":{"start":{"line":313,"column":2},"end":{"line":313,"column":6}},"loc":{"start":{"line":313,"column":24},"end":{"line":318,"column":null}}},"6":{"name":"(anonymous_6)","decl":{"start":{"line":338,"column":2},"end":{"line":338,"column":14}},"loc":{"start":{"line":338,"column":48},"end":{"line":347,"column":null}}},"7":{"name":"(anonymous_7)","decl":{"start":{"line":349,"column":2},"end":{"line":349,"column":30}},"loc":{"start":{"line":349,"column":30},"end":{"line":353,"column":null}}},"8":{"name":"(anonymous_8)","decl":{"start":{"line":355,"column":2},"end":{"line":355,"column":23}},"loc":{"start":{"line":355,"column":23},"end":{"line":357,"column":null}}},"9":{"name":"(anonymous_9)","decl":{"start":{"line":359,"column":2},"end":{"line":359,"column":51}},"loc":{"start":{"line":359,"column":51},"end":{"line":361,"column":null}}},"10":{"name":"(anonymous_10)","decl":{"start":{"line":363,"column":2},"end":{"line":363,"column":9}},"loc":{"start":{"line":363,"column":54},"end":{"line":373,"column":null}}},"11":{"name":"(anonymous_11)","decl":{"start":{"line":367,"column":6},"end":{"line":367,"column":20}},"loc":{"start":{"line":367,"column":20},"end":{"line":370,"column":null}}}},"branchMap":{"0":{"loc":{"start":{"line":333,"column":4},"end":{"line":336,"column":13}},"type":"cond-expr","locations":[{"start":{"line":335,"column":8},"end":{"line":335,"column":null}},{"start":{"line":336,"column":8},"end":{"line":336,"column":13}}]},"1":{"loc":{"start":{"line":340,"column":21},"end":{"line":340,"column":null}},"type":"binary-expr","locations":[{"start":{"line":340,"column":21},"end":{"line":340,"column":30}},{"start":{"line":340,"column":30},"end":{"line":340,"column":null}}]},"2":{"loc":{"start":{"line":341,"column":4},"end":{"line":346,"column":null}},"type":"if","locations":[{"start":{"line":341,"column":4},"end":{"line":346,"column":null}}]},"3":{"loc":{"start":{"line":342,"column":23},"end":{"line":342,"column":56}},"type":"binary-expr","locations":[{"start":{"line":342,"column":23},"end":{"line":342,"column":38}},{"start":{"line":342,"column":42},"end":{"line":342,"column":56}}]},"4":{"loc":{"start":{"line":343,"column":25},"end":{"line":343,"column":62}},"type":"binary-expr","locations":[{"start":{"line":343,"column":25},"end":{"line":343,"column":42}},{"start":{"line":343,"column":46},"end":{"line":343,"column":62}}]},"5":{"loc":{"start":{"line":344,"column":25},"end":{"line":344,"column":62}},"type":"binary-expr","locations":[{"start":{"line":344,"column":25},"end":{"line":344,"column":42}},{"start":{"line":344,"column":46},"end":{"line":344,"column":62}}]},"6":{"loc":{"start":{"line":345,"column":29},"end":{"line":345,"column":74}},"type":"binary-expr","locations":[{"start":{"line":345,"column":29},"end":{"line":345,"column":50}},{"start":{"line":345,"column":54},"end":{"line":345,"column":74}}]}},"s":{"0":183,"1":0,"2":0,"3":0,"4":0,"5":0,"6":0,"7":183,"8":183,"9":183,"10":183,"11":183,"12":183,"13":183,"14":183,"15":146,"16":146,"17":146,"18":146,"19":0,"20":0,"21":0,"22":7,"23":7,"24":7,"25":7},"f":{"0":0,"1":0,"2":0,"3":0,"4":0,"5":0,"6":183,"7":0,"8":0,"9":0,"10":7,"11":7},"b":{"0":[183,0],"1":[183,37],"2":[146],"3":[146,145],"4":[146,145],"5":[146,145],"6":[146,145]}}
,"/Users/bracesproul/code/lang-chain-ai/langchainjs/langchain-core/src/callbacks/manager.ts": {"path":"/Users/bracesproul/code/lang-chain-ai/langchainjs/langchain-core/src/callbacks/manager.ts","statementMap":{"0":{"start":{"line":66,"column":2},"end":{"line":72,"column":null}},"1":{"start":{"line":67,"column":4},"end":{"line":67,"column":null}},"2":{"start":{"line":68,"column":9},"end":{"line":72,"column":null}},"3":{"start":{"line":69,"column":4},"end":{"line":69,"column":null}},"4":{"start":{"line":71,"column":4},"end":{"line":71,"column":null}},"5":{"start":{"line":86,"column":4},"end":{"line":86,"column":null}},"6":{"start":{"line":95,"column":20},"end":{"line":95,"column":33}},"7":{"start":{"line":96,"column":20},"end":{"line":96,"column":51}},"8":{"start":{"line":97,"column":23},"end":{"line":97,"column":65}},"9":{"start":{"line":98,"column":23},"end":{"line":98,"column":37}},"10":{"start":{"line":99,"column":23},"end":{"line":99,"column":48}},"11":{"start":{"line":100,"column":23},"end":{"line":100,"column":56}},"12":{"start":{"line":101,"column":23},"end":{"line":101,"column":67}},"13":{"start":{"line":102,"column":23},"end":{"line":102,"column":44}},"14":{"start":{"line":106,"column":4},"end":{"line":121,"column":null}},"15":{"start":{"line":108,"column":8},"end":{"line":121,"column":null}},"16":{"start":{"line":109,"column":10},"end":{"line":120,"column":null}},"17":{"start":{"line":110,"column":12},"end":{"line":114,"column":null}},"18":{"start":{"line":117,"column":12},"end":{"line":118,"column":null}},"19":{"start":{"line":136,"column":20},"end":{"line":136,"column":null}},"20":{"start":{"line":137,"column":4},"end":{"line":137,"column":null}},"21":{"start":{"line":138,"column":4},"end":{"line":138,"column":null}},"22":{"start":{"line":139,"column":4},"end":{"line":139,"column":null}},"23":{"start":{"line":140,"column":4},"end":{"line":142,"column":null}},"24":{"start":{"line":141,"column":6},"end":{"line":141,"column":null}},"25":{"start":{"line":143,"column":4},"end":{"line":143,"column":null}},"26":{"start":{"line":147,"column":4},"end":{"line":164,"column":null}},"27":{"start":{"line":149,"column":8},"end":{"line":164,"column":null}},"28":{"start":{"line":150,"column":10},"end":{"line":163,"column":null}},"29":{"start":{"line":151,"column":12},"end":{"line":162,"column":null}},"30":{"start":{"line":152,"column":14},"end":{"line":156,"column":null}},"31":{"start":{"line":159,"column":14},"end":{"line":160,"column":null}},"32":{"start":{"line":170,"column":4},"end":{"line":187,"column":null}},"33":{"start":{"line":172,"column":8},"end":{"line":187,"column":null}},"34":{"start":{"line":173,"column":10},"end":{"line":186,"column":null}},"35":{"start":{"line":174,"column":12},"end":{"line":185,"column":null}},"36":{"start":{"line":175,"column":14},"end":{"line":179,"column":null}},"37":{"start":{"line":182,"column":14},"end":{"line":183,"column":null}},"38":{"start":{"line":205,"column":4},"end":{"line":224,"column":null}},"39":{"start":{"line":207,"column":8},"end":{"line":224,"column":null}},"40":{"start":{"line":208,"column":10},"end":{"line":223,"column":null}},"41":{"start":{"line":209,"column":12},"end":{"line":222,"column":null}},"42":{"start":{"line":210,"column":14},"end":{"line":216,"column":null}},"43":{"start":{"line":219,"column":14},"end":{"line":220,"column":null}},"44":{"start":{"line":230,"column":4},"end":{"line":247,"column":null}},"45":{"start":{"line":232,"column":8},"end":{"line":247,"column":null}},"46":{"start":{"line":233,"column":10},"end":{"line":246,"column":null}},"47":{"start":{"line":234,"column":12},"end":{"line":245,"column":null}},"48":{"start":{"line":235,"column":14},"end":{"line":239,"column":null}},"49":{"start":{"line":242,"column":14},"end":{"line":243,"column":null}},"50":{"start":{"line":253,"column":4},"end":{"line":270,"column":null}},"51":{"start":{"line":255,"column":8},"end":{"line":270,"column":null}},"52":{"start":{"line":256,"column":10},"end":{"line":269,"column":null}},"53":{"start":{"line":257,"column":12},"end":{"line":268,"column":null}},"54":{"start":{"line":258,"column":14},"end":{"line":262,"column":null}},"55":{"start":{"line":265,"column":14},"end":{"line":266,"column":null}},"56":{"start":{"line":282,"column":20},"end":{"line":282,"column":null}},"57":{"start":{"line":283,"column":4},"end":{"line":283,"column":null}},"58":{"start":{"line":284,"column":4},"end":{"line":284,"column":null}},"59":{"start":{"line":285,"column":4},"end":{"line":285,"column":null}},"60":{"start":{"line":286,"column":4},"end":{"line":288,"column":null}},"61":{"start":{"line":287,"column":6},"end":{"line":287,"column":null}},"62":{"start":{"line":289,"column":4},"end":{"line":289,"column":null}},"63":{"start":{"line":299,"column":4},"end":{"line":317,"column":null}},"64":{"start":{"line":301,"column":8},"end":{"line":317,"column":null}},"65":{"start":{"line":302,"column":10},"end":{"line":316,"column":null}},"66":{"start":{"line":303,"column":12},"end":{"line":315,"column":null}},"67":{"start":{"line":304,"column":14},"end":{"line":309,"column":null}},"68":{"start":{"line":312,"column":14},"end":{"line":313,"column":null}},"69":{"start":{"line":329,"column":4},"end":{"line":347,"column":null}},"70":{"start":{"line":331,"column":8},"end":{"line":347,"column":null}},"71":{"start":{"line":332,"column":10},"end":{"line":346,"column":null}},"72":{"start":{"line":333,"column":12},"end":{"line":345,"column":null}},"73":{"start":{"line":334,"column":14},"end":{"line":339,"column":null}},"74":{"start":{"line":342,"column":14},"end":{"line":343,"column":null}},"75":{"start":{"line":353,"column":4},"end":{"line":370,"column":null}},"76":{"start":{"line":355,"column":8},"end":{"line":370,"column":null}},"77":{"start":{"line":356,"column":10},"end":{"line":369,"column":null}},"78":{"start":{"line":357,"column":12},"end":{"line":368,"column":null}},"79":{"start":{"line":358,"column":14},"end":{"line":362,"column":null}},"80":{"start":{"line":365,"column":14},"end":{"line":366,"column":null}},"81":{"start":{"line":376,"column":4},"end":{"line":393,"column":null}},"82":{"start":{"line":378,"column":8},"end":{"line":393,"column":null}},"83":{"start":{"line":379,"column":10},"end":{"line":392,"column":null}},"84":{"start":{"line":380,"column":12},"end":{"line":391,"column":null}},"85":{"start":{"line":381,"column":14},"end":{"line":385,"column":null}},"86":{"start":{"line":388,"column":14},"end":{"line":389,"column":null}},"87":{"start":{"line":405,"column":20},"end":{"line":405,"column":null}},"88":{"start":{"line":406,"column":4},"end":{"line":406,"column":null}},"89":{"start":{"line":407,"column":4},"end":{"line":407,"column":null}},"90":{"start":{"line":408,"column":4},"end":{"line":408,"column":null}},"91":{"start":{"line":409,"column":4},"end":{"line":411,"column":null}},"92":{"start":{"line":410,"column":6},"end":{"line":410,"column":null}},"93":{"start":{"line":412,"column":4},"end":{"line":412,"column":null}},"94":{"start":{"line":416,"column":4},"end":{"line":433,"column":null}},"95":{"start":{"line":418,"column":8},"end":{"line":433,"column":null}},"96":{"start":{"line":419,"column":10},"end":{"line":432,"column":null}},"97":{"start":{"line":420,"column":12},"end":{"line":431,"column":null}},"98":{"start":{"line":421,"column":14},"end":{"line":425,"column":null}},"99":{"start":{"line":428,"column":14},"end":{"line":429,"column":null}},"100":{"start":{"line":439,"column":4},"end":{"line":456,"column":null}},"101":{"start":{"line":441,"column":8},"end":{"line":456,"column":null}},"102":{"start":{"line":442,"column":10},"end":{"line":455,"column":null}},"103":{"start":{"line":443,"column":12},"end":{"line":454,"column":null}},"104":{"start":{"line":444,"column":14},"end":{"line":448,"column":null}},"105":{"start":{"line":451,"column":14},"end":{"line":452,"column":null}},"106":{"start":{"line":484,"column":36},"end":{"line":484,"column":38}},"107":{"start":{"line":486,"column":47},"end":{"line":486,"column":49}},"108":{"start":{"line":488,"column":19},"end":{"line":488,"column":21}},"109":{"start":{"line":490,"column":30},"end":{"line":490,"column":32}},"110":{"start":{"line":492,"column":38},"end":{"line":492,"column":41}},"111":{"start":{"line":494,"column":49},"end":{"line":494,"column":52}},"112":{"start":{"line":496,"column":9},"end":{"line":496,"column":28}},"113":{"start":{"line":511,"column":4},"end":{"line":511,"column":null}},"114":{"start":{"line":512,"column":4},"end":{"line":512,"column":null}},"115":{"start":{"line":513,"column":4},"end":{"line":514,"column":null}},"116":{"start":{"line":515,"column":4},"end":{"line":515,"column":null}},"117":{"start":{"line":516,"column":4},"end":{"line":516,"column":null}},"118":{"start":{"line":517,"column":4},"end":{"line":517,"column":null}},"119":{"start":{"line":518,"column":4},"end":{"line":519,"column":null}},"120":{"start":{"line":520,"column":4},"end":{"line":520,"column":null}},"121":{"start":{"line":533,"column":4},"end":{"line":572,"column":null}},"122":{"start":{"line":535,"column":22},"end":{"line":535,"column":null}},"123":{"start":{"line":537,"column":8},"end":{"line":558,"column":null}},"124":{"start":{"line":539,"column":12},"end":{"line":558,"column":null}},"125":{"start":{"line":540,"column":14},"end":{"line":557,"column":null}},"126":{"start":{"line":541,"column":16},"end":{"line":556,"column":null}},"127":{"start":{"line":542,"column":18},"end":{"line":550,"column":null}},"128":{"start":{"line":553,"column":18},"end":{"line":554,"column":null}},"129":{"start":{"line":562,"column":8},"end":{"line":570,"column":null}},"130":{"start":{"line":586,"column":4},"end":{"line":639,"column":null}},"131":{"start":{"line":588,"column":22},"end":{"line":588,"column":null}},"132":{"start":{"line":590,"column":8},"end":{"line":625,"column":null}},"133":{"start":{"line":592,"column":12},"end":{"line":625,"column":null}},"134":{"start":{"line":593,"column":14},"end":{"line":624,"column":null}},"135":{"start":{"line":594,"column":16},"end":{"line":623,"column":null}},"136":{"start":{"line":595,"column":18},"end":{"line":618,"column":null}},"137":{"start":{"line":596,"column":20},"end":{"line":604,"column":null}},"138":{"start":{"line":606,"column":25},"end":{"line":618,"column":null}},"139":{"start":{"line":607,"column":42},"end":{"line":607,"column":null}},"140":{"start":{"line":608,"column":20},"end":{"line":616,"column":null}},"141":{"start":{"line":620,"column":18},"end":{"line":621,"column":null}},"142":{"start":{"line":629,"column":8},"end":{"line":637,"column":null}},"143":{"start":{"line":652,"column":4},"end":{"line":673,"column":null}},"144":{"start":{"line":654,"column":8},"end":{"line":673,"column":null}},"145":{"start":{"line":655,"column":10},"end":{"line":672,"column":null}},"146":{"start":{"line":656,"column":12},"end":{"line":671,"column":null}},"147":{"start":{"line":657,"column":14},"end":{"line":665,"column":null}},"148":{"start":{"line":668,"column":14},"end":{"line":669,"column":null}},"149":{"start":{"line":676,"column":4},"end":{"line":684,"column":null}},"150":{"start":{"line":697,"column":4},"end":{"line":717,"column":null}},"151":{"start":{"line":699,"column":8},"end":{"line":717,"column":null}},"152":{"start":{"line":700,"column":10},"end":{"line":716,"column":null}},"153":{"start":{"line":701,"column":12},"end":{"line":715,"column":null}},"154":{"start":{"line":702,"column":14},"end":{"line":709,"column":null}},"155":{"start":{"line":712,"column":14},"end":{"line":713,"column":null}},"156":{"start":{"line":720,"column":4},"end":{"line":728,"column":null}},"157":{"start":{"line":741,"column":4},"end":{"line":761,"column":null}},"158":{"start":{"line":743,"column":8},"end":{"line":761,"column":null}},"159":{"start":{"line":744,"column":10},"end":{"line":760,"column":null}},"160":{"start":{"line":745,"column":12},"end":{"line":759,"column":null}},"161":{"start":{"line":746,"column":14},"end":{"line":753,"column":null}},"162":{"start":{"line":756,"column":14},"end":{"line":757,"column":null}},"163":{"start":{"line":764,"column":4},"end":{"line":772,"column":null}},"164":{"start":{"line":777,"column":4},"end":{"line":777,"column":null}},"165":{"start":{"line":778,"column":4},"end":{"line":780,"column":null}},"166":{"start":{"line":779,"column":6},"end":{"line":779,"column":null}},"167":{"start":{"line":784,"column":4},"end":{"line":784,"column":null}},"168":{"start":{"line":784,"column":55},"end":{"line":784,"column":null}},"169":{"start":{"line":785,"column":4},"end":{"line":786,"column":null}},"170":{"start":{"line":786,"column":20},"end":{"line":786,"column":null}},"171":{"start":{"line":791,"column":4},"end":{"line":791,"column":null}},"172":{"start":{"line":792,"column":4},"end":{"line":792,"column":null}},"173":{"start":{"line":793,"column":4},"end":{"line":795,"column":null}},"174":{"start":{"line":794,"column":6},"end":{"line":794,"column":null}},"175":{"start":{"line":799,"column":4},"end":{"line":799,"column":27}},"176":{"start":{"line":800,"column":4},"end":{"line":800,"column":null}},"177":{"start":{"line":801,"column":4},"end":{"line":803,"column":null}},"178":{"start":{"line":802,"column":6},"end":{"line":802,"column":null}},"179":{"start":{"line":807,"column":4},"end":{"line":807,"column":null}},"180":{"start":{"line":807,"column":42},"end":{"line":807,"column":null}},"181":{"start":{"line":808,"column":4},"end":{"line":809,"column":null}},"182":{"start":{"line":809,"column":15},"end":{"line":809,"column":null}},"183":{"start":{"line":814,"column":4},"end":{"line":814,"column":null}},"184":{"start":{"line":815,"column":4},"end":{"line":817,"column":null}},"185":{"start":{"line":816,"column":6},"end":{"line":816,"column":null}},"186":{"start":{"line":821,"column":4},"end":{"line":824,"column":null}},"187":{"start":{"line":822,"column":6},"end":{"line":822,"column":null}},"188":{"start":{"line":823,"column":6},"end":{"line":823,"column":null}},"189":{"start":{"line":831,"column":20},"end":{"line":831,"column":null}},"190":{"start":{"line":832,"column":4},"end":{"line":835,"column":null}},"191":{"start":{"line":833,"column":26},"end":{"line":833,"column":null}},"192":{"start":{"line":834,"column":6},"end":{"line":834,"column":null}},"193":{"start":{"line":836,"column":4},"end":{"line":839,"column":null}},"194":{"start":{"line":837,"column":26},"end":{"line":837,"column":null}},"195":{"start":{"line":838,"column":6},"end":{"line":838,"column":null}},"196":{"start":{"line":840,"column":4},"end":{"line":843,"column":null}},"197":{"start":{"line":841,"column":26},"end":{"line":841,"column":null}},"198":{"start":{"line":842,"column":6},"end":{"line":842,"column":null}},"199":{"start":{"line":844,"column":4},"end":{"line":854,"column":null}},"200":{"start":{"line":845,"column":6},"end":{"line":852,"column":null}},"201":{"start":{"line":848,"column":25},"end":{"line":848,"column":null}},"202":{"start":{"line":849,"column":23},"end":{"line":849,"column":46}},"203":{"start":{"line":851,"column":8},"end":{"line":851,"column":null}},"204":{"start":{"line":853,"column":6},"end":{"line":853,"column":null}},"205":{"start":{"line":855,"column":4},"end":{"line":855,"column":null}},"206":{"start":{"line":860,"column":13},"end":{"line":860,"column":22}},"207":{"start":{"line":863,"column":8},"end":{"line":863,"column":null}},"208":{"start":{"line":864,"column":8},"end":{"line":864,"column":null}},"209":{"start":{"line":868,"column":20},"end":{"line":868,"column":null}},"210":{"start":{"line":869,"column":4},"end":{"line":869,"column":null}},"211":{"start":{"line":870,"column":4},"end":{"line":870,"column":null}},"212":{"start":{"line":883,"column":4},"end":{"line":899,"column":null}},"213":{"start":{"line":884,"column":6},"end":{"line":892,"column":null}},"214":{"start":{"line":885,"column":8},"end":{"line":885,"column":null}},"215":{"start":{"line":886,"column":8},"end":{"line":888,"column":null}},"216":{"start":{"line":891,"column":8},"end":{"line":891,"column":null}},"217":{"start":{"line":893,"column":6},"end":{"line":897,"column":null}},"218":{"start":{"line":902,"column":6},"end":{"line":903,"column":null}},"219":{"start":{"line":905,"column":6},"end":{"line":905,"column":null}},"220":{"start":{"line":908,"column":6},"end":{"line":909,"column":null}},"221":{"start":{"line":910,"column":4},"end":{"line":933,"column":null}},"222":{"start":{"line":911,"column":6},"end":{"line":913,"column":null}},"223":{"start":{"line":912,"column":8},"end":{"line":912,"column":null}},"224":{"start":{"line":914,"column":6},"end":{"line":922,"column":null}},"225":{"start":{"line":917,"column":23},"end":{"line":917,"column":77}},"226":{"start":{"line":920,"column":31},"end":{"line":920,"column":null}},"227":{"start":{"line":921,"column":8},"end":{"line":921,"column":null}},"228":{"start":{"line":923,"column":6},"end":{"line":932,"column":null}},"229":{"start":{"line":926,"column":23},"end":{"line":926,"column":null}},"230":{"start":{"line":929,"column":8},"end":{"line":931,"column":null}},"231":{"start":{"line":930,"column":10},"end":{"line":930,"column":null}},"232":{"start":{"line":934,"column":4},"end":{"line":939,"column":null}},"233":{"start":{"line":935,"column":6},"end":{"line":938,"column":null}},"234":{"start":{"line":936,"column":8},"end":{"line":936,"column":null}},"235":{"start":{"line":937,"column":8},"end":{"line":937,"column":null}},"236":{"start":{"line":940,"column":4},"end":{"line":945,"column":null}},"237":{"start":{"line":941,"column":6},"end":{"line":944,"column":null}},"238":{"start":{"line":942,"column":8},"end":{"line":942,"column":null}},"239":{"start":{"line":943,"column":8},"end":{"line":943,"column":null}},"240":{"start":{"line":946,"column":4},"end":{"line":946,"column":null}},"241":{"start":{"line":953,"column":2},"end":{"line":955,"column":null}},"242":{"start":{"line":954,"column":4},"end":{"line":954,"column":null}},"243":{"start":{"line":957,"column":2},"end":{"line":957,"column":null}},"244":{"start":{"line":995,"column":12},"end":{"line":995,"column":29}},"245":{"start":{"line":996,"column":12},"end":{"line":996,"column":null}},"246":{"start":{"line":1007,"column":15},"end":{"line":1007,"column":null}},"247":{"start":{"line":1008,"column":15},"end":{"line":1008,"column":null}},"248":{"start":{"line":1009,"column":23},"end":{"line":1015,"column":null}},"249":{"start":{"line":1017,"column":4},"end":{"line":1019,"column":null}},"250":{"start":{"line":1018,"column":6},"end":{"line":1018,"column":null}},"251":{"start":{"line":1020,"column":4},"end":{"line":1020,"column":null}},"252":{"start":{"line":1024,"column":4},"end":{"line":1030,"column":null}},"253":{"start":{"line":1025,"column":6},"end":{"line":1028,"column":null}},"254":{"start":{"line":1031,"column":4},"end":{"line":1031,"column":null}},"255":{"start":{"line":1035,"column":4},"end":{"line":1038,"column":null}},"256":{"start":{"line":1036,"column":6},"end":{"line":1036,"column":null}},"257":{"start":{"line":1037,"column":6},"end":{"line":1037,"column":null}},"258":{"start":{"line":1042,"column":4},"end":{"line":1045,"column":null}},"259":{"start":{"line":1043,"column":6},"end":{"line":1043,"column":null}},"260":{"start":{"line":1044,"column":6},"end":{"line":1044,"column":null}},"261":{"start":{"line":1051,"column":2},"end":{"line":1053,"column":null}},"262":{"start":{"line":1064,"column":21},"end":{"line":1064,"column":null}},"263":{"start":{"line":1065,"column":26},"end":{"line":1065,"column":null}},"264":{"start":{"line":1066,"column":2},"end":{"line":1073,"column":null}},"265":{"start":{"line":1067,"column":19},"end":{"line":1067,"column":null}},"266":{"start":{"line":1068,"column":4},"end":{"line":1068,"column":null}},"267":{"start":{"line":1069,"column":4},"end":{"line":1069,"column":null}},"268":{"start":{"line":1071,"column":4},"end":{"line":1071,"column":null}},"269":{"start":{"line":1072,"column":4},"end":{"line":1072,"column":null}}},"fnMap":{"0":{"name":"parseCallbackConfigArg","decl":{"start":{"line":63,"column":16},"end":{"line":63,"column":null}},"loc":{"start":{"line":64,"column":49},"end":{"line":73,"column":null}}},"1":{"name":"(anonymous_1)","decl":{"start":{"line":85,"column":2},"end":{"line":85,"column":13}},"loc":{"start":{"line":85,"column":49},"end":{"line":87,"column":null}}},"2":{"name":"(anonymous_2)","decl":{"start":{"line":94,"column":2},"end":{"line":94,"column":null}},"loc":{"start":{"line":103,"column":4},"end":{"line":103,"column":null}}},"3":{"name":"(anonymous_3)","decl":{"start":{"line":105,"column":2},"end":{"line":105,"column":8}},"loc":{"start":{"line":105,"column":48},"end":{"line":124,"column":null}}},"4":{"name":"(anonymous_4)","decl":{"start":{"line":107,"column":24},"end":{"line":107,"column":25}},"loc":{"start":{"line":108,"column":8},"end":{"line":121,"column":null}}},"5":{"name":"(anonymous_5)","decl":{"start":{"line":108,"column":24},"end":{"line":108,"column":null}},"loc":{"start":{"line":108,"column":24},"end":{"line":121,"column":11}}},"6":{"name":"(anonymous_6)","decl":{"start":{"line":134,"column":2},"end":{"line":134,"column":11}},"loc":{"start":{"line":134,"column":42},"end":{"line":144,"column":null}}},"7":{"name":"(anonymous_7)","decl":{"start":{"line":146,"column":2},"end":{"line":146,"column":8}},"loc":{"start":{"line":146,"column":74},"end":{"line":167,"column":null}}},"8":{"name":"(anonymous_8)","decl":{"start":{"line":148,"column":24},"end":{"line":148,"column":25}},"loc":{"start":{"line":149,"column":8},"end":{"line":164,"column":null}}},"9":{"name":"(anonymous_9)","decl":{"start":{"line":149,"column":24},"end":{"line":149,"column":null}},"loc":{"start":{"line":149,"column":24},"end":{"line":164,"column":11}}},"10":{"name":"(anonymous_10)","decl":{"start":{"line":169,"column":2},"end":{"line":169,"column":8}},"loc":{"start":{"line":169,"column":66},"end":{"line":190,"column":null}}},"11":{"name":"(anonymous_11)","decl":{"start":{"line":171,"column":24},"end":{"line":171,"column":25}},"loc":{"start":{"line":172,"column":8},"end":{"line":187,"column":null}}},"12":{"name":"(anonymous_12)","decl":{"start":{"line":172,"column":24},"end":{"line":172,"column":null}},"loc":{"start":{"line":172,"column":24},"end":{"line":187,"column":11}}},"13":{"name":"(anonymous_13)","decl":{"start":{"line":197,"column":2},"end":{"line":197,"column":8}},"loc":{"start":{"line":204,"column":19},"end":{"line":227,"column":null}}},"14":{"name":"(anonymous_14)","decl":{"start":{"line":206,"column":24},"end":{"line":206,"column":25}},"loc":{"start":{"line":207,"column":8},"end":{"line":224,"column":null}}},"15":{"name":"(anonymous_15)","decl":{"start":{"line":207,"column":24},"end":{"line":207,"column":null}},"loc":{"start":{"line":207,"column":24},"end":{"line":224,"column":11}}},"16":{"name":"(anonymous_16)","decl":{"start":{"line":229,"column":2},"end":{"line":229,"column":8}},"loc":{"start":{"line":229,"column":60},"end":{"line":250,"column":null}}},"17":{"name":"(anonymous_17)","decl":{"start":{"line":231,"column":24},"end":{"line":231,"column":25}},"loc":{"start":{"line":232,"column":8},"end":{"line":247,"column":null}}},"18":{"name":"(anonymous_18)","decl":{"start":{"line":232,"column":24},"end":{"line":232,"column":null}},"loc":{"start":{"line":232,"column":24},"end":{"line":247,"column":11}}},"19":{"name":"(anonymous_19)","decl":{"start":{"line":252,"column":2},"end":{"line":252,"column":8}},"loc":{"start":{"line":252,"column":55},"end":{"line":273,"column":null}}},"20":{"name":"(anonymous_20)","decl":{"start":{"line":254,"column":24},"end":{"line":254,"column":25}},"loc":{"start":{"line":255,"column":8},"end":{"line":270,"column":null}}},"21":{"name":"(anonymous_21)","decl":{"start":{"line":255,"column":24},"end":{"line":255,"column":null}},"loc":{"start":{"line":255,"column":24},"end":{"line":270,"column":11}}},"22":{"name":"(anonymous_22)","decl":{"start":{"line":280,"column":2},"end":{"line":280,"column":11}},"loc":{"start":{"line":280,"column":42},"end":{"line":290,"column":null}}},"23":{"name":"(anonymous_23)","decl":{"start":{"line":292,"column":2},"end":{"line":292,"column":8}},"loc":{"start":{"line":298,"column":19},"end":{"line":320,"column":null}}},"24":{"name":"(anonymous_24)","decl":{"start":{"line":300,"column":24},"end":{"line":300,"column":25}},"loc":{"start":{"line":301,"column":8},"end":{"line":317,"column":null}}},"25":{"name":"(anonymous_25)","decl":{"start":{"line":301,"column":24},"end":{"line":301,"column":null}},"loc":{"start":{"line":301,"column":24},"end":{"line":317,"column":11}}},"26":{"name":"(anonymous_26)","decl":{"start":{"line":322,"column":2},"end":{"line":322,"column":8}},"loc":{"start":{"line":328,"column":19},"end":{"line":350,"column":null}}},"27":{"name":"(anonymous_27)","decl":{"start":{"line":330,"column":24},"end":{"line":330,"column":25}},"loc":{"start":{"line":331,"column":8},"end":{"line":347,"column":null}}},"28":{"name":"(anonymous_28)","decl":{"start":{"line":331,"column":24},"end":{"line":331,"column":null}},"loc":{"start":{"line":331,"column":24},"end":{"line":347,"column":11}}},"29":{"name":"(anonymous_29)","decl":{"start":{"line":352,"column":2},"end":{"line":352,"column":8}},"loc":{"start":{"line":352,"column":62},"end":{"line":373,"column":null}}},"30":{"name":"(anonymous_30)","decl":{"start":{"line":354,"column":24},"end":{"line":354,"column":25}},"loc":{"start":{"line":355,"column":8},"end":{"line":370,"column":null}}},"31":{"name":"(anonymous_31)","decl":{"start":{"line":355,"column":24},"end":{"line":355,"column":null}},"loc":{"start":{"line":355,"column":24},"end":{"line":370,"column":11}}},"32":{"name":"(anonymous_32)","decl":{"start":{"line":375,"column":2},"end":{"line":375,"column":8}},"loc":{"start":{"line":375,"column":59},"end":{"line":396,"column":null}}},"33":{"name":"(anonymous_33)","decl":{"start":{"line":377,"column":24},"end":{"line":377,"column":25}},"loc":{"start":{"line":378,"column":8},"end":{"line":393,"column":null}}},"34":{"name":"(anonymous_34)","decl":{"start":{"line":378,"column":24},"end":{"line":378,"column":null}},"loc":{"start":{"line":378,"column":24},"end":{"line":393,"column":11}}},"35":{"name":"(anonymous_35)","decl":{"start":{"line":403,"column":2},"end":{"line":403,"column":11}},"loc":{"start":{"line":403,"column":42},"end":{"line":413,"column":null}}},"36":{"name":"(anonymous_36)","decl":{"start":{"line":415,"column":2},"end":{"line":415,"column":8}},"loc":{"start":{"line":415,"column":61},"end":{"line":436,"column":null}}},"37":{"name":"(anonymous_37)","decl":{"start":{"line":417,"column":24},"end":{"line":417,"column":25}},"loc":{"start":{"line":418,"column":8},"end":{"line":433,"column":null}}},"38":{"name":"(anonymous_38)","decl":{"start":{"line":418,"column":24},"end":{"line":418,"column":null}},"loc":{"start":{"line":418,"column":24},"end":{"line":433,"column":11}}},"39":{"name":"(anonymous_39)","decl":{"start":{"line":438,"column":2},"end":{"line":438,"column":8}},"loc":{"start":{"line":438,"column":53},"end":{"line":459,"column":null}}},"40":{"name":"(anonymous_40)","decl":{"start":{"line":440,"column":24},"end":{"line":440,"column":25}},"loc":{"start":{"line":441,"column":8},"end":{"line":456,"column":null}}},"41":{"name":"(anonymous_41)","decl":{"start":{"line":441,"column":24},"end":{"line":441,"column":null}},"loc":{"start":{"line":441,"column":24},"end":{"line":456,"column":11}}},"42":{"name":"(anonymous_42)","decl":{"start":{"line":500,"column":2},"end":{"line":500,"column":null}},"loc":{"start":{"line":510,"column":4},"end":{"line":521,"column":null}}},"43":{"name":"(anonymous_43)","decl":{"start":{"line":523,"column":2},"end":{"line":523,"column":8}},"loc":{"start":{"line":532,"column":41},"end":{"line":574,"column":null}}},"44":{"name":"(anonymous_44)","decl":{"start":{"line":534,"column":18},"end":{"line":534,"column":25}},"loc":{"start":{"line":534,"column":25},"end":{"line":572,"column":null}}},"45":{"name":"(anonymous_45)","decl":{"start":{"line":538,"column":28},"end":{"line":538,"column":29}},"loc":{"start":{"line":539,"column":12},"end":{"line":558,"column":null}}},"46":{"name":"(anonymous_46)","decl":{"start":{"line":539,"column":28},"end":{"line":539,"column":null}},"loc":{"start":{"line":539,"column":28},"end":{"line":558,"column":15}}},"47":{"name":"(anonymous_47)","decl":{"start":{"line":576,"column":2},"end":{"line":576,"column":8}},"loc":{"start":{"line":585,"column":41},"end":{"line":641,"column":null}}},"48":{"name":"(anonymous_48)","decl":{"start":{"line":587,"column":19},"end":{"line":587,"column":26}},"loc":{"start":{"line":587,"column":26},"end":{"line":639,"column":null}}},"49":{"name":"(anonymous_49)","decl":{"start":{"line":591,"column":28},"end":{"line":591,"column":29}},"loc":{"start":{"line":592,"column":12},"end":{"line":625,"column":null}}},"50":{"name":"(anonymous_50)","decl":{"start":{"line":592,"column":28},"end":{"line":592,"column":null}},"loc":{"start":{"line":592,"column":28},"end":{"line":625,"column":15}}},"51":{"name":"(anonymous_51)","decl":{"start":{"line":643,"column":2},"end":{"line":643,"column":8}},"loc":{"start":{"line":651,"column":41},"end":{"line":686,"column":null}}},"52":{"name":"(anonymous_52)","decl":{"start":{"line":653,"column":24},"end":{"line":653,"column":25}},"loc":{"start":{"line":654,"column":8},"end":{"line":673,"column":null}}},"53":{"name":"(anonymous_53)","decl":{"start":{"line":654,"column":24},"end":{"line":654,"column":null}},"loc":{"start":{"line":654,"column":24},"end":{"line":673,"column":11}}},"54":{"name":"(anonymous_54)","decl":{"start":{"line":688,"column":2},"end":{"line":688,"column":8}},"loc":{"start":{"line":696,"column":40},"end":{"line":730,"column":null}}},"55":{"name":"(anonymous_55)","decl":{"start":{"line":698,"column":24},"end":{"line":698,"column":25}},"loc":{"start":{"line":699,"column":8},"end":{"line":717,"column":null}}},"56":{"name":"(anonymous_56)","decl":{"start":{"line":699,"column":24},"end":{"line":699,"column":null}},"loc":{"start":{"line":699,"column":24},"end":{"line":717,"column":11}}},"57":{"name":"(anonymous_57)","decl":{"start":{"line":732,"column":2},"end":{"line":732,"column":8}},"loc":{"start":{"line":740,"column":45},"end":{"line":774,"column":null}}},"58":{"name":"(anonymous_58)","decl":{"start":{"line":742,"column":24},"end":{"line":742,"column":25}},"loc":{"start":{"line":743,"column":8},"end":{"line":761,"column":null}}},"59":{"name":"(anonymous_59)","decl":{"start":{"line":743,"column":24},"end":{"line":743,"column":null}},"loc":{"start":{"line":743,"column":24},"end":{"line":761,"column":11}}},"60":{"name":"(anonymous_60)","decl":{"start":{"line":776,"column":2},"end":{"line":776,"column":13}},"loc":{"start":{"line":776,"column":65},"end":{"line":781,"column":null}}},"61":{"name":"(anonymous_61)","decl":{"start":{"line":783,"column":2},"end":{"line":783,"column":16}},"loc":{"start":{"line":783,"column":52},"end":{"line":788,"column":null}}},"62":{"name":"(anonymous_62)","decl":{"start":{"line":784,"column":41},"end":{"line":784,"column":42}},"loc":{"start":{"line":784,"column":55},"end":{"line":784,"column":null}}},"63":{"name":"(anonymous_63)","decl":{"start":{"line":786,"column":6},"end":{"line":786,"column":7}},"loc":{"start":{"line":786,"column":20},"end":{"line":786,"column":null}}},"64":{"name":"(anonymous_64)","decl":{"start":{"line":790,"column":2},"end":{"line":790,"column":14}},"loc":{"start":{"line":790,"column":69},"end":{"line":796,"column":null}}},"65":{"name":"(anonymous_65)","decl":{"start":{"line":798,"column":2},"end":{"line":798,"column":10}},"loc":{"start":{"line":798,"column":48},"end":{"line":804,"column":null}}},"66":{"name":"(anonymous_66)","decl":{"start":{"line":806,"column":2},"end":{"line":806,"column":13}},"loc":{"start":{"line":806,"column":35},"end":{"line":811,"column":null}}},"67":{"name":"(anonymous_67)","decl":{"start":{"line":807,"column":33},"end":{"line":807,"column":34}},"loc":{"start":{"line":807,"column":42},"end":{"line":807,"column":null}}},"68":{"name":"(anonymous_68)","decl":{"start":{"line":809,"column":6},"end":{"line":809,"column":7}},"loc":{"start":{"line":809,"column":15},"end":{"line":809,"column":null}}},"69":{"name":"(anonymous_69)","decl":{"start":{"line":813,"column":2},"end":{"line":813,"column":14}},"loc":{"start":{"line":813,"column":71},"end":{"line":818,"column":null}}},"70":{"name":"(anonymous_70)","decl":{"start":{"line":820,"column":2},"end":{"line":820,"column":17}},"loc":{"start":{"line":820,"column":58},"end":{"line":825,"column":null}}},"71":{"name":"(anonymous_71)","decl":{"start":{"line":827,"column":2},"end":{"line":827,"column":null}},"loc":{"start":{"line":830,"column":21},"end":{"line":856,"column":null}}},"72":{"name":"(anonymous_72)","decl":{"start":{"line":848,"column":18},"end":{"line":848,"column":19}},"loc":{"start":{"line":848,"column":25},"end":{"line":848,"column":null}}},"73":{"name":"(anonymous_73)","decl":{"start":{"line":849,"column":16},"end":{"line":849,"column":17}},"loc":{"start":{"line":849,"column":23},"end":{"line":849,"column":46}}},"74":{"name":"(anonymous_74)","decl":{"start":{"line":858,"column":2},"end":{"line":858,"column":9}},"loc":{"start":{"line":858,"column":56},"end":{"line":871,"column":null}}},"75":{"name":"(anonymous_75)","decl":{"start":{"line":862,"column":6},"end":{"line":862,"column":20}},"loc":{"start":{"line":862,"column":20},"end":{"line":865,"column":null}}},"76":{"name":"(anonymous_76)","decl":{"start":{"line":873,"column":2},"end":{"line":873,"column":15}},"loc":{"start":{"line":881,"column":42},"end":{"line":947,"column":null}}},"77":{"name":"(anonymous_77)","decl":{"start":{"line":917,"column":10},"end":{"line":917,"column":11}},"loc":{"start":{"line":917,"column":23},"end":{"line":917,"column":77}}},"78":{"name":"(anonymous_78)","decl":{"start":{"line":926,"column":10},"end":{"line":926,"column":11}},"loc":{"start":{"line":926,"column":23},"end":{"line":926,"column":null}}},"79":{"name":"ensureHandler","decl":{"start":{"line":950,"column":16},"end":{"line":950,"column":null}},"loc":{"start":{"line":951,"column":55},"end":{"line":958,"column":null}}},"80":{"name":"(anonymous_80)","decl":{"start":{"line":994,"column":2},"end":{"line":994,"column":null}},"loc":{"start":{"line":1000,"column":4},"end":{"line":1000,"column":null}}},"81":{"name":"(anonymous_81)","decl":{"start":{"line":1002,"column":2},"end":{"line":1002,"column":16}},"loc":{"start":{"line":1006,"column":41},"end":{"line":1021,"column":null}}},"82":{"name":"(anonymous_82)","decl":{"start":{"line":1023,"column":2},"end":{"line":1023,"column":8}},"loc":{"start":{"line":1023,"column":62},"end":{"line":1032,"column":null}}},"83":{"name":"(anonymous_83)","decl":{"start":{"line":1034,"column":2},"end":{"line":1034,"column":8}},"loc":{"start":{"line":1034,"column":51},"end":{"line":1039,"column":null}}},"84":{"name":"(anonymous_84)","decl":{"start":{"line":1041,"column":2},"end":{"line":1041,"column":8}},"loc":{"start":{"line":1041,"column":49},"end":{"line":1046,"column":null}}},"85":{"name":"_coerceToDict","decl":{"start":{"line":1050,"column":9},"end":{"line":1050,"column":23}},"loc":{"start":{"line":1050,"column":53},"end":{"line":1054,"column":null}}},"86":{"name":"traceAsGroup","decl":{"start":{"line":1057,"column":22},"end":{"line":1057,"column":null}},"loc":{"start":{"line":1062,"column":12},"end":{"line":1074,"column":null}}}},"branchMap":{"0":{"loc":{"start":{"line":66,"column":2},"end":{"line":72,"column":null}},"type":"if","locations":[{"start":{"line":66,"column":2},"end":{"line":72,"column":null}},{"start":{"line":68,"column":9},"end":{"line":72,"column":null}}]},"1":{"loc":{"start":{"line":68,"column":9},"end":{"line":72,"column":null}},"type":"if","locations":[{"start":{"line":68,"column":9},"end":{"line":72,"column":null}},{"start":{"line":70,"column":9},"end":{"line":72,"column":null}}]},"2":{"loc":{"start":{"line":68,"column":13},"end":{"line":68,"column":50}},"type":"binary-expr","locations":[{"start":{"line":68,"column":13},"end":{"line":68,"column":35}},{"start":{"line":68,"column":35},"end":{"line":68,"column":50}}]},"3":{"loc":{"start":{"line":140,"column":4},"end":{"line":142,"column":null}},"type":"if","locations":[{"start":{"line":140,"column":4},"end":{"line":142,"column":null}}]},"4":{"loc":{"start":{"line":150,"column":10},"end":{"line":163,"column":null}},"type":"if","locations":[{"start":{"line":150,"column":10},"end":{"line":163,"column":null}}]},"5":{"loc":{"start":{"line":173,"column":10},"end":{"line":186,"column":null}},"type":"if","locations":[{"start":{"line":173,"column":10},"end":{"line":186,"column":null}}]},"6":{"loc":{"start":{"line":208,"column":10},"end":{"line":223,"column":null}},"type":"if","locations":[{"start":{"line":208,"column":10},"end":{"line":223,"column":null}}]},"7":{"loc":{"start":{"line":212,"column":16},"end":{"line":212,"column":null}},"type":"binary-expr","locations":[{"start":{"line":212,"column":16},"end":{"line":212,"column":23}},{"start":{"line":212,"column":23},"end":{"line":212,"column":null}}]},"8":{"loc":{"start":{"line":233,"column":10},"end":{"line":246,"column":null}},"type":"if","locations":[{"start":{"line":233,"column":10},"end":{"line":246,"column":null}}]},"9":{"loc":{"start":{"line":256,"column":10},"end":{"line":269,"column":null}},"type":"if","locations":[{"start":{"line":256,"column":10},"end":{"line":269,"column":null}}]},"10":{"loc":{"start":{"line":286,"column":4},"end":{"line":288,"column":null}},"type":"if","locations":[{"start":{"line":286,"column":4},"end":{"line":288,"column":null}}]},"11":{"loc":{"start":{"line":302,"column":10},"end":{"line":316,"column":null}},"type":"if","locations":[{"start":{"line":302,"column":10},"end":{"line":316,"column":null}}]},"12":{"loc":{"start":{"line":332,"column":10},"end":{"line":346,"column":null}},"type":"if","locations":[{"start":{"line":332,"column":10},"end":{"line":346,"column":null}}]},"13":{"loc":{"start":{"line":356,"column":10},"end":{"line":369,"column":null}},"type":"if","locations":[{"start":{"line":356,"column":10},"end":{"line":369,"column":null}}]},"14":{"loc":{"start":{"line":379,"column":10},"end":{"line":392,"column":null}},"type":"if","locations":[{"start":{"line":379,"column":10},"end":{"line":392,"column":null}}]},"15":{"loc":{"start":{"line":409,"column":4},"end":{"line":411,"column":null}},"type":"if","locations":[{"start":{"line":409,"column":4},"end":{"line":411,"column":null}}]},"16":{"loc":{"start":{"line":419,"column":10},"end":{"line":432,"column":null}},"type":"if","locations":[{"start":{"line":419,"column":10},"end":{"line":432,"column":null}}]},"17":{"loc":{"start":{"line":442,"column":10},"end":{"line":455,"column":null}},"type":"if","locations":[{"start":{"line":442,"column":10},"end":{"line":455,"column":null}}]},"18":{"loc":{"start":{"line":512,"column":20},"end":{"line":512,"column":54}},"type":"binary-expr","locations":[{"start":{"line":512,"column":20},"end":{"line":512,"column":41}},{"start":{"line":512,"column":41},"end":{"line":512,"column":54}}]},"19":{"loc":{"start":{"line":514,"column":6},"end":{"line":514,"column":62}},"type":"binary-expr","locations":[{"start":{"line":514,"column":6},"end":{"line":514,"column":38}},{"start":{"line":514,"column":38},"end":{"line":514,"column":62}}]},"20":{"loc":{"start":{"line":515,"column":16},"end":{"line":515,"column":42}},"type":"binary-expr","locations":[{"start":{"line":515,"column":16},"end":{"line":515,"column":33}},{"start":{"line":515,"column":33},"end":{"line":515,"column":42}}]},"21":{"loc":{"start":{"line":516,"column":27},"end":{"line":516,"column":75}},"type":"binary-expr","locations":[{"start":{"line
[...]
":{"line":303,"column":6},"end":{"line":303,"column":null}},"69":{"start":{"line":304,"column":6},"end":{"line":304,"column":null}},"70":{"start":{"line":309,"column":4},"end":{"line":311,"column":null}},"71":{"start":{"line":310,"column":6},"end":{"line":310,"column":null}},"72":{"start":{"line":315,"column":4},"end":{"line":317,"column":null}},"73":{"start":{"line":316,"column":6},"end":{"line":316,"column":null}},"74":{"start":{"line":316,"column":23},"end":{"line":316,"column":34}},"75":{"start":{"line":321,"column":4},"end":{"line":324,"column":null}},"76":{"start":{"line":328,"column":4},"end":{"line":328,"column":null}},"77":{"start":{"line":332,"column":4},"end":{"line":336,"column":null}},"78":{"start":{"line":333,"column":6},"end":{"line":333,"column":null}},"79":{"start":{"line":335,"column":6},"end":{"line":335,"column":null}},"80":{"start":{"line":341,"column":17},"end":{"line":341,"column":55}},"81":{"start":{"line":343,"column":33},"end":{"line":343,"column":35}},"82":{"start":{"line":346,"column":4},"end":{"line":346,"column":null}},"83":{"start":{"line":350,"column":4},"end":{"line":350,"column":null}},"84":{"start":{"line":354,"column":4},"end":{"line":354,"column":null}},"85":{"start":{"line":358,"column":4},"end":{"line":358,"column":null}},"86":{"start":{"line":362,"column":4},"end":{"line":362,"column":null}},"87":{"start":{"line":366,"column":4},"end":{"line":366,"column":null}},"88":{"start":{"line":371,"column":17},"end":{"line":371,"column":55}},"89":{"start":{"line":373,"column":33},"end":{"line":373,"column":35}},"90":{"start":{"line":376,"column":4},"end":{"line":376,"column":null}},"91":{"start":{"line":380,"column":4},"end":{"line":380,"column":null}},"92":{"start":{"line":384,"column":4},"end":{"line":384,"column":null}},"93":{"start":{"line":389,"column":9},"end":{"line":389,"column":23}},"94":{"start":{"line":391,"column":16},"end":{"line":391,"column":18}},"95":{"start":{"line":394,"column":4},"end":{"line":394,"column":null}},"96":{"start":{"line":398,"column":4},"end":{"line":398,"column":null}},"97":{"start":{"line":399,"column":4},"end":{"line":399,"column":null}},"98":{"start":{"line":423,"column":4},"end":{"line":423,"column":null}},"99":{"start":{"line":424,"column":4},"end":{"line":424,"column":null}},"100":{"start":{"line":425,"column":4},"end":{"line":425,"column":null}},"101":{"start":{"line":426,"column":4},"end":{"line":426,"column":null}},"102":{"start":{"line":433,"column":4},"end":{"line":433,"column":null}},"103":{"start":{"line":443,"column":4},"end":{"line":443,"column":null}},"104":{"start":{"line":452,"column":4},"end":{"line":452,"column":null}},"105":{"start":{"line":452,"column":47},"end":{"line":452,"column":null}},"106":{"start":{"line":461,"column":4},"end":{"line":461,"column":null}},"107":{"start":{"line":487,"column":4},"end":{"line":487,"column":null}},"108":{"start":{"line":488,"column":4},"end":{"line":488,"column":null}},"109":{"start":{"line":497,"column":4},"end":{"line":497,"column":null}},"110":{"start":{"line":497,"column":46},"end":{"line":497,"column":null}},"111":{"start":{"line":508,"column":14},"end":{"line":508,"column":null}},"112":{"start":{"line":511,"column":4},"end":{"line":511,"column":null}},"113":{"start":{"line":514,"column":19},"end":{"line":514,"column":47}},"114":{"start":{"line":515,"column":23},"end":{"line":515,"column":null}},"115":{"start":{"line":516,"column":20},"end":{"line":516,"column":null}},"116":{"start":{"line":517,"column":4},"end":{"line":517,"column":null}},"117":{"start":{"line":520,"column":22},"end":{"line":520,"column":50}},"118":{"start":{"line":521,"column":21},"end":{"line":521,"column":23}},"119":{"start":{"line":522,"column":4},"end":{"line":524,"column":null}},"120":{"start":{"line":522,"column":18},"end":{"line":522,"column":21}},"121":{"start":{"line":523,"column":6},"end":{"line":523,"column":null}},"122":{"start":{"line":527,"column":26},"end":{"line":537,"column":null}},"123":{"start":{"line":528,"column":16},"end":{"line":528,"column":null}},"124":{"start":{"line":530,"column":6},"end":{"line":532,"column":null}},"125":{"start":{"line":530,"column":20},"end":{"line":530,"column":23}},"126":{"start":{"line":531,"column":8},"end":{"line":531,"column":null}},"127":{"start":{"line":535,"column":18},"end":{"line":535,"column":null}},"128":{"start":{"line":536,"column":6},"end":{"line":536,"column":null}},"129":{"start":{"line":539,"column":4},"end":{"line":539,"column":null}}},"fnMap":{"0":{"name":"(anonymous_0)","decl":{"start":{"line":44,"column":2},"end":{"line":44,"column":26}},"loc":{"start":{"line":44,"column":26},"end":{"line":46,"column":null}}},"1":{"name":"(anonymous_1)","decl":{"start":{"line":48,"column":2},"end":{"line":48,"column":8}},"loc":{"start":{"line":48,"column":47},"end":{"line":50,"column":null}}},"2":{"name":"(anonymous_2)","decl":{"start":{"line":49,"column":31},"end":{"line":49,"column":32}},"loc":{"start":{"line":49,"column":42},"end":{"line":49,"column":null}}},"3":{"name":"(anonymous_3)","decl":{"start":{"line":58,"column":2},"end":{"line":58,"column":14}},"loc":{"start":{"line":58,"column":51},"end":{"line":61,"column":null}}},"4":{"name":"(anonymous_4)","decl":{"start":{"line":63,"column":2},"end":{"line":63,"column":8}},"loc":{"start":{"line":66,"column":34},"end":{"line":71,"column":null}}},"5":{"name":"(anonymous_5)","decl":{"start":{"line":79,"column":2},"end":{"line":79,"column":null}},"loc":{"start":{"line":81,"column":4},"end":{"line":85,"column":null}}},"6":{"name":"(anonymous_6)","decl":{"start":{"line":87,"column":2},"end":{"line":87,"column":13}},"loc":{"start":{"line":87,"column":13},"end":{"line":89,"column":null}}},"7":{"name":"(anonymous_7)","decl":{"start":{"line":91,"column":2},"end":{"line":91,"column":8}},"loc":{"start":{"line":95,"column":21},"end":{"line":102,"column":null}}},"8":{"name":"(anonymous_8)","decl":{"start":{"line":112,"column":2},"end":{"line":112,"column":null}},"loc":{"start":{"line":118,"column":4},"end":{"line":123,"column":null}}},"9":{"name":"(anonymous_9)","decl":{"start":{"line":125,"column":2},"end":{"line":125,"column":13}},"loc":{"start":{"line":125,"column":13},"end":{"line":127,"column":null}}},"10":{"name":"(anonymous_10)","decl":{"start":{"line":129,"column":2},"end":{"line":129,"column":8}},"loc":{"start":{"line":129,"column":47},"end":{"line":136,"column":null}}},"11":{"name":"(anonymous_11)","decl":{"start":{"line":138,"column":2},"end":{"line":138,"column":9}},"loc":{"start":{"line":138,"column":46},"end":{"line":148,"column":null}}},"12":{"name":"(anonymous_12)","decl":{"start":{"line":145,"column":24},"end":{"line":145,"column":25}},"loc":{"start":{"line":145,"column":37},"end":{"line":145,"column":null}}},"13":{"name":"(anonymous_13)","decl":{"start":{"line":152,"column":2},"end":{"line":152,"column":22}},"loc":{"start":{"line":152,"column":22},"end":{"line":154,"column":null}}},"14":{"name":"(anonymous_14)","decl":{"start":{"line":156,"column":2},"end":{"line":156,"column":21}},"loc":{"start":{"line":156,"column":21},"end":{"line":158,"column":null}}},"15":{"name":"(anonymous_15)","decl":{"start":{"line":160,"column":2},"end":{"line":160,"column":8}},"loc":{"start":{"line":164,"column":25},"end":{"line":186,"column":null}}},"16":{"name":"(anonymous_16)","decl":{"start":{"line":175,"column":30},"end":{"line":175,"column":31}},"loc":{"start":{"line":175,"column":37},"end":{"line":175,"column":46}}},"17":{"name":"(anonymous_17)","decl":{"start":{"line":197,"column":2},"end":{"line":197,"column":14}},"loc":{"start":{"line":197,"column":47},"end":{"line":200,"column":null}}},"18":{"name":"(anonymous_18)","decl":{"start":{"line":202,"column":2},"end":{"line":202,"column":8}},"loc":{"start":{"line":205,"column":46},"end":{"line":207,"column":null}}},"19":{"name":"(anonymous_19)","decl":{"start":{"line":242,"column":2},"end":{"line":242,"column":9}},"loc":{"start":{"line":242,"column":19},"end":{"line":244,"column":null}}},"20":{"name":"(anonymous_20)","decl":{"start":{"line":252,"column":2},"end":{"line":252,"column":14}},"loc":{"start":{"line":252,"column":51},"end":{"line":256,"column":null}}},"21":{"name":"(anonymous_21)","decl":{"start":{"line":258,"column":2},"end":{"line":258,"column":22}},"loc":{"start":{"line":258,"column":22},"end":{"line":260,"column":null}}},"22":{"name":"(anonymous_22)","decl":{"start":{"line":262,"column":2},"end":{"line":262,"column":21}},"loc":{"start":{"line":262,"column":21},"end":{"line":264,"column":null}}},"23":{"name":"(anonymous_23)","decl":{"start":{"line":266,"column":2},"end":{"line":266,"column":8}},"loc":{"start":{"line":269,"column":25},"end":{"line":285,"column":null}}},"24":{"name":"(anonymous_24)","decl":{"start":{"line":287,"column":2},"end":{"line":287,"column":20}},"loc":{"start":{"line":287,"column":34},"end":{"line":292,"column":null}}},"25":{"name":"(anonymous_25)","decl":{"start":{"line":294,"column":2},"end":{"line":294,"column":9}},"loc":{"start":{"line":298,"column":41},"end":{"line":306,"column":null}}},"26":{"name":"(anonymous_26)","decl":{"start":{"line":308,"column":2},"end":{"line":308,"column":8}},"loc":{"start":{"line":308,"column":28},"end":{"line":312,"column":null}}},"27":{"name":"(anonymous_27)","decl":{"start":{"line":314,"column":2},"end":{"line":314,"column":8}},"loc":{"start":{"line":314,"column":17},"end":{"line":318,"column":null}}},"28":{"name":"(anonymous_28)","decl":{"start":{"line":315,"column":29},"end":{"line":315,"column":30}},"loc":{"start":{"line":315,"column":30},"end":{"line":317,"column":null}}},"29":{"name":"(anonymous_29)","decl":{"start":{"line":316,"column":17},"end":{"line":316,"column":23}},"loc":{"start":{"line":316,"column":23},"end":{"line":316,"column":34}}},"30":{"name":"(anonymous_30)","decl":{"start":{"line":320,"column":2},"end":{"line":320,"column":23}},"loc":{"start":{"line":320,"column":58},"end":{"line":325,"column":null}}},"31":{"name":"(anonymous_31)","decl":{"start":{"line":327,"column":2},"end":{"line":327,"column":21}},"loc":{"start":{"line":327,"column":21},"end":{"line":329,"column":null}}},"32":{"name":"(anonymous_32)","decl":{"start":{"line":331,"column":2},"end":{"line":331,"column":23}},"loc":{"start":{"line":331,"column":23},"end":{"line":337,"column":null}}},"33":{"name":"(anonymous_33)","decl":{"start":{"line":345,"column":2},"end":{"line":345,"column":16}},"loc":{"start":{"line":345,"column":16},"end":{"line":347,"column":null}}},"34":{"name":"(anonymous_34)","decl":{"start":{"line":349,"column":2},"end":{"line":349,"column":8}},"loc":{"start":{"line":349,"column":46},"end":{"line":351,"column":null}}},"35":{"name":"(anonymous_35)","decl":{"start":{"line":353,"column":2},"end":{"line":353,"column":8}},"loc":{"start":{"line":353,"column":56},"end":{"line":355,"column":null}}},"36":{"name":"(anonymous_36)","decl":{"start":{"line":357,"column":2},"end":{"line":357,"column":8}},"loc":{"start":{"line":357,"column":55},"end":{"line":359,"column":null}}},"37":{"name":"(anonymous_37)","decl":{"start":{"line":361,"column":2},"end":{"line":361,"column":8}},"loc":{"start":{"line":361,"column":57},"end":{"line":363,"column":null}}},"38":{"name":"(anonymous_38)","decl":{"start":{"line":365,"column":2},"end":{"line":365,"column":8}},"loc":{"start":{"line":365,"column":31},"end":{"line":367,"column":null}}},"39":{"name":"(anonymous_39)","decl":{"start":{"line":375,"column":2},"end":{"line":375,"column":16}},"loc":{"start":{"line":375,"column":16},"end":{"line":377,"column":null}}},"40":{"name":"(anonymous_40)","decl":{"start":{"line":379,"column":2},"end":{"line":379,"column":8}},"loc":{"start":{"line":379,"column":56},"end":{"line":381,"column":null}}},"41":{"name":"(anonymous_41)","decl":{"start":{"line":383,"column":2},"end":{"line":383,"column":8}},"loc":{"start":{"line":383,"column":46},"end":{"line":385,"column":null}}},"42":{"name":"(anonymous_42)","decl":{"start":{"line":393,"column":2},"end":{"line":393,"column":16}},"loc":{"start":{"line":393,"column":16},"end":{"line":395,"column":null}}},"43":{"name":"(anonymous_43)","decl":{"start":{"line":397,"column":12},"end":{"line":397,"column":23}},"loc":{"start":{"line":397,"column":48},"end":{"line":400,"column":null}}},"44":{"name":"(anonymous_44)","decl":{"start":{"line":422,"column":2},"end":{"line":422,"column":14}},"loc":{"start":{"line":422,"column":41},"end":{"line":427,"column":null}}},"45":{"name":"(anonymous_45)","decl":{"start":{"line":429,"column":2},"end":{"line":429,"column":18}},"loc":{"start":{"line":432,"column":21},"end":{"line":434,"column":null}}},"46":{"name":"(anonymous_46)","decl":{"start":{"line":442,"column":2},"end":{"line":442,"column":14}},"loc":{"start":{"line":442,"column":41},"end":{"line":444,"column":null}}},"47":{"name":"(anonymous_47)","decl":{"start":{"line":451,"column":2},"end":{"line":451,"column":17}},"loc":{"start":{"line":451,"column":59},"end":{"line":453,"column":null}}},"48":{"name":"(anonymous_48)","decl":{"start":{"line":452,"column":41},"end":{"line":452,"column":47}},"loc":{"start":{"line":452,"column":47},"end":{"line":452,"column":null}}},"49":{"name":"(anonymous_49)","decl":{"start":{"line":460,"column":2},"end":{"line":460,"column":13}},"loc":{"start":{"line":460,"column":43},"end":{"line":462,"column":null}}},"50":{"name":"(anonymous_50)","decl":{"start":{"line":486,"column":2},"end":{"line":486,"column":14}},"loc":{"start":{"line":486,"column":50},"end":{"line":489,"column":null}}},"51":{"name":"(anonymous_51)","decl":{"start":{"line":496,"column":2},"end":{"line":496,"column":8}},"loc":{"start":{"line":496,"column":65},"end":{"line":498,"column":null}}},"52":{"name":"(anonymous_52)","decl":{"start":{"line":497,"column":37},"end":{"line":497,"column":38}},"loc":{"start":{"line":497,"column":46},"end":{"line":497,"column":null}}},"53":{"name":"(anonymous_53)","decl":{"start":{"line":507,"column":2},"end":{"line":507,"column":8}},"loc":{"start":{"line":507,"column":56},"end":{"line":540,"column":null}}},"54":{"name":"(anonymous_54)","decl":{"start":{"line":527,"column":39},"end":{"line":527,"column":40}},"loc":{"start":{"line":527,"column":40},"end":{"line":537,"column":null}}}},"branchMap":{"0":{"loc":{"start":{"line":67,"column":4},"end":{"line":69,"column":null}},"type":"if","locations":[{"start":{"line":67,"column":4},"end":{"line":69,"column":null}}]},"1":{"loc":{"start":{"line":68,"column":13},"end":{"line":68,"column":null}},"type":"binary-expr","locations":[{"start":{"line":68,"column":13},"end":{"line":68,"column":24}},{"start":{"line":68,"column":24},"end":{"line":68,"column":null}}]},"2":{"loc":{"start":{"line":96,"column":4},"end":{"line":98,"column":null}},"type":"if","locations":[{"start":{"line":96,"column":4},"end":{"line":98,"column":null}}]},"3":{"loc":{"start":{"line":99,"column":21},"end":{"line":99,"column":null}},"type":"binary-expr","locations":[{"start":{"line":99,"column":21},"end":{"line":99,"column":34}},{"start":{"line":99,"column":38},"end":{"line":99,"column":null}}]},"4":{"loc":{"start":{"line":120,"column":17},"end":{"line":120,"column":43}},"type":"binary-expr","locations":[{"start":{"line":120,"column":17},"end":{"line":120,"column":29}},{"start":{"line":120,"column":33},"end":{"line":120,"column":43}}]},"5":{"loc":{"start":{"line":130,"column":4},"end":{"line":132,"column":null}},"type":"if","locations":[{"start":{"line":130,"column":4},"end":{"line":132,"column":null}}]},"6":{"loc":{"start":{"line":135,"column":11},"end":{"line":135,"column":null}},"type":"binary-expr","locations":[{"start":{"line":135,"column":11},"end":{"line":135,"column":23}},{"start":{"line":135,"column":23},"end":{"line":135,"column":null}}]},"7":{"loc":{"start":{"line":139,"column":4},"end":{"line":141,"column":null}},"type":"if","locations":[{"start":{"line":139,"column":4},"end":{"line":141,"column":null}}]},"8":{"loc":{"start":{"line":144,"column":20},"end":{"line":144,"column":39}},"type":"binary-expr","locations":[{"start":{"line":144,"column":20},"end":{"line":144,"column":32}},{"start":{"line":144,"column":32},"end":{"line":144,"column":39}}]},"9":{"loc":{"start":{"line":165,"column":4},"end":{"line":174,"column":null}},"type":"if","locations":[{"start":{"line":165,"column":4},"end":{"line":174,"column":null}}]},"10":{"loc":{"start":{"line":199,"column":18},"end":{"line":199,"column":47}},"type":"binary-expr","locations":[{"start":{"line":199,"column":18},"end":{"line":199,"column":36}},{"start":{"line":199,"column":36},"end":{"line":199,"column":47}}]},"11":{"loc":{"start":{"line":272,"column":4},"end":{"line":284,"column":null}},"type":"if","locations":[{"start":{"line":272,"column":4},"end":{"line":284,"column":null}},{"start":{"line":276,"column":11},"end":{"line":284,"column":null}}]},"12":{"loc":{"start":{"line":309,"column":4},"end":{"line":311,"column":null}},"type":"if","locations":[{"start":{"line":309,"column":4},"end":{"line":311,"column":null}}]},"13":{"loc":{"start":{"line":332,"column":4},"end":{"line":336,"column":null}},"type":"if","locations":[{"start":{"line":332,"column":4},"end":{"line":336,"column":null}},{"start":{"line":334,"column":11},"end":{"line":336,"column":null}}]},"14":{"loc":{"start":{"line":443,"column":10},"end":{"line":443,"column":null}},"type":"binary-expr","locations":[{"start":{"line":443,"column":10},"end":{"line":443,"column":20}},{"start":{"line":443,"column":20},"end":{"line":443,"column":null}}]},"15":{"loc":{"start":{"line":487,"column":10},"end":{"line":487,"column":null}},"type":"binary-expr","locations":[{"start":{"line":487,"column":10},"end":{"line":487,"column":20}},{"start":{"line":487,"column":20},"end":{"line":487,"column":null}}]},"16":{"loc":{"start":{"line":488,"column":22},"end":{"line":488,"column":null}},"type":"binary-expr","locations":[{"start":{"line":488,"column":22},"end":{"line":488,"column":44}},{"start":{"line":488,"column":44},"end":{"line":488,"column":null}}]},"17":{"loc":{"start":{"line":515,"column":23},"end":{"line":515,"column":null}},"type":"cond-expr","locations":[{"start":{"line":515,"column":38},"end":{"line":515,"column":42}},{"start":{"line":515,"column":42},"end":{"line":515,"column":null}}]},"18":{"loc":{"start":{"line":531,"column":15},"end":{"line":531,"column":null}},"type":"cond-expr","locations":[{"start":{"line":531,"column":27},"end":{"line":531,"column":31}},{"start":{"line":531,"column":31},"end":{"line":531,"column":null}}]}},"s":{"0":1,"1":0,"2":6,"3":10,"4":1,"5":1,"6":1,"7":2,"8":2,"9":0,"10":22,"11":22,"12":22,"13":24,"14":26,"15":6,"16":20,"17":20,"18":20,"19":12,"20":12,"21":12,"22":12,"23":12,"24":12,"25":9,"26":0,"27":9,"28":9,"29":9,"30":18,"31":1,"32":17,"33":17,"34":17,"35":317,"36":317,"37":317,"38":17,"39":14,"40":17,"41":5,"42":12,"43":17,"44":12,"45":12,"46":2,"47":2,"48":2,"49":2,"50":2,"51":44,"52":11,"53":11,"54":11,"55":11,"56":12,"57":11,"58":12,"59":12,"60":2,"61":10,"62":10,"63":10,"64":12,"65":4,"66":4,"67":4,"68":60,"69":60,"70":72,"71":16,"72":16,"73":16,"74":16,"75":60,"76":14,"77":14,"78":8,"79":6,"80":1,"81":1,"82":1,"83":2,"84":6,"85":0,"86":0,"87":0,"88":3,"89":3,"90":3,"91":12,"92":5,"93":7,"94":7,"95":7,"96":7,"97":7,"98":2,"99":2,"100":2,"101":2,"102":0,"103":0,"104":0,"105":0,"106":0,"107":0,"108":0,"109":0,"110":0,"111":0,"112":0,"113":0,"114":0,"115":0,"116":0,"117":0,"118":0,"119":0,"120":0,"121":0,"122":0,"123":0,"124":0,"125":0,"126":0,"127":0,"128":0,"129":0},"f":{"0":0,"1":6,"2":10,"3":1,"4":2,"5":22,"6":24,"7":26,"8":12,"9":12,"10":9,"11":18,"12":317,"13":17,"14":14,"15":17,"16":17,"17":2,"18":2,"19":44,"20":11,"21":12,"22":11,"23":12,"24":12,"25":4,"26":72,"27":16,"28":16,"29":16,"30":60,"31":14,"32":14,"33":1,"34":2,"35":6,"36":0,"37":0,"38":0,"39":3,"40":12,"41":5,"42":7,"43":7,"44":2,"45":0,"46":0,"47":0,"48":0,"49":0,"50":0,"51":0,"52":0,"53":0,"54":0},"b":{"0":[2],"1":[2,0],"2":[6],"3":[20,16],"4":[12,10],"5":[0],"6":[9,9],"7":[1],"8":[17,16],"9":[5],"10":[2,1],"11":[2,10],"12":[16],"13":[8,6],"14":[0,0],"15":[0,0],"16":[0,0],"17":[0,0],"18":[0,0]}}
}
