TN:
SF:src/caches.ts
FN:18,(anonymous_0)
FN:21,deserializeStoredGeneration
FN:34,serializeGeneration
FN:61,(anonymous_3)
FN:73,(anonymous_4)
FN:83,(anonymous_5)
FN:92,(anonymous_6)
FNF:7
FNH:5
FNDA:8,(anonymous_0)
FNDA:0,deserializeStoredGeneration
FNDA:0,serializeGeneration
FNDA:3,(anonymous_3)
FNDA:5,(anonymous_4)
FNDA:3,(anonymous_5)
FNDA:2,(anonymous_6)
DA:18,17
DA:19,8
DA:24,0
DA:25,0
DA:30,0
DA:35,0
DA:38,0
DA:39,0
DA:41,0
DA:53,17
DA:62,3
DA:63,3
DA:74,5
DA:84,3
DA:93,2
LF:15
LH:8
BRDA:24,0,0,0
BRDA:24,0,1,0
BRDA:38,1,0,0
BRDA:63,2,0,3
BRDA:63,2,1,1
BRDA:74,3,0,5
BRDA:74,3,1,2
BRF:7
BRH:4
end_of_record
TN:
SF:src/chat_history.ts
FN:27,(anonymous_0)
FN:31,(anonymous_1)
FNF:2
FNH:0
FNDA:0,(anonymous_0)
FNDA:0,(anonymous_1)
DA:28,0
DA:32,0
LF:2
LH:0
BRF:0
BRH:0
end_of_record
TN:
SF:src/embeddings.ts
FN:39,(anonymous_0)
FNF:1
FNH:0
FNDA:0,(anonymous_0)
DA:40,0
LF:1
LH:0
BRDA:40,0,0,0
BRDA:40,0,1,0
BRF:2
BRH:0
end_of_record
TN:
SF:src/memory.ts
FN:56,(anonymous_0)
FN:71,(anonymous_1)
FN:88,(anonymous_2)
FN:107,getPromptInputKey
FN:112,(anonymous_4)
FNF:5
FNH:0
FNDA:0,(anonymous_0)
FNDA:0,(anonymous_1)
FNDA:0,(anonymous_2)
FNDA:0,getPromptInputKey
FNDA:0,(anonymous_4)
DA:56,1
DA:57,0
DA:58,0
DA:60,0
DA:61,0
DA:62,0
DA:71,1
DA:72,0
DA:73,0
DA:74,0
DA:75,0
DA:79,0
DA:88,1
DA:92,0
DA:93,0
DA:94,0
DA:95,0
DA:99,0
DA:111,0
DA:112,0
DA:114,0
DA:115,0
DA:119,0
LF:23
LH:3
BRDA:57,0,0,0
BRDA:61,1,0,0
BRDA:73,2,0,0
BRDA:93,3,0,0
BRDA:112,4,0,0
BRDA:112,4,1,0
BRDA:114,5,0,0
BRF:7
BRH:0
end_of_record
TN:
SF:src/outputs.ts
FN:36,(anonymous_0)
FN:41,(anonymous_1)
FN:86,(anonymous_2)
FN:91,(anonymous_3)
FNF:4
FNH:4
FNDA:1684,(anonymous_0)
FNDA:927,(anonymous_1)
FNDA:116,(anonymous_2)
FNDA:56,(anonymous_3)
DA:3,17
DA:37,1684
DA:38,1684
DA:42,927
DA:87,116
DA:88,116
DA:92,56
LF:7
LH:7
BRF:0
BRH:0
end_of_record
TN:
SF:src/prompt_values.ts
FN:42,(anonymous_0)
FN:52,(anonymous_1)
FN:57,(anonymous_2)
FN:61,(anonymous_3)
FN:85,(anonymous_4)
FN:95,(anonymous_5)
FN:105,(anonymous_6)
FN:109,(anonymous_7)
FNF:8
FNH:8
FNDA:26,(anonymous_0)
FNDA:66,(anonymous_1)
FNDA:47,(anonymous_2)
FNDA:17,(anonymous_3)
FNDA:72,(anonymous_4)
FNDA:30,(anonymous_5)
FNDA:18,(anonymous_6)
FNDA:15,(anonymous_7)
DA:43,26
DA:46,66
DA:48,66
DA:53,66
DA:54,66
DA:58,47
DA:62,17
DA:81,30
DA:83,30
DA:86,72
DA:96,30
DA:98,30
DA:101,30
DA:102,30
DA:106,18
DA:110,15
LF:16
LH:16
BRDA:96,0,0,30
BRF:1
BRH:1
end_of_record
TN:
SF:src/retrievers.ts
FN:47,(anonymous_0)
FN:60,(anonymous_1)
FN:67,(anonymous_2)
FN:84,(anonymous_3)
FNF:4
FNH:3
FNDA:2,(anonymous_0)
FNDA:0,(anonymous_1)
FNDA:2,(anonymous_2)
FNDA:2,(anonymous_3)
DA:48,2
DA:49,2
DA:50,2
DA:51,2
DA:52,2
DA:64,0
DA:71,2
DA:88,2
DA:89,2
DA:98,2
DA:107,2
DA:108,2
DA:109,2
DA:110,2
DA:112,0
DA:113,0
LF:16
LH:13
BRDA:50,0,0,2
BRDA:50,0,1,2
BRDA:51,1,0,2
BRDA:51,1,1,2
BRDA:52,2,0,2
BRDA:52,2,1,2
BRF:6
BRH:6
end_of_record
TN:
SF:src/tools.ts
FN:28,(anonymous_0)
FN:80,(anonymous_1)
FN:84,(anonymous_2)
FN:99,(anonymous_3)
FN:115,(anonymous_4)
FN:187,(anonymous_5)
FN:189,(anonymous_6)
FN:200,(anonymous_7)
FN:245,(anonymous_8)
FN:255,(anonymous_9)
FN:263,(anonymous_10)
FN:275,(anonymous_11)
FN:293,(anonymous_12)
FN:305,(anonymous_13)
FN:314,(anonymous_14)
FN:327,(anonymous_15)
FNF:16
FNH:1
FNDA:0,(anonymous_0)
FNDA:0,(anonymous_1)
FNDA:2,(anonymous_2)
FNDA:0,(anonymous_3)
FNDA:0,(anonymous_4)
FNDA:0,(anonymous_5)
FNDA:0,(anonymous_6)
FNDA:0,(anonymous_7)
FNDA:0,(anonymous_8)
FNDA:0,(anonymous_9)
FNDA:0,(anonymous_10)
FNDA:0,(anonymous_11)
FNDA:0,(anonymous_12)
FNDA:0,(anonymous_13)
FNDA:0,(anonymous_14)
FNDA:0,(anonymous_15)
DA:29,0
DA:30,0
DA:81,0
DA:85,2
DA:103,0
DA:122,0
DA:123,0
DA:125,0
DA:130,0
DA:131,0
DA:140,0
DA:150,0
DA:151,0
DA:153,0
DA:154,0
DA:156,0
DA:157,0
DA:164,2
DA:185,0
DA:187,0
DA:190,0
DA:204,0
DA:246,0
DA:256,0
DA:257,0
DA:258,0
DA:259,0
DA:260,0
DA:267,0
DA:268,0
DA:269,0
DA:271,0
DA:279,0
DA:294,0
DA:306,0
DA:307,0
DA:308,0
DA:309,0
DA:310,0
DA:311,0
DA:320,0
DA:321,0
DA:322,0
DA:324,0
DA:331,0
LF:45
LH:2
BRDA:85,0,0,2
BRDA:85,0,1,0
BRDA:134,1,0,0
BRDA:134,1,1,0
BRDA:142,2,0,0
BRDA:142,2,1,0
BRDA:205,3,0,0
BRDA:205,3,1,0
BRDA:205,4,0,0
BRDA:205,4,1,0
BRDA:260,5,0,0
BRDA:260,5,1,0
BRDA:268,6,0,0
BRDA:310,7,0,0
BRDA:310,7,1,0
BRDA:321,8,0,0
BRF:16
BRH:1
end_of_record
TN:
SF:src/vectorstores.ts
FN:81,(anonymous_0)
FN:85,(anonymous_1)
FN:99,(anonymous_2)
FN:103,(anonymous_3)
FN:114,(anonymous_4)
FN:142,(anonymous_5)
FN:239,(anonymous_6)
FN:258,(anonymous_7)
FN:268,(anonymous_8)
FN:280,(anonymous_9)
FN:283,(anonymous_10)
FN:317,(anonymous_11)
FN:329,(anonymous_12)
FN:340,(anonymous_13)
FN:387,(anonymous_14)
FNF:15
FNH:0
FNDA:0,(anonymous_0)
FNDA:0,(anonymous_1)
FNDA:0,(anonymous_2)
FNDA:0,(anonymous_3)
FNDA:0,(anonymous_4)
FNDA:0,(anonymous_5)
FNDA:0,(anonymous_6)
FNDA:0,(anonymous_7)
FNDA:0,(anonymous_8)
FNDA:0,(anonymous_9)
FNDA:0,(anonymous_10)
FNDA:0,(anonymous_11)
FNDA:0,(anonymous_12)
FNDA:0,(anonymous_13)
FNDA:0,(anonymous_14)
DA:82,0
DA:86,0
DA:91,0
DA:93,0
DA:100,0
DA:104,0
DA:105,0
DA:106,0
DA:107,0
DA:108,0
DA:109,0
DA:110,0
DA:118,0
DA:119,0
DA:120,0
DA:124,0
DA:134,0
DA:146,0
DA:234,0
DA:240,0
DA:241,0
DA:259,0
DA:274,0
DA:280,0
DA:289,0
DA:324,0
DA:335,0
DA:348,0
DA:349,0
DA:359,0
DA:369,0
DA:370,0
DA:375,0
DA:391,0
LF:34
LH:0
BRDA:106,0,0,0
BRDA:106,0,1,0
BRDA:107,1,0,0
BRDA:107,1,1,0
BRDA:109,2,0,0
BRDA:118,3,0,0
BRDA:119,4,0,0
BRDA:270,5,0,0
BRDA:271,6,0,0
BRDA:272,7,0,0
BRDA:285,8,0,0
BRDA:286,9,0,0
BRDA:287,10,0,0
BRDA:348,11,0,0
BRDA:348,11,1,0
BRDA:353,12,0,0
BRDA:353,12,1,0
BRDA:363,13,0,0
BRDA:363,13,1,0
BRDA:369,14,0,0
BRF:20
BRH:0
end_of_record
TN:
SF:src/callbacks/base.ts
FN:284,(anonymous_0)
FN:288,(anonymous_1)
FN:292,(anonymous_2)
FN:296,(anonymous_3)
FN:306,(anonymous_4)
FN:313,(anonymous_5)
FN:338,(anonymous_6)
FN:349,(anonymous_7)
FN:355,(anonymous_8)
FN:359,(anonymous_9)
FN:363,(anonymous_10)
FN:367,(anonymous_11)
FNF:12
FNH:3
FNDA:0,(anonymous_0)
FNDA:0,(anonymous_1)
FNDA:0,(anonymous_2)
FNDA:0,(anonymous_3)
FNDA:0,(anonymous_4)
FNDA:0,(anonymous_5)
FNDA:183,(anonymous_6)
FNDA:0,(anonymous_7)
FNDA:0,(anonymous_8)
FNDA:0,(anonymous_9)
FNDA:7,(anonymous_10)
FNDA:7,(anonymous_11)
DA:282,183
DA:285,0
DA:289,0
DA:293,0
DA:297,0
DA:307,0
DA:314,0
DA:324,183
DA:326,183
DA:328,183
DA:330,183
DA:333,183
DA:339,183
DA:340,183
DA:341,183
DA:342,146
DA:343,146
DA:344,146
DA:345,146
DA:350,0
DA:356,0
DA:360,0
DA:365,7
DA:368,7
DA:369,7
DA:372,7
LF:26
LH:17
BRDA:333,0,0,183
BRDA:333,0,1,0
BRDA:340,1,0,183
BRDA:340,1,1,37
BRDA:341,2,0,146
BRDA:342,3,0,146
BRDA:342,3,1,145
BRDA:343,4,0,146
BRDA:343,4,1,145
BRDA:344,5,0,146
BRDA:344,5,1,145
BRDA:345,6,0,146
BRDA:345,6,1,145
BRF:13
BRH:12
end_of_record
TN:
SF:src/callbacks/manager.ts
FN:63,parseCallbackConfigArg
FN:85,(anonymous_1)
FN:94,(anonymous_2)
FN:105,(anonymous_3)
FN:107,(anonymous_4)
FN:108,(anonymous_5)
FN:134,(anonymous_6)
FN:146,(anonymous_7)
FN:148,(anonymous_8)
FN:149,(anonymous_9)
FN:169,(anonymous_10)
FN:171,(anonymous_11)
FN:172,(anonymous_12)
FN:197,(anonymous_13)
FN:206,(anonymous_14)
FN:207,(anonymous_15)
FN:229,(anonymous_16)
FN:231,(anonymous_17)
FN:232,(anonymous_18)
FN:252,(anonymous_19)
FN:254,(anonymous_20)
FN:255,(anonymous_21)
FN:280,(anonymous_22)
FN:292,(anonymous_23)
FN:300,(anonymous_24)
FN:301,(anonymous_25)
FN:322,(anonymous_26)
FN:330,(anonymous_27)
FN:331,(anonymous_28)
FN:352,(anonymous_29)
FN:354,(anonymous_30)
FN:355,(anonymous_31)
FN:375,(anonymous_32)
FN:377,(anonymous_33)
FN:378,(anonymous_34)
FN:403,(anonymous_35)
FN:415,(anonymous_36)
FN:417,(anonymous_37)
FN:418,(anonymous_38)
FN:438,(anonymous_39)
FN:440,(anonymous_40)
FN:441,(anonymous_41)
FN:500,(anonymous_42)
FN:523,(anonymous_43)
FN:534,(anonymous_44)
FN:538,(anonymous_45)
FN:539,(anonymous_46)
FN:576,(anonymous_47)
FN:587,(anonymous_48)
FN:591,(anonymous_49)
FN:592,(anonymous_50)
FN:643,(anonymous_51)
FN:653,(anonymous_52)
FN:654,(anonymous_53)
FN:688,(anonymous_54)
FN:698,(anonymous_55)
FN:699,(anonymous_56)
FN:732,(anonymous_57)
FN:742,(anonymous_58)
FN:743,(anonymous_59)
FN:776,(anonymous_60)
FN:783,(anonymous_61)
FN:784,(anonymous_62)
FN:786,(anonymous_63)
FN:790,(anonymous_64)
FN:798,(anonymous_65)
FN:806,(anonymous_66)
FN:807,(anonymous_67)
FN:809,(anonymous_68)
FN:813,(anonymous_69)
FN:820,(anonymous_70)
FN:827,(anonymous_71)
FN:848,(anonymous_72)
FN:849,(anonymous_73)
FN:858,(anonymous_74)
FN:862,(anonymous_75)
FN:873,(anonymous_76)
FN:917,(anonymous_77)
FN:926,(anonymous_78)
FN:950,ensureHandler
FN:994,(anonymous_80)
FN:1002,(anonymous_81)
FN:1023,(anonymous_82)
FN:1034,(anonymous_83)
FN:1041,(anonymous_84)
FN:1050,_coerceToDict
FN:1057,traceAsGroup
FNF:87
FNH:72
FNDA:2,parseCallbackConfigArg
FNDA:0,(anonymous_1)
FNDA:410,(anonymous_2)
FNDA:1,(anonymous_3)
FNDA:2,(anonymous_4)
FNDA:2,(anonymous_5)
FNDA:0,(anonymous_6)
FNDA:4,(anonymous_7)
FNDA:6,(anonymous_8)
FNDA:6,(anonymous_9)
FNDA:2,(anonymous_10)
FNDA:3,(anonymous_11)
FNDA:3,(anonymous_12)
FNDA:36,(anonymous_13)
FNDA:46,(anonymous_14)
FNDA:46,(anonymous_15)
FNDA:9,(anonymous_16)
FNDA:10,(anonymous_17)
FNDA:10,(anonymous_18)
FNDA:85,(anonymous_19)
FNDA:102,(anonymous_20)
FNDA:102,(anonymous_21)
FNDA:258,(anonymous_22)
FNDA:20,(anonymous_23)
FNDA:23,(anonymous_24)
FNDA:23,(anonymous_25)
FNDA:287,(anonymous_26)
FNDA:323,(anonymous_27)
FNDA:323,(anonymous_28)
FNDA:2,(anonymous_29)
FNDA:3,(anonymous_30)
FNDA:3,(anonymous_31)
FNDA:2,(anonymous_32)
FNDA:3,(anonymous_33)
FNDA:3,(anonymous_34)
FNDA:1,(anonymous_35)
FNDA:2,(anonymous_36)
FNDA:3,(anonymous_37)
FNDA:3,(anonymous_38)
FNDA:2,(anonymous_39)
FNDA:3,(anonymous_40)
FNDA:3,(anonymous_41)
FNDA:689,(anonymous_42)
FNDA:59,(anonymous_43)
FNDA:59,(anonymous_44)
FNDA:70,(anonymous_45)
FNDA:70,(anonymous_46)
FNDA:36,(anonymous_47)
FNDA:36,(anonymous_48)
FNDA:42,(anonymous_49)
FNDA:42,(anonymous_50)
FNDA:308,(anonymous_51)
FNDA:349,(anonymous_52)
FNDA:349,(anonymous_53)
FNDA:3,(anonymous_54)
FNDA:5,(anonymous_55)
FNDA:5,(anonymous_56)
FNDA:4,(anonymous_57)
FNDA:6,(anonymous_58)
FNDA:6,(anonymous_59)
FNDA:799,(anonymous_60)
FNDA:0,(anonymous_61)
FNDA:0,(anonymous_62)
FNDA:0,(anonymous_63)
FNDA:273,(anonymous_64)
FNDA:1449,(anonymous_65)
FNDA:1449,(anonymous_66)
FNDA:456,(anonymous_67)
FNDA:4,(anonymous_68)
FNDA:1003,(anonymous_69)
FNDA:0,(anonymous_70)
FNDA:282,(anonymous_71)
FNDA:15,(anonymous_72)
FNDA:0,(anonymous_73)
FNDA:1,(anonymous_74)
FNDA:1,(anonymous_75)
FNDA:396,(anonymous_76)
FNDA:0,(anonymous_77)
FNDA:297,(anonymous_78)
FNDA:20,ensureHandler
FNDA:0,(anonymous_80)
FNDA:0,(anonymous_81)
FNDA:0,(anonymous_82)
FNDA:0,(anonymous_83)
FNDA:0,(anonymous_84)
FNDA:0,_coerceToDict
FNDA:0,traceAsGroup
DA:66,2
DA:67,0
DA:68,2
DA:69,0
DA:71,2
DA:86,0
DA:95,410
DA:96,410
DA:97,410
DA:98,410
DA:99,410
DA:100,410
DA:101,410
DA:102,410
DA:106,1
DA:108,2
DA:109,2
DA:110,2
DA:117,0
DA:136,0
DA:137,0
DA:138,0
DA:139,0
DA:140,0
DA:141,0
DA:143,0
DA:147,4
DA:149,6
DA:150,6
DA:151,5
DA:152,5
DA:159,0
DA:170,2
DA:172,3
DA:173,3
DA:174,2
DA:175,2
DA:182,0
DA:205,36
DA:207,46
DA:208,46
DA:209,45
DA:210,45
DA:219,0
DA:230,9
DA:232,10
DA:233,10
DA:234,9
DA:235,9
DA:242,0
DA:253,85
DA:255,102
DA:256,102
DA:257,101
DA:258,101
DA:265,0
DA:282,258
DA:283,258
DA:284,258
DA:285,258
DA:286,258
DA:287,228
DA:289,258
DA:299,20
DA:301,23
DA:302,23
DA:303,22
DA:304,22
DA:312,0
DA:329,287
DA:331,323
DA:332,323
DA:333,322
DA:334,322
DA:342,0
DA:353,2
DA:355,3
DA:356,3
DA:357,2
DA:358,2
DA:365,0
DA:376,2
DA:378,3
DA:379,3
DA:380,2
DA:381,2
DA:388,0
DA:405,1
DA:406,1
DA:407,1
DA:408,1
DA:409,1
DA:410,0
DA:412,1
DA:416,2
DA:418,3
DA:419,3
DA:420,2
DA:421,2
DA:428,0
DA:439,2
DA:441,3
DA:442,3
DA:443,2
DA:444,2
DA:451,0
DA:484,689
DA:486,689
DA:488,689
DA:490,689
DA:492,689
DA:494,689
DA:496,689
DA:511,689
DA:512,689
DA:513,689
DA:515,689
DA:516,689
DA:517,689
DA:518,689
DA:520,689
DA:533,59
DA:535,59
DA:537,59
DA:539,70
DA:540,70
DA:541,69
DA:542,69
DA:553,0
DA:562,59
DA:586,36
DA:588,36
DA:590,36
DA:592,42
DA:593,42
DA:594,42
DA:595,42
DA:596,39
DA:606,3
DA:607,1
DA:608,1
DA:620,0
DA:629,36
DA:652,308
DA:654,349
DA:655,349
DA:656,348
DA:657,348
DA:668,0
DA:676,308
DA:697,3
DA:699,5
DA:700,5
DA:701,4
DA:702,4
DA:712,0
DA:720,3
DA:741,4
DA:743,6
DA:744,6
DA:745,5
DA:746,5
DA:756,0
DA:764,4
DA:777,799
DA:778,799
DA:779,793
DA:784,0
DA:785,0
DA:786,0
DA:791,273
DA:792,273
DA:793,273
DA:794,309
DA:799,1449
DA:800,1449
DA:801,1449
DA:802,623
DA:807,1449
DA:808,1449
DA:809,4
DA:814,1003
DA:815,1003
DA:816,639
DA:821,0
DA:822,0
DA:823,0
DA:831,282
DA:832,282
DA:833,327
DA:834,327
DA:836,282
DA:837,238
DA:838,238
DA:840,282
DA:841,20
DA:842,20
DA:844,282
DA:845,6
DA:848,15
DA:849,0
DA:851,0
DA:853,6
DA:855,282
DA:860,1
DA:863,1
DA:864,1
DA:868,1
DA:869,1
DA:870,1
DA:883,396
DA:884,270
DA:885,13
DA:886,13
DA:891,257
DA:893,270
DA:902,396
DA:905,396
DA:908,396
DA:910,396
DA:911,396
DA:912,126
DA:914,396
DA:917,0
DA:920,0
DA:921,0
DA:923,396
DA:926,297
DA:929,139
DA:930,139
DA:934,396
DA:935,361
DA:936,361
DA:937,361
DA:940,396
DA:941,361
DA:942,361
DA:943,361
DA:946,396
DA:953,20
DA:954,13
DA:957,7
DA:995,0
DA:996,0
DA:1007,0
DA:1008,0
DA:1009,0
DA:1017,0
DA:1018,0
DA:1020,0
DA:1024,0
DA:1025,0
DA:1031,0
DA:1035,0
DA:1036,0
DA:1037,0
DA:1042,0
DA:1043,0
DA:1044,0
DA:1051,0
DA:1064,0
DA:1065,0
DA:1066,0
DA:1067,0
DA:1068,0
DA:1069,0
DA:1071,0
DA:1072,0
LF:268
LH:203
BRDA:66,0,0,0
BRDA:66,0,1,2
BRDA:68,1,0,0
BRDA:68,1,1,2
BRDA:68,2,0,2
BRDA:68,2,1,2
BRDA:140,3,0,0
BRDA:150,4,0,5
BRDA:173,5,0,2
BRDA:208,6,0,45
BRDA:212,7,0,45
BRDA:212,7,1,45
BRDA:233,8,0,9
BRDA:256,9,0,101
BRDA:286,10,0,228
BRDA:302,11,0,22
BRDA:332,12,0,322
BRDA:356,13,0,2
BRDA:379,14,0,2
BRDA:409,15,0,0
BRDA:419,16,0,2
BRDA:442,17,0,2
BRDA:512,18,0,689
BRDA:512,18,1,689
BRDA:514,19,0,689
BRDA:514,19,1,689
BRDA:515,20,0,689
BRDA:515,20,1,689
BRDA:516,21,0,689
BRDA:516,21,1,689
BRDA:517,22,0,689
BRDA:517,22,1,689
BRDA:519,23,0,689
BRDA:519,23,1,689
BRDA:526,24,0,59
BRDA:527,25,0,59
BRDA:528,26,0,3
BRDA:529,27,0,59
BRDA:530,28,0,59
BRDA:531,29,0,59
BRDA:540,30,0,69
BRDA:579,31,0,36
BRDA:580,32,0,36
BRDA:581,33,0,1
BRDA:582,34,0,36
BRDA:583,35,0,36
BRDA:584,36,0,36
BRDA:593,37,0,42
BRDA:595,38,0,39
BRDA:595,38,1,3
BRDA:606,39,0,1
BRDA:646,40,0,307
BRDA:647,41,0,220
BRDA:648,42,0,308
BRDA:649,43,0,308
BRDA:650,44,0,87
BRDA:655,45,0,348
BRDA:691,46,0,3
BRDA:692,47,0,3
BRDA:693,48,0,3
BRDA:694,49,0,3
BRDA:695,50,0,3
BRDA:700,51,0,4
BRDA:735,52,0,4
BRDA:736,53,0,4
BRDA:737,54,0,4
BRDA:738,55,0,4
BRDA:739,56,0,4
BRDA:744,57,0,5
BRDA:776,58,0,9
BRDA:778,59,0,793
BRDA:790,60,0,260
BRDA:798,61,0,620
BRDA:801,62,0,623
BRDA:813,63,0,620
BRDA:815,64,0,639
BRDA:828,65,0,278
BRDA:829,66,0,10
BRDA:845,67,0,0
BRDA:883,68,0,270
BRDA:883,69,0,396
BRDA:883,69,1,126
BRDA:884,70,0,13
BRDA:884,70,1,257
BRDA:884,71,0,270
BRDA:884,71,1,257
BRDA:887,72,0,13
BRDA:887,72,1,0
BRDA:894,73,0,0
BRDA:894,73,1,270
BRDA:902,74,0,396
BRDA:902,74,1,396
BRDA:908,75,0,396
BRDA:908,75,1,0
BRDA:908,75,2,0
BRDA:910,76,0,396
BRDA:910,77,0,396
BRDA:910,77,1,396
BRDA:911,78,0,126
BRDA:914,79,0,0
BRDA:915,80,0,396
BRDA:915,80,1,0
BRDA:923,81,0,139
BRDA:924,82,0,396
BRDA:924,82,1,396
BRDA:929,83,0,139
BRDA:934,84,0,361
BRDA:934,85,0,396
BRDA:934,85,1,57
BRDA:935,86,0,361
BRDA:936,87,0,361
BRDA:936,87,1,22
BRDA:937,88,0,361
BRDA:937,88,1,268
BRDA:940,89,0,361
BRDA:940,90,0,396
BRDA:940,90,1,57
BRDA:941,91,0,361
BRDA:942,92,0,361
BRDA:942,92,1,22
BRDA:943,93,0,361
BRDA:943,93,1,268
BRDA:953,94,0,13
BRDA:1015,95,0,0
BRDA:1015,95,1,0
BRDA:1017,96,0,0
BRDA:1024,97,0,0
BRDA:1035,98,0,0
BRDA:1042,99,0,0
BRDA:1043,100,0,0
BRDA:1043,100,1,0
BRDA:1051,101,0,0
BRDA:1051,101,1,0
BRDA:1051,102,0,0
BRDA:1051,102,1,0
BRDA:1051,102,2,0
BRF:136
BRH:112
end_of_record
TN:
SF:src/callbacks/promises.ts
FN:10,createQueue
FN:23,consumeCallback
FN:41,awaitAllCallbacks
FNF:3
FNH:2
FNDA:0,createQueue
FNDA:999,consumeCallback
FNDA:30,awaitAllCallbacks
DA:11,0
DA:12,0
DA:27,999
DA:28,999
DA:30,0
DA:31,0
DA:33,0
DA:42,30
LF:8
LH:3
BRDA:11,0,0,0
BRDA:11,0,1,0
BRDA:27,1,0,999
BRDA:27,1,1,0
BRDA:30,2,0,0
BRDA:42,3,0,0
BRDA:42,3,1,30
BRF:7
BRH:2
end_of_record
TN:
SF:src/documents/document.ts
FN:31,(anonymous_0)
FNF:1
FNH:1
FNDA:9,(anonymous_0)
DA:32,9
DA:35,9
LF:2
LH:2
BRDA:32,0,0,9
BRDA:32,0,1,0
BRDA:35,1,0,9
BRDA:35,1,1,6
BRF:4
BRH:3
end_of_record
TN:
SF:src/documents/transformers.ts
FN:35,(anonymous_0)
FN:45,(anonymous_1)
FNF:2
FNH:0
FNDA:0,(anonymous_0)
FNDA:0,(anonymous_1)
DA:19,0
DA:36,0
DA:48,0
DA:49,0
DA:50,0
DA:51,0
DA:53,0
LF:7
LH:0
BRF:0
BRH:0
end_of_record
TN:
SF:src/example_selectors/base.ts
FNF:0
FNH:0
DA:8,1
LF:1
LH:1
BRF:0
BRH:0
end_of_record
TN:
SF:src/example_selectors/conditional.ts
FN:32,(anonymous_0)
FN:56,(anonymous_1)
FN:76,(anonymous_2)
FN:90,isLLM
FN:98,isChatModel
FNF:5
FNH:0
FNDA:0,(anonymous_0)
FNDA:0,(anonymous_1)
FNDA:0,(anonymous_2)
FNDA:0,isLLM
FNDA:0,isChatModel
DA:36,0
DA:37,0
DA:65,0
DA:66,0
DA:67,0
DA:77,0
DA:78,0
DA:79,0
DA:82,0
DA:91,0
DA:101,0
LF:11
LH:0
BRDA:37,0,0,0
BRDA:37,0,1,0
BRDA:58,1,0,0
BRDA:78,2,0,0
BRF:4
BRH:0
end_of_record
TN:
SF:src/example_selectors/length_based.ts
FN:8,getLengthBased
FN:74,(anonymous_1)
FN:86,(anonymous_2)
FN:98,(anonymous_3)
FN:108,(anonymous_4)
FN:110,(anonymous_5)
FN:119,(anonymous_6)
FN:146,(anonymous_7)
FN:151,(anonymous_8)
FNF:9
FNH:6
FNDA:3,getLengthBased
FNDA:1,(anonymous_1)
FNDA:2,(anonymous_2)
FNDA:0,(anonymous_3)
FNDA:0,(anonymous_4)
FNDA:0,(anonymous_5)
FNDA:1,(anonymous_6)
FNDA:1,(anonymous_7)
FNDA:2,(anonymous_8)
DA:9,3
DA:64,1
DA:68,1
DA:70,1
DA:72,1
DA:75,1
DA:76,1
DA:77,1
DA:78,1
DA:87,2
DA:88,2
DA:89,2
DA:102,0
DA:103,0
DA:106,0
DA:107,0
DA:108,0
DA:110,0
DA:120,1
DA:121,1
DA:122,1
DA:123,1
DA:125,1
DA:126,2
DA:127,2
DA:128,0
DA:130,2
DA:131,2
DA:133,2
DA:136,1
DA:150,1
DA:151,2
DA:152,1
LF:33
LH:26
BRDA:77,0,0,1
BRDA:77,0,1,0
BRDA:78,1,0,1
BRDA:78,1,1,1
BRDA:102,2,0,0
BRDA:125,3,0,3
BRDA:125,3,1,3
BRDA:127,4,0,0
BRDA:127,4,1,2
BRF:9
BRH:6
end_of_record
TN:
SF:src/example_selectors/semantic_similarity.ts
FN:11,sortedValues
FN:14,(anonymous_1)
FN:79,(anonymous_2)
FN:103,(anonymous_3)
FN:107,(anonymous_4)
FN:127,(anonymous_5)
FN:133,(anonymous_6)
FN:140,(anonymous_7)
FN:143,(anonymous_8)
FN:145,(anonymous_9)
FN:167,(anonymous_10)
FN:177,(anonymous_11)
FN:181,(anonymous_12)
FNF:13
FNH:0
FNDA:0,sortedValues
FNDA:0,(anonymous_1)
FNDA:0,(anonymous_2)
FNDA:0,(anonymous_3)
FNDA:0,(anonymous_4)
FNDA:0,(anonymous_5)
FNDA:0,(anonymous_6)
FNDA:0,(anonymous_7)
FNDA:0,(anonymous_8)
FNDA:0,(anonymous_9)
FNDA:0,(anonymous_10)
FNDA:0,(anonymous_11)
FNDA:0,(anonymous_12)
DA:12,0
DA:14,0
DA:80,0
DA:81,0
DA:82,0
DA:83,0
DA:84,0
DA:88,0
DA:89,0
DA:91,0
DA:104,0
DA:105,0
DA:107,0
DA:112,0
DA:130,0
DA:131,0
DA:133,0
DA:138,0
DA:140,0
DA:141,0
DA:143,0
DA:144,0
DA:145,0
DA:150,0
DA:176,0
DA:177,0
DA:178,0
DA:181,0
DA:188,0
DA:195,0
LF:30
LH:0
BRDA:83,0,0,0
BRDA:83,0,1,0
BRDA:85,1,0,0
BRDA:85,1,1,0
BRDA:88,2,0,0
BRDA:88,2,1,0
BRDA:104,3,0,0
BRDA:104,3,1,0
BRDA:130,4,0,0
BRDA:130,4,1,0
BRDA:141,5,0,0
BRDA:171,6,0,0
BRDA:176,7,0,0
BRDA:176,7,1,0
BRDA:179,8,0,0
BRDA:179,8,1,0
BRDA:197,9,0,0
BRDA:197,9,1,0
BRF:18
BRH:0
end_of_record
TN:
SF:src/language_models/base.ts
FN:24,(anonymous_0)
FN:44,(anonymous_1)
FN:53,(anonymous_2)
FN:85,(anonymous_3)
FN:109,(anonymous_4)
FN:146,(anonymous_5)
FN:153,(anonymous_6)
FN:312,(anonymous_7)
FN:324,(anonymous_8)
FN:373,(anonymous_9)
FN:410,(anonymous_10)
FN:426,(anonymous_11)
FN:435,(anonymous_12)
FN:446,(anonymous_13)
FN:449,(anonymous_14)
FN:459,(anonymous_15)
FN:471,(anonymous_16)
FNF:17
FNH:11
FNDA:15,(anonymous_0)
FNDA:0,(anonymous_1)
FNDA:10,(anonymous_2)
FNDA:5,(anonymous_3)
FNDA:60,(anonymous_4)
FNDA:0,(anonymous_5)
FNDA:60,(anonymous_6)
FNDA:0,(anonymous_7)
FNDA:58,(anonymous_8)
FNDA:0,(anonymous_9)
FNDA:82,(anonymous_10)
FNDA:2,(anonymous_11)
FNDA:4,(anonymous_12)
FNDA:8,(anonymous_13)
FNDA:8,(anonymous_14)
FNDA:0,(anonymous_15)
FNDA:0,(anonymous_16)
DA:24,16
DA:25,15
DA:26,6
DA:29,9
DA:30,0
DA:33,9
DA:34,3
DA:37,6
DA:38,0
DA:41,6
DA:44,16
DA:45,0
DA:47,0
DA:49,0
DA:53,16
DA:54,10
DA:56,4
DA:58,2
DA:60,2
DA:62,2
DA:64,0
DA:66,0
DA:68,0
DA:70,0
DA:72,0
DA:74,0
DA:76,0
DA:85,16
DA:91,5
DA:92,5
DA:96,0
DA:102,0
DA:105,5
DA:106,5
DA:109,60
DA:147,0
DA:154,60
DA:155,60
DA:156,60
DA:157,60
DA:158,60
DA:313,0
DA:329,58
DA:333,58
DA:334,0
DA:335,58
DA:336,2
DA:338,56
DA:340,58
DA:375,0
DA:376,0
DA:379,0
DA:381,0
DA:382,0
DA:383,0
DA:389,0
DA:396,0
DA:397,0
DA:398,0
DA:400,0
DA:407,0
DA:413,82
DA:414,53
DA:415,29
DA:416,3
DA:418,26
DA:427,2
DA:439,4
DA:445,4
DA:446,8
DA:448,4
DA:449,8
DA:452,4
DA:460,0
DA:472,0
LF:75
LH:44
BRDA:25,0,0,6
BRDA:29,1,0,0
BRDA:33,2,0,3
BRDA:37,3,0,0
BRDA:45,4,0,0
BRDA:45,4,1,0
BRDA:54,5,0,4
BRDA:54,5,1,2
BRDA:54,5,2,2
BRDA:54,5,3,2
BRDA:54,5,4,0
BRDA:54,5,5,0
BRDA:54,5,6,0
BRDA:54,5,7,0
BRDA:54,5,8,0
BRDA:54,5,9,0
BRDA:54,5,10,0
BRDA:155,6,0,60
BRDA:155,6,1,60
BRDA:157,7,0,60
BRDA:157,7,1,60
BRDA:158,8,0,60
BRDA:158,8,1,60
BRDA:330,9,0,58
BRDA:330,9,1,58
BRDA:333,10,0,0
BRDA:333,10,1,58
BRDA:335,11,0,2
BRDA:335,11,1,56
BRDA:340,12,0,58
BRDA:340,12,1,0
BRDA:375,13,0,0
BRDA:381,14,0,0
BRDA:384,15,0,0
BRDA:384,15,1,0
BRDA:396,16,0,0
BRDA:413,17,0,53
BRDA:413,17,1,29
BRDA:415,18,0,3
BRDA:415,18,1,26
BRF:40
BRH:22
end_of_record
TN:
SF:src/language_models/chat_models.ts
FN:66,createChatMessageChunkEncoderStream
FN:69,(anonymous_1)
FN:107,(anonymous_2)
FN:115,(anonymous_3)
FN:132,(anonymous_4)
FN:148,(anonymous_5)
FN:156,(anonymous_6)
FN:211,(anonymous_7)
FN:218,(anonymous_8)
FN:229,(anonymous_9)
FN:234,(anonymous_10)
FN:265,(anonymous_11)
FN:277,(anonymous_12)
FN:302,(anonymous_13)
FN:309,(anonymous_14)
FN:318,(anonymous_15)
FN:352,(anonymous_16)
FN:369,(anonymous_17)
FN:371,(anonymous_18)
FN:379,(anonymous_19)
FN:407,(anonymous_20)
FN:422,(anonymous_21)
FN:435,(anonymous_22)
FN:462,(anonymous_23)
FN:467,(anonymous_24)
FN:487,(anonymous_25)
FN:491,(anonymous_26)
FN:501,(anonymous_27)
FN:516,(anonymous_28)
FN:521,(anonymous_29)
FN:542,(anonymous_30)
FN:565,(anonymous_31)
FN:583,(anonymous_32)
FN:600,(anonymous_33)
FN:627,(anonymous_34)
FNF:35
FNH:28
FNDA:1,createChatMessageChunkEncoderStream
FNDA:1,(anonymous_1)
FNDA:23,(anonymous_2)
FNDA:34,(anonymous_3)
FNDA:20,(anonymous_4)
FNDA:0,(anonymous_5)
FNDA:7,(anonymous_6)
FNDA:0,(anonymous_7)
FNDA:4,(anonymous_8)
FNDA:29,(anonymous_9)
FNDA:29,(anonymous_10)
FNDA:29,(anonymous_11)
FNDA:29,(anonymous_12)
FNDA:29,(anonymous_13)
FNDA:2,(anonymous_14)
FNDA:2,(anonymous_15)
FNDA:2,(anonymous_16)
FNDA:2,(anonymous_17)
FNDA:2,(anonymous_18)
FNDA:1,(anonymous_19)
FNDA:2,(anonymous_20)
FNDA:30,(anonymous_21)
FNDA:30,(anonymous_22)
FNDA:1,(anonymous_23)
FNDA:1,(anonymous_24)
FNDA:35,(anonymous_25)
FNDA:2,(anonymous_26)
FNDA:0,(anonymous_27)
FNDA:20,(anonymous_28)
FNDA:20,(anonymous_29)
FNDA:10,(anonymous_30)
FNDA:0,(anonymous_31)
FNDA:0,(anonymous_32)
FNDA:0,(anonymous_33)
FNDA:0,(anonymous_34)
DA:67,1
DA:68,1
DA:70,1
DA:105,23
DA:108,23
DA:119,34
DA:120,34
DA:121,0
DA:123,34
DA:136,20
DA:137,20
DA:142,20
DA:144,20
DA:153,0
DA:161,7
DA:165,3
DA:167,4
DA:168,4
DA:170,4
DA:171,4
DA:180,4
DA:185,4
DA:196,4
DA:197,4
DA:202,60
DA:203,60
DA:204,4
DA:206,56
DA:210,0
DA:212,0
DA:215,0
DA:217,4
DA:219,4
DA:234,29
DA:235,29
DA:239,29
DA:248,29
DA:253,29
DA:264,29
DA:266,29
DA:274,29
DA:275,29
DA:276,29
DA:278,29
DA:279,29
DA:280,29
DA:281,29
DA:282,29
DA:288,0
DA:289,0
DA:294,29
DA:300,29
DA:302,29
DA:306,29
DA:318,2
DA:319,2
DA:323,2
DA:332,2
DA:338,2
DA:350,2
DA:351,2
DA:355,2
DA:356,2
DA:358,2
DA:359,1
DA:362,2
DA:368,2
DA:369,2
DA:372,2
DA:377,2
DA:378,2
DA:380,1
DA:381,1
DA:382,1
DA:383,1
DA:384,1
DA:386,1
DA:391,0
DA:392,0
DA:397,2
DA:405,2
DA:407,2
DA:412,2
DA:429,30
DA:430,0
DA:432,30
DA:435,30
DA:436,30
DA:440,30
DA:441,30
DA:443,30
DA:444,28
DA:447,2
DA:449,2
DA:451,2
DA:459,2
DA:460,2
DA:461,1
DA:462,1
DA:466,1
DA:468,1
DA:469,1
DA:471,1
DA:474,1
DA:477,1
DA:480,2
DA:488,35
DA:492,2
DA:502,0
DA:521,20
DA:522,20
DA:524,20
DA:547,10
DA:552,10
DA:553,10
DA:570,0
DA:571,0
DA:588,0
DA:605,0
DA:606,0
DA:607,0
DA:608,0
DA:610,0
DA:632,0
DA:633,0
DA:634,0
DA:635,0
DA:639,0
LF:128
LH:104
BRDA:72,0,0,1
BRDA:72,0,1,0
BRDA:120,1,0,0
BRDA:120,2,0,34
BRDA:120,2,1,0
BRDA:161,3,0,3
BRDA:161,3,1,4
BRDA:203,4,0,4
BRDA:203,4,1,56
BRDA:211,5,0,0
BRDA:211,5,1,0
BRDA:218,6,0,4
BRDA:218,6,1,0
BRDA:278,7,0,29
BRDA:278,7,1,0
BRDA:296,8,0,29
BRDA:296,8,1,0
BRDA:301,9,0,29
BRDA:301,9,1,0
BRDA:358,10,0,1
BRDA:372,11,0,2
BRDA:372,11,1,2
BRDA:372,11,2,1
BRDA:380,12,0,1
BRDA:380,12,1,0
BRDA:383,13,0,1
BRDA:406,14,0,2
BRDA:406,14,1,0
BRDA:429,15,0,0
BRDA:429,15,1,30
BRDA:441,16,0,30
BRDA:441,16,1,12
BRDA:443,17,0,28
BRDA:460,18,0,1
BRDA:477,19,0,1
BRDA:477,19,1,0
BRDA:607,20,0,0
BRDA:634,21,0,0
BRF:38
BRH:23
end_of_record
TN:
SF:src/language_models/llms.ts
FN:68,(anonymous_0)
FN:80,(anonymous_1)
FN:94,(anonymous_2)
FN:102,(anonymous_3)
FN:113,(anonymous_4)
FN:170,(anonymous_5)
FN:177,(anonymous_6)
FN:194,(anonymous_7)
FN:199,(anonymous_8)
FN:218,(anonymous_9)
FN:222,(anonymous_10)
FN:249,(anonymous_11)
FN:284,(anonymous_12)
FN:291,(anonymous_13)
FN:295,(anonymous_14)
FN:306,(anonymous_15)
FN:344,(anonymous_16)
FN:356,(anonymous_17)
FN:358,(anonymous_18)
FN:366,(anonymous_19)
FN:394,(anonymous_20)
FN:405,(anonymous_21)
FN:443,(anonymous_22)
FN:448,(anonymous_23)
FN:464,(anonymous_24)
FN:483,(anonymous_25)
FN:501,(anonymous_26)
FN:515,(anonymous_27)
FN:528,(anonymous_28)
FN:536,(anonymous_29)
FN:560,(anonymous_30)
FN:566,(anonymous_31)
FN:568,(anonymous_32)
FNF:33
FNH:28
FNDA:35,(anonymous_0)
FNDA:37,(anonymous_1)
FNDA:0,(anonymous_2)
FNDA:55,(anonymous_3)
FNDA:22,(anonymous_4)
FNDA:1,(anonymous_5)
FNDA:17,(anonymous_6)
FNDA:37,(anonymous_7)
FNDA:37,(anonymous_8)
FNDA:56,(anonymous_9)
FNDA:30,(anonymous_10)
FNDA:36,(anonymous_11)
FNDA:6,(anonymous_12)
FNDA:30,(anonymous_13)
FNDA:30,(anonymous_14)
FNDA:2,(anonymous_15)
FNDA:2,(anonymous_16)
FNDA:2,(anonymous_17)
FNDA:2,(anonymous_18)
FNDA:1,(anonymous_19)
FNDA:2,(anonymous_20)
FNDA:37,(anonymous_21)
FNDA:1,(anonymous_22)
FNDA:1,(anonymous_23)
FNDA:0,(anonymous_24)
FNDA:0,(anonymous_25)
FNDA:0,(anonymous_26)
FNDA:2,(anonymous_27)
FNDA:0,(anonymous_28)
FNDA:2,(anonymous_29)
FNDA:35,(anonymous_30)
FNDA:35,(anonymous_31)
FNDA:29,(anonymous_32)
DA:66,35
DA:69,35
DA:84,37
DA:85,37
DA:90,31
DA:99,0
DA:106,55
DA:107,55
DA:108,0
DA:110,55
DA:118,22
DA:121,4
DA:123,18
DA:125,18
DA:126,18
DA:135,18
DA:140,18
DA:150,18
DA:153,18
DA:154,18
DA:159,317
DA:160,0
DA:162,317
DA:164,317
DA:165,317
DA:169,1
DA:171,1
DA:174,1
DA:176,17
DA:178,17
DA:199,37
DA:200,37
DA:202,37
DA:219,56
DA:223,30
DA:225,30
DA:226,30
DA:228,30
DA:229,30
DA:234,0
DA:238,0
DA:245,30
DA:254,36
DA:263,36
DA:268,36
DA:280,36
DA:281,36
DA:283,6
DA:284,6
DA:286,6
DA:289,30
DA:290,30
DA:292,30
DA:295,30
DA:299,30
DA:303,30
DA:315,2
DA:324,2
DA:330,2
DA:342,2
DA:343,2
DA:345,2
DA:346,2
DA:347,1
DA:349,2
DA:355,2
DA:356,2
DA:359,2
DA:364,2
DA:365,2
DA:367,1
DA:368,1
DA:369,1
DA:370,1
DA:371,1
DA:373,1
DA:378,0
DA:379,0
DA:384,2
DA:392,2
DA:394,2
DA:399,2
DA:410,37
DA:411,0
DA:415,37
DA:416,0
DA:418,37
DA:422,37
DA:423,37
DA:425,37
DA:426,35
DA:429,2
DA:431,2
DA:432,2
DA:440,2
DA:441,2
DA:442,1
DA:443,1
DA:447,1
DA:449,1
DA:450,1
DA:451,1
DA:454,1
DA:457,2
DA:469,0
DA:470,0
DA:488,0
DA:506,0
DA:507,0
DA:508,0
DA:516,2
DA:529,0
DA:537,2
DA:565,35
DA:567,35
DA:568,29
DA:572,29
LF:117
LH:101
BRDA:69,0,0,0
BRDA:69,0,1,35
BRDA:107,1,0,0
BRDA:107,2,0,55
BRDA:107,2,1,0
BRDA:118,3,0,4
BRDA:118,3,1,18
BRDA:159,4,0,0
BRDA:159,4,1,317
BRDA:164,5,0,317
BRDA:170,6,0,1
BRDA:170,6,1,0
BRDA:177,7,0,17
BRDA:177,7,1,0
BRDA:228,8,0,30
BRDA:228,8,1,0
BRDA:234,9,0,0
BRDA:234,9,1,0
BRDA:284,10,0,6
BRDA:284,10,1,0
BRDA:291,11,0,30
BRDA:291,11,1,0
BRDA:295,12,0,30
BRDA:295,12,1,0
BRDA:300,13,0,30
BRDA:300,13,1,0
BRDA:346,14,0,1
BRDA:359,15,0,2
BRDA:359,15,1,2
BRDA:359,15,2,1
BRDA:367,16,0,1
BRDA:367,16,1,0
BRDA:370,17,0,1
BRDA:393,18,0,2
BRDA:393,18,1,0
BRDA:410,19,0,0
BRDA:415,20,0,0
BRDA:415,20,1,37
BRDA:423,21,0,37
BRDA:423,21,1,6
BRDA:425,22,0,35
BRDA:441,23,0,1
BRDA:454,24,0,1
BRDA:454,24,1,1
BRF:44
BRH:27
end_of_record
TN:
SF:src/load/import_constants.ts
FNF:0
FNH:0
DA:3,1
LF:1
LH:1
BRF:0
BRH:0
end_of_record
TN:
SF:src/load/index.ts
FN:14,combineAliasesAndInvert
FN:24,(anonymous_1)
FN:30,reviver
FN:116,(anonymous_3)
FN:180,(anonymous_4)
FN:217,(anonymous_5)
FN:224,(anonymous_6)
FN:235,load
FNF:8
FNH:7
FNDA:2,combineAliasesAndInvert
FNDA:3,(anonymous_1)
FNDA:16,reviver
FNDA:2,(anonymous_3)
FNDA:0,(anonymous_4)
FNDA:1,(anonymous_5)
FNDA:11,(anonymous_6)
FNDA:2,load
DA:15,2
DA:16,2
DA:18,2
DA:22,6
DA:24,2
DA:25,3
DA:26,3
DA:46,16
DA:47,16
DA:48,16
DA:58,0
DA:59,0
DA:60,0
DA:61,0
DA:63,0
DA:64,0
DA:65,0
DA:67,0
DA:72,16
DA:82,0
DA:83,0
DA:84,0
DA:87,16
DA:97,2
DA:98,2
DA:99,2
DA:100,2
DA:101,2
DA:107,2
DA:109,2
DA:110,2
DA:111,0
DA:115,2
DA:116,2
DA:118,2
DA:124,0
DA:125,0
DA:129,0
DA:140,2
DA:141,2
DA:142,2
DA:144,0
DA:148,2
DA:149,0
DA:154,2
DA:155,2
DA:156,2
DA:157,2
DA:159,0
DA:164,2
DA:165,2
DA:169,2
DA:170,0
DA:176,2
DA:181,0
DA:184,2
DA:185,0
DA:189,2
DA:195,2
DA:197,2
DA:208,2
DA:210,2
DA:212,0
DA:214,14
DA:215,7
DA:216,1
DA:218,1
DA:222,6
DA:224,11
DA:232,7
DA:249,2
DA:250,2
LF:72
LH:50
BRDA:19,0,0,8
BRDA:19,0,1,8
BRDA:45,1,0,2
BRDA:48,2,0,0
BRDA:48,2,1,16
BRDA:49,3,0,16
BRDA:49,3,1,9
BRDA:49,3,2,9
BRDA:49,3,3,8
BRDA:49,3,4,2
BRDA:49,3,5,2
BRDA:49,3,6,2
BRDA:49,3,7,2
BRDA:60,4,0,0
BRDA:60,4,1,0
BRDA:64,5,0,0
BRDA:64,5,1,0
BRDA:72,6,0,0
BRDA:72,6,1,16
BRDA:73,7,0,16
BRDA:73,7,1,9
BRDA:73,7,2,9
BRDA:73,7,3,8
BRDA:73,7,4,2
BRDA:73,7,5,2
BRDA:73,7,6,2
BRDA:73,7,7,2
BRDA:87,8,0,2
BRDA:87,8,1,14
BRDA:88,9,0,16
BRDA:88,9,1,9
BRDA:88,9,2,9
BRDA:88,9,3,8
BRDA:88,9,4,2
BRDA:88,9,5,2
BRDA:88,9,6,2
BRDA:88,9,7,2
BRDA:110,10,0,0
BRDA:118,11,0,0
BRDA:118,11,1,2
BRDA:119,12,0,2
BRDA:119,12,1,2
BRDA:124,13,0,0
BRDA:124,13,1,0
BRDA:140,14,0,2
BRDA:140,14,1,0
BRDA:140,15,0,2
BRDA:140,15,1,2
BRDA:148,16,0,0
BRDA:156,17,0,2
BRDA:156,17,1,0
BRDA:164,18,0,2
BRDA:169,19,0,0
BRDA:169,20,0,2
BRDA:169,20,1,2
BRDA:176,21,0,2
BRDA:176,21,1,0
BRDA:181,22,0,0
BRDA:181,22,1,0
BRDA:184,23,0,0
BRDA:195,24,0,2
BRDA:195,24,1,0
BRDA:214,25,0,7
BRDA:214,26,0,14
BRDA:214,26,1,7
BRDA:215,27,0,1
BRDA:215,27,1,6
BRF:67
BRH:48
end_of_record
TN:
SF:src/load/map_keys.ts
FN:13,keyToJson
FN:17,keyFromJson
FN:21,mapKeys
FNF:3
FNH:3
FNDA:1768,keyToJson
FNDA:5,keyFromJson
FNDA:909,mapKeys
DA:14,1768
DA:18,5
DA:26,909
DA:28,909
DA:29,1773
DA:30,1773
DA:34,909
LF:7
LH:7
BRDA:14,0,0,1768
BRDA:14,0,1,1453
BRDA:18,1,0,5
BRDA:18,1,1,2
BRDA:29,2,0,1773
BRF:5
BRH:5
end_of_record
TN:
SF:src/load/serializable.ts
FN:23,shallowCopy
FN:27,replaceSecrets
FN:58,get_lc_unique_name
FN:93,(anonymous_3)
FN:100,(anonymous_4)
FN:112,(anonymous_5)
FN:122,(anonymous_6)
FN:132,(anonymous_7)
FN:136,(anonymous_8)
FN:140,(anonymous_9)
FN:157,(anonymous_10)
FN:175,(anonymous_11)
FN:214,(anonymous_12)
FNF:13
FNH:10
FNDA:0,shallowCopy
FNDA:0,replaceSecrets
FNDA:1298,get_lc_unique_name
FNDA:1665,(anonymous_3)
FNDA:1298,(anonymous_4)
FNDA:3401,(anonymous_5)
FNDA:3011,(anonymous_6)
FNDA:2802,(anonymous_7)
FNDA:1002,(anonymous_8)
FNDA:1298,(anonymous_9)
FNDA:1673,(anonymous_10)
FNDA:0,(anonymous_11)
FNDA:391,(anonymous_12)
DA:24,0
DA:31,0
DA:32,0
DA:33,0
DA:35,0
DA:36,0
DA:37,0
DA:38,0
DA:40,0
DA:41,0
DA:43,0
DA:44,0
DA:51,0
DA:64,1298
DA:66,1298
DA:69,1298
DA:70,1297
DA:72,1
DA:77,1002
DA:94,1665
DA:101,1298
DA:113,3401
DA:123,3011
DA:133,2802
DA:137,1002
DA:141,1298
DA:142,391
DA:144,907
DA:152,0
DA:155,907
DA:156,907
DA:157,907
DA:158,1673
DA:159,1673
DA:162,907
DA:164,907
DA:168,4308
DA:169,4308
DA:170,4308
DA:175,907
DA:177,0
DA:180,0
DA:182,0
DA:183,0
DA:184,0
DA:185,0
DA:186,0
DA:187,0
DA:188,0
DA:189,0
DA:193,0
DA:194,0
DA:197,0
DA:198,0
DA:202,907
DA:215,391
LF:56
LH:28
BRDA:24,0,0,0
BRDA:24,0,1,0
BRDA:37,1,0,0
BRDA:43,2,0,0
BRDA:66,3,0,1298
BRDA:66,3,1,1298
BRDA:66,3,2,1298
BRDA:69,4,0,1297
BRDA:69,4,1,1
BRDA:137,5,0,1002
BRDA:137,5,1,58
BRDA:141,6,0,391
BRDA:144,7,0,0
BRDA:146,8,0,907
BRDA:146,8,1,907
BRDA:146,8,2,907
BRDA:158,9,0,1664
BRDA:158,9,1,9
BRDA:184,10,0,0
BRDA:184,11,0,0
BRDA:184,11,1,0
BRDA:185,12,0,0
BRDA:185,13,0,0
BRDA:185,13,1,0
BRDA:186,14,0,0
BRDA:186,14,1,0
BRDA:186,15,0,0
BRDA:186,15,1,0
BRDA:188,16,0,0
BRDA:197,17,0,0
BRDA:197,18,0,0
BRDA:197,18,1,0
BRDA:198,19,0,0
BRDA:198,19,1,0
BRDA:207,20,0,0
BRDA:207,20,1,907
BRF:36
BRH:14
end_of_record
TN:
SF:src/messages/index.ts
FN:104,mergeContent
FN:138,(anonymous_1)
FN:147,(anonymous_2)
FN:163,(anonymous_3)
FN:183,(anonymous_4)
FN:191,(anonymous_5)
FN:220,isOpenAIToolCallArray
FN:223,(anonymous_7)
FN:237,(anonymous_8)
FN:266,(anonymous_9)
FN:299,(anonymous_10)
FN:303,(anonymous_11)
FN:313,(anonymous_12)
FN:317,(anonymous_13)
FN:321,(anonymous_14)
FN:336,(anonymous_15)
FN:340,(anonymous_16)
FN:350,(anonymous_17)
FN:354,(anonymous_18)
FN:358,(anonymous_19)
FN:373,(anonymous_20)
FN:377,(anonymous_21)
FN:387,(anonymous_22)
FN:391,(anonymous_23)
FN:395,(anonymous_24)
FN:410,(anonymous_25)
FN:422,(anonymous_26)
FN:434,(anonymous_27)
FN:444,(anonymous_28)
FN:448,(anonymous_29)
FN:452,(anonymous_30)
FN:468,(anonymous_31)
FN:472,(anonymous_32)
FN:487,(anonymous_33)
FN:500,(anonymous_34)
FN:512,(anonymous_35)
FN:517,(anonymous_36)
FN:521,(anonymous_37)
FN:525,(anonymous_38)
FN:544,(anonymous_39)
FN:554,(anonymous_40)
FN:563,(anonymous_41)
FN:567,(anonymous_42)
FN:577,isBaseMessage
FN:583,isBaseMessageChunk
FN:592,coerceMessageLikeToMessage
FN:619,(anonymous_46)
FN:629,(anonymous_47)
FN:638,(anonymous_48)
FN:642,(anonymous_49)
FN:658,getBufferString
FN:694,mapV1MessageToStoredMessage
FN:714,mapStoredMessageToChatMessage
FN:756,mapStoredMessagesToChatMessages
FN:768,mapChatMessagesToStoredMessages
FN:771,(anonymous_55)
FNF:56
FNH:21
FNDA:112,mergeContent
FNDA:568,(anonymous_1)
FNDA:0,(anonymous_2)
FNDA:364,(anonymous_3)
FNDA:0,(anonymous_4)
FNDA:0,(anonymous_5)
FNDA:0,isOpenAIToolCallArray
FNDA:0,(anonymous_7)
FNDA:112,(anonymous_8)
FNDA:0,(anonymous_9)
FNDA:298,(anonymous_10)
FNDA:37,(anonymous_11)
FNDA:0,(anonymous_12)
FNDA:0,(anonymous_13)
FNDA:0,(anonymous_14)
FNDA:156,(anonymous_15)
FNDA:34,(anonymous_16)
FNDA:16,(anonymous_17)
FNDA:0,(anonymous_18)
FNDA:112,(anonymous_19)
FNDA:86,(anonymous_20)
FNDA:33,(anonymous_21)
FNDA:0,(anonymous_22)
FNDA:0,(anonymous_23)
FNDA:0,(anonymous_24)
FNDA:0,(anonymous_25)
FNDA:2,(anonymous_26)
FNDA:0,(anonymous_27)
FNDA:0,(anonymous_28)
FNDA:0,(anonymous_29)
FNDA:0,(anonymous_30)
FNDA:2,(anonymous_31)
FNDA:2,(anonymous_32)
FNDA:2,(anonymous_33)
FNDA:0,(anonymous_34)
FNDA:0,(anonymous_35)
FNDA:0,(anonymous_36)
FNDA:0,(anonymous_37)
FNDA:0,(anonymous_38)
FNDA:0,(anonymous_39)
FNDA:2,(anonymous_40)
FNDA:0,(anonymous_41)
FNDA:0,(anonymous_42)
FNDA:1400,isBaseMessage
FNDA:623,isBaseMessageChunk
FNDA:114,coerceMessageLikeToMessage
FNDA:0,(anonymous_46)
FNDA:0,(anonymous_47)
FNDA:0,(anonymous_48)
FNDA:0,(anonymous_49)
FNDA:19,getBufferString
FNDA:0,mapV1MessageToStoredMessage
FNDA:0,mapStoredMessageToChatMessage
FNDA:0,mapStoredMessagesToChatMessages
FNDA:0,mapChatMessagesToStoredMessages
FNDA:0,(anonymous_55)
DA:109,112
DA:110,112
DA:111,112
DA:113,0
DA:116,0
DA:117,0
DA:121,0
DA:134,364
DA:136,364
DA:140,568
DA:148,0
DA:168,364
DA:170,158
DA:173,364
DA:175,249
DA:177,364
DA:178,364
DA:179,364
DA:180,364
DA:184,0
DA:192,0
DA:193,0
DA:195,0
DA:196,0
DA:198,0
DA:199,0
DA:201,0
DA:202,0
DA:204,0
DA:206,0
DA:208,0
DA:210,0
DA:221,0
DA:223,0
DA:241,112
DA:242,112
DA:243,0
DA:244,0
DA:245,0
DA:246,0
DA:249,0
DA:250,0
DA:251,0
DA:255,0
DA:259,0
DA:264,0
DA:265,0
DA:266,0
DA:267,0
DA:268,0
DA:270,0
DA:282,0
DA:286,0
DA:291,112
DA:300,298
DA:304,37
DA:314,0
DA:318,0
DA:322,0
DA:337,156
DA:341,34
DA:351,16
DA:355,0
DA:359,112
DA:374,86
DA:378,33
DA:388,0
DA:392,0
DA:396,0
DA:411,0
DA:427,2
DA:429,0
DA:431,2
DA:435,0
DA:445,0
DA:449,0
DA:453,0
DA:469,2
DA:474,2
DA:492,2
DA:494,0
DA:496,2
DA:497,2
DA:501,0
DA:513,0
DA:514,0
DA:518,0
DA:522,0
DA:526,0
DA:545,0
DA:555,2
DA:557,2
DA:559,2
DA:560,2
DA:564,0
DA:568,0
DA:580,1400
DA:586,623
DA:595,114
DA:596,2
DA:597,112
DA:598,88
DA:600,24
DA:601,24
DA:602,9
DA:603,15
DA:604,11
DA:605,4
DA:606,4
DA:608,0
DA:620,0
DA:630,0
DA:632,0
DA:634,0
DA:635,0
DA:639,0
DA:643,0
DA:663,19
DA:664,19
DA:666,32
DA:667,20
DA:668,12
DA:669,5
DA:670,7
DA:671,7
DA:672,0
DA:673,0
DA:674,0
DA:675,0
DA:676,0
DA:677,0
DA:679,0
DA:681,32
DA:682,32
DA:684,19
DA:698,0
DA:699,0
DA:701,0
DA:702,0
DA:715,0
DA:716,0
DA:718,0
DA:720,0
DA:722,0
DA:724,0
DA:725,0
DA:727,0
DA:731,0
DA:732,0
DA:734,0
DA:738,0
DA:739,0
DA:741,0
DA:744,0
DA:759,0
DA:771,0
LF:156
LH:60
BRDA:109,0,0,112
BRDA:109,0,1,0
BRDA:110,1,0,112
BRDA:110,1,1,0
BRDA:116,2,0,0
BRDA:116,2,1,0
BRDA:148,3,0,0
BRDA:148,3,1,0
BRDA:168,4,0,158
BRDA:173,5,0,249
BRDA:193,6,0,0
BRDA:193,6,1,0
BRDA:196,7,0,0
BRDA:196,7,1,0
BRDA:199,8,0,0
BRDA:199,8,1,0
BRDA:202,9,0,0
BRDA:202,9,1,0
BRDA:206,10,0,0
BRDA:206,10,1,0
BRDA:222,11,0,0
BRDA:222,11,1,0
BRDA:243,12,0,0
BRDA:243,12,1,0
BRDA:245,13,0,0
BRDA:245,13,1,0
BRDA:249,14,0,0
BRDA:249,14,1,0
BRDA:251,15,0,0
BRDA:251,15,1,0
BRDA:252,16,0,0
BRDA:252,16,1,0
BRDA:259,17,0,0
BRDA:259,17,1,0
BRDA:260,18,0,0
BRDA:260,18,1,0
BRDA:260,18,2,0
BRDA:265,19,0,0
BRDA:265,19,1,0
BRDA:267,20,0,0
BRDA:274,21,0,0
BRDA:274,21,1,0
BRDA:276,22,0,0
BRDA:276,22,1,0
BRDA:277,23,0,0
BRDA:277,23,1,0
BRDA:427,24,0,0
BRDA:459,25,0,0
BRDA:459,25,1,0
BRDA:492,26,0,0
BRDA:555,27,0,2
BRDA:587,28,0,623
BRDA:587,28,1,0
BRDA:595,29,0,2
BRDA:595,29,1,112
BRDA:597,30,0,88
BRDA:601,31,0,9
BRDA:601,31,1,15
BRDA:601,32,0,24
BRDA:601,32,1,15
BRDA:603,33,0,11
BRDA:603,33,1,4
BRDA:603,34,0,15
BRDA:603,34,1,5
BRDA:605,35,0,4
BRDA:605,35,1,0
BRDA:630,36,0,0
BRDA:660,37,0,19
BRDA:661,38,0,19
BRDA:666,39,0,20
BRDA:666,39,1,12
BRDA:668,40,0,5
BRDA:668,40,1,7
BRDA:670,41,0,7
BRDA:670,41,1,0
BRDA:672,42,0,0
BRDA:672,42,1,0
BRDA:674,43,0,0
BRDA:674,43,1,0
BRDA:676,44,0,0
BRDA:676,44,1,0
BRDA:681,45,0,0
BRDA:681,45,1,32
BRDA:698,46,0,0
BRDA:698,46,1,0
BRDA:716,47,0,0
BRDA:716,47,1,0
BRDA:716,47,2,0
BRDA:716,47,3,0
BRDA:716,47,4,0
BRDA:716,47,5,0
BRDA:716,47,6,0
BRDA:724,48,0,0
BRDA:731,49,0,0
BRDA:738,50,0,0
BRF:95
BRH:26
end_of_record
TN:
SF:src/output_parsers/base.ts
FN:43,(anonymous_0)
FN:61,(anonymous_1)
FN:67,(anonymous_2)
FN:74,(anonymous_3)
FN:97,(anonymous_4)
FN:112,(anonymous_5)
FN:136,(anonymous_6)
FN:166,(anonymous_7)
FNF:8
FNH:5
FNDA:0,(anonymous_0)
FNDA:18,(anonymous_1)
FNDA:8,(anonymous_2)
FNDA:10,(anonymous_3)
FNDA:183,(anonymous_4)
FNDA:0,(anonymous_5)
FNDA:0,(anonymous_6)
FNDA:1,(anonymous_7)
DA:48,0
DA:65,18
DA:66,8
DA:68,8
DA:73,10
DA:75,10
DA:101,183
DA:117,0
DA:137,0
DA:172,1
DA:173,1
DA:174,1
DA:175,1
DA:177,1
DA:178,0
DA:179,0
LF:16
LH:11
BRDA:65,0,0,8
BRDA:65,0,1,10
BRDA:79,1,0,10
BRDA:79,1,1,0
BRDA:170,2,0,1
BRDA:177,3,0,0
BRDA:178,4,0,0
BRDA:178,5,0,0
BRDA:178,5,1,0
BRF:9
BRH:4
end_of_record
TN:
SF:src/output_parsers/bytes.ts
FN:8,(anonymous_0)
FN:18,(anonymous_1)
FN:22,(anonymous_2)
FNF:3
FNH:2
FNDA:5,(anonymous_0)
FNDA:9,(anonymous_1)
FNDA:0,(anonymous_2)
DA:9,5
DA:12,1
DA:14,1
DA:16,1
DA:19,9
DA:23,0
LF:6
LH:5
BRF:0
BRH:0
end_of_record
TN:
SF:src/output_parsers/json.ts
FN:9,(anonymous_0)
FN:17,(anonymous_1)
FN:30,(anonymous_2)
FN:36,(anonymous_3)
FN:40,(anonymous_4)
FN:45,parseJsonMarkdown
FN:58,parsePartialJson
FNF:7
FNH:6
FNDA:49,(anonymous_0)
FNDA:31,(anonymous_1)
FNDA:623,(anonymous_2)
FNDA:14,(anonymous_3)
FNDA:0,(anonymous_4)
FNDA:637,parseJsonMarkdown
FNDA:623,parsePartialJson
DA:10,49
DA:13,15
DA:15,15
DA:21,31
DA:22,0
DA:24,31
DA:25,1
DA:27,30
DA:33,623
DA:37,14
DA:41,0
DA:47,637
DA:48,637
DA:49,637
DA:50,561
DA:52,76
DA:60,623
DA:61,0
DA:65,623
DA:66,623
DA:72,551
DA:73,551
DA:74,551
DA:75,551
DA:78,551
DA:79,21329
DA:80,12051
DA:81,674
DA:82,11377
DA:83,0
DA:84,11377
DA:85,200
DA:87,11177
DA:90,9278
DA:91,894
DA:92,894
DA:93,8384
DA:94,419
DA:95,7965
DA:96,22
DA:97,7943
DA:98,42
DA:99,42
DA:102,0
DA:108,21329
DA:113,551
DA:114,220
DA:118,551
DA:119,399
DA:123,551
DA:124,551
DA:127,451
LF:52
LH:47
BRDA:21,0,0,0
BRDA:24,1,0,1
BRDA:45,2,0,623
BRDA:49,3,0,561
BRDA:49,3,1,76
BRDA:60,4,0,0
BRDA:79,5,0,12051
BRDA:79,5,1,9278
BRDA:80,6,0,674
BRDA:80,6,1,11377
BRDA:80,7,0,12051
BRDA:80,7,1,866
BRDA:82,8,0,0
BRDA:82,8,1,11377
BRDA:82,9,0,11377
BRDA:82,9,1,0
BRDA:84,10,0,200
BRDA:84,10,1,11177
BRDA:90,11,0,894
BRDA:90,11,1,8384
BRDA:93,12,0,419
BRDA:93,12,1,7965
BRDA:95,13,0,22
BRDA:95,13,1,7943
BRDA:97,14,0,42
BRDA:97,15,0,7943
BRDA:97,15,1,7905
BRDA:98,16,0,42
BRDA:98,16,1,0
BRDA:98,17,0,42
BRDA:98,17,1,42
BRDA:113,18,0,220
BRF:32
BRH:27
end_of_record
TN:
SF:src/output_parsers/list.ts
FN:14,(anonymous_0)
FN:65,(anonymous_1)
FN:79,(anonymous_2)
FN:84,(anonymous_3)
FN:95,(anonymous_4)
FN:111,(anonymous_5)
FN:124,(anonymous_6)
FN:129,(anonymous_7)
FN:150,(anonymous_8)
FN:160,(anonymous_9)
FN:168,(anonymous_10)
FN:174,(anonymous_11)
FN:175,(anonymous_12)
FN:180,(anonymous_13)
FN:188,(anonymous_14)
FN:194,(anonymous_15)
FN:195,(anonymous_16)
FNF:17
FNH:10
FNDA:16,(anonymous_0)
FNDA:14,(anonymous_1)
FNDA:41,(anonymous_2)
FNDA:53,(anonymous_3)
FNDA:0,(anonymous_4)
FNDA:0,(anonymous_5)
FNDA:0,(anonymous_6)
FNDA:0,(anonymous_7)
FNDA:0,(anonymous_8)
FNDA:12,(anonymous_9)
FNDA:0,(anonymous_10)
FNDA:8,(anonymous_11)
FNDA:12,(anonymous_12)
FNDA:24,(anonymous_13)
FNDA:0,(anonymous_14)
FNDA:16,(anonymous_15)
FNDA:24,(anonymous_16)
DA:17,16
DA:18,16
DA:19,580
DA:21,580
DA:24,0
DA:27,580
DA:28,34
DA:29,34
DA:31,7
DA:32,7
DA:35,7
DA:39,546
DA:40,546
DA:41,18
DA:43,18
DA:44,18
DA:45,18
DA:48,18
DA:54,16
DA:55,13
DA:66,14
DA:69,4
DA:71,4
DA:80,41
DA:81,41
DA:84,53
DA:86,0
DA:96,0
DA:105,0
DA:112,0
DA:113,0
DA:114,0
DA:125,0
DA:126,0
DA:129,0
DA:130,0
DA:131,0
DA:135,0
DA:137,0
DA:138,0
DA:140,0
DA:151,0
DA:161,12
DA:164,4
DA:166,4
DA:169,0
DA:172,4
DA:175,12
DA:181,24
DA:184,8
DA:186,8
DA:189,0
DA:192,8
DA:195,24
LF:54
LH:35
BRDA:19,0,0,580
BRDA:19,0,1,0
BRDA:27,1,0,34
BRDA:27,1,1,546
BRDA:29,2,0,7
BRDA:40,3,0,18
BRDA:45,4,0,18
BRDA:45,4,1,0
BRDA:114,5,0,0
BRDA:114,5,1,0
BRDA:130,6,0,0
BRDA:130,7,0,0
BRDA:130,7,1,0
BRDA:137,8,0,0
BRDA:152,9,0,0
BRDA:152,9,1,0
BRDA:175,10,0,8
BRDA:175,10,1,0
BRDA:195,11,0,16
BRDA:195,11,1,0
BRF:20
BRH:8
end_of_record
TN:
SF:src/output_parsers/string.ts
FN:22,(anonymous_0)
FN:38,(anonymous_1)
FN:42,(anonymous_2)
FNF:3
FNH:2
FNDA:100,(anonymous_0)
FNDA:166,(anonymous_1)
FNDA:0,(anonymous_2)
DA:23,100
DA:26,18
DA:28,18
DA:39,166
DA:43,0
LF:5
LH:4
BRF:0
BRH:0
end_of_record
TN:
SF:src/output_parsers/transform.ts
FN:22,(anonymous_0)
FN:49,(anonymous_1)
FN:76,(anonymous_2)
FN:88,(anonymous_3)
FNF:4
FNH:4
FNDA:11,(anonymous_0)
FNDA:40,(anonymous_1)
FNDA:15,(anonymous_2)
FNDA:13,(anonymous_3)
DA:25,11
DA:26,165
DA:27,105
DA:29,60
DA:53,40
DA:74,15
DA:77,15
DA:78,15
DA:93,13
DA:94,623
DA:95,0
DA:98,623
DA:99,0
DA:100,0
DA:102,0
DA:106,623
DA:107,0
DA:108,0
DA:110,0
DA:115,623
DA:118,623
DA:119,13
DA:121,610
DA:124,623
DA:125,623
DA:130,81
DA:131,31
DA:133,50
DA:135,81
LF:29
LH:22
BRDA:26,0,0,105
BRDA:26,0,1,60
BRDA:33,1,0,60
BRDA:33,1,1,0
BRDA:78,2,0,15
BRDA:78,2,1,14
BRDA:94,3,0,0
BRDA:94,4,0,623
BRDA:94,4,1,0
BRDA:98,5,0,0
BRDA:98,5,1,623
BRDA:99,6,0,0
BRDA:106,7,0,0
BRDA:106,7,1,623
BRDA:107,8,0,0
BRDA:118,9,0,13
BRDA:118,9,1,610
BRDA:125,10,0,81
BRDA:126,11,0,623
BRDA:126,11,1,623
BRDA:126,11,2,172
BRDA:130,12,0,31
BRDA:130,12,1,50
BRF:23
BRH:16
end_of_record
TN:
SF:src/prompts/base.ts
FN:65,(anonymous_0)
FN:77,(anonymous_1)
FN:97,(anonymous_2)
FN:126,(anonymous_3)
FN:131,(anonymous_4)
FN:168,(anonymous_5)
FN:181,(anonymous_6)
FNF:7
FNH:5
FNDA:390,(anonymous_0)
FNDA:173,(anonymous_1)
FNDA:152,(anonymous_2)
FNDA:30,(anonymous_3)
FNDA:30,(anonymous_4)
FNDA:0,(anonymous_5)
FNDA:0,(anonymous_6)
DA:61,173
DA:63,173
DA:66,390
DA:78,173
DA:79,173
DA:80,173
DA:81,0
DA:85,173
DA:102,152
DA:103,152
DA:105,152
DA:106,23
DA:107,17
DA:109,6
DA:113,152
DA:117,152
DA:130,30
DA:131,30
DA:169,0
DA:186,0
DA:188,0
DA:189,0
DA:192,0
DA:193,0
DA:196,0
DA:197,0
DA:200,0
LF:27
LH:17
BRDA:80,0,0,0
BRDA:102,1,0,152
BRDA:102,1,1,100
BRDA:106,2,0,17
BRDA:106,2,1,6
BRDA:186,3,0,0
BRDA:186,3,1,0
BRDA:186,3,2,0
BRDA:186,3,3,0
BRF:9
BRH:4
end_of_record
TN:
SF:src/prompts/chat.ts
FN:61,(anonymous_0)
FN:66,(anonymous_1)
FN:92,(anonymous_2)
FN:106,(anonymous_3)
FN:120,(anonymous_4)
FN:124,(anonymous_5)
FN:141,(anonymous_6)
FN:162,(anonymous_7)
FN:206,(anonymous_8)
FN:224,(anonymous_9)
FN:232,(anonymous_10)
FN:253,(anonymous_11)
FN:261,(anonymous_12)
FN:265,(anonymous_13)
FN:290,(anonymous_14)
FN:309,(anonymous_15)
FN:325,(anonymous_16)
FN:329,(anonymous_17)
FN:352,(anonymous_18)
FN:356,(anonymous_19)
FN:360,(anonymous_20)
FN:373,(anonymous_21)
FN:377,(anonymous_22)
FN:381,(anonymous_23)
FN:404,(anonymous_24)
FN:408,(anonymous_25)
FN:412,(anonymous_26)
FN:443,_isBaseMessagePromptTemplate
FN:452,_coerceMessagePromptTemplateLike
FN:480,isMessagesPlaceholder
FN:512,(anonymous_30)
FN:516,(anonymous_31)
FN:526,(anonymous_32)
FN:548,(anonymous_33)
FN:560,(anonymous_34)
FN:573,(anonymous_35)
FN:577,(anonymous_36)
FN:587,(anonymous_37)
FN:610,(anonymous_38)
FN:624,(anonymous_39)
FN:645,(anonymous_40)
FN:651,(anonymous_41)
FN:672,(anonymous_42)
FN:692,(anonymous_43)
FN:699,(anonymous_44)
FN:709,(anonymous_45)
FN:737,(anonymous_46)
FNF:47
FNH:42
FNDA:0,(anonymous_0)
FNDA:0,(anonymous_1)
FNDA:23,(anonymous_2)
FNDA:10,(anonymous_3)
FNDA:21,(anonymous_4)
FNDA:10,(anonymous_5)
FNDA:4,(anonymous_6)
FNDA:10,(anonymous_7)
FNDA:66,(anonymous_8)
FNDA:199,(anonymous_9)
FNDA:60,(anonymous_10)
FNDA:51,(anonymous_11)
FNDA:1,(anonymous_12)
FNDA:27,(anonymous_13)
FNDA:0,(anonymous_14)
FNDA:2,(anonymous_15)
FNDA:1,(anonymous_16)
FNDA:0,(anonymous_17)
FNDA:67,(anonymous_18)
FNDA:26,(anonymous_19)
FNDA:15,(anonymous_20)
FNDA:26,(anonymous_21)
FNDA:14,(anonymous_22)
FNDA:14,(anonymous_23)
FNDA:36,(anonymous_24)
FNDA:19,(anonymous_25)
FNDA:10,(anonymous_26)
FNDA:72,_isBaseMessagePromptTemplate
FNDA:72,_coerceMessagePromptTemplateLike
FNDA:2,isMessagesPlaceholder
FNDA:86,(anonymous_30)
FNDA:35,(anonymous_31)
FNDA:42,(anonymous_32)
FNDA:84,(anonymous_33)
FNDA:81,(anonymous_34)
FNDA:42,(anonymous_35)
FNDA:4,(anonymous_36)
FNDA:2,(anonymous_37)
FNDA:35,(anonymous_38)
FNDA:70,(anonymous_39)
FNDA:2,(anonymous_40)
FNDA:5,(anonymous_41)
FNDA:5,(anonymous_42)
FNDA:37,(anonymous_43)
FNDA:74,(anonymous_44)
FNDA:74,(anonymous_45)
FNDA:0,(anonymous_46)
DA:39,76
DA:41,76
DA:65,0
DA:66,0
DA:93,23
DA:111,10
DA:113,7
DA:115,10
DA:116,10
DA:117,10
DA:121,21
DA:128,10
DA:129,2
DA:130,8
DA:131,2
DA:134,2
DA:135,2
DA:138,6
DA:140,6
DA:141,5
DA:142,4
DA:145,1
DA:148,6
DA:150,1
DA:152,1
DA:155,1
DA:156,1
DA:159,5
DA:165,10
DA:167,7
DA:216,66
DA:218,57
DA:220,66
DA:221,66
DA:225,199
DA:235,60
DA:254,51
DA:262,1
DA:268,27
DA:269,26
DA:291,0
DA:317,2
DA:319,2
DA:321,2
DA:322,2
DA:326,1
DA:330,0
DA:353,67
DA:357,26
DA:361,15
DA:374,26
DA:378,14
DA:382,14
DA:405,36
DA:409,19
DA:413,10
DA:446,72
DA:455,72
DA:459,46
DA:461,26
DA:462,26
DA:463,11
DA:464,15
DA:465,11
DA:466,4
DA:467,4
DA:468,0
DA:469,0
DA:474,0
DA:484,2
DA:513,86
DA:517,35
DA:524,42
DA:527,42
DA:528,42
DA:530,42
DA:531,42
DA:532,42
DA:534,84
DA:535,80
DA:536,100
DA:540,42
DA:541,42
DA:546,42
DA:548,84
DA:551,42
DA:552,1
DA:558,41
DA:560,81
DA:563,41
DA:564,1
DA:574,42
DA:583,4
DA:584,2
DA:586,2
DA:588,2
DA:593,0
DA:595,2
DA:596,2
DA:597,2
DA:601,2
DA:602,2
DA:606,2
DA:607,2
DA:613,35
DA:614,35
DA:616,35
DA:618,72
DA:619,4
DA:623,68
DA:625,70
DA:629,1
DA:633,69
DA:634,69
DA:638,67
DA:639,65
DA:642,32
DA:650,2
DA:651,5
DA:653,2
DA:657,2
DA:662,2
DA:677,5
DA:678,5
DA:679,5
DA:698,37
DA:700,74
DA:708,37
DA:711,74
DA:717,37
DA:718,37
DA:720,76
DA:721,72
DA:722,87
DA:723,3
DA:725,84
DA:728,37
DA:743,0
LF:138
LH:129
BRDA:111,0,0,7
BRDA:117,1,0,10
BRDA:117,1,1,8
BRDA:128,2,0,2
BRDA:128,2,1,8
BRDA:128,3,0,10
BRDA:128,3,1,2
BRDA:130,4,0,2
BRDA:140,5,0,5
BRDA:140,5,1,1
BRDA:148,6,0,1
BRDA:150,7,0,1
BRDA:150,7,1,0
BRDA:167,8,0,7
BRDA:167,8,1,2
BRDA:216,9,0,57
BRDA:317,10,0,2
BRDA:455,11,0,46
BRDA:456,12,0,72
BRDA:456,12,1,30
BRDA:462,13,0,11
BRDA:462,13,1,15
BRDA:464,14,0,11
BRDA:464,14,1,4
BRDA:466,15,0,4
BRDA:466,15,1,0
BRDA:468,16,0,0
BRDA:468,16,1,0
BRDA:530,17,0,42
BRDA:534,18,0,4
BRDA:542,19,0,39
BRDA:542,19,1,3
BRDA:551,20,0,1
BRDA:563,21,0,1
BRDA:583,22,0,2
BRDA:588,23,0,0
BRDA:589,24,0,2
BRDA:589,24,1,2
BRDA:589,24,2,2
BRDA:618,25,0,4
BRDA:618,25,1,68
BRDA:625,26,0,1
BRDA:626,27,0,70
BRDA:626,27,1,2
BRDA:627,28,0,2
BRDA:627,28,1,1
BRDA:654,29,0,2
BRDA:654,29,1,1
BRDA:702,30,0,2
BRDA:702,30,1,72
BRDA:711,31,0,2
BRDA:711,31,1,72
BRDA:720,32,0,4
BRDA:722,33,0,3
BRF:54
BRH:49
end_of_record
TN:
SF:src/prompts/few_shot.ts
FN:129,(anonymous_0)
FN:160,(anonymous_1)
FN:164,(anonymous_2)
FN:168,(anonymous_3)
FN:183,(anonymous_4)
FN:187,(anonymous_5)
FN:206,(anonymous_6)
FN:211,(anonymous_7)
FN:219,(anonymous_8)
FN:242,(anonymous_9)
FN:362,(anonymous_10)
FN:366,(anonymous_11)
FN:370,(anonymous_12)
FN:409,(anonymous_13)
FN:429,(anonymous_14)
FN:435,(anonymous_15)
FN:438,(anonymous_16)
FN:457,(anonymous_17)
FN:461,(anonymous_18)
FN:465,(anonymous_19)
FN:477,(anonymous_20)
FN:481,(anonymous_21)
FNF:22
FNH:18
FNDA:10,(anonymous_0)
FNDA:10,(anonymous_1)
FNDA:0,(anonymous_2)
FNDA:6,(anonymous_3)
FNDA:4,(anonymous_4)
FNDA:8,(anonymous_5)
FNDA:6,(anonymous_6)
FNDA:4,(anonymous_7)
FNDA:0,(anonymous_8)
FNDA:0,(anonymous_9)
FNDA:9,(anonymous_10)
FNDA:0,(anonymous_11)
FNDA:9,(anonymous_12)
FNDA:6,(anonymous_13)
FNDA:1,(anonymous_14)
FNDA:2,(anonymous_15)
FNDA:4,(anonymous_16)
FNDA:5,(anonymous_17)
FNDA:2,(anonymous_18)
FNDA:2,(anonymous_19)
FNDA:3,(anonymous_20)
FNDA:6,(anonymous_21)
DA:111,10
DA:119,10
DA:121,10
DA:123,10
DA:125,10
DA:127,10
DA:130,10
DA:131,10
DA:133,10
DA:134,0
DA:139,10
DA:140,0
DA:145,10
DA:146,10
DA:147,10
DA:148,6
DA:152,10
DA:161,10
DA:165,0
DA:171,6
DA:172,5
DA:174,1
DA:175,1
DA:178,0
DA:186,4
DA:187,8
DA:189,4
DA:193,4
DA:198,4
DA:207,6
DA:208,6
DA:210,6
DA:211,4
DA:213,6
DA:216,6
DA:220,0
DA:221,0
DA:225,0
DA:226,0
DA:230,0
DA:245,0
DA:246,0
DA:247,0
DA:249,0
DA:253,0
DA:254,0
DA:256,0
DA:261,0
DA:344,9
DA:352,9
DA:354,9
DA:356,9
DA:358,9
DA:360,9
DA:363,9
DA:367,0
DA:371,9
DA:373,9
DA:374,9
DA:375,9
DA:376,9
DA:377,9
DA:378,9
DA:379,9
DA:380,9
DA:382,9
DA:383,0
DA:388,9
DA:389,0
DA:394,9
DA:395,9
DA:396,9
DA:397,5
DA:401,9
DA:412,6
DA:413,6
DA:415,0
DA:416,0
DA:419,0
DA:432,1
DA:433,1
DA:435,1
DA:437,2
DA:438,2
DA:439,4
DA:441,2
DA:444,1
DA:445,1
DA:446,2
DA:447,2
DA:449,1
DA:458,5
DA:459,5
DA:460,5
DA:461,2
DA:463,5
DA:465,2
DA:466,5
DA:469,5
DA:480,3
DA:481,6
DA:483,3
DA:487,3
DA:492,3
LF:104
LH:81
BRDA:133,0,0,0
BRDA:133,1,0,10
BRDA:133,1,1,8
BRDA:139,2,0,0
BRDA:139,3,0,10
BRDA:139,3,1,2
BRDA:145,4,0,10
BRDA:147,5,0,6
BRDA:171,6,0,5
BRDA:174,7,0,1
BRDA:190,8,0,4
BRDA:190,8,1,4
BRDA:220,9,0,0
BRDA:220,10,0,0
BRDA:220,10,1,0
BRDA:225,11,0,0
BRDA:246,12,0,0
BRDA:253,13,0,0
BRDA:253,13,1,0
BRDA:375,14,0,9
BRDA:375,14,1,1
BRDA:377,15,0,9
BRDA:377,15,1,1
BRDA:378,16,0,9
BRDA:378,16,1,1
BRDA:379,17,0,9
BRDA:379,17,1,1
BRDA:380,18,0,9
BRDA:380,18,1,6
BRDA:382,19,0,0
BRDA:382,20,0,9
BRDA:382,20,1,9
BRDA:388,21,0,0
BRDA:388,22,0,9
BRDA:388,22,1,0
BRDA:394,23,0,9
BRDA:396,24,0,5
BRDA:412,25,0,6
BRDA:415,26,0,0
BRDA:484,27,0,3
BRDA:484,27,1,3
BRF:41
BRH:28
end_of_record
TN:
SF:src/prompts/pipeline.ts
FN:76,(anonymous_0)
FN:84,(anonymous_1)
FN:95,(anonymous_2)
FN:97,(anonymous_3)
FN:100,(anonymous_4)
FN:102,(anonymous_5)
FN:109,(anonymous_6)
FN:113,(anonymous_7)
FN:125,(anonymous_8)
FN:158,(anonymous_9)
FN:166,(anonymous_10)
FN:176,(anonymous_11)
FN:181,(anonymous_12)
FN:190,(anonymous_13)
FN:194,(anonymous_14)
FNF:15
FNH:13
FNDA:0,(anonymous_0)
FNDA:7,(anonymous_1)
FNDA:7,(anonymous_2)
FNDA:8,(anonymous_3)
FNDA:8,(anonymous_4)
FNDA:8,(anonymous_5)
FNDA:11,(anonymous_6)
FNDA:14,(anonymous_7)
FNDA:5,(anonymous_8)
FNDA:1,(anonymous_9)
FNDA:4,(anonymous_10)
FNDA:1,(anonymous_11)
FNDA:1,(anonymous_12)
FNDA:0,(anonymous_13)
FNDA:7,(anonymous_14)
DA:77,0
DA:85,7
DA:86,7
DA:87,7
DA:88,7
DA:96,7
DA:97,8
DA:99,7
DA:101,8
DA:102,8
DA:106,7
DA:113,11
DA:115,14
DA:116,14
DA:128,5
DA:129,5
DA:132,6
DA:137,6
DA:138,1
DA:142,5
DA:147,5
DA:161,1
DA:167,4
DA:179,1
DA:180,1
DA:181,1
DA:183,1
DA:187,1
DA:191,0
DA:195,7
LF:30
LH:28
BRDA:137,0,0,1
BRDA:137,0,1,5
BRDA:184,1,0,1
BRDA:184,1,1,1
BRF:4
BRH:4
end_of_record
TN:
SF:src/prompts/prompt.ts
FN:106,(anonymous_0)
FN:116,(anonymous_1)
FN:135,(anonymous_2)
FN:144,(anonymous_3)
FN:162,(anonymous_4)
FN:179,(anonymous_5)
FN:194,(anonymous_6)
FN:217,(anonymous_7)
FN:221,(anonymous_8)
FN:239,(anonymous_9)
FN:253,(anonymous_10)
FNF:11
FNH:8
FNDA:204,(anonymous_0)
FNDA:105,(anonymous_1)
FNDA:105,(anonymous_2)
FNDA:100,(anonymous_3)
FNDA:0,(anonymous_4)
FNDA:78,(anonymous_5)
FNDA:147,(anonymous_6)
FNDA:2,(anonymous_7)
FNDA:4,(anonymous_8)
FNDA:0,(anonymous_9)
FNDA:0,(anonymous_10)
DA:107,204
DA:112,105
DA:114,105
DA:117,105
DA:118,105
DA:120,105
DA:121,105
DA:122,105
DA:123,5
DA:127,105
DA:136,105
DA:145,100
DA:146,100
DA:169,0
DA:170,0
DA:193,78
DA:194,78
DA:195,147
DA:196,85
DA:199,78
DA:220,2
DA:221,4
DA:223,2
DA:227,2
DA:232,2
DA:240,0
DA:241,0
DA:245,0
DA:256,0
DA:257,0
DA:259,0
DA:264,0
LF:32
LH:23
BRDA:120,0,0,105
BRDA:122,1,0,5
BRDA:166,2,0,0
BRDA:167,3,0,0
BRDA:185,4,0,78
BRDA:186,5,0,78
BRDA:195,6,0,85
BRDA:224,7,0,2
BRDA:224,7,1,2
BRDA:240,8,0,0
BRDA:256,9,0,0
BRF:11
BRH:7
end_of_record
TN:
SF:src/prompts/string.ts
FN:32,(anonymous_0)
FNF:1
FNH:1
FNDA:14,(anonymous_0)
DA:35,14
DA:36,13
LF:2
LH:2
BRF:0
BRH:0
end_of_record
TN:
SF:src/prompts/template.ts
FN:17,(anonymous_0)
FN:23,(anonymous_1)
FN:67,(anonymous_2)
FN:68,(anonymous_3)
FN:100,(anonymous_4)
FN:106,(anonymous_5)
FN:111,(anonymous_6)
FN:122,(anonymous_7)
FNF:8
FNH:8
FNDA:323,(anonymous_0)
FNDA:648,(anonymous_1)
FNDA:245,(anonymous_2)
FNDA:514,(anonymous_3)
FNDA:235,(anonymous_4)
FNDA:78,(anonymous_5)
FNDA:124,(anonymous_6)
FNDA:171,(anonymous_7)
DA:17,13
DA:20,323
DA:21,323
DA:23,323
DA:24,648
DA:25,6119
DA:26,567
DA:29,81
DA:32,323
DA:33,323
DA:34,666
DA:35,8
DA:36,8
DA:37,658
DA:42,8
DA:43,8
DA:44,650
DA:45,391
DA:46,391
DA:47,2
DA:50,389
DA:54,389
DA:55,259
DA:56,2
DA:58,257
DA:59,257
DA:60,257
DA:61,257
DA:64,319
DA:67,13
DA:68,245
DA:69,514
DA:70,304
DA:71,302
DA:73,2
DA:76,210
DA:92,13
DA:96,13
DA:100,13
DA:104,235
DA:106,13
DA:109,78
DA:111,13
DA:116,124
DA:117,0
DA:118,0
DA:121,124
DA:122,124
DA:123,171
DA:124,171
DA:126,124
DA:129,0
LF:52
LH:49
BRDA:25,0,0,567
BRDA:34,1,0,8
BRDA:34,1,1,658
BRDA:34,2,0,666
BRDA:34,2,1,399
BRDA:34,2,2,398
BRDA:37,3,0,8
BRDA:37,3,1,650
BRDA:38,4,0,658
BRDA:38,4,1,10
BRDA:38,4,2,8
BRDA:44,5,0,391
BRDA:44,5,1,259
BRDA:46,6,0,2
BRDA:55,7,0,2
BRDA:55,7,1,257
BRDA:59,8,0,79
BRDA:59,8,1,178
BRDA:61,9,0,79
BRDA:61,9,1,178
BRDA:69,10,0,304
BRDA:70,11,0,302
BRDA:116,12,0,0
BRF:23
BRH:22
end_of_record
TN:
SF:src/runnables/base.ts
FN:111,_coerceToDict
FN:139,(anonymous_1)
FN:156,(anonymous_2)
FN:167,(anonymous_3)
FN:177,(anonymous_4)
FN:196,(anonymous_5)
FN:213,(anonymous_6)
FN:223,(anonymous_7)
FN:235,(anonymous_8)
FN:264,(anonymous_9)
FN:274,(anonymous_10)
FN:278,(anonymous_11)
FN:279,(anonymous_12)
FN:300,(anonymous_13)
FN:313,(anonymous_14)
FN:326,(anonymous_15)
FN:349,(anonymous_16)
FN:391,(anonymous_17)
FN:409,(anonymous_18)
FN:432,(anonymous_19)
FN:437,(anonymous_20)
FN:449,(anonymous_21)
FN:468,wrapInputForTracing
FN:492,(anonymous_23)
FN:505,(anonymous_24)
FN:554,(anonymous_25)
FN:567,(anonymous_26)
FN:575,(anonymous_27)
FN:594,(anonymous_28)
FN:623,(anonymous_29)
FN:644,consumeRunnableStream
FN:673,(anonymous_31)
FN:688,(anonymous_32)
FN:702,(anonymous_33)
FN:736,(anonymous_34)
FN:754,(anonymous_35)
FN:762,(anonymous_36)
FN:766,(anonymous_37)
FN:775,(anonymous_38)
FN:782,(anonymous_39)
FN:793,(anonymous_40)
FN:804,(anonymous_41)
FN:816,(anonymous_42)
FN:844,(anonymous_43)
FN:851,(anonymous_44)
FN:859,(anonymous_45)
FN:869,(anonymous_46)
FN:879,(anonymous_47)
FN:890,(anonymous_48)
FN:909,(anonymous_49)
FN:923,(anonymous_50)
FN:947,(anonymous_51)
FN:957,(anonymous_52)
FN:969,(anonymous_53)
FN:981,(anonymous_54)
FN:994,(anonymous_55)
FN:1016,(anonymous_56)
FN:1043,(anonymous_57)
FN:1052,(anonymous_58)
FN:1054,(anonymous_59)
FN:1066,(anonymous_60)
FN:1075,(anonymous_61)
FN:1081,(anonymous_62)
FN:1104,(anonymous_63)
FN:1108,(anonymous_64)
FN:1117,(anonymous_65)
FN:1119,(anonymous_66)
FN:1121,(anonymous_67)
FN:1126,(anonymous_68)
FN:1127,(anonymous_69)
FN:1167,(anonymous_70)
FN:1169,(anonymous_71)
FN:1191,(anonymous_72)
FN:1222,(anonymous_73)
FN:1237,(anonymous_74)
FN:1251,(anonymous_75)
FN:1255,(anonymous_76)
FN:1312,(anonymous_77)
FN:1322,(anonymous_78)
FN:1341,(anonymous_79)
FN:1350,(anonymous_80)
FN:1355,(anonymous_81)
FN:1362,(anonymous_82)
FN:1379,inputGenerator
FN:1421,(anonymous_84)
FN:1446,(anonymous_85)
FN:1451,(anonymous_86)
FN:1491,(anonymous_87)
FN:1501,(anonymous_88)
FN:1505,(anonymous_89)
FN:1513,(anonymous_90)
FN:1523,(anonymous_91)
FN:1543,(anonymous_92)
FN:1560,(anonymous_93)
FN:1571,(anonymous_94)
FN:1578,(anonymous_95)
FN:1591,(anonymous_96)
FN:1597,(anonymous_97)
FN:1608,(anonymous_98)
FN:1612,generator
FN:1630,(anonymous_100)
FN:1641,(anonymous_101)
FN:1648,(anonymous_102)
FN:1656,(anonymous_103)
FN:1678,(anonymous_104)
FN:1685,(anonymous_105)
FN:1726,(anonymous_106)
FN:1737,(anonymous_107)
FN:1741,generator
FN:1761,(anonymous_109)
FN:1773,(anonymous_110)
FN:1782,(anonymous_111)
FN:1789,(anonymous_112)
FN:1849,(anonymous_113)
FN:1859,(anonymous_114)
FN:1870,(anonymous_115)
FN:1889,(anonymous_116)
FN:1897,(anonymous_117)
FN:1912,(anonymous_118)
FN:1919,_coerceToRunnable
FN:1961,(anonymous_120)
FN:1971,(anonymous_121)
FN:1981,(anonymous_122)
FN:1993,(anonymous_123)
FN:2017,(anonymous_124)
FN:2030,(anonymous_125)
FN:2041,(anonymous_126)
FN:2045,generator
FN:2073,(anonymous_128)
FN:2083,(anonymous_129)
FN:2092,(anonymous_130)
FN:2097,(anonymous_131)
FN:2098,(anonymous_132)
FN:2103,(anonymous_133)
FN:2110,(anonymous_134)
FN:2121,(anonymous_135)
FN:2132,(anonymous_136)
FN:2136,generator
FNF:138
FNH:119
FNDA:477,_coerceToDict
FNDA:203,(anonymous_1)
FNDA:5,(anonymous_2)
FNDA:3,(anonymous_3)
FNDA:4,(anonymous_4)
FNDA:14,(anonymous_5)
FNDA:2,(anonymous_6)
FNDA:27,(anonymous_7)
FNDA:32,(anonymous_8)
FNDA:19,(anonymous_9)
FNDA:4,(anonymous_10)
FNDA:43,(anonymous_11)
FNDA:43,(anonymous_12)
FNDA:8,(anonymous_13)
FNDA:24,(anonymous_14)
FNDA:89,(anonymous_15)
FNDA:133,(anonymous_16)
FNDA:3,(anonymous_17)
FNDA:9,(anonymous_18)
FNDA:3,(anonymous_19)
FNDA:6,(anonymous_20)
FNDA:69,(anonymous_21)
FNDA:69,wrapInputForTracing
FNDA:69,(anonymous_23)
FNDA:70,(anonymous_24)
FNDA:34,(anonymous_25)
FNDA:2,(anonymous_26)
FNDA:0,(anonymous_27)
FNDA:38,(anonymous_28)
FNDA:3,(anonymous_29)
FNDA:3,consumeRunnableStream
FNDA:147,(anonymous_31)
FNDA:6,(anonymous_32)
FNDA:9,(anonymous_33)
FNDA:86,(anonymous_34)
FNDA:33,(anonymous_35)
FNDA:10,(anonymous_36)
FNDA:59,(anonymous_37)
FNDA:9,(anonymous_38)
FNDA:0,(anonymous_39)
FNDA:0,(anonymous_40)
FNDA:0,(anonymous_41)
FNDA:33,(anonymous_42)
FNDA:5,(anonymous_43)
FNDA:15,(anonymous_44)
FNDA:0,(anonymous_45)
FNDA:1,(anonymous_46)
FNDA:10,(anonymous_47)
FNDA:0,(anonymous_48)
FNDA:0,(anonymous_49)
FNDA:0,(anonymous_50)
FNDA:14,(anonymous_51)
FNDA:3,(anonymous_52)
FNDA:0,(anonymous_53)
FNDA:4,(anonymous_54)
FNDA:4,(anonymous_55)
FNDA:0,(anonymous_56)
FNDA:20,(anonymous_57)
FNDA:5,(anonymous_58)
FNDA:4,(anonymous_59)
FNDA:14,(anonymous_60)
FNDA:1,(anonymous_61)
FNDA:3,(anonymous_62)
FNDA:1,(anonymous_63)
FNDA:3,(anonymous_64)
FNDA:4,(anonymous_65)
FNDA:12,(anonymous_66)
FNDA:12,(anonymous_67)
FNDA:11,(anonymous_68)
FNDA:11,(anonymous_69)
FNDA:4,(anonymous_70)
FNDA:6,(anonymous_71)
FNDA:3,(anonymous_72)
FNDA:196,(anonymous_73)
FNDA:60,(anonymous_74)
FNDA:52,(anonymous_75)
FNDA:35,(anonymous_76)
FNDA:3,(anonymous_77)
FNDA:7,(anonymous_78)
FNDA:15,(anonymous_79)
FNDA:0,(anonymous_80)
FNDA:7,(anonymous_81)
FNDA:25,(anonymous_82)
FNDA:25,inputGenerator
FNDA:14,(anonymous_84)
FNDA:14,(anonymous_85)
FNDA:12,(anonymous_86)
FNDA:150,(anonymous_87)
FNDA:4,(anonymous_88)
FNDA:15,(anonymous_89)
FNDA:4,(anonymous_90)
FNDA:21,(anonymous_91)
FNDA:31,(anonymous_92)
FNDA:10,(anonymous_93)
FNDA:14,(anonymous_94)
FNDA:14,(anonymous_95)
FNDA:191,(anonymous_96)
FNDA:10,(anonymous_97)
FNDA:0,(anonymous_98)
FNDA:0,generator
FNDA:438,(anonymous_100)
FNDA:44,(anonymous_101)
FNDA:0,(anonymous_102)
FNDA:62,(anonymous_103)
FNDA:62,(anonymous_104)
FNDA:7,(anonymous_105)
FNDA:7,(anonymous_106)
FNDA:1,(anonymous_107)
FNDA:1,generator
FNDA:8,(anonymous_109)
FNDA:2,(anonymous_110)
FNDA:2,(anonymous_111)
FNDA:1,(anonymous_112)
FNDA:1,(anonymous_113)
FNDA:3,(anonymous_114)
FNDA:3,(anonymous_115)
FNDA:6,(anonymous_116)
FNDA:3,(anonymous_117)
FNDA:0,(anonymous_118)
FNDA:127,_coerceToRunnable
FNDA:35,(anonymous_120)
FNDA:5,(anonymous_121)
FNDA:7,(anonymous_122)
FNDA:4,(anonymous_123)
FNDA:55,(anonymous_124)
FNDA:4,(anonymous_125)
FNDA:0,(anonymous_126)
FNDA:0,generator
FNDA:20,(anonymous_128)
FNDA:2,(anonymous_129)
FNDA:74,(anonymous_130)
FNDA:37,(anonymous_131)
FNDA:37,(anonymous_132)
FNDA:2,(anonymous_133)
FNDA:2,(anonymous_134)
FNDA:2,(anonymous_135)
FNDA:0,(anonymous_136)
FNDA:0,generator
DA:112,477
DA:135,537
DA:142,203
DA:143,203
DA:160,5
DA:169,3
DA:182,4
DA:200,14
DA:217,2
DA:227,27
DA:228,13
DA:229,0
DA:233,13
DA:235,32
DA:269,19
DA:271,19
DA:272,19
DA:275,4
DA:278,19
DA:279,43
DA:280,43
DA:281,43
DA:282,31
DA:284,12
DA:285,8
DA:287,4
DA:291,19
DA:304,8
DA:319,24
DA:322,24
DA:323,23
DA:329,89
DA:338,89
DA:339,89
DA:340,89
DA:341,89
DA:342,89
DA:343,89
DA:344,89
DA:345,89
DA:346,89
DA:360,133
DA:361,133
DA:362,133
DA:372,133
DA:373,133
DA:375,14
DA:376,14
DA:378,119
DA:379,119
DA:404,3
DA:405,3
DA:408,3
DA:410,9
DA:422,3
DA:423,3
DA:431,1
DA:432,3
DA:434,1
DA:436,2
DA:438,6
DA:441,2
DA:462,69
DA:464,69
DA:466,69
DA:467,69
DA:469,69
DA:470,1705
DA:471,1705
DA:472,69
DA:474,1636
DA:476,1636
DA:478,0
DA:479,0
DA:483,1705
DA:488,69
DA:489,69
DA:493,69
DA:504,69
DA:505,69
DA:508,70
DA:509,69
DA:510,69
DA:511,69
DA:512,4
DA:517,69
DA:518,706
DA:519,706
DA:520,706
DA:521,66
DA:523,640
DA:525,640
DA:527,0
DA:528,0
DA:534,0
DA:537,0
DA:539,69
DA:558,34
DA:569,2
DA:578,0
DA:599,38
DA:600,100
DA:601,38
DA:606,62
DA:609,38
DA:628,3
DA:632,3
DA:633,3
DA:634,3
DA:635,3
DA:636,0
DA:637,0
DA:639,0
DA:640,0
DA:641,0
DA:643,3
DA:645,3
DA:646,3
DA:647,5
DA:656,5
DA:659,3
DA:662,3
DA:663,3
DA:664,3
DA:665,30
DA:668,3
DA:674,147
DA:698,6
DA:702,9
DA:737,86
DA:740,33
DA:742,33
DA:755,33
DA:756,33
DA:757,33
DA:758,33
DA:759,33
DA:763,10
DA:769,59
DA:770,59
DA:775,9
DA:786,0
DA:797,0
DA:809,0
DA:820,33
DA:849,5
DA:852,15
DA:856,5
DA:863,0
DA:873,1
DA:884,10
DA:895,0
DA:918,0
DA:923,0
DA:948,14
DA:951,3
DA:953,3
DA:960,3
DA:961,3
DA:970,0
DA:985,4
DA:999,4
DA:1026,0
DA:1044,20
DA:1047,4
DA:1049,4
DA:1052,4
DA:1061,4
DA:1062,4
DA:1063,4
DA:1071,14
DA:1072,14
DA:1080,1
DA:1082,3
DA:1105,1
DA:1114,3
DA:1115,3
DA:1116,3
DA:1118,4
DA:1119,12
DA:1122,12
DA:1126,11
DA:1127,4
DA:1128,11
DA:1134,4
DA:1139,4
DA:1140,11
DA:1141,11
DA:1143,11
DA:1144,8
DA:1145,3
DA:1148,11
DA:1150,4
DA:1151,3
DA:1153,1
DA:1162,2
DA:1163,1
DA:1166,2
DA:1167,4
DA:1169,6
DA:1196,3
DA:1223,196
DA:1228,60
DA:1233,60
DA:1235,60
DA:1244,60
DA:1245,60
DA:1246,60
DA:1247,60
DA:1248,60
DA:1252,52
DA:1256,35
DA:1257,35
DA:1266,35
DA:1268,35
DA:1269,35
DA:1270,35
DA:1271,53
DA:1272,53
DA:1280,35
DA:1287,1
DA:1288,1
DA:1290,34
DA:1291,34
DA:1317,3
DA:1318,3
DA:1321,3
DA:1323,7
DA:1335,3
DA:1336,3
DA:1337,3
DA:1338,7
DA:1339,7
DA:1342,15
DA:1343,15
DA:1349,0
DA:1350,0
DA:1352,0
DA:1354,3
DA:1356,7
DA:1359,3
DA:1366,25
DA:1367,25
DA:1376,25
DA:1377,25
DA:1380,25
DA:1382,25
DA:1383,25
DA:1389,25
DA:1390,34
DA:1391,34
DA:1398,25
DA:1399,456
DA:1400,456
DA:1401,456
DA:1402,25
DA:1404,431
DA:1406,431
DA:1408,0
DA:1409,0
DA:1415,0
DA:1416,0
DA:1418,25
DA:1424,14
DA:1425,0
DA:1436,14
DA:1447,14
DA:1460,12
DA:1492,150
DA:1495,15
DA:1497,15
DA:1502,4
DA:1506,15
DA:1507,15
DA:1508,15
DA:1509,26
DA:1520,4
DA:1527,21
DA:1528,21
DA:1540,21
DA:1541,21
DA:1542,21
DA:1544,31
DA:1553,0
DA:1554,0
DA:1556,21
DA:1557,21
DA:1566,10
DA:1568,10
DA:1570,10
DA:1572,14
DA:1578,14
DA:1584,10
DA:1585,205
DA:1586,205
DA:1587,205
DA:1588,191
DA:1589,191
DA:1591,191
DA:1601,10
DA:1613,0
DA:1615,0
DA:1618,0
DA:1619,0
DA:1631,438
DA:1634,44
DA:1644,44
DA:1645,44
DA:1651,0
DA:1661,62
DA:1662,50
DA:1663,1
DA:1664,0
DA:1666,1
DA:1675,50
DA:1682,62
DA:1691,7
DA:1692,7
DA:1693,7
DA:1696,0
DA:1698,0
DA:1700,0
DA:1705,7
DA:1706,7
DA:1707,1
DA:1708,0
DA:1710,1
DA:1718,1
DA:1719,5
DA:1722,6
DA:1730,7
DA:1742,1
DA:1744,1
DA:1747,1
DA:1748,1
DA:1762,8
DA:1765,2
DA:1767,2
DA:1777,2
DA:1778,2
DA:1779,2
DA:1783,2
DA:1784,2
DA:1785,2
DA:1793,1
DA:1800,1
DA:1810,1
DA:1811,2
DA:1812,2
DA:1816,1
DA:1817,1
DA:1819,1
DA:1820,1
DA:1824,0
DA:1825,0
DA:1827,0
DA:1828,0
DA:1854,1
DA:1855,0
DA:1857,1
DA:1858,1
DA:1860,3
DA:1869,1
DA:1871,3
DA:1885,1
DA:1886,2
DA:1887,2
DA:1890,6
DA:1896,1
DA:1898,3
DA:1901,1
DA:1903,1
DA:1904,1
DA:1908,0
DA:1909,0
DA:1911,0
DA:1912,0
DA:1914,0
DA:1922,127
DA:1923,31
DA:1927,96
DA:1928,92
DA:1929,4
DA:1930,4
DA:1931,4
DA:1932,7
DA:1934,4
DA:1938,0
DA:1962,35
DA:1965,5
DA:1967,5
DA:1973,5
DA:1975,5
DA:1977,5
DA:1978,5
DA:1985,7
DA:1987,7
DA:1999,4
DA:2001,4
DA:2003,4
DA:2008,4
DA:2010,4
DA:2011,55
DA:2012,0
DA:2016,55
DA:2017,55
DA:2019,55
DA:2020,55
DA:2024,4
DA:2025,4
DA:2026,51
DA:2034,4
DA:2046,0
DA:2048,0
DA:2051,0
DA:2052,0
DA:2074,20
DA:2077,2
DA:2079,2
DA:2084,2
DA:2086,2
DA:2088,2
DA:2089,2
DA:2093,74
DA:2094,37
DA:2096,37
DA:2097,37
DA:2098,37
DA:2099,37
DA:2107,2
DA:2113,2
DA:2114,72
DA:2115,72
DA:2116,36
DA:2125,2
DA:2137,0
DA:2139,0
DA:2142,0
DA:2143,0
LF:439
LH:377
BRDA:112,0,0,165
BRDA:112,0,1,312
BRDA:112,1,0,477
BRDA:112,1,1,443
BRDA:112,1,2,395
BRDA:112,1,3,395
BRDA:142,2,0,203
BRDA:142,2,1,203
BRDA:142,2,2,0
BRDA:143,3,0,0
BRDA:143,3,1,203
BRDA:225,4,0,0
BRDA:227,5,0,13
BRDA:228,6,0,0
BRDA:269,7,0,19
BRDA:269,7,1,3
BRDA:271,8,0,19
BRDA:271,8,1,19
BRDA:284,9,0,8
BRDA:327,10,0,14
BRDA:369,11,0,133
BRDA:369,11,1,127
BRDA:404,12,0,3
BRDA:404,12,1,3
BRDA:417,13,0,9
BRDA:417,13,1,9
BRDA:470,14,0,1705
BRDA:471,15,0,69
BRDA:471,15,1,1636
BRDA:500,16,0,69
BRDA:500,16,1,67
BRDA:511,17,0,4
BRDA:511,18,0,69
BRDA:511,18,1,4
BRDA:519,19,0,706
BRDA:520,20,0,66
BRDA:520,20,1,640
BRDA:540,21,0,69
BRDA:540,21,1,3
BRDA:600,22,0,38
BRDA:600,22,1,62
BRDA:634,23,0,3
BRDA:634,23,1,0
BRDA:636,24,0,0
BRDA:636,24,1,0
BRDA:674,25,0,147
BRDA:674,25,1,0
BRDA:772,26,0,9
BRDA:772,26,1,50
BRDA:849,27,0,5
BRDA:849,27,1,0
BRDA:895,28,0,0
BRDA:895,28,1,0
BRDA:1062,29,0,4
BRDA:1062,29,1,1
BRDA:1063,30,0,4
BRDA:1063,30,1,4
BRDA:1071,31,0,4
BRDA:1071,31,1,10
BRDA:1122,32,0,12
BRDA:1122,32,1,3
BRDA:1143,33,0,8
BRDA:1144,34,0,3
BRDA:1150,35,0,3
BRDA:1162,36,0,1
BRDA:1246,37,0,60
BRDA:1246,37,1,34
BRDA:1317,38,0,3
BRDA:1317,38,1,2
BRDA:1400,39,0,456
BRDA:1401,40,0,25
BRDA:1401,40,1,431
BRDA:1424,41,0,0
BRDA:1424,41,1,14
BRDA:1433,42,0,0
BRDA:1433,42,1,0
BRDA:1447,43,0,14
BRDA:1447,43,1,0
BRDA:1587,44,0,191
BRDA:1662,45,0,1
BRDA:1662,46,0,50
BRDA:1662,46,1,44
BRDA:1663,47,0,0
BRDA:1671,48,0,1
BRDA:1671,48,1,0
BRDA:1692,49,0,7
BRDA:1692,49,1,0
BRDA:1706,50,0,1
BRDA:1706,50,1,6
BRDA:1706,51,0,7
BRDA:1706,51,1,7
BRDA:1707,52,0,0
BRDA:1715,53,0,1
BRDA:1715,53,1,0
BRDA:1819,54,0,1
BRDA:1824,55,0,0
BRDA:1854,56,0,0
BRDA:1857,57,0,1
BRDA:1857,57,1,1
BRDA:1903,58,0,1
BRDA:1908,59,0,0
BRDA:1922,60,0,31
BRDA:1922,60,1,96
BRDA:1927,61,0,92
BRDA:1927,61,1,4
BRDA:1929,62,0,4
BRDA:1929,62,1,0
BRDA:1929,63,0,4
BRDA:1929,63,1,4
BRDA:1973,64,0,5
BRDA:2011,65,0,0
BRDA:2011,66,0,55
BRDA:2011,66,1,55
BRDA:2019,67,0,55
BRDA:2084,68,0,2
BRDA:2084,69,0,2
BRDA:2084,69,1,1
BRDA:2093,70,0,37
BRDA:2093,70,1,37
BRDA:2099,71,0,18
BRDA:2099,71,1,19
BRDA:2115,72,0,36
BRF:122
BRH:97
end_of_record
TN:
SF:src/runnables/branch.ts
FN:61,(anonymous_0)
FN:73,(anonymous_1)
FN:108,(anonymous_2)
FN:122,(anonymous_3)
FN:136,(anonymous_4)
FN:171,(anonymous_5)
FNF:6
FNH:6
FNDA:21,(anonymous_0)
FNDA:3,(anonymous_1)
FNDA:3,(anonymous_2)
FNDA:5,(anonymous_3)
FNDA:7,(anonymous_4)
FNDA:7,(anonymous_5)
DA:62,21
DA:65,3
DA:67,3
DA:77,3
DA:78,3
DA:79,3
DA:114,3
DA:115,0
DA:117,3
DA:121,3
DA:122,5
DA:127,3
DA:130,3
DA:142,7
DA:143,10
DA:144,10
DA:150,10
DA:151,4
DA:157,3
DA:160,6
DA:161,3
DA:168,6
DA:175,7
LF:23
LH:22
BRDA:114,0,0,0
BRDA:150,1,0,4
BRDA:160,2,0,3
BRDA:173,3,0,2
BRF:4
BRH:3
end_of_record
TN:
SF:src/runnables/config.ts
FN:26,getCallbackManagerForConfig
FN:36,mergeConfigs
FN:41,(anonymous_2)
FN:120,ensureConfig
FN:151,patchConfig
FNF:5
FNH:5
FNDA:299,getCallbackManagerForConfig
FNDA:118,mergeConfigs
FNDA:245,(anonymous_2)
FNDA:734,ensureConfig
FNDA:256,patchConfig
DA:7,24
DA:27,299
DA:40,118
DA:41,245
DA:42,226
DA:43,560
DA:44,110
DA:45,450
DA:46,112
DA:47,338
DA:48,62
DA:49,276
DA:50,118
DA:51,118
DA:54,118
DA:55,10
DA:56,2
DA:57,8
DA:58,0
DA:61,8
DA:62,8
DA:63,7
DA:65,8
DA:67,108
DA:69,86
DA:70,86
DA:71,0
DA:72,0
DA:73,0
DA:74,0
DA:76,0
DA:79,0
DA:107,158
DA:108,158
DA:112,118
DA:115,24
DA:123,734
DA:129,734
DA:130,608
DA:132,734
DA:133,57
DA:134,100
DA:138,10
DA:139,0
DA:141,10
DA:145,734
DA:161,256
DA:162,256
DA:167,256
DA:168,256
DA:170,256
DA:171,2
DA:173,256
DA:174,0
DA:176,256
DA:177,0
DA:179,256
DA:180,0
DA:182,256
LF:59
LH:48
BRDA:43,0,0,110
BRDA:43,0,1,450
BRDA:45,1,0,112
BRDA:45,1,1,338
BRDA:46,2,0,112
BRDA:46,2,1,0
BRDA:47,3,0,62
BRDA:47,3,1,276
BRDA:49,4,0,118
BRDA:49,4,1,158
BRDA:54,5,0,10
BRDA:54,5,1,108
BRDA:55,6,0,2
BRDA:55,6,1,8
BRDA:57,7,0,0
BRDA:57,7,1,8
BRDA:67,8,0,86
BRDA:69,9,0,86
BRDA:69,9,1,0
BRDA:71,10,0,0
BRDA:71,10,1,0
BRDA:108,11,0,158
BRDA:108,11,1,0
BRDA:129,12,0,608
BRDA:132,13,0,57
BRDA:134,14,0,10
BRDA:135,15,0,100
BRDA:135,15,1,57
BRDA:138,16,0,0
BRDA:152,17,0,87
BRDA:153,18,0,0
BRDA:162,19,0,256
BRDA:170,20,0,2
BRDA:173,21,0,0
BRDA:176,22,0,0
BRDA:179,23,0,0
BRF:36
BRH:25
end_of_record
TN:
SF:src/runnables/history.ts
FN:117,(anonymous_0)
FN:119,(anonymous_1)
FN:132,(anonymous_2)
FN:151,(anonymous_3)
FN:163,(anonymous_4)
FN:192,(anonymous_5)
FN:214,(anonymous_6)
FN:239,(anonymous_7)
FNF:8
FNH:8
FNDA:4,(anonymous_0)
FNDA:7,(anonymous_1)
FNDA:7,(anonymous_2)
FNDA:11,(anonymous_3)
FNDA:7,(anonymous_4)
FNDA:7,(anonymous_5)
FNDA:7,(anonymous_6)
FNDA:7,(anonymous_7)
DA:118,4
DA:119,7
DA:122,4
DA:123,4
DA:124,2
DA:129,4
DA:132,7
DA:137,4
DA:139,4
DA:144,4
DA:145,4
DA:146,4
DA:147,4
DA:148,4
DA:154,11
DA:155,3
DA:156,8
DA:157,8
DA:159,0
DA:167,7
DA:168,7
DA:173,7
DA:176,7
DA:177,7
DA:178,0
DA:179,0
DA:180,0
DA:181,0
DA:183,0
DA:197,7
DA:199,7
DA:200,3
DA:204,4
DA:206,4
DA:207,4
DA:211,4
DA:215,7
DA:218,7
DA:219,7
DA:220,7
DA:222,7
DA:223,7
DA:224,0
DA:232,7
DA:234,7
DA:235,18
DA:240,7
DA:242,7
DA:243,0
DA:246,0
DA:247,0
DA:255,7
DA:256,7
DA:259,7
LF:54
LH:44
BRDA:119,0,0,7
BRDA:119,0,1,0
BRDA:122,1,0,4
BRDA:122,1,1,2
BRDA:123,2,0,2
BRDA:132,3,0,7
BRDA:132,3,1,0
BRDA:137,4,0,4
BRDA:137,4,1,0
BRDA:154,5,0,3
BRDA:154,5,1,8
BRDA:156,6,0,8
BRDA:156,6,1,0
BRDA:168,7,0,7
BRDA:169,8,0,7
BRDA:169,8,1,7
BRDA:169,8,2,7
BRDA:173,9,0,7
BRDA:173,9,1,7
BRDA:176,10,0,7
BRDA:176,10,1,0
BRDA:178,11,0,0
BRDA:178,11,1,0
BRDA:180,12,0,0
BRDA:199,13,0,3
BRDA:204,14,0,4
BRDA:204,14,1,0
BRDA:205,15,0,0
BRDA:205,15,1,0
BRDA:206,16,0,4
BRDA:206,16,1,0
BRDA:219,17,0,7
BRDA:219,17,1,4
BRDA:223,18,0,0
BRDA:242,19,0,0
BRDA:242,20,0,7
BRDA:242,20,1,7
BRDA:244,21,0,0
BRDA:244,21,1,0
BRF:39
BRH:23
end_of_record
TN:
SF:src/runnables/passthrough.ts
FN:47,(anonymous_0)
FN:57,(anonymous_1)
FN:64,(anonymous_2)
FN:73,(anonymous_3)
FN:79,(anonymous_4)
FN:88,(anonymous_5)
FN:140,(anonymous_6)
FNF:7
FNH:7
FNDA:93,(anonymous_0)
FNDA:6,(anonymous_1)
FNDA:9,(anonymous_2)
FNDA:9,(anonymous_3)
FNDA:6,(anonymous_4)
FNDA:6,(anonymous_5)
FNDA:5,(anonymous_6)
DA:48,93
DA:51,6
DA:53,6
DA:58,6
DA:59,6
DA:60,3
DA:68,9
DA:69,2
DA:72,9
DA:73,9
DA:84,6
DA:86,6
DA:88,6
DA:91,74
DA:92,74
DA:93,74
DA:94,6
DA:96,68
DA:98,68
DA:100,0
DA:101,0
DA:107,6
DA:108,1
DA:146,5
LF:24
LH:22
BRDA:59,0,0,3
BRDA:68,1,0,2
BRDA:92,2,0,74
BRDA:93,3,0,6
BRDA:93,3,1,68
BRDA:107,4,0,1
BRDA:107,5,0,6
BRDA:107,5,1,1
BRF:8
BRH:8
end_of_record
TN:
SF:src/runnables/router.ts
FN:20,(anonymous_0)
FN:30,(anonymous_1)
FN:37,(anonymous_2)
FN:67,(anonymous_3)
FN:72,(anonymous_4)
FN:73,(anonymous_5)
FN:74,(anonymous_6)
FN:78,(anonymous_7)
FN:88,(anonymous_8)
FN:97,(anonymous_9)
FNF:10
FNH:9
FNDA:6,(anonymous_0)
FNDA:1,(anonymous_1)
FNDA:1,(anonymous_2)
FNDA:1,(anonymous_3)
FNDA:2,(anonymous_4)
FNDA:2,(anonymous_5)
FNDA:2,(anonymous_6)
FNDA:2,(anonymous_7)
FNDA:2,(anonymous_8)
FNDA:0,(anonymous_9)
DA:21,6
DA:24,1
DA:26,1
DA:33,1
DA:34,1
DA:41,1
DA:42,1
DA:43,1
DA:44,0
DA:46,1
DA:72,2
DA:73,2
DA:74,2
DA:75,1
DA:76,0
DA:78,2
DA:79,1
DA:81,1
DA:83,1
DA:84,1
DA:85,1
DA:86,1
DA:89,2
DA:91,1
DA:92,1
DA:94,1
DA:101,0
DA:102,0
DA:103,0
DA:104,0
DA:106,0
LF:31
LH:24
BRDA:43,0,0,0
BRDA:75,1,0,0
BRDA:79,2,0,1
BRDA:79,2,1,0
BRDA:81,3,0,1
BRDA:81,3,1,1
BRDA:83,4,0,0
BRDA:83,4,1,1
BRDA:83,5,0,1
BRDA:83,5,1,0
BRDA:103,6,0,0
BRF:11
BRH:5
end_of_record
TN:
SF:src/tracers/base.ts
FN:40,_coerceToDict
FN:46,stripNonAlphanumeric
FN:50,convertToDottedOrderFormat
FN:60,(anonymous_3)
FN:64,(anonymous_4)
FN:70,(anonymous_5)
FN:74,(anonymous_6)
FN:112,(anonymous_7)
FN:127,(anonymous_8)
FN:137,(anonymous_9)
FN:178,(anonymous_10)
FN:219,(anonymous_11)
FN:235,(anonymous_12)
FN:251,(anonymous_13)
FN:288,(anonymous_14)
FN:313,(anonymous_15)
FN:338,(anonymous_16)
FN:375,(anonymous_17)
FN:391,(anonymous_18)
FN:407,(anonymous_19)
FN:423,(anonymous_20)
FN:436,(anonymous_21)
FN:473,(anonymous_22)
FN:492,(anonymous_23)
FN:508,(anonymous_24)
FN:521,(anonymous_25)
FNF:26
FNH:20
FNDA:388,_coerceToDict
FNDA:445,stripNonAlphanumeric
FNDA:445,convertToDottedOrderFormat
FNDA:159,(anonymous_3)
FNDA:0,(anonymous_4)
FNDA:286,(anonymous_5)
FNDA:445,(anonymous_6)
FNDA:443,(anonymous_7)
FNDA:445,(anonymous_8)
FNDA:67,(anonymous_9)
FNDA:39,(anonymous_10)
FNDA:98,(anonymous_11)
FNDA:7,(anonymous_12)
FNDA:333,(anonymous_13)
FNDA:315,(anonymous_14)
FNDA:18,(anonymous_15)
FNDA:2,(anonymous_16)
FNDA:2,(anonymous_17)
FNDA:0,(anonymous_18)
FNDA:0,(anonymous_19)
FNDA:0,(anonymous_20)
FNDA:4,(anonymous_21)
FNDA:4,(anonymous_22)
FNDA:0,(anonymous_23)
FNDA:0,(anonymous_24)
FNDA:39,(anonymous_25)
DA:41,388
DA:47,445
DA:51,445
DA:58,159
DA:61,159
DA:65,0
DA:71,286
DA:75,445
DA:79,445
DA:80,445
DA:81,293
DA:82,293
DA:83,286
DA:84,286
DA:88,286
DA:89,286
DA:90,280
DA:105,152
DA:106,152
DA:108,445
DA:109,445
DA:114,443
DA:115,443
DA:116,286
DA:121,157
DA:123,443
DA:124,443
DA:128,445
DA:130,445
DA:131,159
DA:134,286
DA:147,67
DA:148,67
DA:149,67
DA:152,67
DA:173,67
DA:174,67
DA:175,67
DA:188,39
DA:189,39
DA:190,39
DA:193,39
DA:214,39
DA:215,39
DA:216,39
DA:220,98
DA:221,98
DA:222,1
DA:224,97
DA:225,97
DA:226,97
DA:230,97
DA:231,97
DA:232,97
DA:236,7
DA:237,7
DA:238,0
DA:240,7
DA:241,7
DA:242,7
DA:246,7
DA:247,7
DA:248,7
DA:261,333
DA:262,333
DA:263,333
DA:283,333
DA:284,333
DA:285,333
DA:295,315
DA:296,315
DA:297,0
DA:299,315
DA:300,315
DA:301,315
DA:305,315
DA:306,73
DA:308,315
DA:309,315
DA:310,315
DA:320,18
DA:321,18
DA:322,0
DA:324,18
DA:325,18
DA:326,18
DA:330,18
DA:331,0
DA:333,18
DA:334,18
DA:335,18
DA:347,2
DA:348,2
DA:349,2
DA:370,2
DA:371,2
DA:372,2
DA:376,2
DA:377,2
DA:378,0
DA:380,2
DA:381,2
DA:382,2
DA:386,2
DA:387,2
DA:388,2
DA:392,0
DA:393,0
DA:394,0
DA:396,0
DA:397,0
DA:398,0
DA:402,0
DA:403,0
DA:404,0
DA:408,0
DA:409,0
DA:410,0
DA:412,0
DA:413,0
DA:414,0
DA:415,0
DA:420,0
DA:424,0
DA:425,0
DA:426,0
DA:428,0
DA:433,0
DA:445,4
DA:446,4
DA:447,4
DA:468,4
DA:469,4
DA:470,4
DA:477,4
DA:478,4
DA:479,0
DA:481,4
DA:482,4
DA:483,4
DA:487,4
DA:488,4
DA:489,4
DA:493,0
DA:494,0
DA:495,0
DA:497,0
DA:498,0
DA:499,0
DA:503,0
DA:504,0
DA:505,0
DA:509,0
DA:510,0
DA:511,0
DA:513,0
DA:518,0
DA:529,39
DA:530,39
DA:531,0
DA:535,39
DA:540,39
DA:541,39
LF:163
LH:119
BRDA:41,0,0,348
BRDA:41,0,1,40
BRDA:41,1,0,388
BRDA:41,1,1,388
BRDA:41,1,2,372
BRDA:80,2,0,293
BRDA:80,2,1,152
BRDA:82,3,0,286
BRDA:82,3,1,7
BRDA:89,4,0,280
BRDA:89,4,1,6
BRDA:114,5,0,443
BRDA:114,5,1,293
BRDA:115,6,0,286
BRDA:115,6,1,157
BRDA:128,7,0,445
BRDA:128,7,1,293
BRDA:130,8,0,159
BRDA:149,9,0,63
BRDA:149,9,1,4
BRDA:154,10,0,67
BRDA:154,10,1,67
BRDA:169,11,0,67
BRDA:169,11,1,4
BRDA:170,12,0,67
BRDA:170,12,1,4
BRDA:190,13,0,38
BRDA:190,13,1,1
BRDA:195,14,0,39
BRDA:195,14,1,39
BRDA:210,15,0,39
BRDA:210,15,1,1
BRDA:211,16,0,39
BRDA:211,16,1,1
BRDA:221,17,0,1
BRDA:221,18,0,98
BRDA:221,18,1,97
BRDA:237,19,0,0
BRDA:237,20,0,7
BRDA:237,20,1,7
BRDA:265,21,0,333
BRDA:265,21,1,93
BRDA:278,22,0,333
BRDA:278,22,1,234
BRDA:280,23,0,331
BRDA:280,23,1,2
BRDA:281,24,0,333
BRDA:281,24,1,2
BRDA:296,25,0,0
BRDA:305,26,0,73
BRDA:321,27,0,0
BRDA:325,28,0,18
BRDA:325,28,1,0
BRDA:330,29,0,0
BRDA:351,30,0,2
BRDA:351,30,1,2
BRDA:366,31,0,0
BRDA:366,31,1,2
BRDA:367,32,0,2
BRDA:367,32,1,2
BRDA:377,33,0,0
BRDA:377,34,0,2
BRDA:377,34,1,2
BRDA:393,35,0,0
BRDA:393,36,0,0
BRDA:393,36,1,0
BRDA:409,37,0,0
BRDA:409,38,0,0
BRDA:409,38,1,0
BRDA:413,39,0,0
BRDA:413,39,1,0
BRDA:425,40,0,0
BRDA:425,41,0,0
BRDA:425,41,1,0
BRDA:449,42,0,4
BRDA:449,42,1,4
BRDA:464,43,0,3
BRDA:464,43,1,1
BRDA:465,44,0,4
BRDA:465,44,1,1
BRDA:478,45,0,0
BRDA:478,46,0,4
BRDA:478,46,1,4
BRDA:494,47,0,0
BRDA:494,48,0,0
BRDA:494,48,1,0
BRDA:510,49,0,0
BRDA:510,50,0,0
BRDA:510,50,1,0
BRDA:530,51,0,0
BRDA:530,52,0,39
BRDA:530,52,1,39
BRF:92
BRH:66
end_of_record
TN:
SF:src/tracers/console.ts
FN:5,wrap
FN:9,tryJsonStringify
FN:17,elapsed
FN:52,(anonymous_3)
FN:63,(anonymous_4)
FN:84,(anonymous_5)
FN:87,(anonymous_6)
FN:102,(anonymous_7)
FN:120,(anonymous_8)
FN:137,(anonymous_9)
FN:154,(anonymous_10)
FN:158,(anonymous_11)
FN:176,(anonymous_12)
FN:193,(anonymous_13)
FN:207,(anonymous_14)
FN:222,(anonymous_15)
FN:236,(anonymous_16)
FN:253,(anonymous_17)
FN:271,(anonymous_18)
FN:288,(anonymous_19)
FN:305,(anonymous_20)
FNF:21
FNH:0
FNDA:0,wrap
FNDA:0,tryJsonStringify
FNDA:0,elapsed
FNDA:0,(anonymous_3)
FNDA:0,(anonymous_4)
FNDA:0,(anonymous_5)
FNDA:0,(anonymous_6)
FNDA:0,(anonymous_7)
FNDA:0,(anonymous_8)
FNDA:0,(anonymous_9)
FNDA:0,(anonymous_10)
FNDA:0,(anonymous_11)
FNDA:0,(anonymous_12)
FNDA:0,(anonymous_13)
FNDA:0,(anonymous_14)
FNDA:0,(anonymous_15)
FNDA:0,(anonymous_16)
FNDA:0,(anonymous_17)
FNDA:0,(anonymous_18)
FNDA:0,(anonymous_19)
FNDA:0,(anonymous_20)
DA:6,0
DA:10,0
DA:11,0
DA:13,0
DA:18,0
DA:19,0
DA:20,0
DA:21,0
DA:23,0
DA:26,25
DA:44,0
DA:53,0
DA:64,0
DA:65,0
DA:66,0
DA:67,0
DA:68,0
DA:69,0
DA:70,0
DA:72,0
DA:75,0
DA:85,0
DA:86,0
DA:88,0
DA:89,0
DA:92,0
DA:103,0
DA:104,0
DA:121,0
DA:122,0
DA:138,0
DA:139,0
DA:155,0
DA:157,0
DA:158,0
DA:160,0
DA:177,0
DA:178,0
DA:194,0
DA:195,0
DA:208,0
DA:209,0
DA:223,0
DA:224,0
DA:237,0
DA:238,0
DA:254,0
DA:255,0
DA:272,0
DA:273,0
DA:289,0
DA:290,0
DA:306,0
DA:307,0
DA:308,0
LF:55
LH:1
BRDA:18,0,0,0
BRDA:20,1,0,0
BRDA:68,2,0,0
BRDA:68,2,1,0
BRDA:89,3,0,0
BRDA:89,3,1,0
BRDA:157,4,0,0
BRDA:157,4,1,0
BRF:8
BRH:0
end_of_record
TN:
SF:src/tracers/initialize.ts
FN:13,getTracingCallbackHandler
FN:30,getTracingV2CallbackHandler
FNF:2
FNH:1
FNDA:0,getTracingCallbackHandler
FNDA:139,getTracingV2CallbackHandler
DA:16,0
DA:17,0
DA:18,0
DA:20,0
DA:22,0
DA:31,139
LF:6
LH:1
BRDA:17,0,0,0
BRDA:17,0,1,0
BRF:2
BRH:0
end_of_record
TN:
SF:src/tracers/log_stream.ts
FN:65,(anonymous_0)
FN:69,(anonymous_1)
FN:83,(anonymous_2)
FN:88,(anonymous_3)
FN:141,(anonymous_4)
FN:157,(anonymous_5)
FN:161,(anonymous_6)
FN:166,(anonymous_7)
FN:184,(anonymous_8)
FN:194,(anonymous_9)
FN:199,(anonymous_10)
FN:228,(anonymous_11)
FN:286,(anonymous_12)
FN:327,(anonymous_13)
FNF:14
FNH:13
FNDA:44,(anonymous_0)
FNDA:2,(anonymous_1)
FNDA:14,(anonymous_2)
FNDA:12,(anonymous_3)
FNDA:3,(anonymous_4)
FNDA:3,(anonymous_5)
FNDA:3,(anonymous_6)
FNDA:16,(anonymous_7)
FNDA:8,(anonymous_8)
FNDA:0,(anonymous_9)
FNDA:4,(anonymous_10)
FNDA:16,(anonymous_11)
FNDA:16,(anonymous_12)
FNDA:3,(anonymous_13)
DA:66,44
DA:70,2
DA:71,2
DA:73,2
DA:84,14
DA:85,14
DA:89,12
DA:90,12
DA:91,12
DA:113,3
DA:129,3
DA:131,3
DA:139,3
DA:142,3
DA:143,3
DA:144,3
DA:145,3
DA:146,3
DA:147,3
DA:148,3
DA:149,3
DA:150,3
DA:151,3
DA:152,3
DA:158,3
DA:167,16
DA:168,3
DA:170,13
DA:172,13
DA:175,13
DA:176,8
DA:178,13
DA:179,0
DA:181,13
DA:182,8
DA:184,8
DA:186,13
DA:187,0
DA:189,13
DA:190,0
DA:192,13
DA:193,0
DA:194,0
DA:196,13
DA:204,4
DA:206,8
DA:209,8
DA:210,8
DA:211,3
DA:224,8
DA:229,16
DA:230,3
DA:231,3
DA:249,16
DA:250,9
DA:253,7
DA:254,7
DA:256,7
DA:257,7
DA:258,7
DA:261,7
DA:273,7
DA:287,16
DA:288,16
DA:289,16
DA:290,9
DA:292,7
DA:299,7
DA:300,7
DA:306,7
DA:307,7
DA:309,16
DA:310,3
DA:319,3
DA:320,3
DA:321,0
DA:328,3
DA:329,3
DA:330,1
DA:332,2
DA:341,2
[...]
BRDA:198,26,1,0
BRDA:202,27,0,0
BRDA:203,28,0,0
BRDA:203,28,1,0
BRDA:203,28,2,0
BRDA:203,28,3,0
BRDA:203,28,4,0
BRDA:213,29,0,0
BRDA:223,30,0,0
BRDA:223,30,1,0
BRDA:224,31,0,0
BRDA:224,32,0,0
BRDA:224,32,1,0
BRDA:224,32,2,0
BRDA:232,33,0,0
BRDA:232,34,0,0
BRDA:232,34,1,0
BRDA:241,35,0,0
BRDA:242,36,0,0
BRDA:242,36,1,0
BRDA:242,37,0,0
BRDA:242,37,1,0
BRDA:243,38,0,0
BRDA:251,39,0,0
BRDA:261,40,0,0
BRDA:262,41,0,0
BRDA:262,41,1,0
BRDA:262,42,0,0
BRDA:262,42,1,0
BRDA:263,43,0,0
BRDA:271,44,0,0
BRDA:281,45,0,0
BRDA:294,46,0,0
BRDA:306,47,0,0
BRDA:319,48,0,0
BRDA:319,48,1,0
BRDA:325,49,0,0
BRDA:325,49,1,0
BRDA:326,50,0,0
BRDA:330,51,0,0
BRDA:330,51,1,0
BRDA:342,52,0,0
BRDA:355,53,0,0
BRDA:355,53,1,0
BRDA:361,54,0,0
BRDA:361,54,1,0
BRDA:362,55,0,0
BRDA:366,56,0,0
BRDA:366,56,1,0
BRDA:378,57,0,0
BRDA:389,58,0,0
BRDA:389,58,1,0
BRDA:395,59,0,0
BRDA:400,60,0,0
BRDA:400,60,1,0
BRDA:412,61,0,0
BRDA:412,62,0,0
BRDA:412,62,1,0
BRDA:416,63,0,0
BRDA:429,64,0,0
BRDA:429,64,1,0
BRDA:430,65,0,0
BRDA:442,66,0,0
BRDA:454,67,0,0
BRDA:466,68,0,0
BRDA:480,69,0,0
BRDA:480,69,1,0
BRDA:481,70,0,0
BRDA:483,71,0,0
BRDA:496,72,0,0
BRDA:496,73,0,0
BRDA:496,73,1,0
BRDA:505,74,0,0
BRDA:505,75,0,0
BRDA:505,75,1,0
BRDA:514,76,0,0
BRDA:528,77,0,0
BRDA:542,78,0,0
BRDA:545,79,0,0
BRDA:548,80,0,0
BRDA:561,81,0,0
BRDA:564,82,0,0
BRDA:576,83,0,0
BRDA:591,84,0,0
BRDA:594,85,0,0
BRDA:596,86,0,0
BRDA:596,86,1,0
BRDA:598,87,0,0
BRDA:618,88,0,0
BRDA:638,89,0,0
BRDA:641,90,0,0
BRDA:655,91,0,0
BRDA:655,91,1,0
BRDA:668,92,0,0
BRDA:673,93,0,0
BRDA:673,94,0,0
BRDA:673,94,1,0
BRDA:679,95,0,0
BRDA:695,96,0,0
BRDA:695,96,1,0
BRDA:713,97,0,0
BRDA:713,97,1,0
BRDA:713,98,0,0
BRDA:713,98,1,0
BRDA:716,99,0,0
BRDA:730,100,0,0
BRDA:730,100,1,0
BRDA:745,101,0,0
BRDA:745,102,0,0
BRDA:745,102,1,0
BRDA:748,103,0,0
BRDA:762,104,0,0
BRDA:762,104,1,0
BRDA:778,105,0,0
BRDA:778,105,1,0
BRDA:779,106,0,0
BRDA:779,107,0,0
BRDA:779,107,1,0
BRDA:788,108,0,0
BRDA:788,109,0,0
BRDA:788,109,1,0
BRDA:801,110,0,0
BRDA:816,111,0,0
BRDA:827,112,0,0
BRDA:832,113,0,0
BRDA:834,114,0,0
BRDA:834,114,1,0
BRDA:848,115,0,0
BRDA:859,116,0,0
BRDA:875,117,0,0
BRDA:886,118,0,0
BRDA:891,119,0,0
BRDA:891,120,0,0
BRDA:891,120,1,0
BRDA:905,121,0,0
BRDA:921,122,0,0
BRDA:922,123,0,0
BRDA:922,123,1,0
BRDA:922,124,0,0
BRDA:922,124,1,0
BRDA:929,125,0,0
BRDA:929,125,1,0
BRDA:929,126,0,0
BRDA:929,126,1,0
BRDA:951,127,0,0
BRDA:951,127,1,0
BRDA:959,128,0,0
BRDA:959,129,0,0
BRDA:959,129,1,0
BRDA:963,130,0,0
BRDA:963,130,1,0
BRDA:964,131,0,0
BRDA:964,131,1,0
BRDA:964,131,2,0
BRDA:974,132,0,0
BRDA:974,132,1,0
BRDA:974,133,0,0
BRDA:974,133,1,0
BRDA:981,134,0,0
BRDA:981,135,0,0
BRDA:981,135,1,0
BRDA:992,136,0,0
BRDA:992,137,0,0
BRDA:992,137,1,0
BRDA:995,138,0,0
BRDA:1009,139,0,0
BRDA:1023,140,0,0
BRDA:1026,141,0,0
BRDA:1026,141,1,0
BRDA:1028,142,0,0
BRDA:1032,143,0,0
BRDA:1032,143,1,0
BRDA:1033,144,0,0
BRDA:1033,145,0,0
BRDA:1033,145,1,0
BRDA:1033,145,2,0
BRDA:1033,145,3,0
BRDA:1046,146,0,0
BRDA:1046,146,1,0
BRDA:1047,147,0,0
BRDA:1047,147,1,0
BRDA:1048,148,0,0
BRDA:1049,149,0,0
BRDA:1049,149,1,0
BRDA:1049,149,2,0
BRDA:1049,149,3,0
BRDA:1058,150,0,0
BRDA:1058,150,1,0
BRDA:1062,151,0,0
BRDA:1063,152,0,0
BRDA:1063,152,1,0
BRDA:1063,152,2,0
BRDA:1063,152,3,0
BRDA:1072,153,0,0
BRDA:1072,153,1,0
BRDA:1077,154,0,0
BRDA:1077,155,0,0
BRDA:1077,155,1,0
BRDA:1085,156,0,0
BRDA:1085,157,0,0
BRDA:1085,157,1,0
BRDA:1093,158,0,0
BRDA:1093,159,0,0
BRDA:1093,159,1,0
BRDA:1101,160,0,0
BRDA:1101,161,0,0
BRDA:1101,161,1,0
BRDA:1110,162,0,0
BRDA:1112,163,0,0
BRDA:1113,164,0,0
BRDA:1113,164,1,0
BRDA:1124,165,0,0
BRDA:1126,166,0,0
BRDA:1126,166,1,0
BRDA:1126,167,0,0
BRDA:1126,167,1,0
BRDA:1129,168,0,0
BRDA:1129,169,0,0
BRDA:1129,169,1,0
BRDA:1137,170,0,0
BRDA:1137,171,0,0
BRDA:1137,171,1,0
BRDA:1145,172,0,0
BRDA:1145,173,0,0
BRDA:1145,173,1,0
BRDA:1153,174,0,0
BRDA:1154,175,0,0
BRDA:1154,175,1,0
BRDA:1154,175,2,0
BRF:268
BRH:0
end_of_record
TN:
SF:src/utils/@cfworker/json-schema/src/validator.ts
FN:8,(anonymous_0)
FN:16,(anonymous_1)
FN:26,(anonymous_2)
FNF:3
FNH:0
FNDA:0,(anonymous_0)
FNDA:0,(anonymous_1)
FNDA:0,(anonymous_2)
DA:9,0
DA:10,0
DA:11,0
DA:13,0
DA:17,0
DA:27,0
DA:28,0
DA:30,0
LF:8
LH:0
BRDA:10,0,0,0
BRDA:11,1,0,0
BRDA:27,2,0,0
BRF:3
BRH:0
end_of_record
TN:
SF:src/utils/fast-json-patch/src/core.ts
FN:97,(anonymous_0)
FN:101,(anonymous_1)
FN:106,(anonymous_2)
FN:111,(anonymous_3)
FN:134,(anonymous_4)
FN:144,(anonymous_5)
FN:147,(anonymous_6)
FN:155,(anonymous_7)
FN:165,(anonymous_8)
FN:169,(anonymous_9)
FN:188,getValueByPointer
FN:210,applyOperation
FN:418,applyPatch
FN:463,applyReducer
FN:492,validator
FN:626,validate
FN:682,_areEquals
FNF:17
FNH:5
FNDA:12,(anonymous_0)
FNDA:0,(anonymous_1)
FNDA:2,(anonymous_2)
FNDA:0,(anonymous_3)
FNDA:0,(anonymous_4)
FNDA:0,(anonymous_5)
FNDA:0,(anonymous_6)
FNDA:4,(anonymous_7)
FNDA:0,(anonymous_8)
FNDA:0,(anonymous_9)
FNDA:0,getValueByPointer
FNDA:20,applyOperation
FNDA:14,applyPatch
FNDA:0,applyReducer
FNDA:0,validator
FNDA:0,validate
FNDA:0,_areEquals
DA:20,24
DA:21,24
DA:96,24
DA:98,12
DA:99,12
DA:102,0
DA:103,0
DA:104,0
DA:107,2
DA:108,2
DA:109,2
DA:115,0
DA:117,0
DA:118,0
DA:121,0
DA:126,0
DA:132,0
DA:135,0
DA:137,0
DA:142,0
DA:145,0
DA:148,0
DA:149,0
DA:154,24
DA:156,4
DA:157,4
DA:160,0
DA:163,4
DA:166,0
DA:167,0
DA:170,0
DA:171,0
DA:172,0
DA:189,0
DA:190,0
DA:192,0
DA:193,0
DA:194,0
DA:218,20
DA:219,0
DA:220,0
DA:222,0
DA:226,20
DA:227,2
DA:228,2
DA:229,0
DA:230,0
DA:231,2
DA:232,2
DA:233,2
DA:234,2
DA:235,0
DA:237,0
DA:238,0
DA:240,0
DA:242,0
DA:243,0
DA:244,0
DA:245,0
DA:246,0
DA:254,0
DA:255,0
DA:256,0
DA:258,0
DA:259,0
DA:260,0
DA:261,0
DA:262,0
DA:263,0
DA:266,0
DA:267,0
DA:275,0
DA:279,18
DA:280,0
DA:282,18
DA:283,18
DA:284,18
DA:285,18
DA:286,18
DA:287,18
DA:290,18
DA:291,0
DA:293,18
DA:295,18
DA:296,46
DA:297,46
DA:298,0
DA:301,46
DA:306,0
DA:311,46
DA:312,0
DA:313,0
DA:314,0
DA:315,0
DA:316,0
DA:318,0
DA:319,0
DA:323,46
DA:324,46
DA:325,4
DA:326,4
DA:328,0
DA:329,0
DA:337,0
DA:338,0
DA:341,4
DA:342,4
DA:343,0
DA:351,4
DA:357,4
DA:358,0
DA:366,4
DA:369,42
DA:370,14
DA:376,14
DA:377,0
DA:385,14
DA:388,28
DA:391,28
DA:392,0
DA:425,14
DA:426,0
DA:427,0
DA:433,14
DA:434,0
DA:436,14
DA:438,14
DA:440,20
DA:448,20
DA:450,14
DA:451,14
DA:468,0
DA:472,0
DA:474,0
DA:482,0
DA:498,0
DA:503,0
DA:510,0
DA:511,0
DA:518,0
DA:519,0
DA:526,0
DA:528,0
DA:535,0
DA:539,0
DA:546,0
DA:552,0
DA:559,0
DA:565,0
DA:572,0
DA:573,0
DA:574,0
DA:575,0
DA:576,0
DA:577,0
DA:585,0
DA:590,0
DA:591,0
DA:599,0
DA:600,0
DA:605,0
DA:606,0
DA:607,0
DA:631,0
DA:632,0
DA:633,0
DA:638,0
DA:640,0
DA:646,0
DA:647,0
DA:648,0
DA:652,0
DA:653,0
DA:655,0
DA:683,0
DA:685,0
DA:686,0
DA:687,0
DA:692,0
DA:693,0
DA:694,0
DA:695,0
DA:696,0
DA:699,0
DA:701,0
DA:702,0
DA:704,0
DA:706,0
DA:708,0
DA:709,0
DA:710,0
DA:713,0
DA:716,0
LF:193
LH:57
BRDA:117,0,0,0
BRDA:156,1,0,4
BRDA:156,1,1,0
BRDA:189,2,0,0
BRDA:213,3,0,20
BRDA:214,4,0,0
BRDA:215,5,0,0
BRDA:216,6,0,0
BRDA:218,7,0,0
BRDA:219,8,0,0
BRDA:219,8,1,0
BRDA:226,9,0,2
BRDA:226,9,1,18
BRDA:228,10,0,0
BRDA:228,10,1,2
BRDA:231,11,0,2
BRDA:231,11,1,0
BRDA:235,12,0,0
BRDA:235,12,1,0
BRDA:235,13,0,0
BRDA:235,13,1,0
BRDA:238,14,0,0
BRDA:243,15,0,0
BRDA:243,15,1,0
BRDA:245,16,0,0
BRDA:256,17,0,0
BRDA:256,17,1,0
BRDA:261,18,0,0
BRDA:261,18,1,0
BRDA:266,19,0,0
BRDA:266,19,1,0
BRDA:279,20,0,0
BRDA:282,21,0,18
BRDA:282,21,1,0
BRDA:290,22,0,0
BRDA:290,22,1,18
BRDA:297,23,0,0
BRDA:297,24,0,46
BRDA:297,24,1,46
BRDA:301,25,0,0
BRDA:302,26,0,46
BRDA:302,26,1,46
BRDA:302,26,2,46
BRDA:302,26,3,0
BRDA:302,26,4,0
BRDA:311,27,0,0
BRDA:312,28,0,0
BRDA:313,29,0,0
BRDA:313,29,1,0
BRDA:315,30,0,0
BRDA:318,31,0,0
BRDA:324,32,0,4
BRDA:324,32,1,42
BRDA:325,33,0,4
BRDA:325,33,1,0
BRDA:328,34,0,0
BRDA:328,34,1,0
BRDA:328,35,0,0
BRDA:328,35,1,0
BRDA:337,36,0,0
BRDA:341,37,0,4
BRDA:342,38,0,0
BRDA:342,39,0,4
BRDA:342,39,1,0
BRDA:342,39,2,0
BRDA:357,40,0,0
BRDA:369,41,0,14
BRDA:376,42,0,0
BRDA:391,43,0,0
BRDA:391,44,0,28
BRDA:391,44,1,0
BRDA:391,44,2,0
BRDA:391,44,3,0
BRDA:422,45,0,14
BRDA:423,46,0,14
BRDA:425,47,0,0
BRDA:426,48,0,0
BRDA:433,49,0,0
BRDA:472,50,0,0
BRDA:498,51,0,0
BRDA:498,51,1,0
BRDA:499,52,0,0
BRDA:499,52,1,0
BRDA:499,52,2,0
BRDA:510,53,0,0
BRDA:510,53,1,0
BRDA:518,54,0,0
BRDA:518,54,1,0
BRDA:526,55,0,0
BRDA:526,55,1,0
BRDA:526,56,0,0
BRDA:526,56,1,0
BRDA:535,57,0,0
BRDA:535,57,1,0
BRDA:536,58,0,0
BRDA:536,58,1,0
BRDA:536,58,2,0
BRDA:546,59,0,0
BRDA:546,59,1,0
BRDA:547,60,0,0
BRDA:547,60,1,0
BRDA:547,60,2,0
BRDA:547,60,3,0
BRDA:559,61,0,0
BRDA:559,61,1,0
BRDA:560,62,0,0
BRDA:560,62,1,0
BRDA:560,62,2,0
BRDA:560,62,3,0
BRDA:572,63,0,0
BRDA:573,64,0,0
BRDA:573,64,1,0
BRDA:576,65,0,0
BRDA:576,66,0,0
BRDA:576,66,1,0
BRDA:585,67,0,0
BRDA:585,67,1,0
BRDA:586,68,0,0
BRDA:586,68,1,0
BRDA:586,68,2,0
BRDA:590,69,0,0
BRDA:599,70,0,0
BRDA:599,71,0,0
BRDA:599,71,1,0
BRDA:606,72,0,0
BRDA:606,73,0,0
BRDA:606,73,1,0
BRDA:632,74,0,0
BRDA:638,75,0,0
BRDA:638,75,1,0
BRDA:643,76,0,0
BRDA:643,76,1,0
BRDA:646,77,0,0
BRDA:646,77,1,0
BRDA:652,78,0,0
BRDA:652,78,1,0
BRDA:683,79,0,0
BRDA:685,80,0,0
BRDA:685,81,0,0
BRDA:685,81,1,0
BRDA:685,81,2,0
BRDA:685,81,3,0
BRDA:692,82,0,0
BRDA:692,83,0,0
BRDA:692,83,1,0
BRDA:694,84,0,0
BRDA:695,85,0,0
BRDA:699,86,0,0
BRDA:704,87,0,0
BRDA:706,88,0,0
BRDA:710,89,0,0
BRDA:716,90,0,0
BRDA:716,90,1,0
BRF:153
BRH:22
end_of_record
TN:
SF:src/utils/fast-json-patch/src/duplex.ts
FN:32,(anonymous_0)
FN:41,(anonymous_1)
FN:47,getMirror
FN:51,getObserverFromMirror
FN:55,removeObserverFromMirror
FN:62,unobserve
FN:69,observe
FN:97,(anonymous_7)
FN:100,(anonymous_8)
FN:116,(anonymous_9)
FN:138,generate
FN:159,_generate
FN:260,compare
FNF:13
FNH:2
FNDA:0,(anonymous_0)
FNDA:0,(anonymous_1)
FNDA:0,getMirror
FNDA:0,getObserverFromMirror
FNDA:0,removeObserverFromMirror
FNDA:0,unobserve
FNDA:0,observe
FNDA:0,(anonymous_7)
FNDA:0,(anonymous_8)
FNDA:0,(anonymous_9)
FNDA:0,generate
FNDA:35,_generate
FNDA:30,compare
DA:25,24
DA:29,0
DA:33,0
DA:42,0
DA:43,0
DA:48,0
DA:52,0
DA:56,0
DA:63,0
DA:73,0
DA:75,0
DA:77,0
DA:78,0
DA:79,0
DA:81,0
DA:82,0
DA:85,0
DA:86,0
DA:89,0
DA:91,0
DA:93,0
DA:94,0
DA:95,0
DA:97,0
DA:98,0
DA:100,0
DA:101,0
DA:102,0
DA:104,0
DA:106,0
DA:107,0
DA:108,0
DA:109,0
DA:110,0
DA:113,0
DA:114,0
DA:116,0
DA:117,0
DA:118,0
DA:119,0
DA:121,0
DA:122,0
DA:123,0
DA:124,0
DA:125,0
DA:126,0
DA:130,0
DA:132,0
DA:142,0
DA:144,0
DA:145,0
DA:146,0
DA:148,0
DA:149,0
DA:150,0
DA:151,0
DA:152,0
DA:155,0
DA:160,35
DA:161,0
DA:164,35
DA:165,0
DA:168,35
DA:169,35
DA:170,35
DA:171,35
DA:175,35
DA:176,56
DA:177,56
DA:179,56
DA:187,56
DA:189,56
DA:196,5
DA:204,51
DA:205,25
DA:206,25
DA:207,0
DA:213,25
DA:220,0
DA:221,0
DA:222,0
DA:228,0
DA:232,0
DA:234,0
DA:235,0
DA:237,0
DA:238,0
DA:242,35
DA:243,30
DA:246,5
DA:247,9
DA:248,9
DA:249,5
DA:265,30
DA:266,30
DA:267,30
LF:96
LH:27
BRDA:77,0,0,0
BRDA:77,0,1,0
BRDA:82,1,0,0
BRDA:82,1,1,0
BRDA:85,2,0,0
BRDA:93,3,0,0
BRDA:104,4,0,0
BRDA:121,5,0,0
BRDA:140,6,0,0
BRDA:145,7,0,0
BRDA:149,8,0,0
BRDA:151,9,0,0
BRDA:160,10,0,0
BRDA:164,11,0,0
BRDA:179,12,0,56
BRDA:179,12,1,0
BRDA:180,13,0,56
BRDA:180,13,1,56
BRDA:182,14,0,56
BRDA:182,14,1,0
BRDA:182,14,2,0
BRDA:189,15,0,5
BRDA:189,15,1,51
BRDA:190,16,0,56
BRDA:190,16,1,5
BRDA:190,16,2,5
BRDA:190,16,3,5
BRDA:190,16,4,5
BRDA:204,17,0,25
BRDA:206,18,0,0
BRDA:220,19,0,0
BRDA:220,19,1,0
BRDA:221,20,0,0
BRDA:234,21,0,0
BRDA:242,22,0,30
BRDA:242,23,0,35
BRDA:242,23,1,35
BRDA:248,24,0,5
BRDA:248,25,0,9
BRDA:248,25,1,5
BRDA:263,26,0,30
BRF:41
BRH:19
end_of_record
TN:
SF:src/utils/fast-json-patch/src/helpers.ts
FN:12,hasOwnProperty
FN:15,_objectKeys
FN:40,_deepClone
FN:51,isInteger
FN:70,escapePathComponent
FN:79,unescapePathComponent
FN:83,_getPathRecursive
FN:100,getPath
FN:113,hasUndefined
FN:152,patchErrorMessageFormatter
FN:166,(anonymous_10)
FNF:11
FNH:5
FNDA:65,hasOwnProperty
FNDA:70,_objectKeys
FNDA:30,_deepClone
FNDA:4,isInteger
FNDA:35,escapePathComponent
FNDA:0,unescapePathComponent
FNDA:0,_getPathRecursive
FNDA:0,getPath
FNDA:0,hasUndefined
FNDA:0,patchErrorMessageFormatter
FNDA:0,(anonymous_10)
DA:11,24
DA:13,65
DA:16,70
DA:17,10
DA:18,10
DA:19,14
DA:21,10
DA:23,60
DA:24,60
DA:26,0
DA:27,0
DA:28,0
DA:29,0
DA:32,0
DA:41,30
DA:43,1
DA:45,0
DA:47,29
DA:52,4
DA:53,4
DA:55,4
DA:56,0
DA:57,0
DA:58,0
DA:59,0
DA:61,0
DA:63,4
DA:71,35
DA:72,0
DA:80,0
DA:85,0
DA:86,0
DA:87,0
DA:88,0
DA:89,0
DA:90,0
DA:91,0
DA:92,0
DA:97,0
DA:101,0
DA:102,0
DA:104,0
DA:105,0
DA:106,0
DA:108,0
DA:114,0
DA:115,0
DA:117,0
DA:118,0
DA:119,0
DA:120,0
DA:121,0
DA:124,0
DA:125,0
DA:126,0
DA:127,0
DA:128,0
DA:129,0
DA:134,0
DA:153,0
DA:154,0
DA:156,0
DA:159,0
DA:160,0
DA:163,0
DA:168,0
DA:169,0
DA:170,0
DA:171,0
DA:173,0
DA:176,0
DA:177,0
LF:72
LH:17
BRDA:16,0,0,10
BRDA:23,1,0,60
BRDA:28,2,0,0
BRDA:41,3,0,1
BRDA:41,3,1,0
BRDA:41,3,2,29
BRDA:57,4,0,0
BRDA:57,5,0,0
BRDA:57,5,1,0
BRDA:71,6,0,35
BRDA:71,7,0,35
BRDA:71,7,1,35
BRDA:86,8,0,0
BRDA:87,9,0,0
BRDA:87,9,1,0
BRDA:89,10,0,0
BRDA:91,11,0,0
BRDA:101,12,0,0
BRDA:105,13,0,0
BRDA:114,14,0,0
BRDA:117,15,0,0
BRDA:118,16,0,0
BRDA:118,16,1,0
BRDA:120,17,0,0
BRDA:124,18,0,0
BRDA:128,19,0,0
BRDA:156,20,0,0
BRDA:156,20,1,0
BRDA:159,21,0,0
BRF:29
BRH:7
end_of_record
TN:
SF:src/utils/js-sha1/hash.ts
FN:24,Sha1
FN:60,(anonymous_1)
FN:143,(anonymous_2)
FN:181,(anonymous_3)
FN:312,(anonymous_4)
FN:367,(anonymous_5)
FN:402,(anonymous_6)
FN:415,(anonymous_7)
FNF:8
FNH:6
FNDA:8,Sha1
FNDA:8,(anonymous_1)
FNDA:8,(anonymous_2)
FNDA:11,(anonymous_3)
FNDA:8,(anonymous_4)
FNDA:0,(anonymous_5)
FNDA:0,(anonymous_6)
FNDA:8,(anonymous_7)
DA:16,17
DA:17,17
DA:18,17
DA:19,17
DA:20,17
DA:22,17
DA:25,8
DA:26,8
DA:44,8
DA:46,0
DA:49,8
DA:50,8
DA:51,8
DA:52,8
DA:53,8
DA:55,8
DA:56,8
DA:57,8
DA:60,17
DA:61,8
DA:62,0
DA:64,8
DA:65,8
DA:66,0
DA:69,8
DA:71,8
DA:72,8
DA:74,8
DA:75,8
DA:76,0
DA:77,0
DA:78,0
DA:97,8
DA:98,0
DA:99,0
DA:102,8
DA:103,314
DA:104,314
DA:105,314
DA:106,0
DA:107,0
DA:108,0
DA:109,0
DA:110,0
DA:111,0
DA:112,0
DA:114,0
DA:117,0
DA:118,0
DA:119,0
DA:120,0
DA:125,8
DA:126,8
DA:127,8
DA:128,0
DA:129,0
DA:130,0
DA:131,0
DA:133,8
DA:136,8
DA:137,0
DA:138,0
DA:140,8
DA:143,17
DA:144,8
DA:145,0
DA:147,8
DA:148,8
DA:149,8
DA:150,8
DA:151,8
DA:152,8
DA:153,8
DA:154,3
DA:155,3
DA:157,3
DA:158,3
DA:176,8
DA:177,8
DA:178,8
DA:181,17
DA:182,11
DA:183,11
DA:184,11
DA:185,11
DA:186,11
DA:190,11
DA:192,11
DA:193,704
DA:194,704
DA:197,11
DA:198,44
DA:199,44
DA:200,44
DA:201,44
DA:203,44
DA:204,44
DA:205,44
DA:206,44
DA:208,44
DA:209,44
DA:210,44
DA:211,44
DA:213,44
DA:214,44
DA:215,44
DA:216,44
DA:218,44
DA:219,44
DA:220,44
DA:221,44
DA:224,11
DA:225,44
DA:226,44
DA:227,44
DA:228,44
DA:230,44
DA:231,44
DA:232,44
DA:233,44
DA:235,44
DA:236,44
DA:237,44
DA:238,44
DA:240,44
DA:241,44
DA:242,44
DA:243,44
DA:245,44
DA:246,44
DA:247,44
DA:248,44
DA:251,11
DA:252,44
DA:253,44
DA:254,44
DA:255,44
DA:257,44
DA:258,44
DA:259,44
DA:260,44
DA:262,44
DA:263,44
DA:264,44
DA:265,44
DA:267,44
DA:268,44
DA:269,44
DA:270,44
DA:272,44
DA:273,44
DA:274,44
DA:275,44
DA:278,11
DA:279,44
DA:280,44
DA:281,44
DA:282,44
DA:284,44
DA:285,44
DA:286,44
DA:287,44
DA:289,44
DA:290,44
DA:291,44
DA:292,44
DA:294,44
DA:295,44
DA:296,44
DA:297,44
DA:299,44
DA:300,44
DA:301,44
DA:302,44
DA:305,11
DA:306,11
DA:307,11
DA:308,11
DA:309,11
DA:312,17
DA:313,8
DA:315,8
DA:316,8
DA:317,8
DA:318,8
DA:319,8
DA:321,8
DA:365,17
DA:367,17
DA:368,0
DA:370,0
DA:371,0
DA:372,0
DA:373,0
DA:374,0
DA:376,0
DA:400,17
DA:402,17
DA:403,0
DA:405,0
DA:406,0
DA:407,0
DA:408,0
DA:409,0
DA:410,0
DA:411,0
DA:412,0
DA:415,17
DA:416,8
LF:209
LH:166
BRDA:16,0,0,0
BRDA:16,0,1,17
BRDA:25,1,0,8
BRDA:25,1,1,0
BRDA:61,2,0,0
BRDA:65,3,0,0
BRDA:65,4,0,8
BRDA:65,4,1,0
BRDA:71,5,0,8
BRDA:71,5,1,0
BRDA:75,6,0,0
BRDA:97,7,0,0
BRDA:97,7,1,8
BRDA:98,8,0,0
BRDA:98,8,1,0
BRDA:102,9,0,322
BRDA:102,9,1,314
BRDA:104,10,0,314
BRDA:104,10,1,0
BRDA:106,11,0,0
BRDA:106,11,1,0
BRDA:109,12,0,0
BRDA:109,12,1,0
BRDA:109,13,0,0
BRDA:109,13,1,0
BRDA:127,14,0,0
BRDA:127,14,1,8
BRDA:136,15,0,0
BRDA:144,16,0,0
BRDA:153,17,0,3
BRDA:154,18,0,3
BRF:31
BRH:11
end_of_record
TN:
SF:src/utils/testing/index.ts
FN:44,(anonymous_0)
FN:48,(anonymous_1)
FN:49,(anonymous_2)
FN:58,(anonymous_3)
FN:63,(anonymous_4)
FN:79,(anonymous_5)
FN:87,(anonymous_6)
FN:91,(anonymous_7)
FN:112,(anonymous_8)
FN:125,(anonymous_9)
FN:129,(anonymous_10)
FN:138,(anonymous_11)
FN:145,(anonymous_12)
FN:152,(anonymous_13)
FN:156,(anonymous_14)
FN:160,(anonymous_15)
FN:175,(anonymous_16)
FN:197,(anonymous_17)
FN:202,(anonymous_18)
FN:242,(anonymous_19)
FN:252,(anonymous_20)
FN:258,(anonymous_21)
FN:262,(anonymous_22)
FN:266,(anonymous_23)
FN:287,(anonymous_24)
FN:294,(anonymous_25)
FN:308,(anonymous_26)
FN:314,(anonymous_27)
FN:315,(anonymous_28)
FN:316,(anonymous_29)
FN:320,(anonymous_30)
FN:327,(anonymous_31)
FN:331,(anonymous_32)
FN:345,(anonymous_33)
FN:349,(anonymous_34)
FN:353,(anonymous_35)
FN:357,(anonymous_36)
FN:361,(anonymous_37)
FN:365,(anonymous_38)
FN:375,(anonymous_39)
FN:379,(anonymous_40)
FN:383,(anonymous_41)
FN:393,(anonymous_42)
FN:397,(anonymous_43)
FN:422,(anonymous_44)
FN:429,(anonymous_45)
FN:442,(anonymous_46)
FN:451,(anonymous_47)
FN:452,(anonymous_48)
FN:460,(anonymous_49)
FN:486,(anonymous_50)
FN:496,(anonymous_51)
FN:497,(anonymous_52)
FN:507,(anonymous_53)
FN:527,(anonymous_54)
FNF:55
FNH:41
FNDA:0,(anonymous_0)
FNDA:6,(anonymous_1)
FNDA:10,(anonymous_2)
FNDA:1,(anonymous_3)
FNDA:2,(anonymous_4)
FNDA:22,(anonymous_5)
FNDA:24,(anonymous_6)
FNDA:26,(anonymous_7)
FNDA:12,(anonymous_8)
FNDA:12,(anonymous_9)
FNDA:9,(anonymous_10)
FNDA:18,(anonymous_11)
FNDA:317,(anonymous_12)
FNDA:17,(anonymous_13)
FNDA:14,(anonymous_14)
FNDA:17,(anonymous_15)
FNDA:17,(anonymous_16)
FNDA:2,(anonymous_17)
FNDA:2,(anonymous_18)
FNDA:44,(anonymous_19)
FNDA:11,(anonymous_20)
FNDA:12,(anonymous_21)
FNDA:11,(anonymous_22)
FNDA:12,(anonymous_23)
FNDA:12,(anonymous_24)
FNDA:4,(anonymous_25)
FNDA:72,(anonymous_26)
FNDA:16,(anonymous_27)
FNDA:16,(anonymous_28)
FNDA:16,(anonymous_29)
FNDA:60,(anonymous_30)
FNDA:14,(anonymous_31)
FNDA:14,(anonymous_32)
FNDA:1,(anonymous_33)
FNDA:2,(anonymous_34)
FNDA:6,(anonymous_35)
FNDA:0,(anonymous_36)
FNDA:0,(anonymous_37)
FNDA:0,(anonymous_38)
FNDA:3,(anonymous_39)
FNDA:12,(anonymous_40)
FNDA:5,(anonymous_41)
FNDA:7,(anonymous_42)
FNDA:7,(anonymous_43)
FNDA:2,(anonymous_44)
FNDA:0,(anonymous_45)
FNDA:0,(anonymous_46)
FNDA:0,(anonymous_47)
FNDA:0,(anonymous_48)
FNDA:0,(anonymous_49)
FNDA:0,(anonymous_50)
FNDA:0,(anonymous_51)
FNDA:0,(anonymous_52)
FNDA:0,(anonymous_53)
FNDA:0,(anonymous_54)
DA:42,1
DA:45,0
DA:49,10
DA:54,1
DA:59,1
DA:60,1
DA:67,2
DA:68,2
DA:70,0
DA:82,22
DA:83,22
DA:84,22
DA:88,24
DA:96,26
DA:97,6
DA:99,20
DA:100,20
DA:101,20
DA:106,12
DA:119,12
DA:120,12
DA:121,12
DA:122,12
DA:126,12
DA:130,9
DA:131,0
DA:133,9
DA:134,9
DA:135,9
DA:139,18
DA:140,1
DA:142,17
DA:143,17
DA:144,17
DA:145,317
DA:146,317
DA:153,17
DA:157,14
DA:165,17
DA:166,5
DA:175,17
DA:176,12
DA:177,12
DA:190,2
DA:192,2
DA:198,2
DA:199,2
DA:206,2
DA:243,44
DA:248,11
DA:253,11
DA:254,11
DA:255,11
DA:259,12
DA:263,11
DA:270,12
DA:272,12
DA:273,2
DA:277,10
DA:278,10
DA:280,10
DA:288,12
DA:299,4
DA:300,4
DA:302,4
DA:303,60
DA:304,60
DA:309,72
DA:310,16
DA:315,16
DA:316,16
DA:321,60
DA:328,14
DA:332,14
DA:333,8
DA:335,6
DA:341,1
DA:343,1
DA:346,1
DA:350,2
DA:354,6
DA:358,0
DA:362,0
DA:366,0
DA:371,3
DA:373,3
DA:376,3
DA:380,12
DA:384,5
DA:389,7
DA:391,7
DA:394,7
DA:398,7
DA:399,7
DA:423,2
DA:424,2
DA:425,2
DA:426,2
DA:433,0
DA:443,0
DA:452,0
DA:461,0
DA:487,0
DA:488,0
DA:497,0
DA:508,0
DA:511,0
DA:514,0
DA:515,0
DA:516,0
DA:517,0
DA:520,0
DA:521,0
DA:522,0
DA:523,0
DA:527,0
DA:528,0
DA:530,0
DA:531,0
DA:535,0
DA:536,0
DA:539,0
LF:122
LH:92
BRDA:67,0,0,2
BRDA:68,1,0,2
BRDA:68,1,1,0
BRDA:96,2,0,6
BRDA:99,3,0,20
BRDA:99,3,1,16
BRDA:120,4,0,12
BRDA:120,4,1,10
BRDA:130,5,0,0
BRDA:135,6,0,9
BRDA:135,6,1,9
BRDA:139,7,0,1
BRDA:144,8,0,17
BRDA:144,8,1,16
BRDA:165,9,0,5
BRDA:199,10,0,2
BRDA:199,10,1,1
BRDA:272,11,0,2
BRDA:272,11,1,10
BRDA:309,12,0,16
BRDA:332,13,0,8
BRDA:332,13,1,6
BRDA:443,14,0,0
BRDA:443,14,1,0
BRDA:487,15,0,0
BRDA:487,15,1,0
BRDA:488,16,0,0
BRDA:488,16,1,0
BRDA:515,17,0,0
BRDA:515,17,1,0
BRDA:531,18,0,0
BRDA:531,18,1,0
BRF:32
BRH:20
end_of_record
